[35m[1mConsolidate compiler generated dependencies of target my_nav2_navfn_planner[0m
[ 33%] [32mBuilding CXX object CMakeFiles/my_nav2_navfn_planner.dir/src/my_navfn.cpp.o[0m
[01m[K/home/andrea/tesi/ros2_mapf_cbs/project_1/src/my_nav2_navfn_planner/src/my_navfn.cpp:[m[K In member function â€˜[01m[Kvoid my_nav2_navfn_planner::MyNavFn::updateCellAstar(int, int, std::vector<std::map<std::__cxx11::basic_string<char>, int> >, std::vector<std::map<std::__cxx11::basic_string<char>, int> >)[m[Kâ€™:
[01m[K/home/andrea/tesi/ros2_mapf_cbs/project_1/src/my_nav2_navfn_planner/src/my_navfn.cpp:447:29:[m[K [01;31m[Kerror: [m[Kexpected â€˜[01m[K;[m[Kâ€™ before â€˜[01m[Kif[m[Kâ€™
  447 |     int ts_value = obj.at("t[01;31m[Ki[m[Kme_step");
      |                             [01;31m[K^[m[K
      |                             [32m[K;[m[K
  448 |     tmp = potarr[cell_value]
  449 |     [32m[K//[m[KRCLCPP_WARN(rclcpp::get_logger("rclcpp"), "%d", step - ts_value);
      |     [32m[K~~[m[K                       
[01m[K/home/andrea/tesi/ros2_mapf_cbs/project_1/src/my_nav2_navfn_planner/src/my_navfn.cpp:446:9:[m[K [01;31m[Kerror: [m[Kunused variable â€˜[01m[Kts_value[m[Kâ€™ [[01;31m[K]8;;https://gcc.gnu.org/onlinedocs/gcc/Warning-Options.html#index-Wunused-variable-Werror=unused-variable]8;;[m[K]
  446 |     cell[01;31m[K_value =[m[K obj.at("cell");
      |         [01;31m[K^~~~~~~~[m[K
[01m[K/home/andrea/tesi/ros2_mapf_cbs/project_1/src/my_nav2_navfn_planner/src/my_navfn.cpp:459:10:[m[K [01;31m[Kerror: [m[Kâ€˜[01m[Kcell_value[m[Kâ€™ was not declared in this scope; did you mean â€˜[01m[Ksi_value[m[Kâ€™?
  459 | 
      |          [01;31m[K^[m[K         
      |          [32m[Ksi_value[m[K
[01m[K/home/andrea/tesi/ros2_mapf_cbs/project_1/src/my_nav2_navfn_planner/src/my_navfn.cpp:438:37:[m[K [01;31m[Kerror: [m[Kunused parameter â€˜[01m[Kstep[m[Kâ€™ [[01;31m[K]8;;https://gcc.gnu.org/onlinedocs/gcc/Warning-Options.html#index-Wunused-parameter-Werror=unused-parameter]8;;[m[K]
  438 | MyNavFn::updateCellAstar(int n, [01;31m[Kint step[m[K, std::vector<std::map<std::string, int>> vc,
      |                                 [01;31m[K~~~~^~~~[m[K
[01m[K/home/andrea/tesi/ros2_mapf_cbs/project_1/src/my_nav2_navfn_planner/src/my_navfn.cpp:439:59:[m[K [01;31m[Kerror: [m[Kunused parameter â€˜[01m[Kec[m[Kâ€™ [[01;31m[K]8;;https://gcc.gnu.org/onlinedocs/gcc/Warning-Options.html#index-Wunused-parameter-Werror=unused-parameter]8;;[m[K]
  439 |                   [01;31m[Kstd::vector<std::map<std::string, int>> ec[m[K)
      |                   [01;31m[K~~~~~~~~~~~~~~~~~~~~~~~~~~~~~~~~~~~~~~~~^~[m[K
cc1plus: all warnings being treated as errors
gmake[2]: *** [CMakeFiles/my_nav2_navfn_planner.dir/build.make:90: CMakeFiles/my_nav2_navfn_planner.dir/src/my_navfn.cpp.o] Error 1
gmake[1]: *** [CMakeFiles/Makefile2:137: CMakeFiles/my_nav2_navfn_planner.dir/all] Error 2
gmake: *** [Makefile:146: all] Error 2
