[35m[1mConsolidate compiler generated dependencies of target my_nav2_smac_planner[0m
[  9%] [32mBuilding CXX object CMakeFiles/my_nav2_smac_planner.dir/src/costmap_downsampler.cpp.o[0m
[01m[K/home/andrea/tesi/ros2_mapf_cbs/project_1/src/my_nav2_smac_planner/src/costmap_downsampler.cpp:[m[K In member function â€˜[01m[Kvoid my_nav2_smac_planner::CostmapDownsampler::setCostOfCell(const unsigned int&, const unsigned int&)[m[Kâ€™:
[01m[K/home/andrea/tesi/ros2_mapf_cbs/project_1/src/my_nav2_smac_planner/src/costmap_downsampler.cpp:134:3:[m[K [01;31m[Kerror: [m[Kâ€˜[01m[Kuse_min_cost_neighbor[m[Kâ€™ was not declared in this scope; did you mean â€˜[01m[K_use_min_cost_neighbor[m[Kâ€™?
  134 |   [01;31m[Kuse_min_cost_neighbor[m[K = 1;
      |   [01;31m[K^~~~~~~~~~~~~~~~~~~~~[m[K
      |   [32m[K_use_min_cost_neighbor[m[K
gmake[2]: *** [CMakeFiles/my_nav2_smac_planner.dir/build.make:174: CMakeFiles/my_nav2_smac_planner.dir/src/costmap_downsampler.cpp.o] Error 1
gmake[1]: *** [CMakeFiles/Makefile2:137: CMakeFiles/my_nav2_smac_planner.dir/all] Error 2
gmake: *** [Makefile:146: all] Error 2
