[35m[1mConsolidate compiler generated dependencies of target my_nav2_navfn_planner[0m
[ 33%] [32mBuilding CXX object CMakeFiles/my_nav2_navfn_planner.dir/src/my_navfn_planner.cpp.o[0m
[01m[K/home/andrea/tesi/ros2_mapf_cbs/project_1/src/my_nav2_navfn_planner/src/my_navfn_planner.cpp:[m[K In member function â€˜[01m[Kbool my_nav2_navfn_planner::MyNavfnPlanner::getPlanFromPotential(const Pose&, nav_msgs::msg::Path&, std::vector<my_intermediate_interfaces::msg::VertexConstraint_<std::allocator<void> > >, std::vector<my_intermediate_interfaces::msg::EdgeConstraint_<std::allocator<void> > >)[m[Kâ€™:
[01m[K/home/andrea/tesi/ros2_mapf_cbs/project_1/src/my_nav2_navfn_planner/src/my_navfn_planner.cpp:542:3:[m[K [01;31m[Kerror: [m[Kexpected â€˜[01m[K,[m[Kâ€™ or â€˜[01m[K;[m[Kâ€™ before â€˜[01m[Kfor[m[Kâ€™
  542 |   [01;31m[Kfor[m[K (int i = len - 1; i >= 0; --i) {
      |   [01;31m[K^~~[m[K
[01m[K/home/andrea/tesi/ros2_mapf_cbs/project_1/src/my_nav2_navfn_planner/src/my_navfn_planner.cpp:542:25:[m[K [01;31m[Kerror: [m[Kâ€˜[01m[Ki[m[Kâ€™ was not declared in this scope
  542 |   for (int i = len - 1; [01;31m[Ki[m[K >= 0; --i) {
      |                         [01;31m[K^[m[K
[01m[K/home/andrea/tesi/ros2_mapf_cbs/project_1/src/my_nav2_navfn_planner/src/my_navfn_planner.cpp:538:11:[m[K [01;31m[Kerror: [m[Kunused variable â€˜[01m[Kx[m[Kâ€™ [[01;31m[K]8;;https://gcc.gnu.org/onlinedocs/gcc/Warning-Options.html#index-Wunused-variable-Werror=unused-variable]8;;[m[K]
  538 |   float * [01;31m[Kx[m[K = planner_->getPathX();
      |           [01;31m[K^[m[K
[01m[K/home/andrea/tesi/ros2_mapf_cbs/project_1/src/my_nav2_navfn_planner/src/my_navfn_planner.cpp:539:11:[m[K [01;31m[Kerror: [m[Kunused variable â€˜[01m[Ky[m[Kâ€™ [[01;31m[K]8;;https://gcc.gnu.org/onlinedocs/gcc/Warning-Options.html#index-Wunused-variable-Werror=unused-variable]8;;[m[K]
  539 |   float * [01;31m[Ky[m[K = planner_->getPathY();
      |           [01;31m[K^[m[K
[01m[K/home/andrea/tesi/ros2_mapf_cbs/project_1/src/my_nav2_navfn_planner/src/my_navfn_planner.cpp:540:7:[m[K [01;31m[Kerror: [m[Kunused variable â€˜[01m[Klen[m[Kâ€™ [[01;31m[K]8;;https://gcc.gnu.org/onlinedocs/gcc/Warning-Options.html#index-Wunused-variable-Werror=unused-variable]8;;[m[K]
  540 |   int [01;31m[Klen[m[K = planner_->getPathLen();
      |       [01;31m[K^~~[m[K
[01m[K/home/andrea/tesi/ros2_mapf_cbs/project_1/src/my_nav2_navfn_planner/src/my_navfn_planner.cpp:541:7:[m[K [01;31m[Kerror: [m[Kunused variable â€˜[01m[Kadded_el[m[Kâ€™ [[01;31m[K]8;;https://gcc.gnu.org/onlinedocs/gcc/Warning-Options.html#index-Wunused-variable-Werror=unused-variable]8;;[m[K]
  541 |   int [01;31m[Kadded_el[m[K = 0
      |       [01;31m[K^~~~~~~~[m[K
cc1plus: all warnings being treated as errors
gmake[2]: *** [CMakeFiles/my_nav2_navfn_planner.dir/build.make:76: CMakeFiles/my_nav2_navfn_planner.dir/src/my_navfn_planner.cpp.o] Error 1
gmake[1]: *** [CMakeFiles/Makefile2:137: CMakeFiles/my_nav2_navfn_planner.dir/all] Error 2
gmake: *** [Makefile:146: all] Error 2
