[35m[1mConsolidate compiler generated dependencies of target my_nav2_navfn_planner[0m
[ 33%] [32mBuilding CXX object CMakeFiles/my_nav2_navfn_planner.dir/src/my_navfn.cpp.o[0m
In file included from [01m[K/opt/ros/humble/include/rclcpp/rclcpp/logging.hpp:24[m[K,
                 from [01m[K/opt/ros/humble/include/rclcpp/rclcpp/client.hpp:40[m[K,
                 from [01m[K/opt/ros/humble/include/rclcpp/rclcpp/callback_group.hpp:24[m[K,
                 from [01m[K/opt/ros/humble/include/rclcpp/rclcpp/any_executable.hpp:20[m[K,
                 from [01m[K/opt/ros/humble/include/rclcpp/rclcpp/memory_strategy.hpp:25[m[K,
                 from [01m[K/opt/ros/humble/include/rclcpp/rclcpp/memory_strategies.hpp:18[m[K,
                 from [01m[K/opt/ros/humble/include/rclcpp/rclcpp/executor_options.hpp:20[m[K,
                 from [01m[K/opt/ros/humble/include/rclcpp/rclcpp/executor.hpp:37[m[K,
                 from [01m[K/opt/ros/humble/include/rclcpp/rclcpp/executors/multi_threaded_executor.hpp:25[m[K,
                 from [01m[K/opt/ros/humble/include/rclcpp/rclcpp/executors.hpp:21[m[K,
                 from [01m[K/opt/ros/humble/include/rclcpp/rclcpp/rclcpp.hpp:155[m[K,
                 from [01m[K/home/andrea/tesi/ros2_mapf_cbs/project_1/src/my_nav2_navfn_planner/src/my_navfn.cpp:47[m[K:
[01m[K/home/andrea/tesi/ros2_mapf_cbs/project_1/src/my_nav2_navfn_planner/src/my_navfn.cpp:[m[K In member function â€˜[01m[Kint my_nav2_navfn_planner::MyNavFn::calcPath(int, std::vector<std::map<std::__cxx11::basic_string<char>, int> >, std::vector<std::map<std::__cxx11::basic_string<char>, int> >, int*)[m[Kâ€™:
[01m[K/home/andrea/tesi/ros2_mapf_cbs/project_1/src/my_nav2_navfn_planner/src/my_navfn.cpp:723:44:[m[K [01;31m[Kerror: [m[Kspurious trailing â€˜[01m[K%[m[Kâ€™ in format [[01;31m[K]8;;https://gcc.gnu.org/onlinedocs/gcc/Warning-Options.html#index-Wformat=-Werror=format=]8;;[m[K]
  723 |   RCLCPP_WARN(rclcpp::get_logger("rclcpp"),[01;31m[K"Starting stc: %"[m[K, stc);
      |                                            [01;31m[K^~~~~~~~~~~~~~~~~[m[K
[01m[K/home/andrea/tesi/ros2_mapf_cbs/project_1/src/my_nav2_navfn_planner/src/my_navfn.cpp:723:59:[m[K [01;36m[Knote: [m[Kformat string is defined here
  723 |   RCLCPP_WARN(rclcpp::get_logger("rclcpp"),"Starting stc: [01;36m[K%[m[K", stc);
      |                                                           [01;36m[K^[m[K
In file included from [01m[K/opt/ros/humble/include/rclcpp/rclcpp/logging.hpp:24[m[K,
                 from [01m[K/opt/ros/humble/include/rclcpp/rclcpp/client.hpp:40[m[K,
                 from [01m[K/opt/ros/humble/include/rclcpp/rclcpp/callback_group.hpp:24[m[K,
                 from [01m[K/opt/ros/humble/include/rclcpp/rclcpp/any_executable.hpp:20[m[K,
                 from [01m[K/opt/ros/humble/include/rclcpp/rclcpp/memory_strategy.hpp:25[m[K,
                 from [01m[K/opt/ros/humble/include/rclcpp/rclcpp/memory_strategies.hpp:18[m[K,
                 from [01m[K/opt/ros/humble/include/rclcpp/rclcpp/executor_options.hpp:20[m[K,
                 from [01m[K/opt/ros/humble/include/rclcpp/rclcpp/executor.hpp:37[m[K,
                 from [01m[K/opt/ros/humble/include/rclcpp/rclcpp/executors/multi_threaded_executor.hpp:25[m[K,
                 from [01m[K/opt/ros/humble/include/rclcpp/rclcpp/executors.hpp:21[m[K,
                 from [01m[K/opt/ros/humble/include/rclcpp/rclcpp/rclcpp.hpp:155[m[K,
                 from [01m[K/home/andrea/tesi/ros2_mapf_cbs/project_1/src/my_nav2_navfn_planner/src/my_navfn.cpp:47[m[K:
[01m[K/home/andrea/tesi/ros2_mapf_cbs/project_1/src/my_nav2_navfn_planner/src/my_navfn.cpp:723:44:[m[K [01;31m[Kerror: [m[Ktoo many arguments for format [[01;31m[K]8;;https://gcc.gnu.org/onlinedocs/gcc/Warning-Options.html#index-Wformat-extra-args-Werror=format-extra-args]8;;[m[K]
  723 |   RCLCPP_WARN(rclcpp::get_logger("rclcpp"),[01;31m[K"Starting stc: %"[m[K, stc);
      |                                            [01;31m[K^~~~~~~~~~~~~~~~~[m[K
cc1plus: all warnings being treated as errors
gmake[2]: *** [CMakeFiles/my_nav2_navfn_planner.dir/build.make:90: CMakeFiles/my_nav2_navfn_planner.dir/src/my_navfn.cpp.o] Error 1
gmake[1]: *** [CMakeFiles/Makefile2:137: CMakeFiles/my_nav2_navfn_planner.dir/all] Error 2
gmake: *** [Makefile:146: all] Error 2
