[0.060s] Invoking command in '/home/andrea/tesi/ros2_mapf_cbs/project_1/build/my_nav2_navfn_planner': AMENT_PREFIX_PATH=/home/andrea/tesi/ros2_mapf_cbs/project_1/install/my_nav2_core:${AMENT_PREFIX_PATH} CMAKE_PREFIX_PATH=/home/andrea/tesi/ros2_mapf_cbs/project_1/install/my_nav2_core:/home/andrea/tesi/ros2_mapf_cbs/project_1/install/my_intermediate_interfaces:/home/andrea/tesi/ros2_mapf_cbs/project_1/install/turtlebot3_multi_robot:/home/andrea/tesi/ros2_mapf_cbs/project_1/install/nav2_straightline_planner:/home/andrea/tesi/ros2_mapf_cbs/project_1/install/my_nav2_navfn_planner:/home/andrea/tesi/ros2_mapf_cbs/project_1/install/nav2_core:/home/andrea/tesi/ros2_mapf_cbs/project_1/install/my_try_bringup:/home/andrea/tesi/ros2_mapf_cbs/simple_example/install/my_robot_bringup:/home/andrea/tesi/ros2_mapf_cbs/simple_example/install/my_robot_interfaces:/home/andrea/tesi/ros2_mapf_cbs/project_1/install/my_package:/home/andrea/tesi/ros2_mapf_cbs/project_1/install/my_intermediate:/home/andrea/tesi/ros2_mapf_cbs/simple_example/install/my_py_pkg:/opt/ros/humble LD_LIBRARY_PATH=/home/andrea/tesi/ros2_mapf_cbs/project_1/install/my_intermediate_interfaces/lib:/home/andrea/tesi/ros2_mapf_cbs/project_1/install/nav2_straightline_planner/lib:/home/andrea/tesi/ros2_mapf_cbs/project_1/install/my_nav2_navfn_planner/lib:/home/andrea/tesi/ros2_mapf_cbs/simple_example/install/my_robot_interfaces/lib:/usr/lib/x86_64-linux-gnu/gazebo-11/plugins:/opt/ros/humble/opt/rviz_ogre_vendor/lib:/opt/ros/humble/lib/x86_64-linux-gnu:/opt/ros/humble/lib:/home/andrea/ws_online/build/ros2_bdi_on_litter_world /usr/bin/cmake --build /home/andrea/tesi/ros2_mapf_cbs/project_1/build/my_nav2_navfn_planner -- -j8 -l8
[0.095s] [35m[1mConsolidate compiler generated dependencies of target my_nav2_navfn_planner[0m
[0.118s] [ 33%] [32mBuilding CXX object CMakeFiles/my_nav2_navfn_planner.dir/src/navfn_planner.cpp.o[0m
[2.491s] [01m[K/home/andrea/tesi/ros2_mapf_cbs/project_1/src/my_nav2_navfn_planner/src/navfn_planner.cpp:[m[K In member function â€˜[01m[Kbool my_nav2_navfn_planner::NavfnPlanner::getPlanFromPotential(const Pose&, std::vector<my_intermediate_interfaces::msg::VertexConstraint_<std::allocator<void> > >, std::vector<my_intermediate_interfaces::msg::EdgeConstraint_<std::allocator<void> > >, nav_msgs::msg::Path&)[m[Kâ€™:
[2.491s] [01m[K/home/andrea/tesi/ros2_mapf_cbs/project_1/src/my_nav2_navfn_planner/src/navfn_planner.cpp:394:45:[m[K [01;31m[Kerror: [m[Kexpected â€˜[01m[K;[m[Kâ€™ before â€˜[01m[Kint[m[Kâ€™
[2.491s]   394 |       worldToMap(constr_x, constr_y, cx, cy)
[2.491s]       |                                             [01;31m[K^[m[K
[2.491s]       |                                             [32m[K;[m[K
[2.491s]   395 |       [32m[Kint[m[K idx = cy * planner_->nx + cx;
[2.491s]       |       [32m[K~~~[m[K                                    
[2.499s] [01m[K/home/andrea/tesi/ros2_mapf_cbs/project_1/src/my_nav2_navfn_planner/src/navfn_planner.cpp:396:94:[m[K [01;31m[Kerror: [m[Kâ€˜[01m[Kj[m[Kâ€™ was not declared in this scope; did you mean â€˜[01m[Kjn[m[Kâ€™?
[2.499s]   396 | object = {{"cell", index}, {"time_step", vertex_constraints[[01;31m[Kj[m[K].time_step}};
[2.499s]       |                                                             [01;31m[K^[m[K
[2.499s]       |                                                             [32m[Kjn[m[K
[2.501s] [01m[K/home/andrea/tesi/ros2_mapf_cbs/project_1/src/my_nav2_navfn_planner/src/navfn_planner.cpp:396:107:[m[K [01;31m[Kerror: [m[Kcould not convert â€˜[01m[K{{"cell", index}, {"time_step", <expression error>}}[m[Kâ€™ from â€˜[01m[K<brace-enclosed initializer list>[m[Kâ€™ to â€˜[01m[Kstd::map<std::__cxx11::basic_string<char>, int>[m[Kâ€™
[2.501s]   396 | ct = {{"cell", index}, {"time_step", vertex_constraints[j].time_step}[01;31m[K}[m[K;
[2.501s]       |                                                                      [01;31m[K^[m[K
[2.502s]       |                                                                      [01;31m[K|[m[K
[2.502s]       |                                                                      [01;31m[K<brace-enclosed initializer list>[m[K
[2.502s] 
[2.502s] [01m[K/home/andrea/tesi/ros2_mapf_cbs/project_1/src/my_nav2_navfn_planner/src/navfn_planner.cpp:406:51:[m[K [01;31m[Kerror: [m[Kexpected â€˜[01m[K;[m[Kâ€™ before â€˜[01m[KworldToMap[m[Kâ€™
[2.502s]   406 |       worldToMap(constr_1_x, constr_1_y, cx1, cy1)
[2.502s]       |                                                   [01;31m[K^[m[K
[2.502s]       |                                                   [32m[K;[m[K
[2.502s]   407 |       [32m[KworldToMap[m[K(constr_2_x, constr_2_y, cx2, cy2)
[2.502s]       |       [32m[K~~~~~~~~~~[m[K                                   
[2.508s] [01m[K/home/andrea/tesi/ros2_mapf_cbs/project_1/src/my_nav2_navfn_planner/src/navfn_planner.cpp:410:58:[m[K [01;31m[Kerror: [m[Kâ€˜[01m[Kidx1[m[Kâ€™ was not declared in this scope; did you mean â€˜[01m[Kidx2[m[Kâ€™?
[2.508s]   410 |       std::map<std::string, int> object = {{"cell_from", [01;31m[Kidx1[m[K}, {"cell_to", idx2}, {"time_step", edge_constraints[j].time_step}};
[2.508s]       |                                                          [01;31m[K^~~~[m[K
[2.508s]       |                                                          [32m[Kidx2[m[K
[2.512s] [01m[K/home/andrea/tesi/ros2_mapf_cbs/project_1/src/my_nav2_navfn_planner/src/navfn_planner.cpp:410:115:[m[K [01;31m[Kerror: [m[Kâ€˜[01m[Kj[m[Kâ€™ was not declared in this scope; did you mean â€˜[01m[Kjn[m[Kâ€™?
[2.512s]   410 | ", idx1}, {"cell_to", idx2}, {"time_step", edge_constraints[[01;31m[Kj[m[K].time_step}};
[2.512s]       |                                                             [01;31m[K^[m[K
[2.512s]       |                                                             [32m[Kjn[m[K
[2.512s] [01m[K/home/andrea/tesi/ros2_mapf_cbs/project_1/src/my_nav2_navfn_planner/src/navfn_planner.cpp:410:128:[m[K [01;31m[Kerror: [m[Kcould not convert â€˜[01m[K{{"cell_from", <expression error>}, {"cell_to", idx2}, {"time_step", <expression error>}}[m[Kâ€™ from â€˜[01m[K<brace-enclosed initializer list>[m[Kâ€™ to â€˜[01m[Kstd::map<std::__cxx11::basic_string<char>, int>[m[Kâ€™
[2.512s]   410 | dx1}, {"cell_to", idx2}, {"time_step", edge_constraints[j].time_step}[01;31m[K}[m[K;
[2.513s]       |                                                                      [01;31m[K^[m[K
[2.513s]       |                                                                      [01;31m[K|[m[K
[2.513s]       |                                                                      [01;31m[K<brace-enclosed initializer list>[m[K
[2.513s] 
[2.513s] [01m[K/home/andrea/tesi/ros2_mapf_cbs/project_1/src/my_nav2_navfn_planner/src/navfn_planner.cpp:403:14:[m[K [01;31m[Kerror: [m[Kunused variable â€˜[01m[Kconstr_2_x[m[Kâ€™ [[01;31m[K]8;;https://gcc.gnu.org/onlinedocs/gcc/Warning-Options.html#index-Wunused-variable-Werror=unused-variable]8;;[m[K]
[2.513s]   403 |       double [01;31m[Kconstr_2_x[m[K = obj.cell_to.pose.position.x;
[2.513s]       |              [01;31m[K^~~~~~~~~~[m[K
[2.513s] [01m[K/home/andrea/tesi/ros2_mapf_cbs/project_1/src/my_nav2_navfn_planner/src/navfn_planner.cpp:404:14:[m[K [01;31m[Kerror: [m[Kunused variable â€˜[01m[Kconstr_2_y[m[Kâ€™ [[01;31m[K]8;;https://gcc.gnu.org/onlinedocs/gcc/Warning-Options.html#index-Wunused-variable-Werror=unused-variable]8;;[m[K]
[2.513s]   404 |       double [01;31m[Kconstr_2_y[m[K = obj.cell_to.pose.position.y;
[2.513s]       |              [01;31m[K^~~~~~~~~~[m[K
[3.608s] cc1plus: all warnings being treated as errors
[3.626s] gmake[2]: *** [CMakeFiles/my_nav2_navfn_planner.dir/build.make:76: CMakeFiles/my_nav2_navfn_planner.dir/src/navfn_planner.cpp.o] Error 1
[3.626s] gmake[1]: *** [CMakeFiles/Makefile2:137: CMakeFiles/my_nav2_navfn_planner.dir/all] Error 2
[3.626s] gmake: *** [Makefile:146: all] Error 2
[3.629s] Invoked command in '/home/andrea/tesi/ros2_mapf_cbs/project_1/build/my_nav2_navfn_planner' returned '2': AMENT_PREFIX_PATH=/home/andrea/tesi/ros2_mapf_cbs/project_1/install/my_nav2_core:${AMENT_PREFIX_PATH} CMAKE_PREFIX_PATH=/home/andrea/tesi/ros2_mapf_cbs/project_1/install/my_nav2_core:/home/andrea/tesi/ros2_mapf_cbs/project_1/install/my_intermediate_interfaces:/home/andrea/tesi/ros2_mapf_cbs/project_1/install/turtlebot3_multi_robot:/home/andrea/tesi/ros2_mapf_cbs/project_1/install/nav2_straightline_planner:/home/andrea/tesi/ros2_mapf_cbs/project_1/install/my_nav2_navfn_planner:/home/andrea/tesi/ros2_mapf_cbs/project_1/install/nav2_core:/home/andrea/tesi/ros2_mapf_cbs/project_1/install/my_try_bringup:/home/andrea/tesi/ros2_mapf_cbs/simple_example/install/my_robot_bringup:/home/andrea/tesi/ros2_mapf_cbs/simple_example/install/my_robot_interfaces:/home/andrea/tesi/ros2_mapf_cbs/project_1/install/my_package:/home/andrea/tesi/ros2_mapf_cbs/project_1/install/my_intermediate:/home/andrea/tesi/ros2_mapf_cbs/simple_example/install/my_py_pkg:/opt/ros/humble LD_LIBRARY_PATH=/home/andrea/tesi/ros2_mapf_cbs/project_1/install/my_intermediate_interfaces/lib:/home/andrea/tesi/ros2_mapf_cbs/project_1/install/nav2_straightline_planner/lib:/home/andrea/tesi/ros2_mapf_cbs/project_1/install/my_nav2_navfn_planner/lib:/home/andrea/tesi/ros2_mapf_cbs/simple_example/install/my_robot_interfaces/lib:/usr/lib/x86_64-linux-gnu/gazebo-11/plugins:/opt/ros/humble/opt/rviz_ogre_vendor/lib:/opt/ros/humble/lib/x86_64-linux-gnu:/opt/ros/humble/lib:/home/andrea/ws_online/build/ros2_bdi_on_litter_world /usr/bin/cmake --build /home/andrea/tesi/ros2_mapf_cbs/project_1/build/my_nav2_navfn_planner -- -j8 -l8
