[ 66%] [32mBuilding CXX object CMakeFiles/my_nav2_navfn_planner.dir/src/navfn.cpp.o[0m
[ 66%] [32mBuilding CXX object CMakeFiles/my_nav2_navfn_planner.dir/src/navfn_planner.cpp.o[0m
[01m[K/home/andrea/tesi/ros2_mapf_cbs/project_1/src/my_nav2_navfn_planner/src/navfn_planner.cpp:[m[K In member function â€˜[01m[Kvirtual nav_msgs::msg::Path nav2_navfn_planner::NavfnPlanner::createPlan(const PoseStamped&, const PoseStamped&)[m[Kâ€™:
[01m[K/home/andrea/tesi/ros2_mapf_cbs/project_1/src/my_nav2_navfn_planner/src/navfn_planner.cpp:139:22:[m[K [01;31m[Kerror: [m[Kâ€˜[01m[KStartOutsideMapBounds[m[Kâ€™ is not a member of â€˜[01m[Knav2_core[m[Kâ€™
  139 |     throw nav2_core::[01;31m[KStartOutsideMapBounds[m[K(
      |                      [01;31m[K^~~~~~~~~~~~~~~~~~~~~[m[K
[01m[K/home/andrea/tesi/ros2_mapf_cbs/project_1/src/my_nav2_navfn_planner/src/navfn_planner.cpp:145:22:[m[K [01;31m[Kerror: [m[Kâ€˜[01m[KGoalOutsideMapBounds[m[Kâ€™ is not a member of â€˜[01m[Knav2_core[m[Kâ€™
  145 |     throw nav2_core::[01;31m[KGoalOutsideMapBounds[m[K(
      |                      [01;31m[K^~~~~~~~~~~~~~~~~~~~[m[K
[01m[K/home/andrea/tesi/ros2_mapf_cbs/project_1/src/my_nav2_navfn_planner/src/navfn_planner.cpp:151:22:[m[K [01;31m[Kerror: [m[Kâ€˜[01m[KStartOccupied[m[Kâ€™ is not a member of â€˜[01m[Knav2_core[m[Kâ€™
  151 |     throw nav2_core::[01;31m[KStartOccupied[m[K(
      |                      [01;31m[K^~~~~~~~~~~~~[m[K
[01m[K/home/andrea/tesi/ros2_mapf_cbs/project_1/src/my_nav2_navfn_planner/src/navfn_planner.cpp:157:22:[m[K [01;31m[Kerror: [m[Kâ€˜[01m[KGoalOccupied[m[Kâ€™ is not a member of â€˜[01m[Knav2_core[m[Kâ€™
  157 |     throw nav2_core::[01;31m[KGoalOccupied[m[K(
      |                      [01;31m[K^~~~~~~~~~~~[m[K
[01m[K/home/andrea/tesi/ros2_mapf_cbs/project_1/src/my_nav2_navfn_planner/src/navfn_planner.cpp:193:22:[m[K [01;31m[Kerror: [m[Kâ€˜[01m[KNoValidPathCouldBeFound[m[Kâ€™ is not a member of â€˜[01m[Knav2_core[m[Kâ€™
  193 |     throw nav2_core::[01;31m[KNoValidPathCouldBeFound[m[K(
      |                      [01;31m[K^~~~~~~~~~~~~~~~~~~~~~~[m[K
gmake[2]: *** [CMakeFiles/my_nav2_navfn_planner.dir/build.make:76: CMakeFiles/my_nav2_navfn_planner.dir/src/navfn_planner.cpp.o] Error 1
gmake[1]: *** [CMakeFiles/Makefile2:137: CMakeFiles/my_nav2_navfn_planner.dir/all] Error 2
gmake: *** [Makefile:146: all] Error 2
