[01m[K/home/andrea/tesi/ros2_mapf_cbs/project_1/src/my_nav2_navfn_planner/src/my_navfn.cpp:[m[K In member function â€˜[01m[Kint my_nav2_navfn_planner::MyNavFn::calcPath(int, std::vector<std::map<std::__cxx11::basic_string<char>, int> >, std::vector<std::map<std::__cxx11::basic_string<char>, int> >, int*)[m[Kâ€™:
[01m[K/home/andrea/tesi/ros2_mapf_cbs/project_1/src/my_nav2_navfn_planner/src/my_navfn.cpp:720:59:[m[K [01;31m[Kerror: [m[Kunused parameter â€˜[01m[Kvertex_constraints[m[Kâ€™ [[01;31m[K]8;;https://gcc.gnu.org/onlinedocs/gcc/Warning-Options.html#index-Wunused-parameter-Werror=unused-parameter]8;;[m[K]
  720 |                   [01;31m[Kstd::vector<std::map<std::string, int>> vertex_constraints[m[K,
      |                   [01;31m[K~~~~~~~~~~~~~~~~~~~~~~~~~~~~~~~~~~~~~~~~^~~~~~~~~~~~~~~~~~[m[K
[01m[K/home/andrea/tesi/ros2_mapf_cbs/project_1/src/my_nav2_navfn_planner/src/my_navfn.cpp:721:59:[m[K [01;31m[Kerror: [m[Kunused parameter â€˜[01m[Kedge_constraints[m[Kâ€™ [[01;31m[K]8;;https://gcc.gnu.org/onlinedocs/gcc/Warning-Options.html#index-Wunused-parameter-Werror=unused-parameter]8;;[m[K]
  721 |                   [01;31m[Kstd::vector<std::map<std::string, int>> edge_constraints[m[K,
      |                   [01;31m[K~~~~~~~~~~~~~~~~~~~~~~~~~~~~~~~~~~~~~~~~^~~~~~~~~~~~~~~~[m[K
cc1plus: all warnings being treated as errors
gmake[2]: *** [CMakeFiles/my_nav2_navfn_planner.dir/build.make:90: CMakeFiles/my_nav2_navfn_planner.dir/src/my_navfn.cpp.o] Error 1
gmake[1]: *** [CMakeFiles/Makefile2:137: CMakeFiles/my_nav2_navfn_planner.dir/all] Error 2
gmake: *** [Makefile:146: all] Error 2
