[35m[1mConsolidate compiler generated dependencies of target my_nav2_navfn_planner[0m
[ 66%] [32mBuilding CXX object CMakeFiles/my_nav2_navfn_planner.dir/src/my_navfn.cpp.o[0m
[ 66%] [32mBuilding CXX object CMakeFiles/my_nav2_navfn_planner.dir/src/my_navfn_planner.cpp.o[0m
[01m[K/home/andrea/tesi/ros2_mapf_cbs/project_1/src/my_nav2_navfn_planner/src/my_navfn.cpp:[m[K In member function â€˜[01m[Kvoid my_nav2_navfn_planner::MyNavFn::updateCellAstar(int, int, std::vector<std::map<std::__cxx11::basic_string<char>, int> >, std::vector<std::map<std::__cxx11::basic_string<char>, int> >)[m[Kâ€™:
[01m[K/home/andrea/tesi/ros2_mapf_cbs/project_1/src/my_nav2_navfn_planner/src/my_navfn.cpp:449:26:[m[K [01;31m[Kerror: [m[Kâ€˜[01m[Kvertex_constraints[m[Kâ€™ was not declared in this scope
  449 |   for (const auto& obj : [01;31m[Kvertex_constraints[m[K) {
      |                          [01;31m[K^~~~~~~~~~~~~~~~~~[m[K
[01m[K/home/andrea/tesi/ros2_mapf_cbs/project_1/src/my_nav2_navfn_planner/src/my_navfn.cpp:438:83:[m[K [01;31m[Kerror: [m[Kunused parameter â€˜[01m[Kvc[m[Kâ€™ [[01;31m[K]8;;https://gcc.gnu.org/onlinedocs/gcc/Warning-Options.html#index-Wunused-parameter-Werror=unused-parameter]8;;[m[K]
  438 | MyNavFn::updateCellAstar(int n, int step, [01;31m[Kstd::vector<std::map<std::string, int>> vc[m[K,
      |                                           [01;31m[K~~~~~~~~~~~~~~~~~~~~~~~~~~~~~~~~~~~~~~~~^~[m[K
[01m[K/home/andrea/tesi/ros2_mapf_cbs/project_1/src/my_nav2_navfn_planner/src/my_navfn.cpp:439:59:[m[K [01;31m[Kerror: [m[Kunused parameter â€˜[01m[Kec[m[Kâ€™ [[01;31m[K]8;;https://gcc.gnu.org/onlinedocs/gcc/Warning-Options.html#index-Wunused-parameter-Werror=unused-parameter]8;;[m[K]
  439 |                   [01;31m[Kstd::vector<std::map<std::string, int>> ec[m[K)
      |                   [01;31m[K~~~~~~~~~~~~~~~~~~~~~~~~~~~~~~~~~~~~~~~~^~[m[K
cc1plus: all warnings being treated as errors
gmake[2]: *** [CMakeFiles/my_nav2_navfn_planner.dir/build.make:90: CMakeFiles/my_nav2_navfn_planner.dir/src/my_navfn.cpp.o] Error 1
gmake[2]: *** Waiting for unfinished jobs....
gmake[1]: *** [CMakeFiles/Makefile2:137: CMakeFiles/my_nav2_navfn_planner.dir/all] Error 2
gmake: *** [Makefile:146: all] Error 2
