[35m[1mConsolidate compiler generated dependencies of target my_planner_server_core[0m
[ 25%] [32mBuilding CXX object CMakeFiles/my_planner_server_core.dir/src/my_planner_server.cpp.o[0m
In file included from [01m[K/home/andrea/tesi/ros2_mapf_cbs/project_1/src/my_nav2_planner/src/my_planner_server.cpp:34[m[K:
[01m[K/home/andrea/tesi/ros2_mapf_cbs/project_1/src/my_nav2_planner/include/my_nav2_planner/my_planner_server.hpp:65:68:[m[K [01;31m[Kerror: [m[Kâ€˜[01m[KMyGlobalPlanner[m[Kâ€™ is not a member of â€˜[01m[Kmy_nav2_core[m[Kâ€™
   65 |   using PlannerMap = std::unordered_map<std::string, my_nav2_core::[01;31m[KMyGlobalPlanner[m[K::Ptr>;
      |                                                                    [01;31m[K^~~~~~~~~~~~~~~[m[K
[01m[K/home/andrea/tesi/ros2_mapf_cbs/project_1/src/my_nav2_planner/include/my_nav2_planner/my_planner_server.hpp:65:88:[m[K [01;31m[Kerror: [m[Ktemplate argument 2 is invalid
   65 |   using PlannerMap = std::unordered_map<std::string, my_nav2_core::MyGlobalPlanner::Ptr[01;31m[K>[m[K;
      |                                                                                        [01;31m[K^[m[K
[01m[K/home/andrea/tesi/ros2_mapf_cbs/project_1/src/my_nav2_planner/include/my_nav2_planner/my_planner_server.hpp:65:88:[m[K [01;31m[Kerror: [m[Ktemplate argument 5 is invalid
[01m[K/home/andrea/tesi/ros2_mapf_cbs/project_1/src/my_nav2_planner/include/my_nav2_planner/my_planner_server.hpp:249:3:[m[K [01;31m[Kerror: [m[Kâ€˜[01m[KPlannerMap[m[Kâ€™ does not name a type
  249 |   [01;31m[KPlannerMap[m[K planners_;
      |   [01;31m[K^~~~~~~~~~[m[K
[01m[K/home/andrea/tesi/ros2_mapf_cbs/project_1/src/my_nav2_planner/include/my_nav2_planner/my_planner_server.hpp:250:40:[m[K [01;31m[Kerror: [m[Kâ€˜[01m[KMyGlobalPlanner[m[Kâ€™ is not a member of â€˜[01m[Kmy_nav2_core[m[Kâ€™
  250 |   pluginlib::ClassLoader<my_nav2_core::[01;31m[KMyGlobalPlanner[m[K> gp_loader_;
      |                                        [01;31m[K^~~~~~~~~~~~~~~[m[K
[01m[K/home/andrea/tesi/ros2_mapf_cbs/project_1/src/my_nav2_planner/include/my_nav2_planner/my_planner_server.hpp:250:55:[m[K [01;31m[Kerror: [m[Ktemplate argument 1 is invalid
  250 |   pluginlib::ClassLoader<my_nav2_core::MyGlobalPlanner[01;31m[K>[m[K gp_loader_;
      |                                                       [01;31m[K^[m[K
[01m[K/home/andrea/tesi/ros2_mapf_cbs/project_1/src/my_nav2_planner/src/my_planner_server.cpp:[m[K In constructor â€˜[01m[Kmy_nav2_planner::MyPlannerServer::MyPlannerServer(const rclcpp::NodeOptions&)[m[Kâ€™:
[01m[K/home/andrea/tesi/ros2_mapf_cbs/project_1/src/my_nav2_planner/src/my_planner_server.cpp:45:3:[m[K [01;31m[Kerror: [m[Kexpression list treated as compound expression in mem-initializer [[01;31m[K]8;;https://gcc.gnu.org/onlinedocs/gcc/Warning-Options.html#index-fpermissive-fpermissive]8;;[m[K]
   45 |   [01;31m[Kgp_loader_("my_nav2_core", "my_nav2_core::MultiAgentGlobalPlanner")[m[K,
      |   [01;31m[K^~~~~~~~~~~~~~~~~~~~~~~~~~~~~~~~~~~~~~~~~~~~~~~~~~~~~~~~~~~~~~~~~~~[m[K
[01m[K/home/andrea/tesi/ros2_mapf_cbs/project_1/src/my_nav2_planner/src/my_planner_server.cpp:45:14:[m[K [01;31m[Kerror: [m[Kleft operand of comma operator has no effect [[01;31m[K]8;;https://gcc.gnu.org/onlinedocs/gcc/Warning-Options.html#index-Wunused-value-Werror=unused-value]8;;[m[K]
   45 |   gp_loader_([01;31m[K"my_nav2_core"[m[K, "my_nav2_core::MultiAgentGlobalPlanner"),
      |              [01;31m[K^~~~~~~~~~~~~~[m[K
[01m[K/home/andrea/tesi/ros2_mapf_cbs/project_1/src/my_nav2_planner/src/my_planner_server.cpp:45:3:[m[K [01;31m[Kerror: [m[Kinvalid conversion from â€˜[01m[Kconst char*[m[Kâ€™ to â€˜[01m[Kint[m[Kâ€™ [[01;31m[K]8;;https://gcc.gnu.org/onlinedocs/gcc/Warning-Options.html#index-fpermissive-fpermissive]8;;[m[K]
   45 |   [01;31m[Kgp_loader_("my_nav2_core", "my_nav2_core::MultiAgentGlobalPlanner")[m[K,
      |   [01;31m[K^~~~~~~~~~~~~~~~~~~~~~~~~~~~~~~~~~~~~~~~~~~~~~~~~~~~~~~~~~~~~~~~~~~[m[K
      |   [01;31m[K|[m[K
      |   [01;31m[Kconst char*[m[K
[01m[K/home/andrea/tesi/ros2_mapf_cbs/project_1/src/my_nav2_planner/src/my_planner_server.cpp:[m[K In destructor â€˜[01m[Kvirtual my_nav2_planner::MyPlannerServer::~MyPlannerServer()[m[Kâ€™:
[01m[K/home/andrea/tesi/ros2_mapf_cbs/project_1/src/my_nav2_planner/src/my_planner_server.cpp:77:3:[m[K [01;31m[Kerror: [m[Kâ€˜[01m[Kplanners_[m[Kâ€™ was not declared in this scope; did you mean â€˜[01m[Kplanner_ids_[m[Kâ€™?
   77 |   [01;31m[Kplanners_[m[K.clear();
      |   [01;31m[K^~~~~~~~~[m[K
      |   [32m[Kplanner_ids_[m[K
[01m[K/home/andrea/tesi/ros2_mapf_cbs/project_1/src/my_nav2_planner/src/my_planner_server.cpp:[m[K In member function â€˜[01m[Kvirtual nav2_util::CallbackReturn my_nav2_planner::MyPlannerServer::on_configure(const rclcpp_lifecycle::State&)[m[Kâ€™:
[01m[K/home/andrea/tesi/ros2_mapf_cbs/project_1/src/my_nav2_planner/src/my_planner_server.cpp:107:20:[m[K [01;31m[Kerror: [m[Krequest for member â€˜[01m[KcreateUniqueInstance[m[Kâ€™ in â€˜[01m[K((my_nav2_planner::MyPlannerServer*)this)->my_nav2_planner::MyPlannerServer::gp_loader_[m[Kâ€™, which is of non-class type â€˜[01m[Kint[m[Kâ€™
  107 |         gp_loader_.[01;31m[KcreateUniqueInstance[m[K(planner_types_[i]);
      |                    [01;31m[K^~~~~~~~~~~~~~~~~~~~[m[K
[01m[K/home/andrea/tesi/ros2_mapf_cbs/project_1/src/my_nav2_planner/src/my_planner_server.cpp:112:7:[m[K [01;31m[Kerror: [m[Kâ€˜[01m[Kplanners_[m[Kâ€™ was not declared in this scope; did you mean â€˜[01m[Kplanner[m[Kâ€™?
  112 |       [01;31m[Kplanners_[m[K.insert({planner_ids_[i], planner});
      |       [01;31m[K^~~~~~~~~[m[K
      |       [32m[Kplanner[m[K
[01m[K/home/andrea/tesi/ros2_mapf_cbs/project_1/src/my_nav2_planner/src/my_planner_server.cpp:[m[K In member function â€˜[01m[Kvirtual nav2_util::CallbackReturn my_nav2_planner::MyPlannerServer::on_activate(const rclcpp_lifecycle::State&)[m[Kâ€™:
[01m[K/home/andrea/tesi/ros2_mapf_cbs/project_1/src/my_nav2_planner/src/my_planner_server.cpp:182:3:[m[K [01;31m[Kerror: [m[Kâ€˜[01m[KPlannerMap[m[Kâ€™ has not been declared
  182 |   [01;31m[KPlannerMap[m[K::iterator it;
      |   [01;31m[K^~~~~~~~~~[m[K
[01m[K/home/andrea/tesi/ros2_mapf_cbs/project_1/src/my_nav2_planner/src/my_planner_server.cpp:183:8:[m[K [01;31m[Kerror: [m[Kâ€˜[01m[Kit[m[Kâ€™ was not declared in this scope; did you mean â€˜[01m[Kint[m[Kâ€™?
  183 |   for ([01;31m[Kit[m[K = planners_.begin(); it != planners_.end(); ++it) {
      |        [01;31m[K^~[m[K
      |        [32m[Kint[m[K
[01m[K/home/andrea/tesi/ros2_mapf_cbs/project_1/src/my_nav2_planner/src/my_planner_server.cpp:183:13:[m[K [01;31m[Kerror: [m[Kâ€˜[01m[Kplanners_[m[Kâ€™ was not declared in this scope; did you mean â€˜[01m[Kplanner_ids_[m[Kâ€™?
  183 |   for (it = [01;31m[Kplanners_[m[K.begin(); it != planners_.end(); ++it) {
      |             [01;31m[K^~~~~~~~~[m[K
      |             [32m[Kplanner_ids_[m[K
[01m[K/home/andrea/tesi/ros2_mapf_cbs/project_1/src/my_nav2_planner/src/my_planner_server.cpp:[m[K In member function â€˜[01m[Kvirtual nav2_util::CallbackReturn my_nav2_planner::MyPlannerServer::on_deactivate(const rclcpp_lifecycle::State&)[m[Kâ€™:
[01m[K/home/andrea/tesi/ros2_mapf_cbs/project_1/src/my_nav2_planner/src/my_planner_server.cpp:227:3:[m[K [01;31m[Kerror: [m[Kâ€˜[01m[KPlannerMap[m[Kâ€™ has not been declared
  227 |   [01;31m[KPlannerMap[m[K::iterator it;
      |   [01;31m[K^~~~~~~~~~[m[K
[01m[K/home/andrea/tesi/ros2_mapf_cbs/project_1/src/my_nav2_planner/src/my_planner_server.cpp:228:8:[m[K [01;31m[Kerror: [m[Kâ€˜[01m[Kit[m[Kâ€™ was not declared in this scope; did you mean â€˜[01m[Kint[m[Kâ€™?
  228 |   for ([01;31m[Kit[m[K = planners_.begin(); it != planners_.end(); ++it) {
      |        [01;31m[K^~[m[K
      |        [32m[Kint[m[K
[01m[K/home/andrea/tesi/ros2_mapf_cbs/project_1/src/my_nav2_planner/src/my_planner_server.cpp:228:13:[m[K [01;31m[Kerror: [m[Kâ€˜[01m[Kplanners_[m[Kâ€™ was not declared in this scope; did you mean â€˜[01m[Kplanner_ids_[m[Kâ€™?
  228 |   for (it = [01;31m[Kplanners_[m[K.begin(); it != planners_.end(); ++it) {
      |             [01;31m[K^~~~~~~~~[m[K
      |             [32m[Kplanner_ids_[m[K
[01m[K/home/andrea/tesi/ros2_mapf_cbs/project_1/src/my_nav2_planner/src/my_planner_server.cpp:[m[K In member function â€˜[01m[Kvirtual nav2_util::CallbackReturn my_nav2_planner::MyPlannerServer::on_cleanup(const rclcpp_lifecycle::State&)[m[Kâ€™:
[01m[K/home/andrea/tesi/ros2_mapf_cbs/project_1/src/my_nav2_planner/src/my_planner_server.cpp:260:3:[m[K [01;31m[Kerror: [m[Kâ€˜[01m[KPlannerMap[m[Kâ€™ has not been declared
  260 |   [01;31m[KPlannerMap[m[K::iterator it;
      |   [01;31m[K^~~~~~~~~~[m[K
[01m[K/home/andrea/tesi/ros2_mapf_cbs/project_1/src/my_nav2_planner/src/my_planner_server.cpp:261:8:[m[K [01;31m[Kerror: [m[Kâ€˜[01m[Kit[m[Kâ€™ was not declared in this scope; did you mean â€˜[01m[Kint[m[Kâ€™?
  261 |   for ([01;31m[Kit[m[K = planners_.begin(); it != planners_.end(); ++it) {
      |        [01;31m[K^~[m[K
      |        [32m[Kint[m[K
[01m[K/home/andrea/tesi/ros2_mapf_cbs/project_1/src/my_nav2_planner/src/my_planner_server.cpp:261:13:[m[K [01;31m[Kerror: [m[Kâ€˜[01m[Kplanners_[m[Kâ€™ was not declared in this scope; did you mean â€˜[01m[Kplanner_ids_[m[Kâ€™?
  261 |   for (it = [01;31m[Kplanners_[m[K.begin(); it != planners_.end(); ++it) {
      |             [01;31m[K^~~~~~~~~[m[K
      |             [32m[Kplanner_ids_[m[K
[01m[K/home/andrea/tesi/ros2_mapf_cbs/project_1/src/my_nav2_planner/src/my_planner_server.cpp:265:3:[m[K [01;31m[Kerror: [m[Kâ€˜[01m[Kplanners_[m[Kâ€™ was not declared in this scope; did you mean â€˜[01m[Kplanner_ids_[m[Kâ€™?
  265 |   [01;31m[Kplanners_[m[K.clear();
      |   [01;31m[K^~~~~~~~~[m[K
      |   [32m[Kplanner_ids_[m[K
[01m[K/home/andrea/tesi/ros2_mapf_cbs/project_1/src/my_nav2_planner/src/my_planner_server.cpp:[m[K In member function â€˜[01m[Knav_msgs::msg::Path my_nav2_planner::MyPlannerServer::getPlan(const PoseStamped&, const PoseStamped&, std::vector<my_intermediate_interfaces::msg::VertexConstraint_<std::allocator<void> >, std::allocator<my_intermediate_interfaces::msg::VertexConstraint_<std::allocator<void> > > >, std::vector<my_intermediate_interfaces::msg::EdgeConstraint_<std::allocator<void> >, std::allocator<my_intermediate_interfaces::msg::EdgeConstraint_<std::allocator<void> > > >, const string&)[m[Kâ€™:
[01m[K/home/andrea/tesi/ros2_mapf_cbs/project_1/src/my_nav2_planner/src/my_planner_server.cpp:594:7:[m[K [01;31m[Kerror: [m[Kâ€˜[01m[Kplanners_[m[Kâ€™ was not declared in this scope; did you mean â€˜[01m[Kplanner_ids_[m[Kâ€™?
  594 |   if ([01;31m[Kplanners_[m[K.find(planner_id) != planners_.end()) {
      |       [01;31m[K^~~~~~~~~[m[K
      |       [32m[Kplanner_ids_[m[K
cc1plus: all warnings being treated as errors
gmake[2]: *** [CMakeFiles/my_planner_server_core.dir/build.make:76: CMakeFiles/my_planner_server_core.dir/src/my_planner_server.cpp.o] Error 1
gmake[1]: *** [CMakeFiles/Makefile2:139: CMakeFiles/my_planner_server_core.dir/all] Error 2
gmake: *** [Makefile:146: all] Error 2
