[0.249s] Invoking command in '/home/andrea/tesi/ros2_mapf_cbs/project_1/build/my_nav2_planner': CMAKE_PREFIX_PATH=/home/andrea/tesi/ros2_mapf_cbs/project_1/install/my_nav2_core:/home/andrea/tesi/ros2_mapf_cbs/project_1/install/my_intermediate_interfaces:/home/andrea/tesi/ros2_mapf_cbs/project_1/install/turtlebot3_multi_robot:/home/andrea/tesi/ros2_mapf_cbs/project_1/install/nav2_straightline_planner:/home/andrea/tesi/ros2_mapf_cbs/project_1/install/my_nav2_navfn_planner:/home/andrea/tesi/ros2_mapf_cbs/project_1/install/nav2_core:/home/andrea/tesi/ros2_mapf_cbs/project_1/install/my_try_bringup:/home/andrea/tesi/ros2_mapf_cbs/simple_example/install/my_robot_bringup:/home/andrea/tesi/ros2_mapf_cbs/simple_example/install/my_robot_interfaces:/home/andrea/tesi/ros2_mapf_cbs/project_1/install/my_package:/home/andrea/tesi/ros2_mapf_cbs/project_1/install/my_intermediate:/home/andrea/tesi/ros2_mapf_cbs/simple_example/install/my_py_pkg:/opt/ros/humble LD_LIBRARY_PATH=/home/andrea/tesi/ros2_mapf_cbs/project_1/install/my_intermediate_interfaces/lib:/home/andrea/tesi/ros2_mapf_cbs/project_1/install/nav2_straightline_planner/lib:/home/andrea/tesi/ros2_mapf_cbs/project_1/install/my_nav2_navfn_planner/lib:/home/andrea/tesi/ros2_mapf_cbs/simple_example/install/my_robot_interfaces/lib:/usr/lib/x86_64-linux-gnu/gazebo-11/plugins:/opt/ros/humble/opt/rviz_ogre_vendor/lib:/opt/ros/humble/lib/x86_64-linux-gnu:/opt/ros/humble/lib:/home/andrea/ws_online/build/ros2_bdi_on_litter_world:/home/andrea/ws_online/build/ros2_bdi_on_litter_world /usr/bin/cmake --build /home/andrea/tesi/ros2_mapf_cbs/project_1/build/my_nav2_planner -- -j8 -l8
[0.287s] [35m[1mConsolidate compiler generated dependencies of target my_planner_server_core[0m
[0.305s] [ 25%] [32mBuilding CXX object CMakeFiles/my_planner_server_core.dir/src/my_planner_server.cpp.o[0m
[2.918s] In file included from [01m[K/home/andrea/tesi/ros2_mapf_cbs/project_1/src/my_nav2_planner/src/my_planner_server.cpp:34[m[K:
[2.918s] [01m[K/home/andrea/tesi/ros2_mapf_cbs/project_1/src/my_nav2_planner/include/my_nav2_planner/my_planner_server.hpp:65:68:[m[K [01;31m[Kerror: [m[Kâ€˜[01m[KMyGlobalPlanner[m[Kâ€™ is not a member of â€˜[01m[Kmy_nav2_core[m[Kâ€™
[2.918s]    65 |   using PlannerMap = std::unordered_map<std::string, my_nav2_core::[01;31m[KMyGlobalPlanner[m[K::Ptr>;
[2.918s]       |                                                                    [01;31m[K^~~~~~~~~~~~~~~[m[K
[2.918s] [01m[K/home/andrea/tesi/ros2_mapf_cbs/project_1/src/my_nav2_planner/include/my_nav2_planner/my_planner_server.hpp:65:88:[m[K [01;31m[Kerror: [m[Ktemplate argument 2 is invalid
[2.918s]    65 |   using PlannerMap = std::unordered_map<std::string, my_nav2_core::MyGlobalPlanner::Ptr[01;31m[K>[m[K;
[2.918s]       |                                                                                        [01;31m[K^[m[K
[2.918s] [01m[K/home/andrea/tesi/ros2_mapf_cbs/project_1/src/my_nav2_planner/include/my_nav2_planner/my_planner_server.hpp:65:88:[m[K [01;31m[Kerror: [m[Ktemplate argument 5 is invalid
[2.930s] [01m[K/home/andrea/tesi/ros2_mapf_cbs/project_1/src/my_nav2_planner/include/my_nav2_planner/my_planner_server.hpp:249:3:[m[K [01;31m[Kerror: [m[Kâ€˜[01m[KPlannerMap[m[Kâ€™ does not name a type
[2.930s]   249 |   [01;31m[KPlannerMap[m[K planners_;
[2.930s]       |   [01;31m[K^~~~~~~~~~[m[K
[2.931s] [01m[K/home/andrea/tesi/ros2_mapf_cbs/project_1/src/my_nav2_planner/include/my_nav2_planner/my_planner_server.hpp:250:40:[m[K [01;31m[Kerror: [m[Kâ€˜[01m[KMyGlobalPlanner[m[Kâ€™ is not a member of â€˜[01m[Kmy_nav2_core[m[Kâ€™
[2.931s]   250 |   pluginlib::ClassLoader<my_nav2_core::[01;31m[KMyGlobalPlanner[m[K> gp_loader_;
[2.931s]       |                                        [01;31m[K^~~~~~~~~~~~~~~[m[K
[2.931s] [01m[K/home/andrea/tesi/ros2_mapf_cbs/project_1/src/my_nav2_planner/include/my_nav2_planner/my_planner_server.hpp:250:55:[m[K [01;31m[Kerror: [m[Ktemplate argument 1 is invalid
[2.931s]   250 |   pluginlib::ClassLoader<my_nav2_core::MyGlobalPlanner[01;31m[K>[m[K gp_loader_;
[2.931s]       |                                                       [01;31m[K^[m[K
[2.949s] [01m[K/home/andrea/tesi/ros2_mapf_cbs/project_1/src/my_nav2_planner/src/my_planner_server.cpp:[m[K In constructor â€˜[01m[Kmy_nav2_planner::MyPlannerServer::MyPlannerServer(const rclcpp::NodeOptions&)[m[Kâ€™:
[2.949s] [01m[K/home/andrea/tesi/ros2_mapf_cbs/project_1/src/my_nav2_planner/src/my_planner_server.cpp:45:3:[m[K [01;31m[Kerror: [m[Kexpression list treated as compound expression in mem-initializer [[01;31m[K]8;;https://gcc.gnu.org/onlinedocs/gcc/Warning-Options.html#index-fpermissive-fpermissive]8;;[m[K]
[2.949s]    45 |   [01;31m[Kgp_loader_("my_nav2_core", "my_nav2_core::MultiAgentGlobalPlanner")[m[K,
[2.949s]       |   [01;31m[K^~~~~~~~~~~~~~~~~~~~~~~~~~~~~~~~~~~~~~~~~~~~~~~~~~~~~~~~~~~~~~~~~~~[m[K
[2.949s] [01m[K/home/andrea/tesi/ros2_mapf_cbs/project_1/src/my_nav2_planner/src/my_planner_server.cpp:45:14:[m[K [01;31m[Kerror: [m[Kleft operand of comma operator has no effect [[01;31m[K]8;;https://gcc.gnu.org/onlinedocs/gcc/Warning-Options.html#index-Wunused-value-Werror=unused-value]8;;[m[K]
[2.949s]    45 |   gp_loader_([01;31m[K"my_nav2_core"[m[K, "my_nav2_core::MultiAgentGlobalPlanner"),
[2.949s]       |              [01;31m[K^~~~~~~~~~~~~~[m[K
[2.949s] [01m[K/home/andrea/tesi/ros2_mapf_cbs/project_1/src/my_nav2_planner/src/my_planner_server.cpp:45:3:[m[K [01;31m[Kerror: [m[Kinvalid conversion from â€˜[01m[Kconst char*[m[Kâ€™ to â€˜[01m[Kint[m[Kâ€™ [[01;31m[K]8;;https://gcc.gnu.org/onlinedocs/gcc/Warning-Options.html#index-fpermissive-fpermissive]8;;[m[K]
[2.949s]    45 |   [01;31m[Kgp_loader_("my_nav2_core", "my_nav2_core::MultiAgentGlobalPlanner")[m[K,
[2.949s]       |   [01;31m[K^~~~~~~~~~~~~~~~~~~~~~~~~~~~~~~~~~~~~~~~~~~~~~~~~~~~~~~~~~~~~~~~~~~[m[K
[2.949s]       |   [01;31m[K|[m[K
[2.949s]       |   [01;31m[Kconst char*[m[K
[2.959s] [01m[K/home/andrea/tesi/ros2_mapf_cbs/project_1/src/my_nav2_planner/src/my_planner_server.cpp:[m[K In destructor â€˜[01m[Kvirtual my_nav2_planner::MyPlannerServer::~MyPlannerServer()[m[Kâ€™:
[2.959s] [01m[K/home/andrea/tesi/ros2_mapf_cbs/project_1/src/my_nav2_planner/src/my_planner_server.cpp:77:3:[m[K [01;31m[Kerror: [m[Kâ€˜[01m[Kplanners_[m[Kâ€™ was not declared in this scope; did you mean â€˜[01m[Kplanner_ids_[m[Kâ€™?
[2.959s]    77 |   [01;31m[Kplanners_[m[K.clear();
[2.959s]       |   [01;31m[K^~~~~~~~~[m[K
[2.959s]       |   [32m[Kplanner_ids_[m[K
[2.963s] [01m[K/home/andrea/tesi/ros2_mapf_cbs/project_1/src/my_nav2_planner/src/my_planner_server.cpp:[m[K In member function â€˜[01m[Kvirtual nav2_util::CallbackReturn my_nav2_planner::MyPlannerServer::on_configure(const rclcpp_lifecycle::State&)[m[Kâ€™:
[2.963s] [01m[K/home/andrea/tesi/ros2_mapf_cbs/project_1/src/my_nav2_planner/src/my_planner_server.cpp:107:20:[m[K [01;31m[Kerror: [m[Krequest for member â€˜[01m[KcreateUniqueInstance[m[Kâ€™ in â€˜[01m[K((my_nav2_planner::MyPlannerServer*)this)->my_nav2_planner::MyPlannerServer::gp_loader_[m[Kâ€™, which is of non-class type â€˜[01m[Kint[m[Kâ€™
[2.963s]   107 |         gp_loader_.[01;31m[KcreateUniqueInstance[m[K(planner_types_[i]);
[2.963s]       |                    [01;31m[K^~~~~~~~~~~~~~~~~~~~[m[K
[2.971s] [01m[K/home/andrea/tesi/ros2_mapf_cbs/project_1/src/my_nav2_planner/src/my_planner_server.cpp:112:7:[m[K [01;31m[Kerror: [m[Kâ€˜[01m[Kplanners_[m[Kâ€™ was not declared in this scope; did you mean â€˜[01m[Kplanner[m[Kâ€™?
[2.971s]   112 |       [01;31m[Kplanners_[m[K.insert({planner_ids_[i], planner});
[2.971s]       |       [01;31m[K^~~~~~~~~[m[K
[2.971s]       |       [32m[Kplanner[m[K
[3.007s] [01m[K/home/andrea/tesi/ros2_mapf_cbs/project_1/src/my_nav2_planner/src/my_planner_server.cpp:[m[K In member function â€˜[01m[Kvirtual nav2_util::CallbackReturn my_nav2_planner::MyPlannerServer::on_activate(const rclcpp_lifecycle::State&)[m[Kâ€™:
[3.007s] [01m[K/home/andrea/tesi/ros2_mapf_cbs/project_1/src/my_nav2_planner/src/my_planner_server.cpp:182:3:[m[K [01;31m[Kerror: [m[Kâ€˜[01m[KPlannerMap[m[Kâ€™ has not been declared
[3.007s]   182 |   [01;31m[KPlannerMap[m[K::iterator it;
[3.007s]       |   [01;31m[K^~~~~~~~~~[m[K
[3.012s] [01m[K/home/andrea/tesi/ros2_mapf_cbs/project_1/src/my_nav2_planner/src/my_planner_server.cpp:183:8:[m[K [01;31m[Kerror: [m[Kâ€˜[01m[Kit[m[Kâ€™ was not declared in this scope; did you mean â€˜[01m[Kint[m[Kâ€™?
[3.012s]   183 |   for ([01;31m[Kit[m[K = planners_.begin(); it != planners_.end(); ++it) {
[3.012s]       |        [01;31m[K^~[m[K
[3.012s]       |        [32m[Kint[m[K
[3.017s] [01m[K/home/andrea/tesi/ros2_mapf_cbs/project_1/src/my_nav2_planner/src/my_planner_server.cpp:183:13:[m[K [01;31m[Kerror: [m[Kâ€˜[01m[Kplanners_[m[Kâ€™ was not declared in this scope; did you mean â€˜[01m[Kplanner_ids_[m[Kâ€™?
[3.017s]   183 |   for (it = [01;31m[Kplanners_[m[K.begin(); it != planners_.end(); ++it) {
[3.017s]       |             [01;31m[K^~~~~~~~~[m[K
[3.017s]       |             [32m[Kplanner_ids_[m[K
[3.086s] [01m[K/home/andrea/tesi/ros2_mapf_cbs/project_1/src/my_nav2_planner/src/my_planner_server.cpp:[m[K In member function â€˜[01m[Kvirtual nav2_util::CallbackReturn my_nav2_planner::MyPlannerServer::on_deactivate(const rclcpp_lifecycle::State&)[m[Kâ€™:
[3.086s] [01m[K/home/andrea/tesi/ros2_mapf_cbs/project_1/src/my_nav2_planner/src/my_planner_server.cpp:227:3:[m[K [01;31m[Kerror: [m[Kâ€˜[01m[KPlannerMap[m[Kâ€™ has not been declared
[3.086s]   227 |   [01;31m[KPlannerMap[m[K::iterator it;
[3.086s]       |   [01;31m[K^~~~~~~~~~[m[K
[3.091s] [01m[K/home/andrea/tesi/ros2_mapf_cbs/project_1/src/my_nav2_planner/src/my_planner_server.cpp:228:8:[m[K [01;31m[Kerror: [m[Kâ€˜[01m[Kit[m[Kâ€™ was not declared in this scope; did you mean â€˜[01m[Kint[m[Kâ€™?
[3.091s]   228 |   for ([01;31m[Kit[m[K = planners_.begin(); it != planners_.end(); ++it) {
[3.091s]       |        [01;31m[K^~[m[K
[3.091s]       |        [32m[Kint[m[K
[3.096s] [01m[K/home/andrea/tesi/ros2_mapf_cbs/project_1/src/my_nav2_planner/src/my_planner_server.cpp:228:13:[m[K [01;31m[Kerror: [m[Kâ€˜[01m[Kplanners_[m[Kâ€™ was not declared in this scope; did you mean â€˜[01m[Kplanner_ids_[m[Kâ€™?
[3.096s]   228 |   for (it = [01;31m[Kplanners_[m[K.begin(); it != planners_.end(); ++it) {
[3.096s]       |             [01;31m[K^~~~~~~~~[m[K
[3.096s]       |             [32m[Kplanner_ids_[m[K
[3.097s] [01m[K/home/andrea/tesi/ros2_mapf_cbs/project_1/src/my_nav2_planner/src/my_planner_server.cpp:[m[K In member function â€˜[01m[Kvirtual nav2_util::CallbackReturn my_nav2_planner::MyPlannerServer::on_cleanup(const rclcpp_lifecycle::State&)[m[Kâ€™:
[3.097s] [01m[K/home/andrea/tesi/ros2_mapf_cbs/project_1/src/my_nav2_planner/src/my_planner_server.cpp:260:3:[m[K [01;31m[Kerror: [m[Kâ€˜[01m[KPlannerMap[m[Kâ€™ has not been declared
[3.097s]   260 |   [01;31m[KPlannerMap[m[K::iterator it;
[3.097s]       |   [01;31m[K^~~~~~~~~~[m[K
[3.102s] [01m[K/home/andrea/tesi/ros2_mapf_cbs/project_1/src/my_nav2_planner/src/my_planner_server.cpp:261:8:[m[K [01;31m[Kerror: [m[Kâ€˜[01m[Kit[m[Kâ€™ was not declared in this scope; did you mean â€˜[01m[Kint[m[Kâ€™?
[3.102s]   261 |   for ([01;31m[Kit[m[K = planners_.begin(); it != planners_.end(); ++it) {
[3.102s]       |        [01;31m[K^~[m[K
[3.102s]       |        [32m[Kint[m[K
[3.108s] [01m[K/home/andrea/tesi/ros2_mapf_cbs/project_1/src/my_nav2_planner/src/my_planner_server.cpp:261:13:[m[K [01;31m[Kerror: [m[Kâ€˜[01m[Kplanners_[m[Kâ€™ was not declared in this scope; did you mean â€˜[01m[Kplanner_ids_[m[Kâ€™?
[3.108s]   261 |   for (it = [01;31m[Kplanners_[m[K.begin(); it != planners_.end(); ++it) {
[3.109s]       |             [01;31m[K^~~~~~~~~[m[K
[3.109s]       |             [32m[Kplanner_ids_[m[K
[3.114s] [01m[K/home/andrea/tesi/ros2_mapf_cbs/project_1/src/my_nav2_planner/src/my_planner_server.cpp:265:3:[m[K [01;31m[Kerror: [m[Kâ€˜[01m[Kplanners_[m[Kâ€™ was not declared in this scope; did you mean â€˜[01m[Kplanner_ids_[m[Kâ€™?
[3.114s]   265 |   [01;31m[Kplanners_[m[K.clear();
[3.114s]       |   [01;31m[K^~~~~~~~~[m[K
[3.114s]       |   [32m[Kplanner_ids_[m[K
[3.138s] [01m[K/home/andrea/tesi/ros2_mapf_cbs/project_1/src/my_nav2_planner/src/my_planner_server.cpp:[m[K In member function â€˜[01m[Knav_msgs::msg::Path my_nav2_planner::MyPlannerServer::getPlan(const PoseStamped&, const PoseStamped&, std::vector<my_intermediate_interfaces::msg::VertexConstraint_<std::allocator<void> >, std::allocator<my_intermediate_interfaces::msg::VertexConstraint_<std::allocator<void> > > >, std::vector<my_intermediate_interfaces::msg::EdgeConstraint_<std::allocator<void> >, std::allocator<my_intermediate_interfaces::msg::EdgeConstraint_<std::allocator<void> > > >, const string&)[m[Kâ€™:
[3.139s] [01m[K/home/andrea/tesi/ros2_mapf_cbs/project_1/src/my_nav2_planner/src/my_planner_server.cpp:594:7:[m[K [01;31m[Kerror: [m[Kâ€˜[01m[Kplanners_[m[Kâ€™ was not declared in this scope; did you mean â€˜[01m[Kplanner_ids_[m[Kâ€™?
[3.139s]   594 |   if ([01;31m[Kplanners_[m[K.find(planner_id) != planners_.end()) {
[3.139s]       |       [01;31m[K^~~~~~~~~[m[K
[3.139s]       |       [32m[Kplanner_ids_[m[K
[5.065s] cc1plus: all warnings being treated as errors
[5.094s] gmake[2]: *** [CMakeFiles/my_planner_server_core.dir/build.make:76: CMakeFiles/my_planner_server_core.dir/src/my_planner_server.cpp.o] Error 1
[5.094s] gmake[1]: *** [CMakeFiles/Makefile2:139: CMakeFiles/my_planner_server_core.dir/all] Error 2
[5.094s] gmake: *** [Makefile:146: all] Error 2
[5.096s] Invoked command in '/home/andrea/tesi/ros2_mapf_cbs/project_1/build/my_nav2_planner' returned '2': CMAKE_PREFIX_PATH=/home/andrea/tesi/ros2_mapf_cbs/project_1/install/my_nav2_core:/home/andrea/tesi/ros2_mapf_cbs/project_1/install/my_intermediate_interfaces:/home/andrea/tesi/ros2_mapf_cbs/project_1/install/turtlebot3_multi_robot:/home/andrea/tesi/ros2_mapf_cbs/project_1/install/nav2_straightline_planner:/home/andrea/tesi/ros2_mapf_cbs/project_1/install/my_nav2_navfn_planner:/home/andrea/tesi/ros2_mapf_cbs/project_1/install/nav2_core:/home/andrea/tesi/ros2_mapf_cbs/project_1/install/my_try_bringup:/home/andrea/tesi/ros2_mapf_cbs/simple_example/install/my_robot_bringup:/home/andrea/tesi/ros2_mapf_cbs/simple_example/install/my_robot_interfaces:/home/andrea/tesi/ros2_mapf_cbs/project_1/install/my_package:/home/andrea/tesi/ros2_mapf_cbs/project_1/install/my_intermediate:/home/andrea/tesi/ros2_mapf_cbs/simple_example/install/my_py_pkg:/opt/ros/humble LD_LIBRARY_PATH=/home/andrea/tesi/ros2_mapf_cbs/project_1/install/my_intermediate_interfaces/lib:/home/andrea/tesi/ros2_mapf_cbs/project_1/install/nav2_straightline_planner/lib:/home/andrea/tesi/ros2_mapf_cbs/project_1/install/my_nav2_navfn_planner/lib:/home/andrea/tesi/ros2_mapf_cbs/simple_example/install/my_robot_interfaces/lib:/usr/lib/x86_64-linux-gnu/gazebo-11/plugins:/opt/ros/humble/opt/rviz_ogre_vendor/lib:/opt/ros/humble/lib/x86_64-linux-gnu:/opt/ros/humble/lib:/home/andrea/ws_online/build/ros2_bdi_on_litter_world:/home/andrea/ws_online/build/ros2_bdi_on_litter_world /usr/bin/cmake --build /home/andrea/tesi/ros2_mapf_cbs/project_1/build/my_nav2_planner -- -j8 -l8
