[01m[K/home/andrea/tesi/ros2_mapf_cbs/project_1/src/my_nav2_navfn_planner/src/my_navfn.cpp:[m[K In member function â€˜[01m[Kbool my_nav2_navfn_planner::MyNavFn::calcNavFnAstar()[m[Kâ€™:
[01m[K/home/andrea/tesi/ros2_mapf_cbs/project_1/src/my_nav2_navfn_planner/src/my_navfn.cpp:255:58:[m[K [01;31m[Kerror: [m[Kâ€˜[01m[Kvc[m[Kâ€™ was not declared in this scope
  255 |   return propNavFnAstar(std::max(nx * ny / 20, nx + ny), [01;31m[Kvc[m[K, ec);
      |                                                          [01;31m[K^~[m[K
[01m[K/home/andrea/tesi/ros2_mapf_cbs/project_1/src/my_nav2_navfn_planner/src/my_navfn.cpp:255:62:[m[K [01;31m[Kerror: [m[Kâ€˜[01m[Kec[m[Kâ€™ was not declared in this scope
  255 |   return propNavFnAstar(std::max(nx * ny / 20, nx + ny), vc, [01;31m[Kec[m[K);
      |                                                              [01;31m[K^~[m[K
gmake[2]: *** [CMakeFiles/my_nav2_navfn_planner.dir/build.make:90: CMakeFiles/my_nav2_navfn_planner.dir/src/my_navfn.cpp.o] Error 1
gmake[2]: *** Waiting for unfinished jobs....
gmake[1]: *** [CMakeFiles/Makefile2:137: CMakeFiles/my_nav2_navfn_planner.dir/all] Error 2
gmake: *** [Makefile:146: all] Error 2
