[0.060s] Invoking command in '/home/andrea/tesi/ros2_mapf_cbs/project_1/build/my_nav2_planner': CMAKE_PREFIX_PATH=/home/andrea/tesi/ros2_mapf_cbs/project_1/install/my_nav2_navfn_planner:/home/andrea/tesi/ros2_mapf_cbs/project_1/install/my_nav2_core:/home/andrea/tesi/ros2_mapf_cbs/project_1/install/my_intermediate_interfaces:/home/andrea/tesi/ros2_mapf_cbs/project_1/install/turtlebot3_multi_robot:/home/andrea/tesi/ros2_mapf_cbs/project_1/install/original_turtlebot3_multi_robot:/home/andrea/tesi/ros2_mapf_cbs/project_1/install/nav2_straightline_planner:/home/andrea/tesi/ros2_mapf_cbs/project_1/install/my_try_bringup:/home/andrea/tesi/ros2_mapf_cbs/project_1/install/my_nav2_planner:/home/andrea/tesi/ros2_mapf_cbs/simple_example/install/my_robot_bringup:/home/andrea/tesi/ros2_mapf_cbs/simple_example/install/my_robot_interfaces:/home/andrea/tesi/ros2_mapf_cbs/project_1/install/my_package:/home/andrea/tesi/ros2_mapf_cbs/project_1/install/my_intermediate:/home/andrea/tesi/ros2_mapf_cbs/simple_example/install/my_py_pkg:/opt/ros/humble LD_LIBRARY_PATH=/home/andrea/tesi/ros2_mapf_cbs/project_1/install/my_nav2_navfn_planner/lib:/home/andrea/tesi/ros2_mapf_cbs/project_1/install/my_intermediate_interfaces/lib:/home/andrea/tesi/ros2_mapf_cbs/project_1/install/nav2_straightline_planner/lib:/home/andrea/tesi/ros2_mapf_cbs/project_1/install/my_nav2_planner/lib:/home/andrea/tesi/ros2_mapf_cbs/simple_example/install/my_robot_interfaces/lib:/usr/lib/x86_64-linux-gnu/gazebo-11/plugins:/opt/ros/humble/opt/rviz_ogre_vendor/lib:/opt/ros/humble/lib/x86_64-linux-gnu:/opt/ros/humble/lib:/home/andrea/ws_online/build/ros2_bdi_on_litter_world:/home/andrea/ws_online/build/ros2_bdi_on_litter_world /usr/bin/cmake --build /home/andrea/tesi/ros2_mapf_cbs/project_1/build/my_nav2_planner -- -j8 -l8
[0.079s] -- Found ament_cmake: 1.3.5 (/opt/ros/humble/share/ament_cmake/cmake)
[0.191s] -- Found nav2_common: 1.1.12 (/opt/ros/humble/share/nav2_common/cmake)
[0.191s] -- Found rclcpp: 16.0.6 (/opt/ros/humble/share/rclcpp/cmake)
[0.215s] -- Found rosidl_generator_c: 3.1.5 (/opt/ros/humble/share/rosidl_generator_c/cmake)
[0.216s] -- Found rosidl_adapter: 3.1.5 (/opt/ros/humble/share/rosidl_adapter/cmake)
[0.221s] -- Found rosidl_generator_cpp: 3.1.5 (/opt/ros/humble/share/rosidl_generator_cpp/cmake)
[0.229s] -- Using all available rosidl_typesupport_c: rosidl_typesupport_fastrtps_c;rosidl_typesupport_introspection_c
[0.240s] -- Using all available rosidl_typesupport_cpp: rosidl_typesupport_fastrtps_cpp;rosidl_typesupport_introspection_cpp
[0.284s] -- Found rmw_implementation_cmake: 6.1.1 (/opt/ros/humble/share/rmw_implementation_cmake/cmake)
[0.285s] -- Found rmw_cyclonedds_cpp: 1.3.4 (/opt/ros/humble/share/rmw_cyclonedds_cpp/cmake)
[0.306s] -- Using RMW implementation 'rmw_cyclonedds_cpp' as default
[0.432s] -- Found rclcpp_action: 16.0.6 (/opt/ros/humble/share/rclcpp_action/cmake)
[0.499s] -- Found rclcpp_lifecycle: 16.0.6 (/opt/ros/humble/share/rclcpp_lifecycle/cmake)
[0.530s] -- Found rclcpp_components: 16.0.6 (/opt/ros/humble/share/rclcpp_components/cmake)
[0.570s] -- Found visualization_msgs: 4.2.3 (/opt/ros/humble/share/visualization_msgs/cmake)
[0.757s] -- Found nav2_util: 1.1.12 (/opt/ros/humble/share/nav2_util/cmake)
[1.098s] -- Found eigen3_cmake_module: 0.1.1 (/opt/ros/humble/share/eigen3_cmake_module/cmake)
[1.099s] -- Ensuring Eigen3 include directory is part of orocos-kdl CMake target
[1.236s] -- Found nav2_costmap_2d: 1.1.12 (/opt/ros/humble/share/nav2_costmap_2d/cmake)
[1.823s] -- Found my_nav2_navfn_planner: 1.1.12 (/home/andrea/tesi/ros2_mapf_cbs/project_1/install/my_nav2_navfn_planner/share/my_nav2_navfn_planner/cmake)
[20.312s] -- Found ament_lint_auto: 0.12.8 (/opt/ros/humble/share/ament_lint_auto/cmake)
[20.312s] -- Found ament_cmake_gtest: 1.3.5 (/opt/ros/humble/share/ament_cmake_gtest/cmake)
[20.365s] -- Added test 'copyright' to check source files copyright and LICENSE
[20.365s] -- Added test 'cppcheck' to perform static code analysis on C / C++ code
[20.365s] -- Configured cppcheck include dirs: /home/andrea/tesi/ros2_mapf_cbs/project_1/src/my_nav2_planner/include
[20.365s] -- Configured cppcheck exclude dirs and/or files: 
[20.366s] -- Added test 'cpplint' to check C / C++ code against the Google style
[20.366s] -- Configured cpplint exclude dirs and/or files: 
[20.366s] -- Added test 'lint_cmake' to check CMake code style
[20.367s] -- Added test 'uncrustify' to check C / C++ code style
[20.367s] -- Configured uncrustify additional arguments: 
[20.367s] -- Added test 'xmllint' to check XML markup files
[20.368s] -- Configuring done
[20.411s] -- Generating done
[20.413s] -- Build files have been written to: /home/andrea/tesi/ros2_mapf_cbs/project_1/build/my_nav2_planner
[20.434s] [35m[1mConsolidate compiler generated dependencies of target my_planner_server_core[0m
[20.453s] [ 25%] [32mBuilding CXX object CMakeFiles/my_planner_server_core.dir/src/my_planner_server.cpp.o[0m
[33.341s] [ 50%] [32m[1mLinking CXX shared library libmy_planner_server_core.so[0m
[33.604s] [ 50%] Built target my_planner_server_core
[33.613s] [35m[1mConsolidate compiler generated dependencies of target my_planner_server[0m
[33.631s] [ 75%] [32mBuilding CXX object CMakeFiles/my_planner_server.dir/src/main.cpp.o[0m
[36.119s] In file included from [01m[K/home/andrea/tesi/ros2_mapf_cbs/project_1/src/my_nav2_planner/include/my_nav2_planner/my_planner_server.hpp:40[m[K,
[36.119s]                  from [01m[K/home/andrea/tesi/ros2_mapf_cbs/project_1/src/my_nav2_planner/src/main.cpp:18[m[K:
[36.120s] [01m[K/home/andrea/tesi/ros2_mapf_cbs/project_1/install/my_nav2_core/include/my_nav2_core/multi_agent_global_planner.hpp:83:23:[m[K [01;31m[Kerror: [m[Kâ€˜[01m[Kmy_intermediate_interfaces[m[Kâ€™ was not declared in this scope
[36.120s]    83 |     const std::vector<[01;31m[Kmy_intermediate_interfaces[m[K::msg::VertexConstraint> vertex_constraints,
[36.120s]       |                       [01;31m[K^~~~~~~~~~~~~~~~~~~~~~~~~~[m[K
[36.120s] [01m[K/home/andrea/tesi/ros2_mapf_cbs/project_1/install/my_nav2_core/include/my_nav2_core/multi_agent_global_planner.hpp:83:72:[m[K [01;31m[Kerror: [m[Ktemplate argument 1 is invalid
[36.120s]    83 |     const std::vector<my_intermediate_interfaces::msg::VertexConstraint[01;31m[K>[m[K vertex_constraints,
[36.120s]       |                                                                        [01;31m[K^[m[K
[36.120s] [01m[K/home/andrea/tesi/ros2_mapf_cbs/project_1/install/my_nav2_core/include/my_nav2_core/multi_agent_global_planner.hpp:83:72:[m[K [01;31m[Kerror: [m[Ktemplate argument 2 is invalid
[36.132s] [01m[K/home/andrea/tesi/ros2_mapf_cbs/project_1/install/my_nav2_core/include/my_nav2_core/multi_agent_global_planner.hpp:83:23:[m[K [01;31m[Kerror: [m[Kâ€˜[01m[Kmy_intermediate_interfaces[m[Kâ€™ was not declared in this scope
[36.132s]    83 |     const std::vector<[01;31m[Kmy_intermediate_interfaces[m[K::msg::VertexConstraint> vertex_constraints,
[36.132s]       |                       [01;31m[K^~~~~~~~~~~~~~~~~~~~~~~~~~[m[K
[36.132s] [01m[K/home/andrea/tesi/ros2_mapf_cbs/project_1/install/my_nav2_core/include/my_nav2_core/multi_agent_global_planner.hpp:83:72:[m[K [01;31m[Kerror: [m[Ktemplate argument 1 is invalid
[36.133s]    83 |     const std::vector<my_intermediate_interfaces::msg::VertexConstraint[01;31m[K>[m[K vertex_constraints,
[36.133s]       |                                                                        [01;31m[K^[m[K
[36.133s] [01m[K/home/andrea/tesi/ros2_mapf_cbs/project_1/install/my_nav2_core/include/my_nav2_core/multi_agent_global_planner.hpp:83:72:[m[K [01;31m[Kerror: [m[Ktemplate argument 2 is invalid
[36.145s] [01m[K/home/andrea/tesi/ros2_mapf_cbs/project_1/install/my_nav2_core/include/my_nav2_core/multi_agent_global_planner.hpp:83:23:[m[K [01;31m[Kerror: [m[Kâ€˜[01m[Kmy_intermediate_interfaces[m[Kâ€™ was not declared in this scope
[36.145s]    83 |     const std::vector<[01;31m[Kmy_intermediate_interfaces[m[K::msg::VertexConstraint> vertex_constraints,
[36.145s]       |                       [01;31m[K^~~~~~~~~~~~~~~~~~~~~~~~~~[m[K
[36.145s] [01m[K/home/andrea/tesi/ros2_mapf_cbs/project_1/install/my_nav2_core/include/my_nav2_core/multi_agent_global_planner.hpp:83:72:[m[K [01;31m[Kerror: [m[Ktemplate argument 1 is invalid
[36.145s]    83 |     const std::vector<my_intermediate_interfaces::msg::VertexConstraint[01;31m[K>[m[K vertex_constraints,
[36.145s]       |                                                                        [01;31m[K^[m[K
[36.145s] [01m[K/home/andrea/tesi/ros2_mapf_cbs/project_1/install/my_nav2_core/include/my_nav2_core/multi_agent_global_planner.hpp:83:72:[m[K [01;31m[Kerror: [m[Ktemplate argument 2 is invalid
[36.145s] [01m[K/home/andrea/tesi/ros2_mapf_cbs/project_1/install/my_nav2_core/include/my_nav2_core/multi_agent_global_planner.hpp:83:11:[m[K [01;31m[Kerror: [m[Kinvalid template-id
[36.146s]    83 |     const [01;31m[Kstd[m[K::vector<my_intermediate_interfaces::msg::VertexConstraint> vertex_constraints,
[36.146s]       |           [01;31m[K^~~[m[K
[36.146s] [01m[K/home/andrea/tesi/ros2_mapf_cbs/project_1/install/my_nav2_core/include/my_nav2_core/multi_agent_global_planner.hpp:83:23:[m[K [01;31m[Kerror: [m[Kâ€˜[01m[Kmy_intermediate_interfaces[m[Kâ€™ has not been declared
[36.146s]    83 |     const std::vector<[01;31m[Kmy_intermediate_interfaces[m[K::msg::VertexConstraint> vertex_constraints,
[36.146s]       |                       [01;31m[K^~~~~~~~~~~~~~~~~~~~~~~~~~[m[K
[36.146s] [01m[K/home/andrea/tesi/ros2_mapf_cbs/project_1/install/my_nav2_core/include/my_nav2_core/multi_agent_global_planner.hpp:83:5:[m[K [01;31m[Kerror: [m[Kclass template placeholder â€˜[01m[Kstd::vector[m[Kâ€™ not permitted in this context
[36.146s]    83 |     [01;31m[Kconst[m[K std::vector<my_intermediate_interfaces::msg::VertexConstraint> vertex_constraints,
[36.146s]       |     [01;31m[K^~~~~[m[K
[36.158s] [01m[K/home/andrea/tesi/ros2_mapf_cbs/project_1/install/my_nav2_core/include/my_nav2_core/multi_agent_global_planner.hpp:84:23:[m[K [01;31m[Kerror: [m[Kâ€˜[01m[Kmy_intermediate_interfaces[m[Kâ€™ was not declared in this scope
[36.158s]    84 |     const std::vector<[01;31m[Kmy_intermediate_interfaces[m[K::msg::EdgeConstraint> edge_constraints) = 0;
[36.158s]       |                       [01;31m[K^~~~~~~~~~~~~~~~~~~~~~~~~~[m[K
[36.158s] [01m[K/home/andrea/tesi/ros2_mapf_cbs/project_1/install/my_nav2_core/include/my_nav2_core/multi_agent_global_planner.hpp:84:70:[m[K [01;31m[Kerror: [m[Ktemplate argument 1 is invalid
[36.158s]    84 |     const std::vector<my_intermediate_interfaces::msg::EdgeConstraint[01;31m[K>[m[K edge_constraints) = 0;
[36.158s]       |                                                                      [01;31m[K^[m[K
[36.158s] [01m[K/home/andrea/tesi/ros2_mapf_cbs/project_1/install/my_nav2_core/include/my_nav2_core/multi_agent_global_planner.hpp:84:70:[m[K [01;31m[Kerror: [m[Ktemplate argument 2 is invalid
[36.170s] [01m[K/home/andrea/tesi/ros2_mapf_cbs/project_1/install/my_nav2_core/include/my_nav2_core/multi_agent_global_planner.hpp:84:23:[m[K [01;31m[Kerror: [m[Kâ€˜[01m[Kmy_intermediate_interfaces[m[Kâ€™ was not declared in this scope
[36.170s]    84 |     const std::vector<[01;31m[Kmy_intermediate_interfaces[m[K::msg::EdgeConstraint> edge_constraints) = 0;
[36.170s]       |                       [01;31m[K^~~~~~~~~~~~~~~~~~~~~~~~~~[m[K
[36.170s] [01m[K/home/andrea/tesi/ros2_mapf_cbs/project_1/install/my_nav2_core/include/my_nav2_core/multi_agent_global_planner.hpp:84:70:[m[K [01;31m[Kerror: [m[Ktemplate argument 1 is invalid
[36.170s]    84 |     const std::vector<my_intermediate_interfaces::msg::EdgeConstraint[01;31m[K>[m[K edge_constraints) = 0;
[36.170s]       |                                                                      [01;31m[K^[m[K
[36.170s] [01m[K/home/andrea/tesi/ros2_mapf_cbs/project_1/install/my_nav2_core/include/my_nav2_core/multi_agent_global_planner.hpp:84:70:[m[K [01;31m[Kerror: [m[Ktemplate argument 2 is invalid
[36.181s] [01m[K/home/andrea/tesi/ros2_mapf_cbs/project_1/install/my_nav2_core/include/my_nav2_core/multi_agent_global_planner.hpp:84:23:[m[K [01;31m[Kerror: [m[Kâ€˜[01m[Kmy_intermediate_interfaces[m[Kâ€™ was not declared in this scope
[36.181s]    84 |     const std::vector<[01;31m[Kmy_intermediate_interfaces[m[K::msg::EdgeConstraint> edge_constraints) = 0;
[36.181s]       |                       [01;31m[K^~~~~~~~~~~~~~~~~~~~~~~~~~[m[K
[36.182s] [01m[K/home/andrea/tesi/ros2_mapf_cbs/project_1/install/my_nav2_core/include/my_nav2_core/multi_agent_global_planner.hpp:84:70:[m[K [01;31m[Kerror: [m[Ktemplate argument 1 is invalid
[36.182s]    84 |     const std::vector<my_intermediate_interfaces::msg::EdgeConstraint[01;31m[K>[m[K edge_constraints) = 0;
[36.182s]       |                                                                      [01;31m[K^[m[K
[36.182s] [01m[K/home/andrea/tesi/ros2_mapf_cbs/project_1/install/my_nav2_core/include/my_nav2_core/multi_agent_global_planner.hpp:84:70:[m[K [01;31m[Kerror: [m[Ktemplate argument 2 is invalid
[36.182s] [01m[K/home/andrea/tesi/ros2_mapf_cbs/project_1/install/my_nav2_core/include/my_nav2_core/multi_agent_global_planner.hpp:84:11:[m[K [01;31m[Kerror: [m[Kinvalid template-id
[36.182s]    84 |     const [01;31m[Kstd[m[K::vector<my_intermediate_interfaces::msg::EdgeConstraint> edge_constraints) = 0;
[36.182s]       |           [01;31m[K^~~[m[K
[36.182s] [01m[K/home/andrea/tesi/ros2_mapf_cbs/project_1/install/my_nav2_core/include/my_nav2_core/multi_agent_global_planner.hpp:84:23:[m[K [01;31m[Kerror: [m[Kâ€˜[01m[Kmy_intermediate_interfaces[m[Kâ€™ has not been declared
[36.182s]    84 |     const std::vector<[01;31m[Kmy_intermediate_interfaces[m[K::msg::EdgeConstraint> edge_constraints) = 0;
[36.182s]       |                       [01;31m[K^~~~~~~~~~~~~~~~~~~~~~~~~~[m[K
[36.182s] [01m[K/home/andrea/tesi/ros2_mapf_cbs/project_1/install/my_nav2_core/include/my_nav2_core/multi_agent_global_planner.hpp:84:5:[m[K [01;31m[Kerror: [m[Kclass template placeholder â€˜[01m[Kstd::vector[m[Kâ€™ not permitted in this context
[36.182s]    84 |     [01;31m[Kconst[m[K std::vector<my_intermediate_interfaces::msg::EdgeConstraint> edge_constraints) = 0;
[36.182s]       |     [01;31m[K^~~~~[m[K
[37.211s] gmake[2]: *** [CMakeFiles/my_planner_server.dir/build.make:76: CMakeFiles/my_planner_server.dir/src/main.cpp.o] Error 1
[37.211s] gmake[1]: *** [CMakeFiles/Makefile2:165: CMakeFiles/my_planner_server.dir/all] Error 2
[37.211s] gmake: *** [Makefile:146: all] Error 2
[37.214s] Invoked command in '/home/andrea/tesi/ros2_mapf_cbs/project_1/build/my_nav2_planner' returned '2': CMAKE_PREFIX_PATH=/home/andrea/tesi/ros2_mapf_cbs/project_1/install/my_nav2_navfn_planner:/home/andrea/tesi/ros2_mapf_cbs/project_1/install/my_nav2_core:/home/andrea/tesi/ros2_mapf_cbs/project_1/install/my_intermediate_interfaces:/home/andrea/tesi/ros2_mapf_cbs/project_1/install/turtlebot3_multi_robot:/home/andrea/tesi/ros2_mapf_cbs/project_1/install/original_turtlebot3_multi_robot:/home/andrea/tesi/ros2_mapf_cbs/project_1/install/nav2_straightline_planner:/home/andrea/tesi/ros2_mapf_cbs/project_1/install/my_try_bringup:/home/andrea/tesi/ros2_mapf_cbs/project_1/install/my_nav2_planner:/home/andrea/tesi/ros2_mapf_cbs/simple_example/install/my_robot_bringup:/home/andrea/tesi/ros2_mapf_cbs/simple_example/install/my_robot_interfaces:/home/andrea/tesi/ros2_mapf_cbs/project_1/install/my_package:/home/andrea/tesi/ros2_mapf_cbs/project_1/install/my_intermediate:/home/andrea/tesi/ros2_mapf_cbs/simple_example/install/my_py_pkg:/opt/ros/humble LD_LIBRARY_PATH=/home/andrea/tesi/ros2_mapf_cbs/project_1/install/my_nav2_navfn_planner/lib:/home/andrea/tesi/ros2_mapf_cbs/project_1/install/my_intermediate_interfaces/lib:/home/andrea/tesi/ros2_mapf_cbs/project_1/install/nav2_straightline_planner/lib:/home/andrea/tesi/ros2_mapf_cbs/project_1/install/my_nav2_planner/lib:/home/andrea/tesi/ros2_mapf_cbs/simple_example/install/my_robot_interfaces/lib:/usr/lib/x86_64-linux-gnu/gazebo-11/plugins:/opt/ros/humble/opt/rviz_ogre_vendor/lib:/opt/ros/humble/lib/x86_64-linux-gnu:/opt/ros/humble/lib:/home/andrea/ws_online/build/ros2_bdi_on_litter_world:/home/andrea/ws_online/build/ros2_bdi_on_litter_world /usr/bin/cmake --build /home/andrea/tesi/ros2_mapf_cbs/project_1/build/my_nav2_planner -- -j8 -l8
