[0.321s] Invoking command in '/home/andrea/tesi/ros2_mapf_cbs/project_1/build/my_nav2_planner': CMAKE_PREFIX_PATH=/home/andrea/tesi/ros2_mapf_cbs/project_1/install/my_intermediate_interfaces:/home/andrea/tesi/ros2_mapf_cbs/project_1/install/turtlebot3_multi_robot:/home/andrea/tesi/ros2_mapf_cbs/project_1/install/nav2_straightline_planner:/home/andrea/tesi/ros2_mapf_cbs/project_1/install/my_nav2_navfn_planner:/home/andrea/tesi/ros2_mapf_cbs/project_1/install/nav2_core:/home/andrea/tesi/ros2_mapf_cbs/project_1/install/my_try_bringup:/home/andrea/tesi/ros2_mapf_cbs/project_1/install/my_nav2_core:/home/andrea/tesi/ros2_mapf_cbs/simple_example/install/my_robot_bringup:/home/andrea/tesi/ros2_mapf_cbs/simple_example/install/my_robot_interfaces:/home/andrea/tesi/ros2_mapf_cbs/project_1/install/my_package:/home/andrea/tesi/ros2_mapf_cbs/project_1/install/my_intermediate:/home/andrea/tesi/ros2_mapf_cbs/simple_example/install/my_py_pkg:/opt/ros/humble LD_LIBRARY_PATH=/home/andrea/tesi/ros2_mapf_cbs/project_1/install/my_intermediate_interfaces/lib:/home/andrea/tesi/ros2_mapf_cbs/project_1/install/nav2_straightline_planner/lib:/home/andrea/tesi/ros2_mapf_cbs/project_1/install/my_nav2_navfn_planner/lib:/home/andrea/tesi/ros2_mapf_cbs/simple_example/install/my_robot_interfaces/lib:/usr/lib/x86_64-linux-gnu/gazebo-11/plugins:/opt/ros/humble/opt/rviz_ogre_vendor/lib:/opt/ros/humble/lib/x86_64-linux-gnu:/opt/ros/humble/lib:/home/andrea/ws_online/build/ros2_bdi_on_litter_world:/home/andrea/ws_online/build/ros2_bdi_on_litter_world /usr/bin/cmake --build /home/andrea/tesi/ros2_mapf_cbs/project_1/build/my_nav2_planner -- -j8 -l8
[0.368s] [35m[1mConsolidate compiler generated dependencies of target my_planner_server_core[0m
[0.389s] [ 25%] [32mBuilding CXX object CMakeFiles/my_planner_server_core.dir/src/my_planner_server.cpp.o[0m
[2.919s] In file included from [01m[K/home/andrea/tesi/ros2_mapf_cbs/project_1/src/my_nav2_planner/src/my_planner_server.cpp:34[m[K:
[2.919s] [01m[K/home/andrea/tesi/ros2_mapf_cbs/project_1/src/my_nav2_planner/include/my_nav2_planner/my_planner_server.hpp:65:54:[m[K [01;31m[Kerror: [m[Kâ€˜[01m[Kmy_nav2_core[m[Kâ€™ was not declared in this scope; did you mean â€˜[01m[Knav2_core[m[Kâ€™?
[2.919s]    65 |   using PlannerMap = std::unordered_map<std::string, [01;31m[Kmy_nav2_core[m[K::MyGlobalPlanner::Ptr>;
[2.919s]       |                                                      [01;31m[K^~~~~~~~~~~~[m[K
[2.919s]       |                                                      [32m[Knav2_core[m[K
[2.919s] [01m[K/home/andrea/tesi/ros2_mapf_cbs/project_1/src/my_nav2_planner/include/my_nav2_planner/my_planner_server.hpp:65:88:[m[K [01;31m[Kerror: [m[Ktemplate argument 2 is invalid
[2.919s]    65 |  = std::unordered_map<std::string, my_nav2_core::MyGlobalPlanner::Ptr[01;31m[K>[m[K;
[2.919s]       |                                                                      [01;31m[K^[m[K
[2.919s] 
[2.919s] [01m[K/home/andrea/tesi/ros2_mapf_cbs/project_1/src/my_nav2_planner/include/my_nav2_planner/my_planner_server.hpp:65:88:[m[K [01;31m[Kerror: [m[Ktemplate argument 5 is invalid
[2.930s] [01m[K/home/andrea/tesi/ros2_mapf_cbs/project_1/src/my_nav2_planner/include/my_nav2_planner/my_planner_server.hpp:249:3:[m[K [01;31m[Kerror: [m[Kâ€˜[01m[KPlannerMap[m[Kâ€™ does not name a type
[2.930s]   249 |   [01;31m[KPlannerMap[m[K planners_;
[2.930s]       |   [01;31m[K^~~~~~~~~~[m[K
[2.936s] [01m[K/home/andrea/tesi/ros2_mapf_cbs/project_1/src/my_nav2_planner/include/my_nav2_planner/my_planner_server.hpp:250:26:[m[K [01;31m[Kerror: [m[Kâ€˜[01m[Kmy_nav2_core[m[Kâ€™ was not declared in this scope; did you mean â€˜[01m[Knav2_core[m[Kâ€™?
[2.936s]   250 |   pluginlib::ClassLoader<[01;31m[Kmy_nav2_core[m[K::MyGlobalPlanner> gp_loader_;
[2.936s]       |                          [01;31m[K^~~~~~~~~~~~[m[K
[2.936s]       |                          [32m[Knav2_core[m[K
[2.936s] [01m[K/home/andrea/tesi/ros2_mapf_cbs/project_1/src/my_nav2_planner/include/my_nav2_planner/my_planner_server.hpp:250:55:[m[K [01;31m[Kerror: [m[Ktemplate argument 1 is invalid
[2.936s]   250 |   pluginlib::ClassLoader<my_nav2_core::MyGlobalPlanner[01;31m[K>[m[K gp_loader_;
[2.936s]       |                                                       [01;31m[K^[m[K
[2.952s] [01m[K/home/andrea/tesi/ros2_mapf_cbs/project_1/src/my_nav2_planner/src/my_planner_server.cpp:[m[K In constructor â€˜[01m[Kmy_nav2_planner::MyPlannerServer::MyPlannerServer(const rclcpp::NodeOptions&)[m[Kâ€™:
[2.952s] [01m[K/home/andrea/tesi/ros2_mapf_cbs/project_1/src/my_nav2_planner/src/my_planner_server.cpp:45:3:[m[K [01;31m[Kerror: [m[Kexpression list treated as compound expression in mem-initializer [[01;31m[K]8;;https://gcc.gnu.org/onlinedocs/gcc/Warning-Options.html#index-fpermissive-fpermissive]8;;[m[K]
[2.952s]    45 |   [01;31m[Kgp_loader_("my_nav2_core", "my_nav2_core::MultiAgentGlobalPlanner")[m[K,
[2.953s]       |   [01;31m[K^~~~~~~~~~~~~~~~~~~~~~~~~~~~~~~~~~~~~~~~~~~~~~~~~~~~~~~~~~~~~~~~~~~[m[K
[2.953s] [01m[K/home/andrea/tesi/ros2_mapf_cbs/project_1/src/my_nav2_planner/src/my_planner_server.cpp:45:14:[m[K [01;31m[Kerror: [m[Kleft operand of comma operator has no effect [[01;31m[K]8;;https://gcc.gnu.org/onlinedocs/gcc/Warning-Options.html#index-Wunused-value-Werror=unused-value]8;;[m[K]
[2.953s]    45 |   gp_loader_([01;31m[K"my_nav2_core"[m[K, "my_nav2_core::MultiAgentGlobalPlanner"),
[2.953s]       |              [01;31m[K^~~~~~~~~~~~~~[m[K
[2.953s] [01m[K/home/andrea/tesi/ros2_mapf_cbs/project_1/src/my_nav2_planner/src/my_planner_server.cpp:45:3:[m[K [01;31m[Kerror: [m[Kinvalid conversion from â€˜[01m[Kconst char*[m[Kâ€™ to â€˜[01m[Kint[m[Kâ€™ [[01;31m[K]8;;https://gcc.gnu.org/onlinedocs/gcc/Warning-Options.html#index-fpermissive-fpermissive]8;;[m[K]
[2.953s]    45 |   [01;31m[Kgp_loader_("my_nav2_core", "my_nav2_core::MultiAgentGlobalPlanner")[m[K,
[2.953s]       |   [01;31m[K^~~~~~~~~~~~~~~~~~~~~~~~~~~~~~~~~~~~~~~~~~~~~~~~~~~~~~~~~~~~~~~~~~~[m[K
[2.953s]       |   [01;31m[K|[m[K
[2.953s]       |   [01;31m[Kconst char*[m[K
[2.963s] [01m[K/home/andrea/tesi/ros2_mapf_cbs/project_1/src/my_nav2_planner/src/my_planner_server.cpp:[m[K In destructor â€˜[01m[Kvirtual my_nav2_planner::MyPlannerServer::~MyPlannerServer()[m[Kâ€™:
[2.963s] [01m[K/home/andrea/tesi/ros2_mapf_cbs/project_1/src/my_nav2_planner/src/my_planner_server.cpp:77:3:[m[K [01;31m[Kerror: [m[Kâ€˜[01m[Kplanners_[m[Kâ€™ was not declared in this scope; did you mean â€˜[01m[Kplanner_ids_[m[Kâ€™?
[2.963s]    77 |   [01;31m[Kplanners_[m[K.clear();
[2.963s]       |   [01;31m[K^~~~~~~~~[m[K
[2.963s]       |   [32m[Kplanner_ids_[m[K
[2.964s] [01m[K/home/andrea/tesi/ros2_mapf_cbs/project_1/src/my_nav2_planner/src/my_planner_server.cpp:[m[K In member function â€˜[01m[Kvirtual nav2_util::CallbackReturn my_nav2_planner::MyPlannerServer::on_configure(const rclcpp_lifecycle::State&)[m[Kâ€™:
[2.965s] [01m[K/home/andrea/tesi/ros2_mapf_cbs/project_1/src/my_nav2_planner/src/my_planner_server.cpp:106:7:[m[K [01;31m[Kerror: [m[Kâ€˜[01m[Kmy_nav2_core[m[Kâ€™ has not been declared
[2.965s]   106 |       [01;31m[Kmy_nav2_core[m[K::MyGlobalPlanner::Ptr planner =
[2.965s]       |       [01;31m[K^~~~~~~~~~~~[m[K
[2.970s] [01m[K/home/andrea/tesi/ros2_mapf_cbs/project_1/src/my_nav2_planner/src/my_planner_server.cpp:111:7:[m[K [01;31m[Kerror: [m[Kâ€˜[01m[Kplanner[m[Kâ€™ was not declared in this scope
[2.970s]   111 |       [01;31m[Kplanner[m[K->configure(node, planner_ids_[i], tf_, costmap_ros_);
[2.970s]       |       [01;31m[K^~~~~~~[m[K
[2.975s] [01m[K/home/andrea/tesi/ros2_mapf_cbs/project_1/src/my_nav2_planner/src/my_planner_server.cpp:112:7:[m[K [01;31m[Kerror: [m[Kâ€˜[01m[Kplanners_[m[Kâ€™ was not declared in this scope; did you mean â€˜[01m[Kplanner_ids_[m[Kâ€™?
[2.975s]   112 |       [01;31m[Kplanners_[m[K.insert({planner_ids_[i], planner});
[2.975s]       |       [01;31m[K^~~~~~~~~[m[K
[2.975s]       |       [32m[Kplanner_ids_[m[K
[3.016s] [01m[K/home/andrea/tesi/ros2_mapf_cbs/project_1/src/my_nav2_planner/src/my_planner_server.cpp:[m[K In member function â€˜[01m[Kvirtual nav2_util::CallbackReturn my_nav2_planner::MyPlannerServer::on_activate(const rclcpp_lifecycle::State&)[m[Kâ€™:
[3.016s] [01m[K/home/andrea/tesi/ros2_mapf_cbs/project_1/src/my_nav2_planner/src/my_planner_server.cpp:182:3:[m[K [01;31m[Kerror: [m[Kâ€˜[01m[KPlannerMap[m[Kâ€™ has not been declared
[3.016s]   182 |   [01;31m[KPlannerMap[m[K::iterator it;
[3.016s]       |   [01;31m[K^~~~~~~~~~[m[K
[3.020s] [01m[K/home/andrea/tesi/ros2_mapf_cbs/project_1/src/my_nav2_planner/src/my_planner_server.cpp:183:8:[m[K [01;31m[Kerror: [m[Kâ€˜[01m[Kit[m[Kâ€™ was not declared in this scope; did you mean â€˜[01m[Kint[m[Kâ€™?
[3.021s]   183 |   for ([01;31m[Kit[m[K = planners_.begin(); it != planners_.end(); ++it) {
[3.021s]       |        [01;31m[K^~[m[K
[3.021s]       |        [32m[Kint[m[K
[3.026s] [01m[K/home/andrea/tesi/ros2_mapf_cbs/project_1/src/my_nav2_planner/src/my_planner_server.cpp:183:13:[m[K [01;31m[Kerror: [m[Kâ€˜[01m[Kplanners_[m[Kâ€™ was not declared in this scope; did you mean â€˜[01m[Kplanner_ids_[m[Kâ€™?
[3.026s]   183 |   for (it = [01;31m[Kplanners_[m[K.begin(); it != planners_.end(); ++it) {
[3.026s]       |             [01;31m[K^~~~~~~~~[m[K
[3.026s]       |             [32m[Kplanner_ids_[m[K
[3.082s] [01m[K/home/andrea/tesi/ros2_mapf_cbs/project_1/src/my_nav2_planner/src/my_planner_server.cpp:[m[K In member function â€˜[01m[Kvirtual nav2_util::CallbackReturn my_nav2_planner::MyPlannerServer::on_deactivate(const rclcpp_lifecycle::State&)[m[Kâ€™:
[3.082s] [01m[K/home/andrea/tesi/ros2_mapf_cbs/project_1/src/my_nav2_planner/src/my_planner_server.cpp:227:3:[m[K [01;31m[Kerror: [m[Kâ€˜[01m[KPlannerMap[m[Kâ€™ has not been declared
[3.082s]   227 |   [01;31m[KPlannerMap[m[K::iterator it;
[3.082s]       |   [01;31m[K^~~~~~~~~~[m[K
[3.088s] [01m[K/home/andrea/tesi/ros2_mapf_cbs/project_1/src/my_nav2_planner/src/my_planner_server.cpp:228:8:[m[K [01;31m[Kerror: [m[Kâ€˜[01m[Kit[m[Kâ€™ was not declared in this scope; did you mean â€˜[01m[Kint[m[Kâ€™?
[3.088s]   228 |   for ([01;31m[Kit[m[K = planners_.begin(); it != planners_.end(); ++it) {
[3.088s]       |        [01;31m[K^~[m[K
[3.088s]       |        [32m[Kint[m[K
[3.094s] [01m[K/home/andrea/tesi/ros2_mapf_cbs/project_1/src/my_nav2_planner/src/my_planner_server.cpp:228:13:[m[K [01;31m[Kerror: [m[Kâ€˜[01m[Kplanners_[m[Kâ€™ was not declared in this scope; did you mean â€˜[01m[Kplanner_ids_[m[Kâ€™?
[3.094s]   228 |   for (it = [01;31m[Kplanners_[m[K.begin(); it != planners_.end(); ++it) {
[3.094s]       |             [01;31m[K^~~~~~~~~[m[K
[3.094s]       |             [32m[Kplanner_ids_[m[K
[3.094s] [01m[K/home/andrea/tesi/ros2_mapf_cbs/project_1/src/my_nav2_planner/src/my_planner_server.cpp:[m[K In member function â€˜[01m[Kvirtual nav2_util::CallbackReturn my_nav2_planner::MyPlannerServer::on_cleanup(const rclcpp_lifecycle::State&)[m[Kâ€™:
[3.095s] [01m[K/home/andrea/tesi/ros2_mapf_cbs/project_1/src/my_nav2_planner/src/my_planner_server.cpp:260:3:[m[K [01;31m[Kerror: [m[Kâ€˜[01m[KPlannerMap[m[Kâ€™ has not been declared
[3.095s]   260 |   [01;31m[KPlannerMap[m[K::iterator it;
[3.095s]       |   [01;31m[K^~~~~~~~~~[m[K
[3.099s] [01m[K/home/andrea/tesi/ros2_mapf_cbs/project_1/src/my_nav2_planner/src/my_planner_server.cpp:261:8:[m[K [01;31m[Kerror: [m[Kâ€˜[01m[Kit[m[Kâ€™ was not declared in this scope; did you mean â€˜[01m[Kint[m[Kâ€™?
[3.099s]   261 |   for ([01;31m[Kit[m[K = planners_.begin(); it != planners_.end(); ++it) {
[3.099s]       |        [01;31m[K^~[m[K
[3.099s]       |        [32m[Kint[m[K
[3.104s] [01m[K/home/andrea/tesi/ros2_mapf_cbs/project_1/src/my_nav2_planner/src/my_planner_server.cpp:261:13:[m[K [01;31m[Kerror: [m[Kâ€˜[01m[Kplanners_[m[Kâ€™ was not declared in this scope; did you mean â€˜[01m[Kplanner_ids_[m[Kâ€™?
[3.104s]   261 |   for (it = [01;31m[Kplanners_[m[K.begin(); it != planners_.end(); ++it) {
[3.104s]       |             [01;31m[K^~~~~~~~~[m[K
[3.104s]       |             [32m[Kplanner_ids_[m[K
[3.110s] [01m[K/home/andrea/tesi/ros2_mapf_cbs/project_1/src/my_nav2_planner/src/my_planner_server.cpp:265:3:[m[K [01;31m[Kerror: [m[Kâ€˜[01m[Kplanners_[m[Kâ€™ was not declared in this scope; did you mean â€˜[01m[Kplanner_ids_[m[Kâ€™?
[3.110s]   265 |   [01;31m[Kplanners_[m[K.clear();
[3.110s]       |   [01;31m[K^~~~~~~~~[m[K
[3.111s]       |   [32m[Kplanner_ids_[m[K
[3.131s] [01m[K/home/andrea/tesi/ros2_mapf_cbs/project_1/src/my_nav2_planner/src/my_planner_server.cpp:[m[K In member function â€˜[01m[Knav_msgs::msg::Path my_nav2_planner::MyPlannerServer::getPlan(const PoseStamped&, const PoseStamped&, std::vector<my_intermediate_interfaces::msg::VertexConstraint_<std::allocator<void> >, std::allocator<my_intermediate_interfaces::msg::VertexConstraint_<std::allocator<void> > > >, std::vector<my_intermediate_interfaces::msg::EdgeConstraint_<std::allocator<void> >, std::allocator<my_intermediate_interfaces::msg::EdgeConstraint_<std::allocator<void> > > >, const string&)[m[Kâ€™:
[3.131s] [01m[K/home/andrea/tesi/ros2_mapf_cbs/project_1/src/my_nav2_planner/src/my_planner_server.cpp:594:7:[m[K [01;31m[Kerror: [m[Kâ€˜[01m[Kplanners_[m[Kâ€™ was not declared in this scope; did you mean â€˜[01m[Kplanner_ids_[m[Kâ€™?
[3.131s]   594 |   if ([01;31m[Kplanners_[m[K.find(planner_id) != planners_.end()) {
[3.131s]       |       [01;31m[K^~~~~~~~~[m[K
[3.131s]       |       [32m[Kplanner_ids_[m[K
[4.969s] cc1plus: all warnings being treated as errors
[5.014s] gmake[2]: *** [CMakeFiles/my_planner_server_core.dir/build.make:76: CMakeFiles/my_planner_server_core.dir/src/my_planner_server.cpp.o] Error 1
[5.014s] gmake[1]: *** [CMakeFiles/Makefile2:139: CMakeFiles/my_planner_server_core.dir/all] Error 2
[5.014s] gmake: *** [Makefile:146: all] Error 2
[5.033s] Invoked command in '/home/andrea/tesi/ros2_mapf_cbs/project_1/build/my_nav2_planner' returned '2': CMAKE_PREFIX_PATH=/home/andrea/tesi/ros2_mapf_cbs/project_1/install/my_intermediate_interfaces:/home/andrea/tesi/ros2_mapf_cbs/project_1/install/turtlebot3_multi_robot:/home/andrea/tesi/ros2_mapf_cbs/project_1/install/nav2_straightline_planner:/home/andrea/tesi/ros2_mapf_cbs/project_1/install/my_nav2_navfn_planner:/home/andrea/tesi/ros2_mapf_cbs/project_1/install/nav2_core:/home/andrea/tesi/ros2_mapf_cbs/project_1/install/my_try_bringup:/home/andrea/tesi/ros2_mapf_cbs/project_1/install/my_nav2_core:/home/andrea/tesi/ros2_mapf_cbs/simple_example/install/my_robot_bringup:/home/andrea/tesi/ros2_mapf_cbs/simple_example/install/my_robot_interfaces:/home/andrea/tesi/ros2_mapf_cbs/project_1/install/my_package:/home/andrea/tesi/ros2_mapf_cbs/project_1/install/my_intermediate:/home/andrea/tesi/ros2_mapf_cbs/simple_example/install/my_py_pkg:/opt/ros/humble LD_LIBRARY_PATH=/home/andrea/tesi/ros2_mapf_cbs/project_1/install/my_intermediate_interfaces/lib:/home/andrea/tesi/ros2_mapf_cbs/project_1/install/nav2_straightline_planner/lib:/home/andrea/tesi/ros2_mapf_cbs/project_1/install/my_nav2_navfn_planner/lib:/home/andrea/tesi/ros2_mapf_cbs/simple_example/install/my_robot_interfaces/lib:/usr/lib/x86_64-linux-gnu/gazebo-11/plugins:/opt/ros/humble/opt/rviz_ogre_vendor/lib:/opt/ros/humble/lib/x86_64-linux-gnu:/opt/ros/humble/lib:/home/andrea/ws_online/build/ros2_bdi_on_litter_world:/home/andrea/ws_online/build/ros2_bdi_on_litter_world /usr/bin/cmake --build /home/andrea/tesi/ros2_mapf_cbs/project_1/build/my_nav2_planner -- -j8 -l8
