[01m[K/home/andrea/tesi/ros2_mapf_cbs/project_1/src/my_nav2_smac_planner/src/smac_planner_2d.cpp:193:21:[m[K [01;31m[Kerror: [m[Kdefault argument given for parameter 3 of â€˜[01m[Knav_msgs::msg::Path my_nav2_smac_planner::MySmacPlanner2D::createPlan(const PoseStamped&, const PoseStamped&, std::vector<my_intermediate_interfaces::msg::VertexConstraint_<std::allocator<void> > >, std::vector<my_intermediate_interfaces::msg::EdgeConstraint_<std::allocator<void> > >)[m[Kâ€™ [[01;31m[K]8;;https://gcc.gnu.org/onlinedocs/gcc/Warning-Options.html#index-fpermissive-fpermissive]8;;[m[K]
  193 | nav_msgs::msg::Path [01;31m[KMySmacPlanner2D[m[K::createPlan(
      |                     [01;31m[K^~~~~~~~~~~~~~~[m[K
In file included from [01m[K/home/andrea/tesi/ros2_mapf_cbs/project_1/src/my_nav2_smac_planner/src/smac_planner_2d.cpp:21[m[K:
[01m[K/home/andrea/tesi/ros2_mapf_cbs/project_1/src/my_nav2_smac_planner/include/my_nav2_smac_planner/smac_planner_2d.hpp:88:23:[m[K [01;36m[Knote: [m[Kprevious specification in â€˜[01m[Kvirtual nav_msgs::msg::Path my_nav2_smac_planner::MySmacPlanner2D::createPlan(const PoseStamped&, const PoseStamped&, std::vector<my_intermediate_interfaces::msg::VertexConstraint_<std::allocator<void> > >, std::vector<my_intermediate_interfaces::msg::EdgeConstraint_<std::allocator<void> > >)[m[Kâ€™ here
   88 |   nav_msgs::msg::Path [01;36m[KcreatePlan[m[K(
      |                       [01;36m[K^~~~~~~~~~[m[K
[01m[K/home/andrea/tesi/ros2_mapf_cbs/project_1/src/my_nav2_smac_planner/src/smac_planner_2d.cpp:193:21:[m[K [01;31m[Kerror: [m[Kdefault argument given for parameter 4 of â€˜[01m[Knav_msgs::msg::Path my_nav2_smac_planner::MySmacPlanner2D::createPlan(const PoseStamped&, const PoseStamped&, std::vector<my_intermediate_interfaces::msg::VertexConstraint_<std::allocator<void> > >, std::vector<my_intermediate_interfaces::msg::EdgeConstraint_<std::allocator<void> > >)[m[Kâ€™ [[01;31m[K]8;;https://gcc.gnu.org/onlinedocs/gcc/Warning-Options.html#index-fpermissive-fpermissive]8;;[m[K]
  193 | nav_msgs::msg::Path [01;31m[KMySmacPlanner2D[m[K::createPlan(
      |                     [01;31m[K^~~~~~~~~~~~~~~[m[K
In file included from [01m[K/home/andrea/tesi/ros2_mapf_cbs/project_1/src/my_nav2_smac_planner/src/smac_planner_2d.cpp:21[m[K:
[01m[K/home/andrea/tesi/ros2_mapf_cbs/project_1/src/my_nav2_smac_planner/include/my_nav2_smac_planner/smac_planner_2d.hpp:88:23:[m[K [01;36m[Knote: [m[Kprevious specification in â€˜[01m[Kvirtual nav_msgs::msg::Path my_nav2_smac_planner::MySmacPlanner2D::createPlan(const PoseStamped&, const PoseStamped&, std::vector<my_intermediate_interfaces::msg::VertexConstraint_<std::allocator<void> > >, std::vector<my_intermediate_interfaces::msg::EdgeConstraint_<std::allocator<void> > >)[m[Kâ€™ here
   88 |   nav_msgs::msg::Path [01;36m[KcreatePlan[m[K(
      |                       [01;36m[K^~~~~~~~~~[m[K
[01m[K/home/andrea/tesi/ros2_mapf_cbs/project_1/src/my_nav2_smac_planner/src/smac_planner_2d.cpp:[m[K In member function â€˜[01m[Kvirtual nav_msgs::msg::Path my_nav2_smac_planner::MySmacPlanner2D::createPlan(const PoseStamped&, const PoseStamped&, std::vector<my_intermediate_interfaces::msg::VertexConstraint_<std::allocator<void> > >, std::vector<my_intermediate_interfaces::msg::EdgeConstraint_<std::allocator<void> > >)[m[Kâ€™:
[01m[K/home/andrea/tesi/ros2_mapf_cbs/project_1/src/my_nav2_smac_planner/src/smac_planner_2d.cpp:203:25:[m[K [01;31m[Kerror: [m[Kpassing â€˜[01m[Kconst std::vector<my_intermediate_interfaces::msg::VertexConstraint_<std::allocator<void> > >[m[Kâ€™ as â€˜[01m[Kthis[m[Kâ€™ argument discards qualifiers [[01;31m[K]8;;https://gcc.gnu.org/onlinedocs/gcc/Warning-Options.html#index-fpermissive-fpermissive]8;;[m[K]
  203 |   vertex_constraints = {[01;31m[K}[m[K
      |                         [01;31m[K^[m[K
In file included from [01m[K/usr/include/c++/11/vector:67[m[K,
                 from [01m[K/home/andrea/tesi/ros2_mapf_cbs/project_1/src/my_nav2_smac_planner/src/smac_planner_2d.cpp:17[m[K:
[01m[K/usr/include/c++/11/bits/stl_vector.h:730:7:[m[K [01;36m[Knote: [m[K  in call to â€˜[01m[Kstd::vector<_Tp, _Alloc>& std::vector<_Tp, _Alloc>::operator=(std::initializer_list<_Tp>) [with _Tp = my_intermediate_interfaces::msg::VertexConstraint_<std::allocator<void> >; _Alloc = std::allocator<my_intermediate_interfaces::msg::VertexConstraint_<std::allocator<void> > >][m[Kâ€™
  730 |       [01;36m[Koperator[m[K=(initializer_list<value_type> __l)
      |       [01;36m[K^~~~~~~~[m[K
[01m[K/home/andrea/tesi/ros2_mapf_cbs/project_1/src/my_nav2_smac_planner/src/smac_planner_2d.cpp:203:26:[m[K [01;31m[Kerror: [m[Kexpected â€˜[01m[K;[m[Kâ€™ before â€˜[01m[Kedge_constraints[m[Kâ€™
  203 |   vertex_constraints = {}
      |                          [01;31m[K^[m[K
      |                          [32m[K;[m[K
  204 |   [32m[Kedge_constraints[m[K = {}
      |   [32m[K~~~~~~~~~~~~~~~~[m[K        
In file included from [01m[K/opt/ros/humble/include/class_loader/class_loader/class_loader_core.hpp:57[m[K,
                 from [01m[K/opt/ros/humble/include/class_loader/class_loader/class_loader.hpp:55[m[K,
                 from [01m[K/opt/ros/humble/include/class_loader/class_loader/multi_library_class_loader.hpp:52[m[K,
                 from [01m[K/opt/ros/humble/include/pluginlib/pluginlib/class_loader.hpp:38[m[K,
                 from [01m[K/opt/ros/humble/include/nav2_costmap_2d/costmap_2d_ros.hpp:54[m[K,
                 from [01m[K/home/andrea/tesi/ros2_mapf_cbs/project_1/src/my_nav2_smac_planner/include/my_nav2_smac_planner/costmap_downsampler.hpp:22[m[K,
                 from [01m[K/home/andrea/tesi/ros2_mapf_cbs/project_1/src/my_nav2_smac_planner/include/my_nav2_smac_planner/node_hybrid.hpp:33[m[K,
                 from [01m[K/home/andrea/tesi/ros2_mapf_cbs/project_1/src/my_nav2_smac_planner/include/my_nav2_smac_planner/node_2d.hpp:30[m[K,
                 from [01m[K/home/andrea/tesi/ros2_mapf_cbs/project_1/src/my_nav2_smac_planner/include/my_nav2_smac_planner/analytic_expansion.hpp:23[m[K,
                 from [01m[K/home/andrea/tesi/ros2_mapf_cbs/project_1/src/my_nav2_smac_planner/include/my_nav2_smac_planner/a_star.hpp:30[m[K,
                 from [01m[K/home/andrea/tesi/ros2_mapf_cbs/project_1/src/my_nav2_smac_planner/include/my_nav2_smac_planner/smac_planner_2d.hpp:23[m[K,
                 from [01m[K/home/andrea/tesi/ros2_mapf_cbs/project_1/src/my_nav2_smac_planner/src/smac_planner_2d.cpp:21[m[K:
/opt/ros/humble/include/class_loader/class_loader/meta_object.hpp: In instantiation of â€˜[01m[KB* class_loader::impl::MetaObject<C, B>::create() const [with C = my_nav2_smac_planner::MySmacPlanner2D; B = nav2_core::GlobalPlanner][m[Kâ€™:
[01m[K/opt/ros/humble/include/class_loader/class_loader/meta_object.hpp:216:7:[m[K   required from here
[01m[K/opt/ros/humble/include/class_loader/class_loader/meta_object.hpp:218:16:[m[K [01;31m[Kerror: [m[Kcannot convert â€˜[01m[Kmy_nav2_smac_planner::MySmacPlanner2D*[m[Kâ€™ to â€˜[01m[Knav2_core::GlobalPlanner*[m[Kâ€™ in return
  218 |     return new [01;31m[KC[m[K;
      |                [01;31m[K^[m[K
gmake[2]: *** [CMakeFiles/my_nav2_smac_planner_2d.dir/build.make:76: CMakeFiles/my_nav2_smac_planner_2d.dir/src/smac_planner_2d.cpp.o] Error 1
gmake[2]: *** Waiting for unfinished jobs....
gmake[1]: *** [CMakeFiles/Makefile2:167: CMakeFiles/my_nav2_smac_planner_2d.dir/all] Error 2
gmake: *** [Makefile:146: all] Error 2
