[01m[K/home/andrea/tesi/ros2_mapf_cbs/project_1/src/my_nav2_navfn_planner/src/navfn.cpp:[m[K In member function â€˜[01m[Kint my_nav2_navfn_planner::NavFn::calcPath(int, std::vector<my_intermediate_interfaces::msg::VertexConstraint_<std::allocator<void> > >, std::vector<my_intermediate_interfaces::msg::EdgeConstraint_<std::allocator<void> > >, int*)[m[Kâ€™:
[01m[K/home/andrea/tesi/ros2_mapf_cbs/project_1/src/my_nav2_navfn_planner/src/navfn.cpp:695:23:[m[K [01;31m[Kerror: [m[Kcomparison of integer expressions of different signedness: â€˜[01m[Kint[m[Kâ€™ and â€˜[01m[Kstd::vector<my_intermediate_interfaces::msg::VertexConstraint_<std::allocator<void> > >::size_type[m[Kâ€™ {aka â€˜[01m[Klong unsigned int[m[Kâ€™} [[01;31m[K]8;;https://gcc.gnu.org/onlinedocs/gcc/Warning-Options.html#index-Wsign-compare-Werror=sign-compare]8;;[m[K]
  695 |     for (int j = 0; [01;31m[Kj < vertex_constraints.size()[m[K; j++){
      |                     [01;31m[K~~^~~~~~~~~~~~~~~~~~~~~~~~~~~[m[K
[01m[K/home/andrea/tesi/ros2_mapf_cbs/project_1/src/my_nav2_navfn_planner/src/navfn.cpp:697:49:[m[K [01;31m[Kerror: [m[Kcannot convert â€˜[01m[Kconst _cell_type[m[Kâ€™ {aka â€˜[01m[Kconst geometry_msgs::msg::PoseStamped_<std::allocator<void> >[m[Kâ€™} to â€˜[01m[Kint[m[Kâ€™ in initialization
  697 |         int cell_number = vertex_constraints[j].cell;
[01m[K/home/andrea/tesi/ros2_mapf_cbs/project_1/src/my_nav2_navfn_planner/src/navfn.cpp:697:13:[m[K [01;31m[Kerror: [m[Kunused variable â€˜[01m[Kcell_number[m[Kâ€™ [[01;31m[K]8;;https://gcc.gnu.org/onlinedocs/gcc/Warning-Options.html#index-Wunused-variable-Werror=unused-variable]8;;[m[K]
  697 |         int [01;31m[Kcell_number[m[K = vertex_constraints[j].cell;
      |             [01;31m[K^~~~~~~~~~~[m[K
[01m[K/home/andrea/tesi/ros2_mapf_cbs/project_1/src/my_nav2_navfn_planner/src/navfn.cpp:659:82:[m[K [01;31m[Kerror: [m[Kunused parameter â€˜[01m[Kedge_constraints[m[Kâ€™ [[01;31m[K]8;;https://gcc.gnu.org/onlinedocs/gcc/Warning-Options.html#index-Wunused-parameter-Werror=unused-parameter]8;;[m[K]
  659 |               [01;31m[Kconst std::vector<my_intermediate_interfaces::msg::EdgeConstraint> edge_constraints[m[K,
      |               [01;31m[K~~~~~~~~~~~~~~~~~~~~~~~~~~~~~~~~~~~~~~~~~~~~~~~~~~~~~~~~~~~~~~~~~~~^~~~~~~~~~~~~~~~[m[K
cc1plus: all warnings being treated as errors
gmake[2]: *** [CMakeFiles/my_nav2_navfn_planner.dir/build.make:90: CMakeFiles/my_nav2_navfn_planner.dir/src/navfn.cpp.o] Error 1
gmake[2]: *** Waiting for unfinished jobs....
[01m[K/home/andrea/tesi/ros2_mapf_cbs/project_1/src/my_nav2_navfn_planner/src/navfn_planner.cpp:[m[K In member function â€˜[01m[Kvirtual nav_msgs::msg::Path my_nav2_navfn_planner::NavfnPlanner::createPlan(const PoseStamped&, const PoseStamped&, std::vector<my_intermediate_interfaces::msg::VertexConstraint_<std::allocator<void> > >, std::vector<my_intermediate_interfaces::msg::EdgeConstraint_<std::allocator<void> > >)[m[Kâ€™:
[01m[K/home/andrea/tesi/ros2_mapf_cbs/project_1/src/my_nav2_navfn_planner/src/navfn_planner.cpp:175:60:[m[K [01;31m[Kerror: [m[Kâ€˜[01m[Kedge_constaints[m[Kâ€™ was not declared in this scope; did you mean â€˜[01m[Kedge_constraints[m[Kâ€™?
  175 |   if (!makePlan(start.pose, goal.pose, vertex_constraints, [01;31m[Kedge_constaints[m[K, tolerance_, path)) {
      |                                                            [01;31m[K^~~~~~~~~~~~~~~[m[K
      |                                                            [32m[Kedge_constraints[m[K
[01m[K/home/andrea/tesi/ros2_mapf_cbs/project_1/src/my_nav2_navfn_planner/src/navfn_planner.cpp:[m[K At global scope:
[01m[K/home/andrea/tesi/ros2_mapf_cbs/project_1/src/my_nav2_navfn_planner/src/navfn_planner.cpp:203:1:[m[K [01;31m[Kerror: [m[Kno declaration matches â€˜[01m[Kbool my_nav2_navfn_planner::NavfnPlanner::makePlan(const Pose&, const Pose&, std::vector<my_intermediate_interfaces::msg::VertexConstraint_<std::allocator<void> > >, std::vector<my_intermediate_interfaces::msg::EdgeConstraint_<std::allocator<void> > >, double, nav_msgs::msg::Path&)[m[Kâ€™
  203 | [01;31m[KNavfnPlanner[m[K::makePlan(
      | [01;31m[K^~~~~~~~~~~~[m[K
In file included from [01m[K/home/andrea/tesi/ros2_mapf_cbs/project_1/src/my_nav2_navfn_planner/src/navfn_planner.cpp:1[m[K:
[01m[K/home/andrea/tesi/ros2_mapf_cbs/project_1/src/my_nav2_navfn_planner/include/my_nav2_navfn_planner/navfn_planner.hpp:104:8:[m[K [01;36m[Knote: [m[Kcandidate is: â€˜[01m[Kbool my_nav2_navfn_planner::NavfnPlanner::makePlan(const Pose&, const Pose&, double, nav_msgs::msg::Path&)[m[Kâ€™
  104 |   bool [01;36m[KmakePlan[m[K(
      |        [01;36m[K^~~~~~~~[m[K
[01m[K/home/andrea/tesi/ros2_mapf_cbs/project_1/src/my_nav2_navfn_planner/include/my_nav2_navfn_planner/navfn_planner.hpp:42:7:[m[K [01;36m[Knote: [m[Kâ€˜[01m[Kclass my_nav2_navfn_planner::NavfnPlanner[m[Kâ€™ defined here
   42 | class [01;36m[KNavfnPlanner[m[K : public my_nav2_core::MultiAgentGlobalPlanner
      |       [01;36m[K^~~~~~~~~~~~[m[K
[01m[K/home/andrea/tesi/ros2_mapf_cbs/project_1/src/my_nav2_navfn_planner/src/navfn_planner.cpp:364:1:[m[K [01;31m[Kerror: [m[Kno declaration matches â€˜[01m[Kbool my_nav2_navfn_planner::NavfnPlanner::getPlanFromPotential(const Pose&, std::vector<my_intermediate_interfaces::msg::VertexConstraint_<std::allocator<void> > >, std::vector<my_intermediate_interfaces::msg::EdgeConstraint_<std::allocator<void> > >, nav_msgs::msg::Path&)[m[Kâ€™
  364 | [01;31m[KNavfnPlanner[m[K::getPlanFromPotential(
      | [01;31m[K^~~~~~~~~~~~[m[K
In file included from [01m[K/home/andrea/tesi/ros2_mapf_cbs/project_1/src/my_nav2_navfn_planner/src/navfn_planner.cpp:1[m[K:
[01m[K/home/andrea/tesi/ros2_mapf_cbs/project_1/src/my_nav2_navfn_planner/include/my_nav2_navfn_planner/navfn_planner.hpp:122:8:[m[K [01;36m[Knote: [m[Kcandidate is: â€˜[01m[Kbool my_nav2_navfn_planner::NavfnPlanner::getPlanFromPotential(const Pose&, nav_msgs::msg::Path&)[m[Kâ€™
  122 |   bool [01;36m[KgetPlanFromPotential[m[K(
      |        [01;36m[K^~~~~~~~~~~~~~~~~~~~[m[K
[01m[K/home/andrea/tesi/ros2_mapf_cbs/project_1/src/my_nav2_navfn_planner/include/my_nav2_navfn_planner/navfn_planner.hpp:42:7:[m[K [01;36m[Knote: [m[Kâ€˜[01m[Kclass my_nav2_navfn_planner::NavfnPlanner[m[Kâ€™ defined here
   42 | class [01;36m[KNavfnPlanner[m[K : public my_nav2_core::MultiAgentGlobalPlanner
      |       [01;36m[K^~~~~~~~~~~~[m[K
gmake[2]: *** [CMakeFiles/my_nav2_navfn_planner.dir/build.make:76: CMakeFiles/my_nav2_navfn_planner.dir/src/navfn_planner.cpp.o] Error 1
gmake[1]: *** [CMakeFiles/Makefile2:137: CMakeFiles/my_nav2_navfn_planner.dir/all] Error 2
gmake: *** [Makefile:146: all] Error 2
