[0.059s] Invoking command in '/home/andrea/tesi/ros2_mapf_cbs/project_1/build/my_intermediate_interfaces': CMAKE_PREFIX_PATH=${CMAKE_PREFIX_PATH}:/home/andrea/tesi/ros2_mapf_cbs/project_1/install/my_package:/home/andrea/tesi/ros2_mapf_cbs/project_1/install/my_intermediate:/home/andrea/tesi/ros2_mapf_cbs/simple_example/install/my_py_pkg:/opt/ros/humble /usr/bin/cmake --build /home/andrea/tesi/ros2_mapf_cbs/project_1/build/my_intermediate_interfaces -- -j8 -l8
[0.078s] -- Found std_srvs: 4.2.3 (/opt/ros/humble/share/std_srvs/cmake)
[0.177s] -- Override CMake install command with custom implementation using symlinks instead of copying resources
[0.197s] -- Found rosidl_generator_c: 3.1.5 (/opt/ros/humble/share/rosidl_generator_c/cmake)
[0.199s] -- Found rosidl_adapter: 3.1.5 (/opt/ros/humble/share/rosidl_adapter/cmake)
[0.203s] -- Found rosidl_generator_cpp: 3.1.5 (/opt/ros/humble/share/rosidl_generator_cpp/cmake)
[0.210s] -- Using all available rosidl_typesupport_c: rosidl_typesupport_fastrtps_c;rosidl_typesupport_introspection_c
[0.221s] -- Using all available rosidl_typesupport_cpp: rosidl_typesupport_fastrtps_cpp;rosidl_typesupport_introspection_cpp
[0.231s] -- Found nav_msgs: 4.2.3 (/opt/ros/humble/share/nav_msgs/cmake)
[0.389s] -- Found nav2_msgs: 1.1.12 (/opt/ros/humble/share/nav2_msgs/cmake)
[0.532s] -- Found rosidl_default_generators: 1.2.0 (/opt/ros/humble/share/rosidl_default_generators/cmake)
[0.685s] [31mCMake Error at /opt/ros/humble/share/rosidl_adapter/cmake/rosidl_adapt_interfaces.cmake:59 (message):
[0.685s]   execute_process(/usr/bin/python3.10 -m rosidl_adapter --package-name
[0.685s]   my_intermediate_interfaces --arguments-file
[0.685s]   /home/andrea/tesi/ros2_mapf_cbs/project_1/build/my_intermediate_interfaces/rosidl_adapter__arguments__my_intermediate_interfaces.json
[0.685s]   --output-dir
[0.686s]   /home/andrea/tesi/ros2_mapf_cbs/project_1/build/my_intermediate_interfaces/rosidl_adapter/my_intermediate_interfaces
[0.686s]   --output-file
[0.686s]   /home/andrea/tesi/ros2_mapf_cbs/project_1/build/my_intermediate_interfaces/rosidl_adapter/my_intermediate_interfaces.idls)
[0.686s]   returned error code 1:
[0.686s] 
[0.686s]   Traceback (most recent call last):
[0.686s] 
[0.686s]     File "/usr/lib/python3.10/runpy.py", line 196, in _run_module_as_main
[0.686s]       return _run_code(code, main_globals, None,
[0.686s]     File "/usr/lib/python3.10/runpy.py", line 86, in _run_code
[0.686s]       exec(code, run_globals)
[0.686s]     File "/opt/ros/humble/local/lib/python3.10/dist-packages/rosidl_adapter/__main__.py", line 19, in <module>
[0.686s]       sys.exit(main())
[0.686s]     File "/opt/ros/humble/local/lib/python3.10/dist-packages/rosidl_adapter/main.py", line 53, in main
[0.686s]       abs_idl_file = convert_to_idl(
[0.686s]     File "/opt/ros/humble/local/lib/python3.10/dist-packages/rosidl_adapter/__init__.py", line 19, in convert_to_idl
[0.686s]       return convert_msg_to_idl(
[0.686s]     File "/opt/ros/humble/local/lib/python3.10/dist-packages/rosidl_adapter/msg/__init__.py", line 28, in convert_msg_to_idl
[0.686s]       msg = parse_message_string(package_name, input_file.stem, content)
[0.686s]     File "/opt/ros/humble/local/lib/python3.10/dist-packages/rosidl_adapter/parser.py", line 544, in parse_message_string
[0.686s]       msg = MessageSpecification(pkg_name, msg_name, fields, constants)
[0.686s]     File "/opt/ros/humble/local/lib/python3.10/dist-packages/rosidl_adapter/parser.py", line 388, in __init__
[0.686s]       self.base_type = BaseType(
[0.686s]     File "/opt/ros/humble/local/lib/python3.10/dist-packages/rosidl_adapter/parser.py", line 205, in __init__
[0.686s]       raise InvalidResourceName(
[0.686s] 
[0.687s]   rosidl_adapter.parser.InvalidResourceName: '3DCoordinates' is an invalid
[0.687s]   message name.  It should have the pattern '^[A-Z][A-Za-z0-9]*$'
[0.687s] 
[0.687s] Call Stack (most recent call first):
[0.687s]   /opt/ros/humble/share/rosidl_cmake/cmake/rosidl_generate_interfaces.cmake:130 (rosidl_adapt_interfaces)
[0.687s]   CMakeLists.txt:16 (rosidl_generate_interfaces)
[0.687s] 
[0.687s] [0m
[0.687s] -- Configuring incomplete, errors occurred!
[0.687s] See also "/home/andrea/tesi/ros2_mapf_cbs/project_1/build/my_intermediate_interfaces/CMakeFiles/CMakeOutput.log".
[0.689s] gmake: *** [Makefile:2259: cmake_check_build_system] Error 1
[0.691s] Invoked command in '/home/andrea/tesi/ros2_mapf_cbs/project_1/build/my_intermediate_interfaces' returned '2': CMAKE_PREFIX_PATH=${CMAKE_PREFIX_PATH}:/home/andrea/tesi/ros2_mapf_cbs/project_1/install/my_package:/home/andrea/tesi/ros2_mapf_cbs/project_1/install/my_intermediate:/home/andrea/tesi/ros2_mapf_cbs/simple_example/install/my_py_pkg:/opt/ros/humble /usr/bin/cmake --build /home/andrea/tesi/ros2_mapf_cbs/project_1/build/my_intermediate_interfaces -- -j8 -l8
