In file included from [01m[K/usr/include/c++/11/bits/locale_conv.h:41[m[K,
                 from [01m[K/usr/include/c++/11/locale:43[m[K,
                 from [01m[K/usr/include/c++/11/iomanip:43[m[K,
                 from [01m[K/home/andrea/tesi/ros2_mapf_cbs/project_1/src/my_nav2_planner/src/my_planner_server.cpp:18[m[K:
/usr/include/c++/11/bits/unique_ptr.h: In instantiation of â€˜[01m[Ktypename std::_MakeUniq<_Tp>::__single_object std::make_unique(_Args&& ...) [with _Tp = nav2_msgs::action::ComputePathToPose; _Args = {std::shared_ptr<nav2_util::LifecycleNode>, const char (&)[36], std::_Bind<void (my_nav2_planner::MyPlannerServer::*(my_nav2_planner::MyPlannerServer*))()>, std::nullptr_t, std::chrono::duration<long int, std::ratio<1, 1000> >, bool}; typename std::_MakeUniq<_Tp>::__single_object = std::unique_ptr<nav2_msgs::action::ComputePathToPose>][m[Kâ€™:
[01m[K/home/andrea/tesi/ros2_mapf_cbs/project_1/src/my_nav2_planner/src/my_planner_server.cpp:150:89:[m[K   required from here
[01m[K/usr/include/c++/11/bits/unique_ptr.h:962:30:[m[K [01;31m[Kerror: [m[Knew initializer expression list treated as compound expression [[01;31m[K]8;;https://gcc.gnu.org/onlinedocs/gcc/Warning-Options.html#index-fpermissive-fpermissive]8;;[m[K]
  962 |     { return unique_ptr<_Tp>([01;31m[Knew _Tp(std::forward<_Args>(__args)...)[m[K); }
      |                              [01;31m[K^~~~~~~~~~~~~~~~~~~~~~~~~~~~~~~~~~~~~~~[m[K
[01m[K/usr/include/c++/11/bits/unique_ptr.h:962:30:[m[K [01;31m[Kerror: [m[Kno matching function for call to â€˜[01m[Knav2_msgs::action::ComputePathToPose::ComputePathToPose(bool)[m[Kâ€™
In file included from [01m[K/opt/ros/humble/include/nav2_msgs/nav2_msgs/action/compute_path_to_pose.hpp:7[m[K,
                 from [01m[K/home/andrea/tesi/ros2_mapf_cbs/project_1/src/my_nav2_planner/include/my_nav2_planner/my_planner_server.hpp:29[m[K,
                 from [01m[K/home/andrea/tesi/ros2_mapf_cbs/project_1/src/my_nav2_planner/src/my_planner_server.cpp:34[m[K:
[01m[K/opt/ros/humble/include/nav2_msgs/nav2_msgs/action/detail/compute_path_to_pose__struct.hpp:1085:8:[m[K [01;36m[Knote: [m[Kcandidate: â€˜[01m[Kconstexpr nav2_msgs::action::ComputePathToPose::ComputePathToPose()[m[Kâ€™
 1085 | struct [01;36m[KComputePathToPose[m[K
      |        [01;36m[K^~~~~~~~~~~~~~~~~[m[K
[01m[K/opt/ros/humble/include/nav2_msgs/nav2_msgs/action/detail/compute_path_to_pose__struct.hpp:1085:8:[m[K [01;36m[Knote: [m[K  candidate expects 0 arguments, 1 provided
[01m[K/opt/ros/humble/include/nav2_msgs/nav2_msgs/action/detail/compute_path_to_pose__struct.hpp:1085:8:[m[K [01;36m[Knote: [m[Kcandidate: â€˜[01m[Kconstexpr nav2_msgs::action::ComputePathToPose::ComputePathToPose(const nav2_msgs::action::ComputePathToPose&)[m[Kâ€™
[01m[K/opt/ros/humble/include/nav2_msgs/nav2_msgs/action/detail/compute_path_to_pose__struct.hpp:1085:8:[m[K [01;36m[Knote: [m[K  no known conversion for argument 1 from â€˜[01m[Kbool[m[Kâ€™ to â€˜[01m[Kconst nav2_msgs::action::ComputePathToPose&[m[Kâ€™
[01m[K/opt/ros/humble/include/nav2_msgs/nav2_msgs/action/detail/compute_path_to_pose__struct.hpp:1085:8:[m[K [01;36m[Knote: [m[Kcandidate: â€˜[01m[Kconstexpr nav2_msgs::action::ComputePathToPose::ComputePathToPose(nav2_msgs::action::ComputePathToPose&&)[m[Kâ€™
[01m[K/opt/ros/humble/include/nav2_msgs/nav2_msgs/action/detail/compute_path_to_pose__struct.hpp:1085:8:[m[K [01;36m[Knote: [m[K  no known conversion for argument 1 from â€˜[01m[Kbool[m[Kâ€™ to â€˜[01m[Knav2_msgs::action::ComputePathToPose&&[m[Kâ€™
gmake[2]: *** [CMakeFiles/my_planner_server_core.dir/build.make:76: CMakeFiles/my_planner_server_core.dir/src/my_planner_server.cpp.o] Error 1
gmake[1]: *** [CMakeFiles/Makefile2:139: CMakeFiles/my_planner_server_core.dir/all] Error 2
gmake: *** [Makefile:146: all] Error 2
