[0.545s] Invoking command in '/home/andrea/tesi/ros2_mapf_cbs/project_1/build/my_intermediate_interfaces': CMAKE_PREFIX_PATH=${CMAKE_PREFIX_PATH}:/home/andrea/tesi/ros2_mapf_cbs/project_1/install/my_package:/home/andrea/tesi/ros2_mapf_cbs/project_1/install/my_intermediate:/home/andrea/tesi/ros2_mapf_cbs/simple_example/install/my_py_pkg:/opt/ros/humble /usr/bin/cmake --build /home/andrea/tesi/ros2_mapf_cbs/project_1/build/my_intermediate_interfaces -- -j8 -l8
[0.898s] -- Found ament_cmake: 1.3.5 (/opt/ros/humble/share/ament_cmake/cmake)
[0.898s] -- Override CMake install command with custom implementation using symlinks instead of copying resources
[0.898s] -- Found rosidl_default_generators: 1.2.0 (/opt/ros/humble/share/rosidl_default_generators/cmake)
[0.898s] -- Using all available rosidl_typesupport_c: rosidl_typesupport_fastrtps_c;rosidl_typesupport_introspection_c
[0.898s] -- Found rosidl_adapter: 3.1.5 (/opt/ros/humble/share/rosidl_adapter/cmake)
[0.898s] -- Using all available rosidl_typesupport_cpp: rosidl_typesupport_fastrtps_cpp;rosidl_typesupport_introspection_cpp
[0.898s] -- Found std_srvs: 4.2.3 (/opt/ros/humble/share/std_srvs/cmake)
[0.898s] -- Found nav_msgs: 4.2.3 (/opt/ros/humble/share/nav_msgs/cmake)
[1.377s] -- Found ament_cmake_ros: 0.10.0 (/opt/ros/humble/share/ament_cmake_ros/cmake)
[1.644s] -- Using all available rosidl_typesupport_c: rosidl_typesupport_fastrtps_c;rosidl_typesupport_introspection_c
[2.004s] -- Using all available rosidl_typesupport_cpp: rosidl_typesupport_fastrtps_cpp;rosidl_typesupport_introspection_cpp
[2.025s] -- Found python_cmake_module: 0.10.0 (/opt/ros/humble/share/python_cmake_module/cmake)
[2.050s] -- Using PYTHON_EXECUTABLE: /usr/bin/python3
[2.050s] -- Using PYTHON_INCLUDE_DIRS: /usr/include/python3.10
[2.050s] -- Using PYTHON_LIBRARIES: /usr/lib/x86_64-linux-gnu/libpython3.10.so
[2.099s] -- Configuring done
[2.133s] -- Generating done
[2.135s] -- Build files have been written to: /home/andrea/tesi/ros2_mapf_cbs/project_1/build/my_intermediate_interfaces
[2.178s] [  6%] Built target my_intermediate_interfaces__cpp
[2.179s] [  6%] [32mBuilding C object CMakeFiles/my_intermediate_interfaces__rosidl_generator_c.dir/rosidl_generator_c/my_intermediate_interfaces/srv/detail/computed_plans__functions.c.o[0m
[2.189s] [  6%] Built target ament_cmake_python_symlink_my_intermediate_interfaces
[2.210s] [  9%] [32mBuilding CXX object CMakeFiles/my_intermediate_interfaces__rosidl_typesupport_cpp.dir/rosidl_typesupport_cpp/my_intermediate_interfaces/srv/computed_plans__type_support.cpp.o[0m
[2.211s] In file included from [01m[K/home/andrea/tesi/ros2_mapf_cbs/project_1/build/my_intermediate_interfaces/rosidl_generator_c/my_intermediate_interfaces/srv/detail/computed_plans__functions.h:19[m[K,
[2.211s]                  from [01m[K/home/andrea/tesi/ros2_mapf_cbs/project_1/build/my_intermediate_interfaces/rosidl_generator_c/my_intermediate_interfaces/srv/detail/computed_plans__functions.c:4[m[K:
[2.211s] [01m[K/home/andrea/tesi/ros2_mapf_cbs/project_1/build/my_intermediate_interfaces/rosidl_generator_c/my_intermediate_interfaces/srv/detail/computed_plans__struct.h:22:10:[m[K [01;31m[Kfatal error: [m[Knav_msgs/msg/detail/patn__struct.h: No such file or directory
[2.211s]    22 | #include [01;31m[K"nav_msgs/msg/detail/patn__struct.h"[m[K
[2.212s]       |          [01;31m[K^~~~~~~~~~~~~~~~~~~~~~~~~~~~~~~~~~~~[m[K
[2.212s] compilation terminated.
[2.214s] gmake[2]: *** [CMakeFiles/my_intermediate_interfaces__rosidl_generator_c.dir/build.make:175: CMakeFiles/my_intermediate_interfaces__rosidl_generator_c.dir/rosidl_generator_c/my_intermediate_interfaces/srv/detail/computed_plans__functions.c.o] Error 1
[2.214s] gmake[1]: *** [CMakeFiles/Makefile2:213: CMakeFiles/my_intermediate_interfaces__rosidl_generator_c.dir/all] Error 2
[2.215s] gmake[1]: *** Waiting for unfinished jobs....
[2.217s] [ 12%] [32mBuilding CXX object CMakeFiles/my_intermediate_interfaces__rosidl_typesupport_fastrtps_cpp.dir/rosidl_typesupport_fastrtps_cpp/my_intermediate_interfaces/srv/detail/dds_fastrtps/computed_plans__type_support.cpp.o[0m
[2.220s] [ 16%] [32mBuilding CXX object CMakeFiles/my_intermediate_interfaces__rosidl_typesupport_introspection_cpp.dir/rosidl_typesupport_introspection_cpp/my_intermediate_interfaces/srv/detail/computed_plans__type_support.cpp.o[0m
[2.284s] In file included from [01m[K/home/andrea/tesi/ros2_mapf_cbs/project_1/build/my_intermediate_interfaces/rosidl_typesupport_cpp/my_intermediate_interfaces/srv/computed_plans__type_support.cpp:7[m[K:
[2.284s] [01m[K/home/andrea/tesi/ros2_mapf_cbs/project_1/build/my_intermediate_interfaces/rosidl_generator_cpp/my_intermediate_interfaces/srv/detail/computed_plans__struct.hpp:20:10:[m[K [01;31m[Kfatal error: [m[Knav_msgs/msg/detail/patn__struct.hpp: No such file or directory
[2.285s]    20 | #include [01;31m[K"nav_msgs/msg/detail/patn__struct.hpp"[m[K
[2.285s]       |          [01;31m[K^~~~~~~~~~~~~~~~~~~~~~~~~~~~~~~~~~~~~~[m[K
[2.285s] compilation terminated.
[2.287s] gmake[2]: *** [CMakeFiles/my_intermediate_interfaces__rosidl_typesupport_cpp.dir/build.make:156: CMakeFiles/my_intermediate_interfaces__rosidl_typesupport_cpp.dir/rosidl_typesupport_cpp/my_intermediate_interfaces/srv/computed_plans__type_support.cpp.o] Error 1
[2.287s] gmake[1]: *** [CMakeFiles/Makefile2:395: CMakeFiles/my_intermediate_interfaces__rosidl_typesupport_cpp.dir/all] Error 2
[2.290s] In file included from [01m[K/home/andrea/tesi/ros2_mapf_cbs/project_1/build/my_intermediate_interfaces/rosidl_typesupport_fastrtps_cpp/my_intermediate_interfaces/srv/detail/computed_plans__rosidl_typesupport_fastrtps_cpp.hpp:11[m[K,
[2.290s]                  from [01m[K/home/andrea/tesi/ros2_mapf_cbs/project_1/build/my_intermediate_interfaces/rosidl_typesupport_fastrtps_cpp/my_intermediate_interfaces/srv/detail/dds_fastrtps/computed_plans__type_support.cpp:4[m[K:
[2.290s] [01m[K/home/andrea/tesi/ros2_mapf_cbs/project_1/build/my_intermediate_interfaces/rosidl_generator_cpp/my_intermediate_interfaces/srv/detail/computed_plans__struct.hpp:20:10:[m[K [01;31m[Kfatal error: [m[Knav_msgs/msg/detail/patn__struct.hpp: No such file or directory
[2.290s]    20 | #include [01;31m[K"nav_msgs/msg/detail/patn__struct.hpp"[m[K
[2.290s]       |          [01;31m[K^~~~~~~~~~~~~~~~~~~~~~~~~~~~~~~~~~~~~~[m[K
[2.290s] compilation terminated.
[2.291s] gmake[2]: *** [CMakeFiles/my_intermediate_interfaces__rosidl_typesupport_fastrtps_cpp.dir/build.make:161: CMakeFiles/my_intermediate_interfaces__rosidl_typesupport_fastrtps_cpp.dir/rosidl_typesupport_fastrtps_cpp/my_intermediate_interfaces/srv/detail/dds_fastrtps/computed_plans__type_support.cpp.o] Error 1
[2.291s] gmake[1]: *** [CMakeFiles/Makefile2:343: CMakeFiles/my_intermediate_interfaces__rosidl_typesupport_fastrtps_cpp.dir/all] Error 2
[2.310s] In file included from [01m[K/home/andrea/tesi/ros2_mapf_cbs/project_1/build/my_intermediate_interfaces/rosidl_typesupport_introspection_cpp/my_intermediate_interfaces/srv/detail/computed_plans__type_support.cpp:12[m[K:
[2.310s] [01m[K/home/andrea/tesi/ros2_mapf_cbs/project_1/build/my_intermediate_interfaces/rosidl_generator_cpp/my_intermediate_interfaces/srv/detail/computed_plans__struct.hpp:20:10:[m[K [01;31m[Kfatal error: [m[Knav_msgs/msg/detail/patn__struct.hpp: No such file or directory
[2.310s]    20 | #include [01;31m[K"nav_msgs/msg/detail/patn__struct.hpp"[m[K
[2.310s]       |          [01;31m[K^~~~~~~~~~~~~~~~~~~~~~~~~~~~~~~~~~~~~~[m[K
[2.310s] compilation terminated.
[2.311s] gmake[2]: *** [CMakeFiles/my_intermediate_interfaces__rosidl_typesupport_introspection_cpp.dir/build.make:161: CMakeFiles/my_intermediate_interfaces__rosidl_typesupport_introspection_cpp.dir/rosidl_typesupport_introspection_cpp/my_intermediate_interfaces/srv/detail/computed_plans__type_support.cpp.o] Error 1
[2.311s] gmake[1]: *** [CMakeFiles/Makefile2:369: CMakeFiles/my_intermediate_interfaces__rosidl_typesupport_introspection_cpp.dir/all] Error 2
[2.455s] running egg_info
[2.456s] writing my_intermediate_interfaces.egg-info/PKG-INFO
[2.456s] writing dependency_links to my_intermediate_interfaces.egg-info/dependency_links.txt
[2.456s] writing top-level names to my_intermediate_interfaces.egg-info/top_level.txt
[2.459s] reading manifest file 'my_intermediate_interfaces.egg-info/SOURCES.txt'
[2.460s] writing manifest file 'my_intermediate_interfaces.egg-info/SOURCES.txt'
[2.494s] [ 16%] Built target ament_cmake_python_build_my_intermediate_interfaces_egg
[2.495s] gmake: *** [Makefile:146: all] Error 2
[2.497s] Invoked command in '/home/andrea/tesi/ros2_mapf_cbs/project_1/build/my_intermediate_interfaces' returned '2': CMAKE_PREFIX_PATH=${CMAKE_PREFIX_PATH}:/home/andrea/tesi/ros2_mapf_cbs/project_1/install/my_package:/home/andrea/tesi/ros2_mapf_cbs/project_1/install/my_intermediate:/home/andrea/tesi/ros2_mapf_cbs/simple_example/install/my_py_pkg:/opt/ros/humble /usr/bin/cmake --build /home/andrea/tesi/ros2_mapf_cbs/project_1/build/my_intermediate_interfaces -- -j8 -l8
