[0.000000] (-) TimerEvent: {}
[0.000217] (-) JobUnselected: {'identifier': 'my_intermediate'}
[0.000249] (-) JobUnselected: {'identifier': 'my_intermediate_interfaces'}
[0.000262] (-) JobUnselected: {'identifier': 'my_nav2_core'}
[0.000274] (-) JobUnselected: {'identifier': 'my_package'}
[0.000286] (-) JobUnselected: {'identifier': 'my_try_bringup'}
[0.000339] (-) JobUnselected: {'identifier': 'nav2_straightline_planner'}
[0.000351] (-) JobUnselected: {'identifier': 'turtlebot3_multi_robot'}
[0.000363] (my_nav2_navfn_planner) JobQueued: {'identifier': 'my_nav2_navfn_planner', 'dependencies': OrderedDict([('my_intermediate_interfaces', '/home/andrea/tesi/ros2_mapf_cbs/project_1/install/my_intermediate_interfaces'), ('my_nav2_core', '/home/andrea/tesi/ros2_mapf_cbs/project_1/install/my_nav2_core')])}
[0.000381] (my_nav2_navfn_planner) JobStarted: {'identifier': 'my_nav2_navfn_planner'}
[0.057687] (my_nav2_navfn_planner) JobProgress: {'identifier': 'my_nav2_navfn_planner', 'progress': 'cmake'}
[0.058191] (my_nav2_navfn_planner) JobProgress: {'identifier': 'my_nav2_navfn_planner', 'progress': 'build'}
[0.058906] (my_nav2_navfn_planner) Command: {'cmd': ['/usr/bin/cmake', '--build', '/home/andrea/tesi/ros2_mapf_cbs/project_1/build/my_nav2_navfn_planner', '--', '-j8', '-l8'], 'cwd': '/home/andrea/tesi/ros2_mapf_cbs/project_1/build/my_nav2_navfn_planner', 'env': OrderedDict([('LESSOPEN', '| /usr/bin/lesspipe %s'), ('USER', 'andrea'), ('LC_TIME', 'it_IT.UTF-8'), ('XDG_SESSION_TYPE', 'wayland'), ('SHLVL', '1'), ('LD_LIBRARY_PATH', '/home/andrea/tesi/ros2_mapf_cbs/project_1/install/my_intermediate_interfaces/lib:/home/andrea/tesi/ros2_mapf_cbs/project_1/install/nav2_straightline_planner/lib:/home/andrea/tesi/ros2_mapf_cbs/project_1/install/my_nav2_navfn_planner/lib:/home/andrea/tesi/ros2_mapf_cbs/simple_example/install/my_robot_interfaces/lib:/usr/lib/x86_64-linux-gnu/gazebo-11/plugins:/opt/ros/humble/opt/rviz_ogre_vendor/lib:/opt/ros/humble/lib/x86_64-linux-gnu:/opt/ros/humble/lib:/home/andrea/ws_online/build/ros2_bdi_on_litter_world'), ('HOME', '/home/andrea'), ('OLDPWD', '/home/andrea/tesi/ros2_mapf_cbs'), ('DESKTOP_SESSION', 'ubuntu'), ('NVM_BIN', '/home/andrea/.nvm/versions/node/v18.15.0/bin'), ('NVM_INC', '/home/andrea/.nvm/versions/node/v18.15.0/include/node'), ('ROS_PYTHON_VERSION', '3'), ('GNOME_SHELL_SESSION_MODE', 'ubuntu'), ('GRADLE_HOME', '/opt/gradle/gradle-4.4.1'), ('GTK_MODULES', 'gail:atk-bridge'), ('LC_MONETARY', 'it_IT.UTF-8'), ('DBUS_STARTER_BUS_TYPE', 'session'), ('SYSTEMD_EXEC_PID', '1743'), ('DBUS_SESSION_BUS_ADDRESS', 'unix:path=/run/user/1000/bus,guid=5960175a28e93afe1d8592bb65363758'), ('COLORTERM', 'truecolor'), ('NVM_DIR', '/home/andrea/.nvm'), ('IM_CONFIG_PHASE', '1'), ('WAYLAND_DISPLAY', 'wayland-0'), ('COLCON_PREFIX_PATH', '/home/andrea/tesi/ros2_mapf_cbs/project_1/install:/home/andrea/tesi/ros2_mapf_cbs/simple_example/install'), ('ROS_DISTRO', 'humble'), ('LOGNAME', 'andrea'), ('_', '/usr/bin/colcon'), ('ROS_VERSION', '2'), ('XDG_SESSION_CLASS', 'user'), ('USERNAME', 'andrea'), ('TERM', 'xterm-256color'), ('GAZEBO_MODEL_PATH', '/home/andrea/tesi/ros2_mapf_cbs/project_1/install/turtlebot3_multi_robot/share/turtlebot3_multi_robot/models:/opt/ros/humble/share/turtlebot3_gazebo/models'), ('GNOME_DESKTOP_SESSION_ID', 'this-is-deprecated'), ('ROS_LOCALHOST_ONLY', '0'), ('PATH', '/home/andrea/.nvm/versions/node/v18.15.0/bin:/opt/ros/humble/bin:/home/andrea/.local/bin:/opt/gradle/gradle-4.4.1/bin:/usr/local/sbin:/usr/local/bin:/usr/sbin:/usr/bin:/sbin:/bin:/usr/games:/usr/local/games:/snap/bin:/snap/bin'), ('SESSION_MANAGER', 'local/andrea-IdeaPad-5-15ITL05:@/tmp/.ICE-unix/1743,unix/andrea-IdeaPad-5-15ITL05:/tmp/.ICE-unix/1743'), ('XDG_MENU_PREFIX', 'gnome-'), ('LC_ADDRESS', 'it_IT.UTF-8'), ('GNOME_TERMINAL_SCREEN', '/org/gnome/Terminal/screen/4a62a706_5843_4327_9e5b_b435b24f0361'), ('GNOME_SETUP_DISPLAY', ':1'), ('XDG_RUNTIME_DIR', '/run/user/1000'), ('DISPLAY', ':0'), ('LANG', 'en_US.UTF-8'), ('XDG_CURRENT_DESKTOP', 'ubuntu:GNOME'), ('LC_TELEPHONE', 'it_IT.UTF-8'), ('RMW_IMPLEMENTATION', 'rmw_cyclonedds_cpp'), ('XMODIFIERS', '@im=ibus'), ('XDG_SESSION_DESKTOP', 'ubuntu'), ('XAUTHORITY', '/run/user/1000/.mutter-Xwaylandauth.AHDFD2'), ('LS_COLORS', 'rs=0:di=01;34:ln=01;36:mh=00:pi=40;33:so=01;35:do=01;35:bd=40;33;01:cd=40;33;01:or=40;31;01:mi=00:su=37;41:sg=30;43:ca=30;41:tw=30;42:ow=34;42:st=37;44:ex=01;32:*.tar=01;31:*.tgz=01;31:*.arc=01;31:*.arj=01;31:*.taz=01;31:*.lha=01;31:*.lz4=01;31:*.lzh=01;31:*.lzma=01;31:*.tlz=01;31:*.txz=01;31:*.tzo=01;31:*.t7z=01;31:*.zip=01;31:*.z=01;31:*.dz=01;31:*.gz=01;31:*.lrz=01;31:*.lz=01;31:*.lzo=01;31:*.xz=01;31:*.zst=01;31:*.tzst=01;31:*.bz2=01;31:*.bz=01;31:*.tbz=01;31:*.tbz2=01;31:*.tz=01;31:*.deb=01;31:*.rpm=01;31:*.jar=01;31:*.war=01;31:*.ear=01;31:*.sar=01;31:*.rar=01;31:*.alz=01;31:*.ace=01;31:*.zoo=01;31:*.cpio=01;31:*.7z=01;31:*.rz=01;31:*.cab=01;31:*.wim=01;31:*.swm=01;31:*.dwm=01;31:*.esd=01;31:*.jpg=01;35:*.jpeg=01;35:*.mjpg=01;35:*.mjpeg=01;35:*.gif=01;35:*.bmp=01;35:*.pbm=01;35:*.pgm=01;35:*.ppm=01;35:*.tga=01;35:*.xbm=01;35:*.xpm=01;35:*.tif=01;35:*.tiff=01;35:*.png=01;35:*.svg=01;35:*.svgz=01;35:*.mng=01;35:*.pcx=01;35:*.mov=01;35:*.mpg=01;35:*.mpeg=01;35:*.m2v=01;35:*.mkv=01;35:*.webm=01;35:*.webp=01;35:*.ogm=01;35:*.mp4=01;35:*.m4v=01;35:*.mp4v=01;35:*.vob=01;35:*.qt=01;35:*.nuv=01;35:*.wmv=01;35:*.asf=01;35:*.rm=01;35:*.rmvb=01;35:*.flc=01;35:*.avi=01;35:*.fli=01;35:*.flv=01;35:*.gl=01;35:*.dl=01;35:*.xcf=01;35:*.xwd=01;35:*.yuv=01;35:*.cgm=01;35:*.emf=01;35:*.ogv=01;35:*.ogx=01;35:*.aac=00;36:*.au=00;36:*.flac=00;36:*.m4a=00;36:*.mid=00;36:*.midi=00;36:*.mka=00;36:*.mp3=00;36:*.mpc=00;36:*.ogg=00;36:*.ra=00;36:*.wav=00;36:*.oga=00;36:*.opus=00;36:*.spx=00;36:*.xspf=00;36:'), ('GNOME_TERMINAL_SERVICE', ':1.921'), ('SSH_AGENT_LAUNCHER', 'gnome-keyring'), ('SSH_AUTH_SOCK', '/run/user/1000/keyring/ssh'), ('AMENT_PREFIX_PATH', '/home/andrea/tesi/ros2_mapf_cbs/project_1/install/my_nav2_core:/home/andrea/tesi/ros2_mapf_cbs/project_1/install/turtlebot3_multi_robot:/home/andrea/tesi/ros2_mapf_cbs/project_1/install/nav2_straightline_planner:/home/andrea/tesi/ros2_mapf_cbs/project_1/install/my_nav2_navfn_planner:/home/andrea/tesi/ros2_mapf_cbs/project_1/install/nav2_core:/home/andrea/tesi/ros2_mapf_cbs/project_1/install/my_try_bringup:/home/andrea/tesi/ros2_mapf_cbs/project_1/install/my_package:/home/andrea/tesi/ros2_mapf_cbs/project_1/install/my_intermediate_interfaces:/home/andrea/tesi/ros2_mapf_cbs/project_1/install/my_intermediate:/home/andrea/tesi/ros2_mapf_cbs/simple_example/install/my_robot_bringup:/home/andrea/tesi/ros2_mapf_cbs/simple_example/install/my_py_pkg:/home/andrea/tesi/ros2_mapf_cbs/simple_example/install/my_robot_interfaces:/opt/ros/humble'), ('SHELL', '/bin/bash'), ('LC_NAME', 'it_IT.UTF-8'), ('QT_ACCESSIBILITY', '1'), ('GDMSESSION', 'ubuntu'), ('LESSCLOSE', '/usr/bin/lesspipe %s %s'), ('LC_MEASUREMENT', 'it_IT.UTF-8'), ('LC_IDENTIFICATION', 'it_IT.UTF-8'), ('QT_IM_MODULE', 'ibus'), ('PWD', '/home/andrea/tesi/ros2_mapf_cbs/project_1/build/my_nav2_navfn_planner'), ('TURTLEBOT3_MODEL', 'waffle'), ('LC_ALL', 'en_US.UTF-8'), ('XDG_CONFIG_DIRS', '/etc/xdg/xdg-ubuntu:/etc/xdg'), ('NVM_CD_FLAGS', ''), ('DBUS_STARTER_ADDRESS', 'unix:path=/run/user/1000/bus,guid=5960175a28e93afe1d8592bb65363758'), ('XDG_DATA_DIRS', '/usr/share/ubuntu:/usr/local/share/:/usr/share/:/var/lib/snapd/desktop'), ('PYTHONPATH', '/home/andrea/tesi/ros2_mapf_cbs/project_1/install/my_package/lib/python3.10/site-packages:/home/andrea/tesi/ros2_mapf_cbs/project_1/install/my_intermediate_interfaces/local/lib/python3.10/dist-packages:/home/andrea/tesi/ros2_mapf_cbs/project_1/install/my_intermediate/lib/python3.10/site-packages:/home/andrea/tesi/ros2_mapf_cbs/simple_example/build/my_py_pkg:/home/andrea/tesi/ros2_mapf_cbs/simple_example/install/my_py_pkg/lib/python3.10/site-packages:/home/andrea/tesi/ros2_mapf_cbs/simple_example/install/my_robot_interfaces/local/lib/python3.10/dist-packages:/opt/ros/humble/lib/python3.10/site-packages:/opt/ros/humble/local/lib/python3.10/dist-packages'), ('LC_NUMERIC', 'it_IT.UTF-8'), ('LC_PAPER', 'it_IT.UTF-8'), ('COLCON', '1'), ('VTE_VERSION', '6800'), ('CMAKE_PREFIX_PATH', '/home/andrea/tesi/ros2_mapf_cbs/project_1/install/my_nav2_core:/home/andrea/tesi/ros2_mapf_cbs/project_1/install/my_intermediate_interfaces:/home/andrea/tesi/ros2_mapf_cbs/project_1/install/turtlebot3_multi_robot:/home/andrea/tesi/ros2_mapf_cbs/project_1/install/nav2_straightline_planner:/home/andrea/tesi/ros2_mapf_cbs/project_1/install/my_nav2_navfn_planner:/home/andrea/tesi/ros2_mapf_cbs/project_1/install/nav2_core:/home/andrea/tesi/ros2_mapf_cbs/project_1/install/my_try_bringup:/home/andrea/tesi/ros2_mapf_cbs/simple_example/install/my_robot_bringup:/home/andrea/tesi/ros2_mapf_cbs/simple_example/install/my_robot_interfaces:/home/andrea/tesi/ros2_mapf_cbs/project_1/install/my_package:/home/andrea/tesi/ros2_mapf_cbs/project_1/install/my_intermediate:/home/andrea/tesi/ros2_mapf_cbs/simple_example/install/my_py_pkg:/opt/ros/humble')]), 'shell': False}
[0.091899] (my_nav2_navfn_planner) StdoutLine: {'line': b'\x1b[35m\x1b[1mConsolidate compiler generated dependencies of target my_nav2_navfn_planner\x1b[0m\n'}
[0.099440] (-) TimerEvent: {}
[0.110754] (my_nav2_navfn_planner) StdoutLine: {'line': b'[ 33%] \x1b[32mBuilding CXX object CMakeFiles/my_nav2_navfn_planner.dir/src/navfn_planner.cpp.o\x1b[0m\n'}
[0.199627] (-) TimerEvent: {}
[0.300003] (-) TimerEvent: {}
[0.400344] (-) TimerEvent: {}
[0.500700] (-) TimerEvent: {}
[0.601060] (-) TimerEvent: {}
[0.701456] (-) TimerEvent: {}
[0.801737] (-) TimerEvent: {}
[0.902029] (-) TimerEvent: {}
[1.002316] (-) TimerEvent: {}
[1.102634] (-) TimerEvent: {}
[1.202996] (-) TimerEvent: {}
[1.303359] (-) TimerEvent: {}
[1.403721] (-) TimerEvent: {}
[1.504086] (-) TimerEvent: {}
[1.604444] (-) TimerEvent: {}
[1.704819] (-) TimerEvent: {}
[1.805186] (-) TimerEvent: {}
[1.905552] (-) TimerEvent: {}
[2.005821] (-) TimerEvent: {}
[2.106124] (-) TimerEvent: {}
[2.206427] (-) TimerEvent: {}
[2.306749] (-) TimerEvent: {}
[2.314914] (my_nav2_navfn_planner) StderrLine: {'line': b'\x1b[01m\x1b[K/home/andrea/tesi/ros2_mapf_cbs/project_1/src/my_nav2_navfn_planner/src/navfn_planner.cpp:\x1b[m\x1b[K In member function \xe2\x80\x98\x1b[01m\x1b[Kbool my_nav2_navfn_planner::NavfnPlanner::getPlanFromPotential(const Pose&, std::vector<my_intermediate_interfaces::msg::VertexConstraint_<std::allocator<void> > >, std::vector<my_intermediate_interfaces::msg::EdgeConstraint_<std::allocator<void> > >, nav_msgs::msg::Path&)\x1b[m\x1b[K\xe2\x80\x99:\n'}
[2.315093] (my_nav2_navfn_planner) StderrLine: {'line': b'\x1b[01m\x1b[K/home/andrea/tesi/ros2_mapf_cbs/project_1/src/my_nav2_navfn_planner/src/navfn_planner.cpp:399:75:\x1b[m\x1b[K \x1b[01;31m\x1b[Kerror: \x1b[m\x1b[Kexpected \xe2\x80\x98\x1b[01m\x1b[K}\x1b[m\x1b[K\xe2\x80\x99 before \xe2\x80\x98\x1b[01m\x1b[K{\x1b[m\x1b[K\xe2\x80\x99 token\n'}
[2.315143] (my_nav2_navfn_planner) StderrLine: {'line': b'  399 |     std::map<std::string, int> object = \x1b[32m\x1b[K{\x1b[m\x1b[K{"cell_from", 1}, {"cell_to", 2} \x1b[01;31m\x1b[K{\x1b[m\x1b[K"time_step", edge_constraints[j].time_step}};\n'}
[2.315186] (my_nav2_navfn_planner) StderrLine: {'line': b'      |                                         \x1b[32m\x1b[K~\x1b[m\x1b[K                                 \x1b[01;31m\x1b[K^\x1b[m\x1b[K\n'}
[2.316588] (my_nav2_navfn_planner) StderrLine: {'line': b'\x1b[01m\x1b[K/home/andrea/tesi/ros2_mapf_cbs/project_1/src/my_nav2_navfn_planner/src/navfn_planner.cpp:399:75:\x1b[m\x1b[K \x1b[01;31m\x1b[Kerror: \x1b[m\x1b[Kexpected \xe2\x80\x98\x1b[01m\x1b[K,\x1b[m\x1b[K\xe2\x80\x99 or \xe2\x80\x98\x1b[01m\x1b[K;\x1b[m\x1b[K\xe2\x80\x99 before \xe2\x80\x98\x1b[01m\x1b[K{\x1b[m\x1b[K\xe2\x80\x99 token\n'}
[2.321808] (my_nav2_navfn_planner) StderrLine: {'line': b'\x1b[01m\x1b[K/home/andrea/tesi/ros2_mapf_cbs/project_1/src/my_nav2_navfn_planner/src/navfn_planner.cpp:400:27:\x1b[m\x1b[K \x1b[01;31m\x1b[Kerror: \x1b[m\x1b[K\xe2\x80\x98\x1b[01m\x1b[Kobject\x1b[m\x1b[K\xe2\x80\x99 was not declared in this scope\n'}
[2.321955] (my_nav2_navfn_planner) StderrLine: {'line': b'  400 |     edge_constr.push_back(\x1b[01;31m\x1b[Kobject\x1b[m\x1b[K);\n'}
[2.322007] (my_nav2_navfn_planner) StderrLine: {'line': b'      |                           \x1b[01;31m\x1b[K^~~~~~\x1b[m\x1b[K\n'}
[2.322064] (my_nav2_navfn_planner) StderrLine: {'line': b'\x1b[01m\x1b[K/home/andrea/tesi/ros2_mapf_cbs/project_1/src/my_nav2_navfn_planner/src/navfn_planner.cpp:387:15:\x1b[m\x1b[K \x1b[01;31m\x1b[Kerror: \x1b[m\x1b[Kunused variable \xe2\x80\x98\x1b[01m\x1b[Kmax_cycles\x1b[m\x1b[K\xe2\x80\x99 [\x1b[01;31m\x1b[K\x1b]8;;https://gcc.gnu.org/onlinedocs/gcc/Warning-Options.html#index-Wunused-variable\x07-Werror=unused-variable\x1b]8;;\x07\x1b[m\x1b[K]\n'}
[2.322110] (my_nav2_navfn_planner) StderrLine: {'line': b'  387 |   const int & \x1b[01;31m\x1b[Kmax_cycles\x1b[m\x1b[K = (costmap_->getSizeInCellsX() >= costmap_->getSizeInCellsY()) ?\n'}
[2.322153] (my_nav2_navfn_planner) StderrLine: {'line': b'      |               \x1b[01;31m\x1b[K^~~~~~~~~~\x1b[m\x1b[K\n'}
[2.322197] (my_nav2_navfn_planner) StderrLine: {'line': b'\x1b[01m\x1b[K/home/andrea/tesi/ros2_mapf_cbs/project_1/src/my_nav2_navfn_planner/src/navfn_planner.cpp:401:3:\x1b[m\x1b[K \x1b[01;31m\x1b[Kerror: \x1b[m\x1b[Kno return statement in function returning non-void [\x1b[01;31m\x1b[K\x1b]8;;https://gcc.gnu.org/onlinedocs/gcc/Warning-Options.html#index-Wreturn-type\x07-Werror=return-type\x1b]8;;\x07\x1b[m\x1b[K]\n'}
[2.322246] (my_nav2_navfn_planner) StderrLine: {'line': b'  401 |   \x1b[01;31m\x1b[K}\x1b[m\x1b[K\n'}
[2.322289] (my_nav2_navfn_planner) StderrLine: {'line': b'      |   \x1b[01;31m\x1b[K^\x1b[m\x1b[K\n'}
[2.325434] (my_nav2_navfn_planner) StderrLine: {'line': b'\x1b[01m\x1b[K/home/andrea/tesi/ros2_mapf_cbs/project_1/src/my_nav2_navfn_planner/src/navfn_planner.cpp:\x1b[m\x1b[K At global scope:\n'}
[2.325572] (my_nav2_navfn_planner) StderrLine: {'line': b'\x1b[01m\x1b[K/home/andrea/tesi/ros2_mapf_cbs/project_1/src/my_nav2_navfn_planner/src/navfn_planner.cpp:403:18:\x1b[m\x1b[K \x1b[01;31m\x1b[Kerror: \x1b[m\x1b[K\xe2\x80\x98\x1b[01m\x1b[Kplanner_\x1b[m\x1b[K\xe2\x80\x99 was not declared in this scope\n'}
[2.325624] (my_nav2_navfn_planner) StderrLine: {'line': b'  403 |   int path_len = \x1b[01;31m\x1b[Kplanner_\x1b[m\x1b[K->calcPath(max_cycles, vertex_constraints, edge_constraints);\n'}
[2.325665] (my_nav2_navfn_planner) StderrLine: {'line': b'      |                  \x1b[01;31m\x1b[K^~~~~~~~\x1b[m\x1b[K\n'}
[2.328868] (my_nav2_navfn_planner) StderrLine: {'line': b'\x1b[01m\x1b[K/home/andrea/tesi/ros2_mapf_cbs/project_1/src/my_nav2_navfn_planner/src/navfn_planner.cpp:403:37:\x1b[m\x1b[K \x1b[01;31m\x1b[Kerror: \x1b[m\x1b[K\xe2\x80\x98\x1b[01m\x1b[Kmax_cycles\x1b[m\x1b[K\xe2\x80\x99 was not declared in this scope\n'}
[2.328995] (my_nav2_navfn_planner) StderrLine: {'line': b'  403 |   int path_len = planner_->calcPath(\x1b[01;31m\x1b[Kmax_cycles\x1b[m\x1b[K, vertex_constraints, edge_constraints);\n'}
[2.329044] (my_nav2_navfn_planner) StderrLine: {'line': b'      |                                     \x1b[01;31m\x1b[K^~~~~~~~~~\x1b[m\x1b[K\n'}
[2.334210] (my_nav2_navfn_planner) StderrLine: {'line': b'\x1b[01m\x1b[K/home/andrea/tesi/ros2_mapf_cbs/project_1/src/my_nav2_navfn_planner/src/navfn_planner.cpp:403:49:\x1b[m\x1b[K \x1b[01;31m\x1b[Kerror: \x1b[m\x1b[K\xe2\x80\x98\x1b[01m\x1b[Kvertex_constraints\x1b[m\x1b[K\xe2\x80\x99 was not declared in this scope\n'}
[2.334515] (my_nav2_navfn_planner) StderrLine: {'line': b'  403 |   int path_len = planner_->calcPath(max_cycles, \x1b[01;31m\x1b[Kvertex_constraints\x1b[m\x1b[K, edge_constraints);\n'}
[2.334598] (my_nav2_navfn_planner) StderrLine: {'line': b'      |                                                 \x1b[01;31m\x1b[K^~~~~~~~~~~~~~~~~~\x1b[m\x1b[K\n'}
[2.340406] (my_nav2_navfn_planner) StderrLine: {'line': b'\x1b[01m\x1b[K/home/andrea/tesi/ros2_mapf_cbs/project_1/src/my_nav2_navfn_planner/src/navfn_planner.cpp:403:69:\x1b[m\x1b[K \x1b[01;31m\x1b[Kerror: \x1b[m\x1b[K\xe2\x80\x98\x1b[01m\x1b[Kedge_constraints\x1b[m\x1b[K\xe2\x80\x99 was not declared in this scope\n'}
[2.340576] (my_nav2_navfn_planner) StderrLine: {'line': b'  403 |   int path_len = planner_->calcPath(max_cycles, vertex_constraints, \x1b[01;31m\x1b[Kedge_constraints\x1b[m\x1b[K);\n'}
[2.340636] (my_nav2_navfn_planner) StderrLine: {'line': b'      |                                                                     \x1b[01;31m\x1b[K^~~~~~~~~~~~~~~~\x1b[m\x1b[K\n'}
[2.340683] (my_nav2_navfn_planner) StderrLine: {'line': b'\x1b[01m\x1b[K/home/andrea/tesi/ros2_mapf_cbs/project_1/src/my_nav2_navfn_planner/src/navfn_planner.cpp:404:3:\x1b[m\x1b[K \x1b[01;31m\x1b[Kerror: \x1b[m\x1b[Kexpected unqualified-id before \xe2\x80\x98\x1b[01m\x1b[Kif\x1b[m\x1b[K\xe2\x80\x99\n'}
[2.340729] (my_nav2_navfn_planner) StderrLine: {'line': b'  404 |   \x1b[01;31m\x1b[Kif\x1b[m\x1b[K (path_len == 0) {\n'}
[2.340768] (my_nav2_navfn_planner) StderrLine: {'line': b'      |   \x1b[01;31m\x1b[K^~\x1b[m\x1b[K\n'}
[2.344126] (my_nav2_navfn_planner) StderrLine: {'line': b'\x1b[01m\x1b[K/home/andrea/tesi/ros2_mapf_cbs/project_1/src/my_nav2_navfn_planner/src/navfn_planner.cpp:408:15:\x1b[m\x1b[K \x1b[01;31m\x1b[Kerror: \x1b[m\x1b[K\xe2\x80\x98\x1b[01m\x1b[Kplanner_\x1b[m\x1b[K\xe2\x80\x99 was not declared in this scope\n'}
[2.344257] (my_nav2_navfn_planner) StderrLine: {'line': b'  408 |   auto cost = \x1b[01;31m\x1b[Kplanner_\x1b[m\x1b[K->getLastPathCost();\n'}
[2.344304] (my_nav2_navfn_planner) StderrLine: {'line': b'      |               \x1b[01;31m\x1b[K^~~~~~~~\x1b[m\x1b[K\n'}
[2.344346] (my_nav2_navfn_planner) StderrLine: {'line': b'In file included from \x1b[01m\x1b[K/opt/ros/humble/include/rclcpp/rclcpp/client.hpp:40\x1b[m\x1b[K,\n'}
[2.344386] (my_nav2_navfn_planner) StderrLine: {'line': b'                 from \x1b[01m\x1b[K/opt/ros/humble/include/rclcpp/rclcpp/callback_group.hpp:24\x1b[m\x1b[K,\n'}
[2.344425] (my_nav2_navfn_planner) StderrLine: {'line': b'                 from \x1b[01m\x1b[K/opt/ros/humble/include/rclcpp/rclcpp/any_executable.hpp:20\x1b[m\x1b[K,\n'}
[2.344462] (my_nav2_navfn_planner) StderrLine: {'line': b'                 from \x1b[01m\x1b[K/opt/ros/humble/include/rclcpp/rclcpp/memory_strategy.hpp:25\x1b[m\x1b[K,\n'}
[2.344500] (my_nav2_navfn_planner) StderrLine: {'line': b'                 from \x1b[01m\x1b[K/opt/ros/humble/include/rclcpp/rclcpp/memory_strategies.hpp:18\x1b[m\x1b[K,\n'}
[2.344537] (my_nav2_navfn_planner) StderrLine: {'line': b'                 from \x1b[01m\x1b[K/opt/ros/humble/include/rclcpp/rclcpp/executor_options.hpp:20\x1b[m\x1b[K,\n'}
[2.344574] (my_nav2_navfn_planner) StderrLine: {'line': b'                 from \x1b[01m\x1b[K/opt/ros/humble/include/rclcpp/rclcpp/executor.hpp:37\x1b[m\x1b[K,\n'}
[2.344610] (my_nav2_navfn_planner) StderrLine: {'line': b'                 from \x1b[01m\x1b[K/opt/ros/humble/include/rclcpp/rclcpp/executors/multi_threaded_executor.hpp:25\x1b[m\x1b[K,\n'}
[2.344647] (my_nav2_navfn_planner) StderrLine: {'line': b'                 from \x1b[01m\x1b[K/opt/ros/humble/include/rclcpp/rclcpp/executors.hpp:21\x1b[m\x1b[K,\n'}
[2.344684] (my_nav2_navfn_planner) StderrLine: {'line': b'                 from \x1b[01m\x1b[K/opt/ros/humble/include/rclcpp/rclcpp/rclcpp.hpp:155\x1b[m\x1b[K,\n'}
[2.344720] (my_nav2_navfn_planner) StderrLine: {'line': b'                 from \x1b[01m\x1b[K/home/andrea/tesi/ros2_mapf_cbs/project_1/install/my_nav2_core/include/my_nav2_core/multi_agent_global_planner.hpp:20\x1b[m\x1b[K,\n'}
[2.344757] (my_nav2_navfn_planner) StderrLine: {'line': b'                 from \x1b[01m\x1b[K/home/andrea/tesi/ros2_mapf_cbs/project_1/src/my_nav2_navfn_planner/include/my_nav2_navfn_planner/navfn_planner.hpp:29\x1b[m\x1b[K,\n'}
[2.344794] (my_nav2_navfn_planner) StderrLine: {'line': b'                 from \x1b[01m\x1b[K/home/andrea/tesi/ros2_mapf_cbs/project_1/src/my_nav2_navfn_planner/src/navfn_planner.cpp:1\x1b[m\x1b[K:\n'}
[2.344840] (my_nav2_navfn_planner) StderrLine: {'line': b'\x1b[01m\x1b[K/home/andrea/tesi/ros2_mapf_cbs/project_1/src/my_nav2_navfn_planner/src/navfn_planner.cpp:409:3:\x1b[m\x1b[K \x1b[01;31m\x1b[Kerror: \x1b[m\x1b[Kexpected unqualified-id before \xe2\x80\x98\x1b[01m\x1b[Kdo\x1b[m\x1b[K\xe2\x80\x99\n'}
[2.344880] (my_nav2_navfn_planner) StderrLine: {'line': b'  409 |   \x1b[01;31m\x1b[KRCLCPP_DEBUG\x1b[m\x1b[K(\n'}
[2.344919] (my_nav2_navfn_planner) StderrLine: {'line': b'      |   \x1b[01;31m\x1b[K^~~~~~~~~~~~\x1b[m\x1b[K\n'}
[2.344956] (my_nav2_navfn_planner) StderrLine: {'line': b'\x1b[01m\x1b[K/home/andrea/tesi/ros2_mapf_cbs/project_1/src/my_nav2_navfn_planner/src/navfn_planner.cpp:409:3:\x1b[m\x1b[K \x1b[01;31m\x1b[Kerror: \x1b[m\x1b[Kexpected unqualified-id before \xe2\x80\x98\x1b[01m\x1b[Kwhile\x1b[m\x1b[K\xe2\x80\x99\n'}
[2.344993] (my_nav2_navfn_planner) StderrLine: {'line': b'  409 |   \x1b[01;31m\x1b[KRCLCPP_DEBUG\x1b[m\x1b[K(\n'}
[2.345029] (my_nav2_navfn_planner) StderrLine: {'line': b'      |   \x1b[01;31m\x1b[K^~~~~~~~~~~~\x1b[m\x1b[K\n'}
[2.347427] (my_nav2_navfn_planner) StderrLine: {'line': b'\x1b[01m\x1b[K/home/andrea/tesi/ros2_mapf_cbs/project_1/src/my_nav2_navfn_planner/src/navfn_planner.cpp:414:15:\x1b[m\x1b[K \x1b[01;31m\x1b[Kerror: \x1b[m\x1b[K\xe2\x80\x98\x1b[01m\x1b[Kplanner_\x1b[m\x1b[K\xe2\x80\x99 was not declared in this scope\n'}
[2.347532] (my_nav2_navfn_planner) StderrLine: {'line': b'  414 |   float * x = \x1b[01;31m\x1b[Kplanner_\x1b[m\x1b[K->getPathX();\n'}
[2.347576] (my_nav2_navfn_planner) StderrLine: {'line': b'      |               \x1b[01;31m\x1b[K^~~~~~~~\x1b[m\x1b[K\n'}
[2.350562] (my_nav2_navfn_planner) StderrLine: {'line': b'\x1b[01m\x1b[K/home/andrea/tesi/ros2_mapf_cbs/project_1/src/my_nav2_navfn_planner/src/navfn_planner.cpp:415:15:\x1b[m\x1b[K \x1b[01;31m\x1b[Kerror: \x1b[m\x1b[K\xe2\x80\x98\x1b[01m\x1b[Kplanner_\x1b[m\x1b[K\xe2\x80\x99 was not declared in this scope\n'}
[2.350739] (my_nav2_navfn_planner) StderrLine: {'line': b'  415 |   float * y = \x1b[01;31m\x1b[Kplanner_\x1b[m\x1b[K->getPathY();\n'}
[2.350824] (my_nav2_navfn_planner) StderrLine: {'line': b'      |               \x1b[01;31m\x1b[K^~~~~~~~\x1b[m\x1b[K\n'}
[2.354595] (my_nav2_navfn_planner) StderrLine: {'line': b'\x1b[01m\x1b[K/home/andrea/tesi/ros2_mapf_cbs/project_1/src/my_nav2_navfn_planner/src/navfn_planner.cpp:416:13:\x1b[m\x1b[K \x1b[01;31m\x1b[Kerror: \x1b[m\x1b[K\xe2\x80\x98\x1b[01m\x1b[Kplanner_\x1b[m\x1b[K\xe2\x80\x99 was not declared in this scope\n'}
[2.354755] (my_nav2_navfn_planner) StderrLine: {'line': b'  416 |   int len = \x1b[01;31m\x1b[Kplanner_\x1b[m\x1b[K->getPathLen();\n'}
[2.354814] (my_nav2_navfn_planner) StderrLine: {'line': b'      |             \x1b[01;31m\x1b[K^~~~~~~~\x1b[m\x1b[K\n'}
[2.354866] (my_nav2_navfn_planner) StderrLine: {'line': b'\x1b[01m\x1b[K/home/andrea/tesi/ros2_mapf_cbs/project_1/src/my_nav2_navfn_planner/src/navfn_planner.cpp:418:3:\x1b[m\x1b[K \x1b[01;31m\x1b[Kerror: \x1b[m\x1b[Kexpected unqualified-id before \xe2\x80\x98\x1b[01m\x1b[Kfor\x1b[m\x1b[K\xe2\x80\x99\n'}
[2.354918] (my_nav2_navfn_planner) StderrLine: {'line': b'  418 |   \x1b[01;31m\x1b[Kfor\x1b[m\x1b[K (int i = len - 1; i >= 0; --i) {\n'}
[2.354968] (my_nav2_navfn_planner) StderrLine: {'line': b'      |   \x1b[01;31m\x1b[K^~~\x1b[m\x1b[K\n'}
[2.355526] (my_nav2_navfn_planner) StderrLine: {'line': b'\x1b[01m\x1b[K/home/andrea/tesi/ros2_mapf_cbs/project_1/src/my_nav2_navfn_planner/src/navfn_planner.cpp:418:25:\x1b[m\x1b[K \x1b[01;31m\x1b[Kerror: \x1b[m\x1b[K\xe2\x80\x98\x1b[01m\x1b[Ki\x1b[m\x1b[K\xe2\x80\x99 does not name a type\n'}
[2.355679] (my_nav2_navfn_planner) StderrLine: {'line': b'  418 |   for (int i = len - 1; \x1b[01;31m\x1b[Ki\x1b[m\x1b[K >= 0; --i) {\n'}
[2.355761] (my_nav2_navfn_planner) StderrLine: {'line': b'      |                         \x1b[01;31m\x1b[K^\x1b[m\x1b[K\n'}
[2.355858] (my_nav2_navfn_planner) StderrLine: {'line': b'\x1b[01m\x1b[K/home/andrea/tesi/ros2_mapf_cbs/project_1/src/my_nav2_navfn_planner/src/navfn_planner.cpp:418:33:\x1b[m\x1b[K \x1b[01;31m\x1b[Kerror: \x1b[m\x1b[Kexpected unqualified-id before \xe2\x80\x98\x1b[01m\x1b[K--\x1b[m\x1b[K\xe2\x80\x99 token\n'}
[2.355942] (my_nav2_navfn_planner) StderrLine: {'line': b'  418 |   for (int i = len - 1; i >= 0; \x1b[01;31m\x1b[K--\x1b[m\x1b[Ki) {\n'}
[2.356007] (my_nav2_navfn_planner) StderrLine: {'line': b'      |                                 \x1b[01;31m\x1b[K^~\x1b[m\x1b[K\n'}
[2.356075] (my_nav2_navfn_planner) StderrLine: {'line': b'\x1b[01m\x1b[K/home/andrea/tesi/ros2_mapf_cbs/project_1/src/my_nav2_navfn_planner/src/navfn_planner.cpp:434:3:\x1b[m\x1b[K \x1b[01;31m\x1b[Kerror: \x1b[m\x1b[Kexpected unqualified-id before \xe2\x80\x98\x1b[01m\x1b[Kreturn\x1b[m\x1b[K\xe2\x80\x99\n'}
[2.356150] (my_nav2_navfn_planner) StderrLine: {'line': b'  434 |   \x1b[01;31m\x1b[Kreturn\x1b[m\x1b[K !plan.poses.empty();\n'}
[2.356207] (my_nav2_navfn_planner) StderrLine: {'line': b'      |   \x1b[01;31m\x1b[K^~~~~~\x1b[m\x1b[K\n'}
[2.356261] (my_nav2_navfn_planner) StderrLine: {'line': b'\x1b[01m\x1b[K/home/andrea/tesi/ros2_mapf_cbs/project_1/src/my_nav2_navfn_planner/src/navfn_planner.cpp:438:1:\x1b[m\x1b[K \x1b[01;31m\x1b[Kerror: \x1b[m\x1b[K\xe2\x80\x98\x1b[01m\x1b[KNavfnPlanner\x1b[m\x1b[K\xe2\x80\x99 has not been declared\n'}
[2.356317] (my_nav2_navfn_planner) StderrLine: {'line': b'  438 | \x1b[01;31m\x1b[KNavfnPlanner\x1b[m\x1b[K::getPointPotential(const geometry_msgs::msg::Point & world_point)\n'}
[2.356374] (my_nav2_navfn_planner) StderrLine: {'line': b'      | \x1b[01;31m\x1b[K^~~~~~~~~~~~\x1b[m\x1b[K\n'}
[2.359149] (my_nav2_navfn_planner) StderrLine: {'line': b'\x1b[01m\x1b[K/home/andrea/tesi/ros2_mapf_cbs/project_1/src/my_nav2_navfn_planner/src/navfn_planner.cpp:\x1b[m\x1b[K In function \xe2\x80\x98\x1b[01m\x1b[Kdouble getPointPotential(const Point&)\x1b[m\x1b[K\xe2\x80\x99:\n'}
[2.359309] (my_nav2_navfn_planner) StderrLine: {'line': b'\x1b[01m\x1b[K/home/andrea/tesi/ros2_mapf_cbs/project_1/src/my_nav2_navfn_planner/src/navfn_planner.cpp:441:8:\x1b[m\x1b[K \x1b[01;31m\x1b[Kerror: \x1b[m\x1b[K\xe2\x80\x98\x1b[01m\x1b[KworldToMap\x1b[m\x1b[K\xe2\x80\x99 was not declared in this scope\n'}
[2.359382] (my_nav2_navfn_planner) StderrLine: {'line': b'  441 |   if (!\x1b[01;31m\x1b[KworldToMap\x1b[m\x1b[K(world_point.x, world_point.y, mx, my)) {\n'}
[2.359452] (my_nav2_navfn_planner) StderrLine: {'line': b'      |        \x1b[01;31m\x1b[K^~~~~~~~~~\x1b[m\x1b[K\n'}
[2.362326] (my_nav2_navfn_planner) StderrLine: {'line': b'\x1b[01m\x1b[K/home/andrea/tesi/ros2_mapf_cbs/project_1/src/my_nav2_navfn_planner/src/navfn_planner.cpp:445:29:\x1b[m\x1b[K \x1b[01;31m\x1b[Kerror: \x1b[m\x1b[K\xe2\x80\x98\x1b[01m\x1b[Kplanner_\x1b[m\x1b[K\xe2\x80\x99 was not declared in this scope\n'}
[2.362484] (my_nav2_navfn_planner) StderrLine: {'line': b'  445 |   unsigned int index = my * \x1b[01;31m\x1b[Kplanner_\x1b[m\x1b[K->nx + mx;\n'}
[2.362574] (my_nav2_navfn_planner) StderrLine: {'line': b'      |                             \x1b[01;31m\x1b[K^~~~~~~~\x1b[m\x1b[K\n'}
[2.362636] (my_nav2_navfn_planner) StderrLine: {'line': b'\x1b[01m\x1b[K/home/andrea/tesi/ros2_mapf_cbs/project_1/src/my_nav2_navfn_planner/src/navfn_planner.cpp:\x1b[m\x1b[K At global scope:\n'}
[2.362696] (my_nav2_navfn_planner) StderrLine: {'line': b'\x1b[01m\x1b[K/home/andrea/tesi/ros2_mapf_cbs/project_1/src/my_nav2_navfn_planner/src/navfn_planner.cpp:450:1:\x1b[m\x1b[K \x1b[01;31m\x1b[Kerror: \x1b[m\x1b[K\xe2\x80\x98\x1b[01m\x1b[KNavfnPlanner\x1b[m\x1b[K\xe2\x80\x99 has not been declared\n'}
[2.362749] (my_nav2_navfn_planner) StderrLine: {'line': b'  450 | \x1b[01;31m\x1b[KNavfnPlanner\x1b[m\x1b[K::worldToMap(double wx, double wy, unsigned int & mx, unsigned int & my)\n'}
[2.362799] (my_nav2_navfn_planner) StderrLine: {'line': b'      | \x1b[01;31m\x1b[K^~~~~~~~~~~~\x1b[m\x1b[K\n'}
[2.365561] (my_nav2_navfn_planner) StderrLine: {'line': b'\x1b[01m\x1b[K/home/andrea/tesi/ros2_mapf_cbs/project_1/src/my_nav2_navfn_planner/src/navfn_planner.cpp:\x1b[m\x1b[K In function \xe2\x80\x98\x1b[01m\x1b[Kbool worldToMap(double, double, unsigned int&, unsigned int&)\x1b[m\x1b[K\xe2\x80\x99:\n'}
[2.365731] (my_nav2_navfn_planner) StderrLine: {'line': b'\x1b[01m\x1b[K/home/andrea/tesi/ros2_mapf_cbs/project_1/src/my_nav2_navfn_planner/src/navfn_planner.cpp:452:12:\x1b[m\x1b[K \x1b[01;31m\x1b[Kerror: \x1b[m\x1b[K\xe2\x80\x98\x1b[01m\x1b[Kcostmap_\x1b[m\x1b[K\xe2\x80\x99 was not declared in this scope\n'}
[2.365779] (my_nav2_navfn_planner) StderrLine: {'line': b'  452 |   if (wx < \x1b[01;31m\x1b[Kcostmap_\x1b[m\x1b[K->getOriginX() || wy < costmap_->getOriginY()) {\n'}
[2.365830] (my_nav2_navfn_planner) StderrLine: {'line': b'      |            \x1b[01;31m\x1b[K^~~~~~~~\x1b[m\x1b[K\n'}
[2.368705] (my_nav2_navfn_planner) StderrLine: {'line': b'\x1b[01m\x1b[K/home/andrea/tesi/ros2_mapf_cbs/project_1/src/my_nav2_navfn_planner/src/navfn_planner.cpp:457:22:\x1b[m\x1b[K \x1b[01;31m\x1b[Kerror: \x1b[m\x1b[K\xe2\x80\x98\x1b[01m\x1b[Kcostmap_\x1b[m\x1b[K\xe2\x80\x99 was not declared in this scope\n'}
[2.368830] (my_nav2_navfn_planner) StderrLine: {'line': b'  457 |     std::round((wx - \x1b[01;31m\x1b[Kcostmap_\x1b[m\x1b[K->getOriginX()) / costmap_->getResolution()));\n'}
[2.368878] (my_nav2_navfn_planner) StderrLine: {'line': b'      |                      \x1b[01;31m\x1b[K^~~~~~~~\x1b[m\x1b[K\n'}
[2.371701] (my_nav2_navfn_planner) StderrLine: {'line': b'In file included from \x1b[01m\x1b[K/opt/ros/humble/include/rclcpp/rclcpp/client.hpp:40\x1b[m\x1b[K,\n'}
[2.371816] (my_nav2_navfn_planner) StderrLine: {'line': b'                 from \x1b[01m\x1b[K/opt/ros/humble/include/rclcpp/rclcpp/callback_group.hpp:24\x1b[m\x1b[K,\n'}
[2.371862] (my_nav2_navfn_planner) StderrLine: {'line': b'                 from \x1b[01m\x1b[K/opt/ros/humble/include/rclcpp/rclcpp/any_executable.hpp:20\x1b[m\x1b[K,\n'}
[2.372018] (my_nav2_navfn_planner) StderrLine: {'line': b'                 from \x1b[01m\x1b[K/opt/ros/humble/include/rclcpp/rclcpp/memory_strategy.hpp:25\x1b[m\x1b[K,\n'}
[2.372074] (my_nav2_navfn_planner) StderrLine: {'line': b'                 from \x1b[01m\x1b[K/opt/ros/humble/include/rclcpp/rclcpp/memory_strategies.hpp:18\x1b[m\x1b[K,\n'}
[2.372114] (my_nav2_navfn_planner) StderrLine: {'line': b'                 from \x1b[01m\x1b[K/opt/ros/humble/include/rclcpp/rclcpp/executor_options.hpp:20\x1b[m\x1b[K,\n'}
[2.372151] (my_nav2_navfn_planner) StderrLine: {'line': b'                 from \x1b[01m\x1b[K/opt/ros/humble/include/rclcpp/rclcpp/executor.hpp:37\x1b[m\x1b[K,\n'}
[2.372189] (my_nav2_navfn_planner) StderrLine: {'line': b'                 from \x1b[01m\x1b[K/opt/ros/humble/include/rclcpp/rclcpp/executors/multi_threaded_executor.hpp:25\x1b[m\x1b[K,\n'}
[2.372228] (my_nav2_navfn_planner) StderrLine: {'line': b'                 from \x1b[01m\x1b[K/opt/ros/humble/include/rclcpp/rclcpp/executors.hpp:21\x1b[m\x1b[K,\n'}
[2.372265] (my_nav2_navfn_planner) StderrLine: {'line': b'                 from \x1b[01m\x1b[K/opt/ros/humble/include/rclcpp/rclcpp/rclcpp.hpp:155\x1b[m\x1b[K,\n'}
[2.372302] (my_nav2_navfn_planner) StderrLine: {'line': b'                 from \x1b[01m\x1b[K/home/andrea/tesi/ros2_mapf_cbs/project_1/install/my_nav2_core/include/my_nav2_core/multi_agent_global_planner.hpp:20\x1b[m\x1b[K,\n'}
[2.372352] (my_nav2_navfn_planner) StderrLine: {'line': b'                 from \x1b[01m\x1b[K/home/andrea/tesi/ros2_mapf_cbs/project_1/src/my_nav2_navfn_planner/include/my_nav2_navfn_planner/navfn_planner.hpp:29\x1b[m\x1b[K,\n'}
[2.372392] (my_nav2_navfn_planner) StderrLine: {'line': b'                 from \x1b[01m\x1b[K/home/andrea/tesi/ros2_mapf_cbs/project_1/src/my_nav2_navfn_planner/src/navfn_planner.cpp:1\x1b[m\x1b[K:\n'}
[2.372430] (my_nav2_navfn_planner) StderrLine: {'line': b'\x1b[01m\x1b[K/home/andrea/tesi/ros2_mapf_cbs/project_1/src/my_nav2_navfn_planner/src/navfn_planner.cpp:466:5:\x1b[m\x1b[K \x1b[01;31m\x1b[Kerror: \x1b[m\x1b[K\xe2\x80\x98\x1b[01m\x1b[Klogger_\x1b[m\x1b[K\xe2\x80\x99 was not declared in this scope\n'}
[2.372469] (my_nav2_navfn_planner) StderrLine: {'line': b'  466 |     \x1b[01;31m\x1b[Klogger_\x1b[m\x1b[K,\n'}
[2.372506] (my_nav2_navfn_planner) StderrLine: {'line': b'      |     \x1b[01;31m\x1b[K^~~~~~~\x1b[m\x1b[K\n'}
[2.372543] (my_nav2_navfn_planner) StderrLine: {'line': b'\x1b[01m\x1b[K/home/andrea/tesi/ros2_mapf_cbs/project_1/src/my_nav2_navfn_planner/src/navfn_planner.cpp:465:3:\x1b[m\x1b[K \x1b[01;31m\x1b[Kerror: \x1b[m\x1b[Ktemplate argument 1 is invalid\n'}
[2.372583] (my_nav2_navfn_planner) StderrLine: {'line': b'  465 |   \x1b[01;31m\x1b[KRCLCPP_ERROR\x1b[m\x1b[K(\n'}
[2.372619] (my_nav2_navfn_planner) StderrLine: {'line': b'      |   \x1b[01;31m\x1b[K^~~~~~~~~~~~\x1b[m\x1b[K\n'}
[2.372661] (my_nav2_navfn_planner) StderrLine: {'line': b'\x1b[01m\x1b[K/home/andrea/tesi/ros2_mapf_cbs/project_1/src/my_nav2_navfn_planner/src/navfn_planner.cpp:465:3:\x1b[m\x1b[K \x1b[01;31m\x1b[Kerror: \x1b[m\x1b[K\xe2\x80\x98\x1b[01m\x1b[K<declaration error>\x1b[m\x1b[K\xe2\x80\x99 is not a template [\x1b[01;31m\x1b[K\x1b]8;;https://gcc.gnu.org/onlinedocs/gcc/Warning-Options.html#index-fpermissive\x07-fpermissive\x1b]8;;\x07\x1b[m\x1b[K]\n'}
[2.372701] (my_nav2_navfn_planner) StderrLine: {'line': b'  465 |   \x1b[01;31m\x1b[KRCLCPP_ERROR\x1b[m\x1b[K(\n'}
[2.372739] (my_nav2_navfn_planner) StderrLine: {'line': b'      |   \x1b[01;31m\x1b[K^~~~~~~~~~~~\x1b[m\x1b[K\n'}
[2.372777] (my_nav2_navfn_planner) StderrLine: {'line': b'\x1b[01m\x1b[K/home/andrea/tesi/ros2_mapf_cbs/project_1/src/my_nav2_navfn_planner/src/navfn_planner.cpp:465:3:\x1b[m\x1b[K \x1b[01;31m\x1b[Kerror: \x1b[m\x1b[Ktemplate argument 1 is invalid\n'}
[2.372816] (my_nav2_navfn_planner) StderrLine: {'line': b'  465 |   \x1b[01;31m\x1b[KRCLCPP_ERROR\x1b[m\x1b[K(\n'}
[2.372853] (my_nav2_navfn_planner) StderrLine: {'line': b'      |   \x1b[01;31m\x1b[K^~~~~~~~~~~~\x1b[m\x1b[K\n'}
[2.372889] (my_nav2_navfn_planner) StderrLine: {'line': b'\x1b[01m\x1b[K/home/andrea/tesi/ros2_mapf_cbs/project_1/src/my_nav2_navfn_planner/src/navfn_planner.cpp:465:3:\x1b[m\x1b[K \x1b[01;31m\x1b[Kerror: \x1b[m\x1b[K\xe2\x80\x98\x1b[01m\x1b[K<declaration error>\x1b[m\x1b[K\xe2\x80\x99 is not a template [\x1b[01;31m\x1b[K\x1b]8;;https://gcc.gnu.org/onlinedocs/gcc/Warning-Options.html#index-fpermissive\x07-fpermissive\x1b]8;;\x07\x1b[m\x1b[K]\n'}
[2.372928] (my_nav2_navfn_planner) StderrLine: {'line': b'  465 |   \x1b[01;31m\x1b[KRCLCPP_ERROR\x1b[m\x1b[K(\n'}
[2.372964] (my_nav2_navfn_planner) StderrLine: {'line': b'      |   \x1b[01;31m\x1b[K^~~~~~~~~~~~\x1b[m\x1b[K\n'}
[2.373000] (my_nav2_navfn_planner) StderrLine: {'line': b'\x1b[01m\x1b[K/home/andrea/tesi/ros2_mapf_cbs/project_1/src/my_nav2_navfn_planner/src/navfn_planner.cpp:465:3:\x1b[m\x1b[K \x1b[01;31m\x1b[Kerror: \x1b[m\x1b[Ktemplate argument 1 is invalid\n'}
[2.373037] (my_nav2_navfn_planner) StderrLine: {'line': b'  465 |   \x1b[01;31m\x1b[KRCLCPP_ERROR\x1b[m\x1b[K(\n'}
[2.373073] (my_nav2_navfn_planner) StderrLine: {'line': b'      |   \x1b[01;31m\x1b[K^~~~~~~~~~~~\x1b[m\x1b[K\n'}
[2.373110] (my_nav2_navfn_planner) StderrLine: {'line': b'\x1b[01m\x1b[K/home/andrea/tesi/ros2_mapf_cbs/project_1/src/my_nav2_navfn_planner/src/navfn_planner.cpp:\x1b[m\x1b[K At global scope:\n'}
[2.373147] (my_nav2_navfn_planner) StderrLine: {'line': b'\x1b[01m\x1b[K/home/andrea/tesi/ros2_mapf_cbs/project_1/src/my_nav2_navfn_planner/src/navfn_planner.cpp:474:1:\x1b[m\x1b[K \x1b[01;31m\x1b[Kerror: \x1b[m\x1b[K\xe2\x80\x98\x1b[01m\x1b[KNavfnPlanner\x1b[m\x1b[K\xe2\x80\x99 has not been declared\n'}
[2.373184] (my_nav2_navfn_planner) StderrLine: {'line': b'  474 | \x1b[01;31m\x1b[KNavfnPlanner\x1b[m\x1b[K::mapToWorld(double mx, double my, double & wx, double & wy)\n'}
[2.373222] (my_nav2_navfn_planner) StderrLine: {'line': b'      | \x1b[01;31m\x1b[K^~~~~~~~~~~~\x1b[m\x1b[K\n'}
[2.375439] (my_nav2_navfn_planner) StderrLine: {'line': b'\x1b[01m\x1b[K/home/andrea/tesi/ros2_mapf_cbs/project_1/src/my_nav2_navfn_planner/src/navfn_planner.cpp:\x1b[m\x1b[K In function \xe2\x80\x98\x1b[01m\x1b[Kvoid mapToWorld(double, double, double&, double&)\x1b[m\x1b[K\xe2\x80\x99:\n'}
[2.375540] (my_nav2_navfn_planner) StderrLine: {'line': b'\x1b[01m\x1b[K/home/andrea/tesi/ros2_mapf_cbs/project_1/src/my_nav2_navfn_planner/src/navfn_planner.cpp:476:8:\x1b[m\x1b[K \x1b[01;31m\x1b[Kerror: \x1b[m\x1b[K\xe2\x80\x98\x1b[01m\x1b[Kcostmap_\x1b[m\x1b[K\xe2\x80\x99 was not declared in this scope\n'}
[2.375586] (my_nav2_navfn_planner) StderrLine: {'line': b'  476 |   wx = \x1b[01;31m\x1b[Kcostmap_\x1b[m\x1b[K->getOriginX() + mx * costmap_->getResolution();\n'}
[2.375626] (my_nav2_navfn_planner) StderrLine: {'line': b'      |        \x1b[01;31m\x1b[K^~~~~~~~\x1b[m\x1b[K\n'}
[2.375664] (my_nav2_navfn_planner) StderrLine: {'line': b'\x1b[01m\x1b[K/home/andrea/tesi/ros2_mapf_cbs/project_1/src/my_nav2_navfn_planner/src/navfn_planner.cpp:\x1b[m\x1b[K At global scope:\n'}
[2.375712] (my_nav2_navfn_planner) StderrLine: {'line': b'\x1b[01m\x1b[K/home/andrea/tesi/ros2_mapf_cbs/project_1/src/my_nav2_navfn_planner/src/navfn_planner.cpp:481:1:\x1b[m\x1b[K \x1b[01;31m\x1b[Kerror: \x1b[m\x1b[K\xe2\x80\x98\x1b[01m\x1b[KNavfnPlanner\x1b[m\x1b[K\xe2\x80\x99 has not been declared\n'}
[2.375751] (my_nav2_navfn_planner) StderrLine: {'line': b'  481 | \x1b[01;31m\x1b[KNavfnPlanner\x1b[m\x1b[K::clearRobotCell(unsigned int mx, unsigned int my)\n'}
[2.375788] (my_nav2_navfn_planner) StderrLine: {'line': b'      | \x1b[01;31m\x1b[K^~~~~~~~~~~~\x1b[m\x1b[K\n'}
[2.378644] (my_nav2_navfn_planner) StderrLine: {'line': b'\x1b[01m\x1b[K/home/andrea/tesi/ros2_mapf_cbs/project_1/src/my_nav2_navfn_planner/src/navfn_planner.cpp:\x1b[m\x1b[K In function \xe2\x80\x98\x1b[01m\x1b[Kvoid clearRobotCell(unsigned int, unsigned int)\x1b[m\x1b[K\xe2\x80\x99:\n'}
[2.378748] (my_nav2_navfn_planner) StderrLine: {'line': b'\x1b[01m\x1b[K/home/andrea/tesi/ros2_mapf_cbs/project_1/src/my_nav2_navfn_planner/src/navfn_planner.cpp:485:3:\x1b[m\x1b[K \x1b[01;31m\x1b[Kerror: \x1b[m\x1b[K\xe2\x80\x98\x1b[01m\x1b[Kcostmap_\x1b[m\x1b[K\xe2\x80\x99 was not declared in this scope\n'}
[2.378794] (my_nav2_navfn_planner) StderrLine: {'line': b'  485 |   \x1b[01;31m\x1b[Kcostmap_\x1b[m\x1b[K->setCost(mx, my, nav2_costmap_2d::FREE_SPACE);\n'}
[2.378835] (my_nav2_navfn_planner) StderrLine: {'line': b'      |   \x1b[01;31m\x1b[K^~~~~~~~\x1b[m\x1b[K\n'}
[2.378883] (my_nav2_navfn_planner) StderrLine: {'line': b'\x1b[01m\x1b[K/home/andrea/tesi/ros2_mapf_cbs/project_1/src/my_nav2_navfn_planner/src/navfn_planner.cpp:\x1b[m\x1b[K At global scope:\n'}
[2.378921] (my_nav2_navfn_planner) StderrLine: {'line': b'\x1b[01m\x1b[K/home/andrea/tesi/ros2_mapf_cbs/project_1/src/my_nav2_navfn_planner/src/navfn_planner.cpp:489:1:\x1b[m\x1b[K \x1b[01;31m\x1b[Kerror: \x1b[m\x1b[K\xe2\x80\x98\x1b[01m\x1b[KNavfnPlanner\x1b[m\x1b[K\xe2\x80\x99 has not been declared\n'}
[2.378963] (my_nav2_navfn_planner) StderrLine: {'line': b'  489 | \x1b[01;31m\x1b[KNavfnPlanner\x1b[m\x1b[K::dynamicParametersCallback(std::vector<rclcpp::Parameter> parameters)\n'}
[2.379001] (my_nav2_navfn_planner) StderrLine: {'line': b'      | \x1b[01;31m\x1b[K^~~~~~~~~~~~\x1b[m\x1b[K\n'}
[2.381742] (my_nav2_navfn_planner) StderrLine: {'line': b'\x1b[01m\x1b[K/home/andrea/tesi/ros2_mapf_cbs/project_1/src/my_nav2_navfn_planner/src/navfn_planner.cpp:\x1b[m\x1b[K In function \xe2\x80\x98\x1b[01m\x1b[Krcl_interfaces::msg::SetParametersResult dynamicParametersCallback(std::vector<rclcpp::Parameter>)\x1b[m\x1b[K\xe2\x80\x99:\n'}
[2.381861] (my_nav2_navfn_planner) StderrLine: {'line': b'\x1b[01m\x1b[K/home/andrea/tesi/ros2_mapf_cbs/project_1/src/my_nav2_navfn_planner/src/navfn_planner.cpp:497:19:\x1b[m\x1b[K \x1b[01;31m\x1b[Kerror: \x1b[m\x1b[K\xe2\x80\x98\x1b[01m\x1b[Kname_\x1b[m\x1b[K\xe2\x80\x99 was not declared in this scope; did you mean \xe2\x80\x98\x1b[01m\x1b[Kname\x1b[m\x1b[K\xe2\x80\x99?\n'}
[2.381909] (my_nav2_navfn_planner) StderrLine: {'line': b'  497 |       if (name == \x1b[01;31m\x1b[Kname_\x1b[m\x1b[K + ".tolerance") {\n'}
[2.381949] (my_nav2_navfn_planner) StderrLine: {'line': b'      |                   \x1b[01;31m\x1b[K^~~~~\x1b[m\x1b[K\n'}
[2.381998] (my_nav2_navfn_planner) StderrLine: {'line': b'      |                   \x1b[32m\x1b[Kname\x1b[m\x1b[K\n'}
[2.385172] (my_nav2_navfn_planner) StderrLine: {'line': b'\x1b[01m\x1b[K/home/andrea/tesi/ros2_mapf_cbs/project_1/src/my_nav2_navfn_planner/src/navfn_planner.cpp:498:9:\x1b[m\x1b[K \x1b[01;31m\x1b[Kerror: \x1b[m\x1b[K\xe2\x80\x98\x1b[01m\x1b[Ktolerance_\x1b[m\x1b[K\xe2\x80\x99 was not declared in this scope\n'}
[2.385278] (my_nav2_navfn_planner) StderrLine: {'line': b'  498 |         \x1b[01;31m\x1b[Ktolerance_\x1b[m\x1b[K = parameter.as_double();\n'}
[2.385325] (my_nav2_navfn_planner) StderrLine: {'line': b'      |         \x1b[01;31m\x1b[K^~~~~~~~~~\x1b[m\x1b[K\n'}
[2.387596] (my_nav2_navfn_planner) StderrLine: {'line': b'\x1b[01m\x1b[K/home/andrea/tesi/ros2_mapf_cbs/project_1/src/my_nav2_navfn_planner/src/navfn_planner.cpp:501:19:\x1b[m\x1b[K \x1b[01;31m\x1b[Kerror: \x1b[m\x1b[K\xe2\x80\x98\x1b[01m\x1b[Kname_\x1b[m\x1b[K\xe2\x80\x99 was not declared in this scope; did you mean \xe2\x80\x98\x1b[01m\x1b[Kname\x1b[m\x1b[K\xe2\x80\x99?\n'}
[2.387731] (my_nav2_navfn_planner) StderrLine: {'line': b'  501 |       if (name == \x1b[01;31m\x1b[Kname_\x1b[m\x1b[K + ".use_astar") {\n'}
[2.387776] (my_nav2_navfn_planner) StderrLine: {'line': b'      |                   \x1b[01;31m\x1b[K^~~~~\x1b[m\x1b[K\n'}
[2.387816] (my_nav2_navfn_planner) StderrLine: {'line': b'      |                   \x1b[32m\x1b[Kname\x1b[m\x1b[K\n'}
[2.391019] (my_nav2_navfn_planner) StderrLine: {'line': b'\x1b[01m\x1b[K/home/andrea/tesi/ros2_mapf_cbs/project_1/src/my_nav2_navfn_planner/src/navfn_planner.cpp:502:9:\x1b[m\x1b[K \x1b[01;31m\x1b[Kerror: \x1b[m\x1b[K\xe2\x80\x98\x1b[01m\x1b[Kuse_astar_\x1b[m\x1b[K\xe2\x80\x99 was not declared in this scope\n'}
[2.391138] (my_nav2_navfn_planner) StderrLine: {'line': b'  502 |         \x1b[01;31m\x1b[Kuse_astar_\x1b[m\x1b[K = parameter.as_bool();\n'}
[2.391184] (my_nav2_navfn_planner) StderrLine: {'line': b'      |         \x1b[01;31m\x1b[K^~~~~~~~~~\x1b[m\x1b[K\n'}
[2.395307] (my_nav2_navfn_planner) StderrLine: {'line': b'\x1b[01m\x1b[K/home/andrea/tesi/ros2_mapf_cbs/project_1/src/my_nav2_navfn_planner/src/navfn_planner.cpp:504:9:\x1b[m\x1b[K \x1b[01;31m\x1b[Kerror: \x1b[m\x1b[K\xe2\x80\x98\x1b[01m\x1b[Kallow_unknown_\x1b[m\x1b[K\xe2\x80\x99 was not declared in this scope\n'}
[2.395439] (my_nav2_navfn_planner) StderrLine: {'line': b'  504 |         \x1b[01;31m\x1b[Kallow_unknown_\x1b[m\x1b[K = parameter.as_bool();\n'}
[2.395486] (my_nav2_navfn_planner) StderrLine: {'line': b'      |         \x1b[01;31m\x1b[K^~~~~~~~~~~~~~\x1b[m\x1b[K\n'}
[2.403269] (my_nav2_navfn_planner) StderrLine: {'line': b'\x1b[01m\x1b[K/home/andrea/tesi/ros2_mapf_cbs/project_1/src/my_nav2_navfn_planner/src/navfn_planner.cpp:506:9:\x1b[m\x1b[K \x1b[01;31m\x1b[Kerror: \x1b[m\x1b[K\xe2\x80\x98\x1b[01m\x1b[Kuse_final_approach_orientation_\x1b[m\x1b[K\xe2\x80\x99 was not declared in this scope\n'}
[2.403493] (my_nav2_navfn_planner) StderrLine: {'line': b'  506 |         \x1b[01;31m\x1b[Kuse_final_approach_orientation_\x1b[m\x1b[K = parameter.as_bool();\n'}
[2.403542] (my_nav2_navfn_planner) StderrLine: {'line': b'      |         \x1b[01;31m\x1b[K^~~~~~~~~~~~~~~~~~~~~~~~~~~~~~~\x1b[m\x1b[K\n'}
[2.403581] (my_nav2_navfn_planner) StderrLine: {'line': b'\x1b[01m\x1b[K/home/andrea/tesi/ros2_mapf_cbs/project_1/src/my_nav2_navfn_planner/src/navfn_planner.cpp:\x1b[m\x1b[K At global scope:\n'}
[2.403619] (my_nav2_navfn_planner) StderrLine: {'line': b'\x1b[01m\x1b[K/home/andrea/tesi/ros2_mapf_cbs/project_1/src/my_nav2_navfn_planner/src/navfn_planner.cpp:514:1:\x1b[m\x1b[K \x1b[01;31m\x1b[Kerror: \x1b[m\x1b[Kexpected declaration before \xe2\x80\x98\x1b[01m\x1b[K}\x1b[m\x1b[K\xe2\x80\x99 token\n'}
[2.403660] (my_nav2_navfn_planner) StderrLine: {'line': b'  514 | \x1b[01;31m\x1b[K}\x1b[m\x1b[K  // namespace nav2_navfn_planner\n'}
[2.403696] (my_nav2_navfn_planner) StderrLine: {'line': b'      | \x1b[01;31m\x1b[K^\x1b[m\x1b[K\n'}
[2.406839] (-) TimerEvent: {}
[2.507159] (-) TimerEvent: {}
[2.607535] (-) TimerEvent: {}
[2.707890] (-) TimerEvent: {}
[2.808260] (-) TimerEvent: {}
[2.908544] (-) TimerEvent: {}
[3.008869] (-) TimerEvent: {}
[3.109169] (-) TimerEvent: {}
[3.209501] (-) TimerEvent: {}
[3.309859] (-) TimerEvent: {}
[3.410183] (-) TimerEvent: {}
[3.419742] (my_nav2_navfn_planner) StderrLine: {'line': b'cc1plus: all warnings being treated as errors\n'}
[3.436494] (my_nav2_navfn_planner) StderrLine: {'line': b'gmake[2]: *** [CMakeFiles/my_nav2_navfn_planner.dir/build.make:76: CMakeFiles/my_nav2_navfn_planner.dir/src/navfn_planner.cpp.o] Error 1\n'}
[3.436708] (my_nav2_navfn_planner) StderrLine: {'line': b'gmake[1]: *** [CMakeFiles/Makefile2:137: CMakeFiles/my_nav2_navfn_planner.dir/all] Error 2\n'}
[3.436818] (my_nav2_navfn_planner) StderrLine: {'line': b'gmake: *** [Makefile:146: all] Error 2\n'}
[3.439144] (my_nav2_navfn_planner) CommandEnded: {'returncode': 2}
[3.510416] (-) TimerEvent: {}
[3.519263] (my_nav2_navfn_planner) JobEnded: {'identifier': 'my_nav2_navfn_planner', 'rc': 2}
[3.529846] (-) EventReactorShutdown: {}
