[0.289s] Invoking command in '/home/andrea/tesi/ros2_mapf_cbs/project_1/build/my_nav2_planner': CMAKE_PREFIX_PATH=/home/andrea/tesi/ros2_mapf_cbs/project_1/install/my_nav2_core:/home/andrea/tesi/ros2_mapf_cbs/project_1/install/my_intermediate_interfaces:/home/andrea/tesi/ros2_mapf_cbs/project_1/install/turtlebot3_multi_robot:/home/andrea/tesi/ros2_mapf_cbs/project_1/install/nav2_straightline_planner:/home/andrea/tesi/ros2_mapf_cbs/project_1/install/my_nav2_navfn_planner:/home/andrea/tesi/ros2_mapf_cbs/project_1/install/nav2_core:/home/andrea/tesi/ros2_mapf_cbs/project_1/install/my_try_bringup:/home/andrea/tesi/ros2_mapf_cbs/simple_example/install/my_robot_bringup:/home/andrea/tesi/ros2_mapf_cbs/simple_example/install/my_robot_interfaces:/home/andrea/tesi/ros2_mapf_cbs/project_1/install/my_package:/home/andrea/tesi/ros2_mapf_cbs/project_1/install/my_intermediate:/home/andrea/tesi/ros2_mapf_cbs/simple_example/install/my_py_pkg:/opt/ros/humble LD_LIBRARY_PATH=/home/andrea/tesi/ros2_mapf_cbs/project_1/install/my_intermediate_interfaces/lib:/home/andrea/tesi/ros2_mapf_cbs/project_1/install/nav2_straightline_planner/lib:/home/andrea/tesi/ros2_mapf_cbs/project_1/install/my_nav2_navfn_planner/lib:/home/andrea/tesi/ros2_mapf_cbs/simple_example/install/my_robot_interfaces/lib:/usr/lib/x86_64-linux-gnu/gazebo-11/plugins:/opt/ros/humble/opt/rviz_ogre_vendor/lib:/opt/ros/humble/lib/x86_64-linux-gnu:/opt/ros/humble/lib:/home/andrea/ws_online/build/ros2_bdi_on_litter_world:/home/andrea/ws_online/build/ros2_bdi_on_litter_world /usr/bin/cmake --build /home/andrea/tesi/ros2_mapf_cbs/project_1/build/my_nav2_planner -- -j8 -l8
[0.335s] [35m[1mConsolidate compiler generated dependencies of target my_planner_server_core[0m
[0.361s] [ 25%] [32mBuilding CXX object CMakeFiles/my_planner_server_core.dir/src/my_planner_server.cpp.o[0m
[13.976s] [ 50%] [32m[1mLinking CXX shared library libmy_planner_server_core.so[0m
[14.256s] [ 50%] Built target my_planner_server_core
[14.267s] [35m[1mConsolidate compiler generated dependencies of target my_planner_server[0m
[14.284s] [ 75%] [32mBuilding CXX object CMakeFiles/my_planner_server.dir/src/main.cpp.o[0m
[17.839s] [100%] [32m[1mLinking CXX executable my_planner_server[0m
[18.037s] /usr/bin/ld: libmy_planner_server_core.so: undefined reference to `my_nav2_planner::MyPlannerServer::getPlan(geometry_msgs::msg::PoseStamped_<std::allocator<void> > const&, geometry_msgs::msg::PoseStamped_<std::allocator<void> > const&, std::__cxx11::basic_string<char, std::char_traits<char>, std::allocator<char> > const&)'
[18.043s] collect2: error: ld returned 1 exit status
[18.044s] gmake[2]: *** [CMakeFiles/my_planner_server.dir/build.make:457: my_planner_server] Error 1
[18.044s] gmake[1]: *** [CMakeFiles/Makefile2:165: CMakeFiles/my_planner_server.dir/all] Error 2
[18.044s] gmake: *** [Makefile:146: all] Error 2
