[0.240s] Invoking command in '/home/andrea/tesi/ros2_mapf_cbs/project_1/build/my_nav2_planner': CMAKE_PREFIX_PATH=${CMAKE_PREFIX_PATH}:/home/andrea/tesi/ros2_mapf_cbs/project_1/install/my_package:/home/andrea/tesi/ros2_mapf_cbs/project_1/install/my_intermediate:/home/andrea/tesi/ros2_mapf_cbs/simple_example/install/my_py_pkg:/opt/ros/humble /usr/bin/cmake /home/andrea/tesi/ros2_mapf_cbs/project_1/src/my_nav2_planner -DCMAKE_INSTALL_PREFIX=/home/andrea/tesi/ros2_mapf_cbs/project_1/install/my_nav2_planner
[0.599s] -- Found ament_cmake: 1.3.5 (/opt/ros/humble/share/ament_cmake/cmake)
[0.599s] -- Found nav2_common: 1.1.12 (/opt/ros/humble/share/nav2_common/cmake)
[0.600s] -- Found rclcpp: 16.0.6 (/opt/ros/humble/share/rclcpp/cmake)
[0.600s] -- Found rosidl_generator_c: 3.1.5 (/opt/ros/humble/share/rosidl_generator_c/cmake)
[0.600s] -- Found rosidl_adapter: 3.1.5 (/opt/ros/humble/share/rosidl_adapter/cmake)
[0.600s] -- Found rosidl_generator_cpp: 3.1.5 (/opt/ros/humble/share/rosidl_generator_cpp/cmake)
[0.600s] -- Using all available rosidl_typesupport_c: rosidl_typesupport_fastrtps_c;rosidl_typesupport_introspection_c
[0.600s] -- Using all available rosidl_typesupport_cpp: rosidl_typesupport_fastrtps_cpp;rosidl_typesupport_introspection_cpp
[0.600s] -- Found rmw_implementation_cmake: 6.1.1 (/opt/ros/humble/share/rmw_implementation_cmake/cmake)
[0.601s] -- Found rmw_cyclonedds_cpp: 1.3.4 (/opt/ros/humble/share/rmw_cyclonedds_cpp/cmake)
[0.608s] -- Using RMW implementation 'rmw_cyclonedds_cpp' as default
[0.827s] -- Found rclcpp_action: 16.0.6 (/opt/ros/humble/share/rclcpp_action/cmake)
[0.905s] -- Found rclcpp_lifecycle: 16.0.6 (/opt/ros/humble/share/rclcpp_lifecycle/cmake)
[0.952s] -- Found rclcpp_components: 16.0.6 (/opt/ros/humble/share/rclcpp_components/cmake)
[1.004s] -- Found visualization_msgs: 4.2.3 (/opt/ros/humble/share/visualization_msgs/cmake)
[1.292s] -- Found nav2_util: 1.1.12 (/opt/ros/humble/share/nav2_util/cmake)
[1.704s] -- Found eigen3_cmake_module: 0.1.1 (/opt/ros/humble/share/eigen3_cmake_module/cmake)
[1.706s] -- Ensuring Eigen3 include directory is part of orocos-kdl CMake target
[1.863s] -- Found nav2_costmap_2d: 1.1.12 (/opt/ros/humble/share/nav2_costmap_2d/cmake)
[2.514s] -- Found nav2_core: 1.1.12 (/opt/ros/humble/share/nav2_core/cmake)
[8.999s] -- Found ament_lint_auto: 0.12.8 (/opt/ros/humble/share/ament_lint_auto/cmake)
[9.015s] -- Found ament_cmake_gtest: 1.3.5 (/opt/ros/humble/share/ament_cmake_gtest/cmake)
[9.067s] -- Found gtest sources under '/opt/ros/humble/src/gtest_vendor': C++ tests using 'Google Test' will be built
[11.953s] -- Added test 'copyright' to check source files copyright and LICENSE
[11.953s] -- Added test 'cppcheck' to perform static code analysis on C / C++ code
[11.954s] -- Configured cppcheck include dirs: /home/andrea/tesi/ros2_mapf_cbs/project_1/src/my_nav2_planner/include
[11.954s] -- Configured cppcheck exclude dirs and/or files: 
[11.954s] -- Added test 'cpplint' to check C / C++ code against the Google style
[11.954s] -- Configured cpplint exclude dirs and/or files: 
[11.955s] -- Added test 'lint_cmake' to check CMake code style
[11.955s] -- Added test 'uncrustify' to check C / C++ code style
[11.955s] -- Configured uncrustify additional arguments: 
[11.956s] -- Added test 'xmllint' to check XML markup files
[11.960s] -- Configuring done
[12.049s] -- Generating done
[12.050s] -- Build files have been written to: /home/andrea/tesi/ros2_mapf_cbs/project_1/build/my_nav2_planner
[12.059s] Invoked command in '/home/andrea/tesi/ros2_mapf_cbs/project_1/build/my_nav2_planner' returned '0': CMAKE_PREFIX_PATH=${CMAKE_PREFIX_PATH}:/home/andrea/tesi/ros2_mapf_cbs/project_1/install/my_package:/home/andrea/tesi/ros2_mapf_cbs/project_1/install/my_intermediate:/home/andrea/tesi/ros2_mapf_cbs/simple_example/install/my_py_pkg:/opt/ros/humble /usr/bin/cmake /home/andrea/tesi/ros2_mapf_cbs/project_1/src/my_nav2_planner -DCMAKE_INSTALL_PREFIX=/home/andrea/tesi/ros2_mapf_cbs/project_1/install/my_nav2_planner
[12.060s] Invoking command in '/home/andrea/tesi/ros2_mapf_cbs/project_1/build/my_nav2_planner': CMAKE_PREFIX_PATH=${CMAKE_PREFIX_PATH}:/home/andrea/tesi/ros2_mapf_cbs/project_1/install/my_package:/home/andrea/tesi/ros2_mapf_cbs/project_1/install/my_intermediate:/home/andrea/tesi/ros2_mapf_cbs/simple_example/install/my_py_pkg:/opt/ros/humble /usr/bin/cmake --build /home/andrea/tesi/ros2_mapf_cbs/project_1/build/my_nav2_planner -- -j8 -l8
[12.099s] [ 30%] [32mBuilding CXX object CMakeFiles/my_planner_server_core.dir/src/my_planner_server.cpp.o[0m
[12.099s] [ 30%] [32mBuilding CXX object gtest/CMakeFiles/gtest.dir/src/gtest-all.cc.o[0m
[12.099s] [ 30%] [32mBuilding CXX object gtest/CMakeFiles/gtest_main.dir/src/gtest_main.cc.o[0m
[12.885s] [ 40%] [32m[1mLinking CXX static library libgtest_main.a[0m
[13.046s] [ 40%] Built target gtest_main
[14.789s] [01m[K/home/andrea/tesi/ros2_mapf_cbs/project_1/src/my_nav2_planner/src/my_planner_server.cpp:43:1:[m[K [01;31m[Kerror: [m[Kâ€˜[01m[KMyPlannerServer[m[Kâ€™ does not name a type; did you mean â€˜[01m[KPlannerServer[m[Kâ€™?
[14.789s]    43 | [01;31m[KMyPlannerServer[m[K::MyPlannerServer(const rclcpp::NodeOptions & options)
[14.789s]       | [01;31m[K^~~~~~~~~~~~~~~[m[K
[14.789s]       | [32m[KPlannerServer[m[K
[14.789s] [01m[K/home/andrea/tesi/ros2_mapf_cbs/project_1/src/my_nav2_planner/src/my_planner_server.cpp:46:28:[m[K [01;31m[Kerror: [m[Kexpected unqualified-id before â€˜[01m[K,[m[Kâ€™ token
[14.789s]    46 |   default_ids_{"GridBased"}[01;31m[K,[m[K
[14.789s]       |                            [01;31m[K^[m[K
[14.789s] [01m[K/home/andrea/tesi/ros2_mapf_cbs/project_1/src/my_nav2_planner/src/my_planner_server.cpp:47:17:[m[K [01;31m[Kerror: [m[Kexpected constructor, destructor, or type conversion before â€˜[01m[K{[m[Kâ€™ token
[14.789s]    47 |   default_types_[01;31m[K{[m[K"nav2_navfn_planner/NavfnPlanner"},
[14.789s]       |                 [01;31m[K^[m[K
[14.789s] [01m[K/home/andrea/tesi/ros2_mapf_cbs/project_1/src/my_nav2_planner/src/my_planner_server.cpp:47:52:[m[K [01;31m[Kerror: [m[Kexpected unqualified-id before â€˜[01m[K,[m[Kâ€™ token
[14.789s]    47 |   default_types_{"nav2_navfn_planner/NavfnPlanner"}[01;31m[K,[m[K
[14.789s]       |                                                    [01;31m[K^[m[K
[14.789s] [01m[K/home/andrea/tesi/ros2_mapf_cbs/project_1/src/my_nav2_planner/src/my_planner_server.cpp:48:11:[m[K [01;31m[Kerror: [m[Kexpected constructor, destructor, or type conversion before â€˜[01m[K([m[Kâ€™ token
[14.789s]    48 |   costmap_[01;31m[K([m[Knullptr)
[14.789s]       |           [01;31m[K^[m[K
[14.790s] [01m[K/home/andrea/tesi/ros2_mapf_cbs/project_1/src/my_nav2_planner/src/my_planner_server.cpp:68:1:[m[K [01;31m[Kerror: [m[Kâ€˜[01m[KMyPlannerServer[m[Kâ€™ does not name a type; did you mean â€˜[01m[KPlannerServer[m[Kâ€™?
[14.790s]    68 | [01;31m[KMyPlannerServer[m[K::~MyPlannerServer()
[14.790s]       | [01;31m[K^~~~~~~~~~~~~~~[m[K
[14.790s]       | [32m[KPlannerServer[m[K
[14.790s] [01m[K/home/andrea/tesi/ros2_mapf_cbs/project_1/src/my_nav2_planner/src/my_planner_server.cpp:79:1:[m[K [01;31m[Kerror: [m[Kâ€˜[01m[KMyPlannerServer[m[Kâ€™ has not been declared
[14.790s]    79 | [01;31m[KMyPlannerServer[m[K::on_configure(const rclcpp_lifecycle::State & /*state*/)
[14.790s]       | [01;31m[K^~~~~~~~~~~~~~~[m[K
[14.799s] In file included from [01m[K/opt/ros/humble/include/rclcpp/rclcpp/client.hpp:40[m[K,
[14.799s]                  from [01m[K/opt/ros/humble/include/rclcpp/rclcpp/callback_group.hpp:24[m[K,
[14.799s]                  from [01m[K/opt/ros/humble/include/rclcpp/rclcpp/any_executable.hpp:20[m[K,
[14.799s]                  from [01m[K/opt/ros/humble/include/rclcpp/rclcpp/memory_strategy.hpp:25[m[K,
[14.799s]                  from [01m[K/opt/ros/humble/include/rclcpp/rclcpp/memory_strategies.hpp:18[m[K,
[14.799s]                  from [01m[K/opt/ros/humble/include/rclcpp/rclcpp/executor_options.hpp:20[m[K,
[14.799s]                  from [01m[K/opt/ros/humble/include/rclcpp/rclcpp/executor.hpp:37[m[K,
[14.799s]                  from [01m[K/opt/ros/humble/include/rclcpp/rclcpp/executors/multi_threaded_executor.hpp:25[m[K,
[14.799s]                  from [01m[K/opt/ros/humble/include/rclcpp/rclcpp/executors.hpp:21[m[K,
[14.799s]                  from [01m[K/opt/ros/humble/include/rclcpp/rclcpp/rclcpp.hpp:155[m[K,
[14.799s]                  from [01m[K/opt/ros/humble/include/nav2_util/costmap.hpp:21[m[K,
[14.799s]                  from [01m[K/home/andrea/tesi/ros2_mapf_cbs/project_1/src/my_nav2_planner/src/my_planner_server.cpp:29[m[K:
[14.799s] [01m[K/home/andrea/tesi/ros2_mapf_cbs/project_1/src/my_nav2_planner/src/my_planner_server.cpp:[m[K In function â€˜[01m[Knav2_util::CallbackReturn my_nav2_planner::on_configure(const rclcpp_lifecycle::State&)[m[Kâ€™:
[14.799s] [01m[K/home/andrea/tesi/ros2_mapf_cbs/project_1/src/my_nav2_planner/src/my_planner_server.cpp:81:15:[m[K [01;31m[Kerror: [m[Kâ€˜[01m[Kget_logger[m[Kâ€™ was not declared in this scope; did you mean â€˜[01m[Krclcpp::get_logger[m[Kâ€™?
[14.799s]    81 |   RCLCPP_INFO([01;31m[Kget_logger[m[K(), "Configuring");
[14.799s]       |               [01;31m[K^~~~~~~~~~[m[K
[14.799s] In file included from [01m[K/opt/ros/humble/include/rclcpp/rclcpp/logging.hpp:23[m[K,
[14.799s]                  from [01m[K/opt/ros/humble/include/rclcpp/rclcpp/client.hpp:40[m[K,
[14.799s]                  from [01m[K/opt/ros/humble/include/rclcpp/rclcpp/callback_group.hpp:24[m[K,
[14.799s]                  from [01m[K/opt/ros/humble/include/rclcpp/rclcpp/any_executable.hpp:20[m[K,
[14.799s]                  from [01m[K/opt/ros/humble/include/rclcpp/rclcpp/memory_strategy.hpp:25[m[K,
[14.799s]                  from [01m[K/opt/ros/humble/include/rclcpp/rclcpp/memory_strategies.hpp:18[m[K,
[14.800s]                  from [01m[K/opt/ros/humble/include/rclcpp/rclcpp/executor_options.hpp:20[m[K,
[14.800s]                  from [01m[K/opt/ros/humble/include/rclcpp/rclcpp/executor.hpp:37[m[K,
[14.800s]                  from [01m[K/opt/ros/humble/include/rclcpp/rclcpp/executors/multi_threaded_executor.hpp:25[m[K,
[14.800s]                  from [01m[K/opt/ros/humble/include/rclcpp/rclcpp/executors.hpp:21[m[K,
[14.800s]                  from [01m[K/opt/ros/humble/include/rclcpp/rclcpp/rclcpp.hpp:155[m[K,
[14.800s]                  from [01m[K/opt/ros/humble/include/nav2_util/costmap.hpp:21[m[K,
[14.800s]                  from [01m[K/home/andrea/tesi/ros2_mapf_cbs/project_1/src/my_nav2_planner/src/my_planner_server.cpp:29[m[K:
[14.800s] [01m[K/opt/ros/humble/include/rclcpp/rclcpp/logger.hpp:106:17:[m[K [01;36m[Knote: [m[Kâ€˜[01m[Krclcpp::get_logger[m[Kâ€™ declared here
[14.800s]   106 |   friend Logger [01;36m[Krclcpp[m[K::get_logger(const std::string & name);
[14.800s]       |                 [01;36m[K^~~~~~[m[K
[14.800s] In file included from [01m[K/opt/ros/humble/include/rclcpp/rclcpp/client.hpp:40[m[K,
[14.800s]                  from [01m[K/opt/ros/humble/include/rclcpp/rclcpp/callback_group.hpp:24[m[K,
[14.800s]                  from [01m[K/opt/ros/humble/include/rclcpp/rclcpp/any_executable.hpp:20[m[K,
[14.800s]                  from [01m[K/opt/ros/humble/include/rclcpp/rclcpp/memory_strategy.hpp:25[m[K,
[14.800s]                  from [01m[K/opt/ros/humble/include/rclcpp/rclcpp/memory_strategies.hpp:18[m[K,
[14.800s]                  from [01m[K/opt/ros/humble/include/rclcpp/rclcpp/executor_options.hpp:20[m[K,
[14.800s]                  from [01m[K/opt/ros/humble/include/rclcpp/rclcpp/executor.hpp:37[m[K,
[14.800s]                  from [01m[K/opt/ros/humble/include/rclcpp/rclcpp/executors/multi_threaded_executor.hpp:25[m[K,
[14.800s]                  from [01m[K/opt/ros/humble/include/rclcpp/rclcpp/executors.hpp:21[m[K,
[14.800s]                  from [01m[K/opt/ros/humble/include/rclcpp/rclcpp/rclcpp.hpp:155[m[K,
[14.800s]                  from [01m[K/opt/ros/humble/include/nav2_util/costmap.hpp:21[m[K,
[14.800s]                  from [01m[K/home/andrea/tesi/ros2_mapf_cbs/project_1/src/my_nav2_planner/src/my_planner_server.cpp:29[m[K:
[14.800s] [01m[K/home/andrea/tesi/ros2_mapf_cbs/project_1/src/my_nav2_planner/src/my_planner_server.cpp:81:3:[m[K [01;31m[Kerror: [m[Ktemplate argument 1 is invalid
[14.800s]    81 |   [01;31m[KRCLCPP_INFO[m[K(get_logger(), "Configuring");
[14.800s]       |   [01;31m[K^~~~~~~~~~~[m[K
[14.800s] [01m[K/home/andrea/tesi/ros2_mapf_cbs/project_1/src/my_nav2_planner/src/my_planner_server.cpp:81:3:[m[K [01;31m[Kerror: [m[Kâ€˜[01m[K<declaration error>[m[Kâ€™ is not a template [[01;31m[K]8;;https://gcc.gnu.org/onlinedocs/gcc/Warning-Options.html#index-fpermissive-fpermissive]8;;[m[K]
[14.801s]    81 |   [01;31m[KRCLCPP_INFO[m[K(get_logger(), "Configuring");
[14.801s]       |   [01;31m[K^~~~~~~~~~~[m[K
[14.801s] [01m[K/home/andrea/tesi/ros2_mapf_cbs/project_1/src/my_nav2_planner/src/my_planner_server.cpp:81:3:[m[K [01;31m[Kerror: [m[Ktemplate argument 1 is invalid
[14.801s]    81 |   [01;31m[KRCLCPP_INFO[m[K(get_logger(), "Configuring");
[14.801s]       |   [01;31m[K^~~~~~~~~~~[m[K
[14.801s] [01m[K/home/andrea/tesi/ros2_mapf_cbs/project_1/src/my_nav2_planner/src/my_planner_server.cpp:81:3:[m[K [01;31m[Kerror: [m[Kâ€˜[01m[K<declaration error>[m[Kâ€™ is not a template [[01;31m[K]8;;https://gcc.gnu.org/onlinedocs/gcc/Warning-Options.html#index-fpermissive-fpermissive]8;;[m[K]
[14.801s]    81 |   [01;31m[KRCLCPP_INFO[m[K(get_logger(), "Configuring");
[14.801s]       |   [01;31m[K^~~~~~~~~~~[m[K
[14.801s] [01m[K/home/andrea/tesi/ros2_mapf_cbs/project_1/src/my_nav2_planner/src/my_planner_server.cpp:81:3:[m[K [01;31m[Kerror: [m[Ktemplate argument 1 is invalid
[14.801s]    81 |   [01;31m[KRCLCPP_INFO[m[K(get_logger(), "Configuring");
[14.801s]       |   [01;31m[K^~~~~~~~~~~[m[K
[14.804s] [01m[K/home/andrea/tesi/ros2_mapf_cbs/project_1/src/my_nav2_planner/src/my_planner_server.cpp:83:3:[m[K [01;31m[Kerror: [m[Kâ€˜[01m[Kcostmap_ros_[m[Kâ€™ was not declared in this scope
[14.804s]    83 |   [01;31m[Kcostmap_ros_[m[K->configure();
[14.804s]       |   [01;31m[K^~~~~~~~~~~~[m[K
[14.807s] [01m[K/home/andrea/tesi/ros2_mapf_cbs/project_1/src/my_nav2_planner/src/my_planner_server.cpp:84:3:[m[K [01;31m[Kerror: [m[Kâ€˜[01m[Kcostmap_[m[Kâ€™ was not declared in this scope
[14.807s]    84 |   [01;31m[Kcostmap_[m[K = costmap_ros_->getCostmap();
[14.807s]       |   [01;31m[K^~~~~~~~[m[K
[14.814s] [01m[K/home/andrea/tesi/ros2_mapf_cbs/project_1/src/my_nav2_planner/src/my_planner_server.cpp:87:3:[m[K [01;31m[Kerror: [m[Kâ€˜[01m[Kcostmap_thread_[m[Kâ€™ was not declared in this scope
[14.814s]    87 |   [01;31m[Kcostmap_thread_[m[K = std::make_unique<nav2_util::NodeThread>(costmap_ros_);
[14.814s]       |   [01;31m[K^~~~~~~~~~~~~~~[m[K
[14.815s] In file included from [01m[K/opt/ros/humble/include/rclcpp/rclcpp/client.hpp:40[m[K,
[14.815s]                  from [01m[K/opt/ros/humble/include/rclcpp/rclcpp/callback_group.hpp:24[m[K,
[14.815s]                  from [01m[K/opt/ros/humble/include/rclcpp/rclcpp/any_executable.hpp:20[m[K,
[14.815s]                  from [01m[K/opt/ros/humble/include/rclcpp/rclcpp/memory_strategy.hpp:25[m[K,
[14.815s]                  from [01m[K/opt/ros/humble/include/rclcpp/rclcpp/memory_strategies.hpp:18[m[K,
[14.816s]                  from [01m[K/opt/ros/humble/include/rclcpp/rclcpp/executor_options.hpp:20[m[K,
[14.816s]                  from [01m[K/opt/ros/humble/include/rclcpp/rclcpp/executor.hpp:37[m[K,
[14.816s]                  from [01m[K/opt/ros/humble/include/rclcpp/rclcpp/executors/multi_threaded_executor.hpp:25[m[K,
[14.816s]                  from [01m[K/opt/ros/humble/include/rclcpp/rclcpp/executors.hpp:21[m[K,
[14.816s]                  from [01m[K/opt/ros/humble/include/rclcpp/rclcpp/rclcpp.hpp:155[m[K,
[14.816s]                  from [01m[K/opt/ros/humble/include/nav2_util/costmap.hpp:21[m[K,
[14.816s]                  from [01m[K/home/andrea/tesi/ros2_mapf_cbs/project_1/src/my_nav2_planner/src/my_planner_server.cpp:29[m[K:
[14.816s] [01m[K/home/andrea/tesi/ros2_mapf_cbs/project_1/src/my_nav2_planner/src/my_planner_server.cpp:90:5:[m[K [01;31m[Kerror: [m[Kâ€˜[01m[Kget_logger[m[Kâ€™ was not declared in this scope; did you mean â€˜[01m[Krclcpp::get_logger[m[Kâ€™?
[14.816s]    90 |     [01;31m[Kget_logger[m[K(), "Costmap size: %d,%d",
[14.816s]       |     [01;31m[K^~~~~~~~~~[m[K
[14.816s] In file included from [01m[K/opt/ros/humble/include/rclcpp/rclcpp/logging.hpp:23[m[K,
[14.816s]                  from [01m[K/opt/ros/humble/include/rclcpp/rclcpp/client.hpp:40[m[K,
[14.816s]                  from [01m[K/opt/ros/humble/include/rclcpp/rclcpp/callback_group.hpp:24[m[K,
[14.816s]                  from [01m[K/opt/ros/humble/include/rclcpp/rclcpp/any_executable.hpp:20[m[K,
[14.816s]                  from [01m[K/opt/ros/humble/include/rclcpp/rclcpp/memory_strategy.hpp:25[m[K,
[14.816s]                  from [01m[K/opt/ros/humble/include/rclcpp/rclcpp/memory_strategies.hpp:18[m[K,
[14.816s]                  from [01m[K/opt/ros/humble/include/rclcpp/rclcpp/executor_options.hpp:20[m[K,
[14.816s]                  from [01m[K/opt/ros/humble/include/rclcpp/rclcpp/executor.hpp:37[m[K,
[14.816s]                  from [01m[K/opt/ros/humble/include/rclcpp/rclcpp/executors/multi_threaded_executor.hpp:25[m[K,
[14.816s]                  from [01m[K/opt/ros/humble/include/rclcpp/rclcpp/executors.hpp:21[m[K,
[14.816s]                  from [01m[K/opt/ros/humble/include/rclcpp/rclcpp/rclcpp.hpp:155[m[K,
[14.816s]                  from [01m[K/opt/ros/humble/include/nav2_util/costmap.hpp:21[m[K,
[14.816s]                  from [01m[K/home/andrea/tesi/ros2_mapf_cbs/project_1/src/my_nav2_planner/src/my_planner_server.cpp:29[m[K:
[14.816s] [01m[K/opt/ros/humble/include/rclcpp/rclcpp/logger.hpp:106:17:[m[K [01;36m[Knote: [m[Kâ€˜[01m[Krclcpp::get_logger[m[Kâ€™ declared here
[14.816s]   106 |   friend Logger [01;36m[Krclcpp[m[K::get_logger(const std::string & name);
[14.817s]       |                 [01;36m[K^~~~~~[m[K
[14.817s] In file included from [01m[K/opt/ros/humble/include/rclcpp/rclcpp/client.hpp:40[m[K,
[14.817s]                  from [01m[K/opt/ros/humble/include/rclcpp/rclcpp/callback_group.hpp:24[m[K,
[14.817s]                  from [01m[K/opt/ros/humble/include/rclcpp/rclcpp/any_executable.hpp:20[m[K,
[14.817s]                  from [01m[K/opt/ros/humble/include/rclcpp/rclcpp/memory_strategy.hpp:25[m[K,
[14.817s]                  from [01m[K/opt/ros/humble/include/rclcpp/rclcpp/memory_strategies.hpp:18[m[K,
[14.817s]                  from [01m[K/opt/ros/humble/include/rclcpp/rclcpp/executor_options.hpp:20[m[K,
[14.817s]                  from [01m[K/opt/ros/humble/include/rclcpp/rclcpp/executor.hpp:37[m[K,
[14.817s]                  from [01m[K/opt/ros/humble/include/rclcpp/rclcpp/executors/multi_threaded_executor.hpp:25[m[K,
[14.817s]                  from [01m[K/opt/ros/humble/include/rclcpp/rclcpp/executors.hpp:21[m[K,
[14.817s]                  from [01m[K/opt/ros/humble/include/rclcpp/rclcpp/rclcpp.hpp:155[m[K,
[14.817s]                  from [01m[K/opt/ros/humble/include/nav2_util/costmap.hpp:21[m[K,
[14.817s]                  from [01m[K/home/andrea/tesi/ros2_mapf_cbs/project_1/src/my_nav2_planner/src/my_planner_server.cpp:29[m[K:
[14.817s] [01m[K/home/andrea/tesi/ros2_mapf_cbs/project_1/src/my_nav2_planner/src/my_planner_server.cpp:89:3:[m[K [01;31m[Kerror: [m[Ktemplate argument 1 is invalid
[14.817s]    89 |   [01;31m[KRCLCPP_DEBUG[m[K(
[14.817s]       |   [01;31m[K^~~~~~~~~~~~[m[K
[14.818s] [01m[K/home/andrea/tesi/ros2_mapf_cbs/project_1/src/my_nav2_planner/src/my_planner_server.cpp:89:3:[m[K [01;31m[Kerror: [m[Kâ€˜[01m[K<declaration error>[m[Kâ€™ is not a template [[01;31m[K]8;;https://gcc.gnu.org/onlinedocs/gcc/Warning-Options.html#index-fpermissive-fpermissive]8;;[m[K]
[14.818s]    89 |   [01;31m[KRCLCPP_DEBUG[m[K(
[14.818s]       |   [01;31m[K^~~~~~~~~~~~[m[K
[14.818s] [01m[K/home/andrea/tesi/ros2_mapf_cbs/project_1/src/my_nav2_planner/src/my_planner_server.cpp:89:3:[m[K [01;31m[Kerror: [m[Ktemplate argument 1 is invalid
[14.818s]    89 |   [01;31m[KRCLCPP_DEBUG[m[K(
[14.818s]       |   [01;31m[K^~~~~~~~~~~~[m[K
[14.818s] [01m[K/home/andrea/tesi/ros2_mapf_cbs/project_1/src/my_nav2_planner/src/my_planner_server.cpp:89:3:[m[K [01;31m[Kerror: [m[Kâ€˜[01m[K<declaration error>[m[Kâ€™ is not a template [[01;31m[K]8;;https://gcc.gnu.org/onlinedocs/gcc/Warning-Options.html#index-fpermissive-fpermissive]8;;[m[K]
[14.818s]    89 |   [01;31m[KRCLCPP_DEBUG[m[K(
[14.818s]       |   [01;31m[K^~~~~~~~~~~~[m[K
[14.818s] [01m[K/home/andrea/tesi/ros2_mapf_cbs/project_1/src/my_nav2_planner/src/my_planner_server.cpp:89:3:[m[K [01;31m[Kerror: [m[Ktemplate argument 1 is invalid
[14.818s]    89 |   [01;31m[KRCLCPP_DEBUG[m[K(
[14.818s]       |   [01;31m[K^~~~~~~~~~~~[m[K
[14.820s] [01m[K/home/andrea/tesi/ros2_mapf_cbs/project_1/src/my_nav2_planner/src/my_planner_server.cpp:93:3:[m[K [01;31m[Kerror: [m[Kâ€˜[01m[Ktf_[m[Kâ€™ was not declared in this scope; did you mean â€˜[01m[Ktf2[m[Kâ€™?
[14.820s]    93 |   [01;31m[Ktf_[m[K = costmap_ros_->getTfBuffer();
[14.820s]       |   [01;31m[K^~~[m[K
[14.820s]       |   [32m[Ktf2[m[K
[14.827s] [01m[K/home/andrea/tesi/ros2_mapf_cbs/project_1/src/my_nav2_planner/src/my_planner_server.cpp:95:3:[m[K [01;31m[Kerror: [m[Kâ€˜[01m[Kplanner_types_[m[Kâ€™ was not declared in this scope
[14.827s]    95 |   [01;31m[Kplanner_types_[m[K.resize(planner_ids_.size());
[14.827s]       |   [01;31m[K^~~~~~~~~~~~~~[m[K
[14.833s] [01m[K/home/andrea/tesi/ros2_mapf_cbs/project_1/src/my_nav2_planner/src/my_planner_server.cpp:95:25:[m[K [01;31m[Kerror: [m[Kâ€˜[01m[Kplanner_ids_[m[Kâ€™ was not declared in this scope
[14.833s]    95 |   planner_types_.resize([01;31m[Kplanner_ids_[m[K.size());
[14.834s]       |                         [01;31m[K^~~~~~~~~~~~[m[K
[14.842s] [01m[K/home/andrea/tesi/ros2_mapf_cbs/project_1/src/my_nav2_planner/src/my_planner_server.cpp:97:15:[m[K [01;31m[Kerror: [m[Kâ€˜[01m[Kshared_from_this[m[Kâ€™ was not declared in this scope
[14.842s]    97 |   auto node = [01;31m[Kshared_from_this[m[K();
[14.842s]       |               [01;31m[K^~~~~~~~~~~~~~~~[m[K
[14.848s] [01m[K/home/andrea/tesi/ros2_mapf_cbs/project_1/src/my_nav2_planner/src/my_planner_server.cpp:104:9:[m[K [01;31m[Kerror: [m[Kâ€˜[01m[Kgp_loader_[m[Kâ€™ was not declared in this scope
[14.848s]   104 |         [01;31m[Kgp_loader_[m[K.createUniqueInstance(planner_types_[i]);
[14.848s]       |         [01;31m[K^~~~~~~~~~[m[K
[14.849s] In file included from [01m[K/opt/ros/humble/include/rclcpp/rclcpp/client.hpp:40[m[K,
[14.849s]                  from [01m[K/opt/ros/humble/include/rclcpp/rclcpp/callback_group.hpp:24[m[K,
[14.850s]                  from [01m[K/opt/ros/humble/include/rclcpp/rclcpp/any_executable.hpp:20[m[K,
[14.850s]                  from [01m[K/opt/ros/humble/include/rclcpp/rclcpp/memory_strategy.hpp:25[m[K,
[14.850s]                  from [01m[K/opt/ros/humble/include/rclcpp/rclcpp/memory_strategies.hpp:18[m[K,
[14.850s]                  from [01m[K/opt/ros/humble/include/rclcpp/rclcpp/executor_options.hpp:20[m[K,
[14.850s]                  from [01m[K/opt/ros/humble/include/rclcpp/rclcpp/executor.hpp:37[m[K,
[14.850s]                  from [01m[K/opt/ros/humble/include/rclcpp/rclcpp/executors/multi_threaded_executor.hpp:25[m[K,
[14.850s]                  from [01m[K/opt/ros/humble/include/rclcpp/rclcpp/executors.hpp:21[m[K,
[14.850s]                  from [01m[K/opt/ros/humble/include/rclcpp/rclcpp/rclcpp.hpp:155[m[K,
[14.850s]                  from [01m[K/opt/ros/humble/include/nav2_util/costmap.hpp:21[m[K,
[14.850s]                  from [01m[K/home/andrea/tesi/ros2_mapf_cbs/project_1/src/my_nav2_planner/src/my_planner_server.cpp:29[m[K:
[14.850s] [01m[K/home/andrea/tesi/ros2_mapf_cbs/project_1/src/my_nav2_planner/src/my_planner_server.cpp:106:9:[m[K [01;31m[Kerror: [m[Kâ€˜[01m[Kget_logger[m[Kâ€™ was not declared in this scope; did you mean â€˜[01m[Krclcpp::get_logger[m[Kâ€™?
[14.850s]   106 |         [01;31m[Kget_logger[m[K(), "Created global planner plugin %s of type %s",
[14.850s]       |         [01;31m[K^~~~~~~~~~[m[K
[14.850s] In file included from [01m[K/opt/ros/humble/include/rclcpp/rclcpp/logging.hpp:23[m[K,
[14.850s]                  from [01m[K/opt/ros/humble/include/rclcpp/rclcpp/client.hpp:40[m[K,
[14.850s]                  from [01m[K/opt/ros/humble/include/rclcpp/rclcpp/callback_group.hpp:24[m[K,
[14.850s]                  from [01m[K/opt/ros/humble/include/rclcpp/rclcpp/any_executable.hpp:20[m[K,
[14.850s]                  from [01m[K/opt/ros/humble/include/rclcpp/rclcpp/memory_strategy.hpp:25[m[K,
[14.850s]                  from [01m[K/opt/ros/humble/include/rclcpp/rclcpp/memory_strategies.hpp:18[m[K,
[14.850s]                  from [01m[K/opt/ros/humble/include/rclcpp/rclcpp/executor_options.hpp:20[m[K,
[14.850s]                  from [01m[K/opt/ros/humble/include/rclcpp/rclcpp/executor.hpp:37[m[K,
[14.850s]                  from [01m[K/opt/ros/humble/include/rclcpp/rclcpp/executors/multi_threaded_executor.hpp:25[m[K,
[14.850s]                  from [01m[K/opt/ros/humble/include/rclcpp/rclcpp/executors.hpp:21[m[K,
[14.851s]                  from [01m[K/opt/ros/humble/include/rclcpp/rclcpp/rclcpp.hpp:155[m[K,
[14.851s]                  from [01m[K/opt/ros/humble/include/nav2_util/costmap.hpp:21[m[K,
[14.851s]                  from [01m[K/home/andrea/tesi/ros2_mapf_cbs/project_1/src/my_nav2_planner/src/my_planner_server.cpp:29[m[K:
[14.851s] [01m[K/opt/ros/humble/include/rclcpp/rclcpp/logger.hpp:106:17:[m[K [01;36m[Knote: [m[Kâ€˜[01m[Krclcpp::get_logger[m[Kâ€™ declared here
[14.851s]   106 |   friend Logger [01;36m[Krclcpp[m[K::get_logger(const std::string & name);
[14.851s]       |                 [01;36m[K^~~~~~[m[K
[14.851s] In file included from [01m[K/opt/ros/humble/include/rclcpp/rclcpp/client.hpp:40[m[K,
[14.851s]                  from [01m[K/opt/ros/humble/include/rclcpp/rclcpp/callback_group.hpp:24[m[K,
[14.851s]                  from [01m[K/opt/ros/humble/include/rclcpp/rclcpp/any_executable.hpp:20[m[K,
[14.851s]                  from [01m[K/opt/ros/humble/include/rclcpp/rclcpp/memory_strategy.hpp:25[m[K,
[14.851s]                  from [01m[K/opt/ros/humble/include/rclcpp/rclcpp/memory_strategies.hpp:18[m[K,
[14.851s]                  from [01m[K/opt/ros/humble/include/rclcpp/rclcpp/executor_options.hpp:20[m[K,
[14.851s]                  from [01m[K/opt/ros/humble/include/rclcpp/rclcpp/executor.hpp:37[m[K,
[14.851s]                  from [01m[K/opt/ros/humble/include/rclcpp/rclcpp/executors/multi_threaded_executor.hpp:25[m[K,
[14.851s]                  from [01m[K/opt/ros/humble/include/rclcpp/rclcpp/executors.hpp:21[m[K,
[14.851s]                  from [01m[K/opt/ros/humble/include/rclcpp/rclcpp/rclcpp.hpp:155[m[K,
[14.852s]                  from [01m[K/opt/ros/humble/include/nav2_util/costmap.hpp:21[m[K,
[14.852s]                  from [01m[K/home/andrea/tesi/ros2_mapf_cbs/project_1/src/my_nav2_planner/src/my_planner_server.cpp:29[m[K:
[14.852s] [01m[K/home/andrea/tesi/ros2_mapf_cbs/project_1/src/my_nav2_planner/src/my_planner_server.cpp:105:7:[m[K [01;31m[Kerror: [m[Ktemplate argument 1 is invalid
[14.852s]   105 |       [01;31m[KRCLCPP_INFO[m[K(
[14.852s]       |       [01;31m[K^~~~~~~~~~~[m[K
[14.852s] [01m[K/home/andrea/tesi/ros2_mapf_cbs/project_1/src/my_nav2_planner/src/my_planner_server.cpp:105:7:[m[K [01;31m[Kerror: [m[Kâ€˜[01m[K<declaration error>[m[Kâ€™ is not a template [[01;31m[K]8;;https://gcc.gnu.org/onlinedocs/gcc/Warning-Options.html#index-fpermissive-fpermissive]8;;[m[K]
[14.852s]   105 |       [01;31m[KRCLCPP_INFO[m[K(
[14.852s]       |       [01;31m[K^~~~~~~~~~~[m[K
[14.852s] [01m[K/home/andrea/tesi/ros2_mapf_cbs/project_1/src/my_nav2_planner/src/my_planner_server.cpp:105:7:[m[K [01;31m[Kerror: [m[Ktemplate argument 1 is invalid
[14.852s]   105 |       [01;31m[KRCLCPP_INFO[m[K(
[14.852s]       |       [01;31m[K^~~~~~~~~~~[m[K
[14.852s] [01m[K/home/andrea/tesi/ros2_mapf_cbs/project_1/src/my_nav2_planner/src/my_planner_server.cpp:105:7:[m[K [01;31m[Kerror: [m[Kâ€˜[01m[K<declaration error>[m[Kâ€™ is not a template [[01;31m[K]8;;https://gcc.gnu.org/onlinedocs/gcc/Warning-Options.html#index-fpermissive-fpermissive]8;;[m[K]
[14.852s]   105 |       [01;31m[KRCLCPP_INFO[m[K(
[14.852s]       |       [01;31m[K^~~~~~~~~~~[m[K
[14.852s] [01m[K/home/andrea/tesi/ros2_mapf_cbs/project_1/src/my_nav2_planner/src/my_planner_server.cpp:105:7:[m[K [01;31m[Kerror: [m[Ktemplate argument 1 is invalid
[14.852s]   105 |       [01;31m[KRCLCPP_INFO[m[K(
[14.852s]       |       [01;31m[K^~~~~~~~~~~[m[K
[14.856s] [01m[K/home/andrea/tesi/ros2_mapf_cbs/project_1/src/my_nav2_planner/src/my_planner_server.cpp:109:7:[m[K [01;31m[Kerror: [m[Kâ€˜[01m[Kplanners_[m[Kâ€™ was not declared in this scope; did you mean â€˜[01m[Kplanner[m[Kâ€™?
[14.856s]   109 |       [01;31m[Kplanners_[m[K.insert({planner_ids_[i], planner});
[14.857s]       |       [01;31m[K^~~~~~~~~[m[K
[14.857s]       |       [32m[Kplanner[m[K
[14.858s] In file included from [01m[K/opt/ros/humble/include/rclcpp/rclcpp/client.hpp:40[m[K,
[14.858s]                  from [01m[K/opt/ros/humble/include/rclcpp/rclcpp/callback_group.hpp:24[m[K,
[14.858s]                  from [01m[K/opt/ros/humble/include/rclcpp/rclcpp/any_executable.hpp:20[m[K,
[14.858s]                  from [01m[K/opt/ros/humble/include/rclcpp/rclcpp/memory_strategy.hpp:25[m[K,
[14.858s]                  from [01m[K/opt/ros/humble/include/rclcpp/rclcpp/memory_strategies.hpp:18[m[K,
[14.858s]                  from [01m[K/opt/ros/humble/include/rclcpp/rclcpp/executor_options.hpp:20[m[K,
[14.858s]                  from [01m[K/opt/ros/humble/include/rclcpp/rclcpp/executor.hpp:37[m[K,
[14.858s]                  from [01m[K/opt/ros/humble/include/rclcpp/rclcpp/executors/multi_threaded_executor.hpp:25[m[K,
[14.858s]                  from [01m[K/opt/ros/humble/include/rclcpp/rclcpp/executors.hpp:21[m[K,
[14.858s]                  from [01m[K/opt/ros/humble/include/rclcpp/rclcpp/rclcpp.hpp:155[m[K,
[14.858s]                  from [01m[K/opt/ros/humble/include/nav2_util/costmap.hpp:21[m[K,
[14.858s]                  from [01m[K/home/andrea/tesi/ros2_mapf_cbs/project_1/src/my_nav2_planner/src/my_planner_server.cpp:29[m[K:
[14.859s] [01m[K/home/andrea/tesi/ros2_mapf_cbs/project_1/src/my_nav2_planner/src/my_planner_server.cpp:112:9:[m[K [01;31m[Kerror: [m[Kâ€˜[01m[Kget_logger[m[Kâ€™ was not declared in this scope; did you mean â€˜[01m[Krclcpp::get_logger[m[Kâ€™?
[14.859s]   112 |         [01;31m[Kget_logger[m[K(), "Failed to create global planner. Exception: %s",
[14.859s]       |         [01;31m[K^~~~~~~~~~[m[K
[14.859s] In file included from [01m[K/opt/ros/humble/include/rclcpp/rclcpp/logging.hpp:23[m[K,
[14.859s]                  from [01m[K/opt/ros/humble/include/rclcpp/rclcpp/client.hpp:40[m[K,
[14.859s]                  from [01m[K/opt/ros/humble/include/rclcpp/rclcpp/callback_group.hpp:24[m[K,
[14.859s]                  from [01m[K/opt/ros/humble/include/rclcpp/rclcpp/any_executable.hpp:20[m[K,
[14.859s]                  from [01m[K/opt/ros/humble/include/rclcpp/rclcpp/memory_strategy.hpp:25[m[K,
[14.859s]                  from [01m[K/opt/ros/humble/include/rclcpp/rclcpp/memory_strategies.hpp:18[m[K,
[14.859s]                  from [01m[K/opt/ros/humble/include/rclcpp/rclcpp/executor_options.hpp:20[m[K,
[14.859s]                  from [01m[K/opt/ros/humble/include/rclcpp/rclcpp/executor.hpp:37[m[K,
[14.859s]                  from [01m[K/opt/ros/humble/include/rclcpp/rclcpp/executors/multi_threaded_executor.hpp:25[m[K,
[14.859s]                  from [01m[K/opt/ros/humble/include/rclcpp/rclcpp/executors.hpp:21[m[K,
[14.859s]                  from [01m[K/opt/ros/humble/include/rclcpp/rclcpp/rclcpp.hpp:155[m[K,
[14.860s]                  from [01m[K/opt/ros/humble/include/nav2_util/costmap.hpp:21[m[K,
[14.860s]                  from [01m[K/home/andrea/tesi/ros2_mapf_cbs/project_1/src/my_nav2_planner/src/my_planner_server.cpp:29[m[K:
[14.860s] [01m[K/opt/ros/humble/include/rclcpp/rclcpp/logger.hpp:106:17:[m[K [01;36m[Knote: [m[Kâ€˜[01m[Krclcpp::get_logger[m[Kâ€™ declared here
[14.860s]   106 |   friend Logger [01;36m[Krclcpp[m[K::get_logger(const std::string & name);
[14.860s]       |                 [01;36m[K^~~~~~[m[K
[14.860s] In file included from [01m[K/opt/ros/humble/include/rclcpp/rclcpp/client.hpp:40[m[K,
[14.860s]                  from [01m[K/opt/ros/humble/include/rclcpp/rclcpp/callback_group.hpp:24[m[K,
[14.860s]                  from [01m[K/opt/ros/humble/include/rclcpp/rclcpp/any_executable.hpp:20[m[K,
[14.860s]                  from [01m[K/opt/ros/humble/include/rclcpp/rclcpp/memory_strategy.hpp:25[m[K,
[14.860s]                  from [01m[K/opt/ros/humble/include/rclcpp/rclcpp/memory_strategies.hpp:18[m[K,
[14.860s]                  from [01m[K/opt/ros/humble/include/rclcpp/rclcpp/executor_options.hpp:20[m[K,
[14.860s]                  from [01m[K/opt/ros/humble/include/rclcpp/rclcpp/executor.hpp:37[m[K,
[14.860s]                  from [01m[K/opt/ros/humble/include/rclcpp/rclcpp/executors/multi_threaded_executor.hpp:25[m[K,
[14.860s]                  from [01m[K/opt/ros/humble/include/rclcpp/rclcpp/executors.hpp:21[m[K,
[14.861s]                  from [01m[K/opt/ros/humble/include/rclcpp/rclcpp/rclcpp.hpp:155[m[K,
[14.861s]                  from [01m[K/opt/ros/humble/include/nav2_util/costmap.hpp:21[m[K,
[14.861s]                  from [01m[K/home/andrea/tesi/ros2_mapf_cbs/project_1/src/my_nav2_planner/src/my_planner_server.cpp:29[m[K:
[14.861s] [01m[K/home/andrea/tesi/ros2_mapf_cbs/project_1/src/my_nav2_planner/src/my_planner_server.cpp:111:7:[m[K [01;31m[Kerror: [m[Ktemplate argument 1 is invalid
[14.861s]   111 |       [01;31m[KRCLCPP_FATAL[m[K(
[14.861s]       |       [01;31m[K^~~~~~~~~~~~[m[K
[14.861s] [01m[K/home/andrea/tesi/ros2_mapf_cbs/project_1/src/my_nav2_planner/src/my_planner_server.cpp:111:7:[m[K [01;31m[Kerror: [m[Kâ€˜[01m[K<declaration error>[m[Kâ€™ is not a template [[01;31m[K]8;;https://gcc.gnu.org/onlinedocs/gcc/Warning-Options.html#index-fpermissive-fpermissive]8;;[m[K]
[14.861s]   111 |       [01;31m[KRCLCPP_FATAL[m[K(
[14.861s]       |       [01;31m[K^~~~~~~~~~~~[m[K
[14.861s] [01m[K/home/andrea/tesi/ros2_mapf_cbs/project_1/src/my_nav2_planner/src/my_planner_server.cpp:111:7:[m[K [01;31m[Kerror: [m[Ktemplate argument 1 is invalid
[14.861s]   111 |       [01;31m[KRCLCPP_FATAL[m[K(
[14.861s]       |       [01;31m[K^~~~~~~~~~~~[m[K
[14.861s] [01m[K/home/andrea/tesi/ros2_mapf_cbs/project_1/src/my_nav2_planner/src/my_planner_server.cpp:111:7:[m[K [01;31m[Kerror: [m[Kâ€˜[01m[K<declaration error>[m[Kâ€™ is not a template [[01;31m[K]8;;https://gcc.gnu.org/onlinedocs/gcc/Warning-Options.html#index-fpermissive-fpermissive]8;;[m[K]
[14.861s]   111 |       [01;31m[KRCLCPP_FATAL[m[K(
[14.862s]       |       [01;31m[K^~~~~~~~~~~~[m[K
[14.862s] [01m[K/home/andrea/tesi/ros2_mapf_cbs/project_1/src/my_nav2_planner/src/my_planner_server.cpp:111:7:[m[K [01;31m[Kerror: [m[Ktemplate argument 1 is invalid
[14.862s]   111 |       [01;31m[KRCLCPP_FATAL[m[K(
[14.862s]       |       [01;31m[K^~~~~~~~~~~~[m[K
[14.864s] [01m[K/home/andrea/tesi/ros2_mapf_cbs/project_1/src/my_nav2_planner/src/my_planner_server.cpp:119:5:[m[K [01;31m[Kerror: [m[Kâ€˜[01m[Kplanner_ids_concat_[m[Kâ€™ was not declared in this scope
[14.865s]   119 |     [01;31m[Kplanner_ids_concat_[m[K += planner_ids_[i] + std::string(" ");
[14.865s]       |     [01;31m[K^~~~~~~~~~~~~~~~~~~[m[K
[14.867s] In file included from [01m[K/opt/ros/humble/include/rclcpp/rclcpp/client.hpp:40[m[K,
[14.867s]                  from [01m[K/opt/ros/humble/include/rclcpp/rclcpp/callback_group.hpp:24[m[K,
[14.867s]                  from [01m[K/opt/ros/humble/include/rclcpp/rclcpp/any_executable.hpp:20[m[K,
[14.867s]                  from [01m[K/opt/ros/humble/include/rclcpp/rclcpp/memory_strategy.hpp:25[m[K,
[14.867s]                  from [01m[K/opt/ros/humble/include/rclcpp/rclcpp/memory_strategies.hpp:18[m[K,
[14.867s]                  from [01m[K/opt/ros/humble/include/rclcpp/rclcpp/executor_options.hpp:20[m[K,
[14.868s]                  from [01m[K/opt/ros/humble/include/rclcpp/rclcpp/executor.hpp:37[m[K,
[14.868s]                  from [01m[K/opt/ros/humble/include/rclcpp/rclcpp/executors/multi_threaded_executor.hpp:25[m[K,
[14.868s]                  from [01m[K/opt/ros/humble/include/rclcpp/rclcpp/executors.hpp:21[m[K,
[14.868s]                  from [01m[K/opt/ros/humble/include/rclcpp/rclcpp/rclcpp.hpp:155[m[K,
[14.868s]                  from [01m[K/opt/ros/humble/include/nav2_util/costmap.hpp:21[m[K,
[14.868s]                  from [01m[K/home/andrea/tesi/ros2_mapf_cbs/project_1/src/my_nav2_planner/src/my_planner_server.cpp:29[m[K:
[14.868s] [01m[K/home/andrea/tesi/ros2_mapf_cbs/project_1/src/my_nav2_planner/src/my_planner_server.cpp:123:5:[m[K [01;31m[Kerror: [m[Kâ€˜[01m[Kget_logger[m[Kâ€™ was not declared in this scope; did you mean â€˜[01m[Krclcpp::get_logger[m[Kâ€™?
[14.868s]   123 |     [01;31m[Kget_logger[m[K(),
[14.868s]       |     [01;31m[K^~~~~~~~~~[m[K
[14.868s] In file included from [01m[K/opt/ros/humble/include/rclcpp/rclcpp/logging.hpp:23[m[K,
[14.868s]                  from [01m[K/opt/ros/humble/include/rclcpp/rclcpp/client.hpp:40[m[K,
[14.868s]                  from [01m[K/opt/ros/humble/include/rclcpp/rclcpp/callback_group.hpp:24[m[K,
[14.868s]                  from [01m[K/opt/ros/humble/include/rclcpp/rclcpp/any_executable.hpp:20[m[K,
[14.868s]                  from [01m[K/opt/ros/humble/include/rclcpp/rclcpp/memory_strategy.hpp:25[m[K,
[14.869s]                  from [01m[K/opt/ros/humble/include/rclcpp/rclcpp/memory_strategies.hpp:18[m[K,
[14.869s]                  from [01m[K/opt/ros/humble/include/rclcpp/rclcpp/executor_options.hpp:20[m[K,
[14.869s]                  from [01m[K/opt/ros/humble/include/rclcpp/rclcpp/executor.hpp:37[m[K,
[14.869s]                  from [01m[K/opt/ros/humble/include/rclcpp/rclcpp/executors/multi_threaded_executor.hpp:25[m[K,
[14.869s]                  from [01m[K/opt/ros/humble/include/rclcpp/rclcpp/executors.hpp:21[m[K,
[14.869s]                  from [01m[K/opt/ros/humble/include/rclcpp/rclcpp/rclcpp.hpp:155[m[K,
[14.869s]                  from [01m[K/opt/ros/humble/include/nav2_util/costmap.hpp:21[m[K,
[14.869s]                  from [01m[K/home/andrea/tesi/ros2_mapf_cbs/project_1/src/my_nav2_planner/src/my_planner_server.cpp:29[m[K:
[14.869s] [01m[K/opt/ros/humble/include/rclcpp/rclcpp/logger.hpp:106:17:[m[K [01;36m[Knote: [m[Kâ€˜[01m[Krclcpp::get_logger[m[Kâ€™ declared here
[14.869s]   106 |   friend Logger [01;36m[Krclcpp[m[K::get_logger(const std::string & name);
[14.869s]       |                 [01;36m[K^~~~~~[m[K
[14.869s] In file included from [01m[K/opt/ros/humble/include/rclcpp/rclcpp/client.hpp:40[m[K,
[14.869s]                  from [01m[K/opt/ros/humble/include/rclcpp/rclcpp/callback_group.hpp:24[m[K,
[14.869s]                  from [01m[K/opt/ros/humble/include/rclcpp/rclcpp/any_executable.hpp:20[m[K,
[14.869s]                  from [01m[K/opt/ros/humble/include/rclcpp/rclcpp/memory_strategy.hpp:25[m[K,
[14.870s]                  from [01m[K/opt/ros/humble/include/rclcpp/rclcpp/memory_strategies.hpp:18[m[K,
[14.870s]                  from [01m[K/opt/ros/humble/include/rclcpp/rclcpp/executor_options.hpp:20[m[K,
[14.870s]                  from [01m[K/opt/ros/humble/include/rclcpp/rclcpp/executor.hpp:37[m[K,
[14.870s]                  from [01m[K/opt/ros/humble/include/rclcpp/rclcpp/executors/multi_threaded_executor.hpp:25[m[K,
[14.870s]                  from [01m[K/opt/ros/humble/include/rclcpp/rclcpp/executors.hpp:21[m[K,
[14.870s]                  from [01m[K/opt/ros/humble/include/rclcpp/rclcpp/rclcpp.hpp:155[m[K,
[14.870s]                  from [01m[K/opt/ros/humble/include/nav2_util/costmap.hpp:21[m[K,
[14.870s]                  from [01m[K/home/andrea/tesi/ros2_mapf_cbs/project_1/src/my_nav2_planner/src/my_planner_server.cpp:29[m[K:
[14.870s] [01m[K/home/andrea/tesi/ros2_mapf_cbs/project_1/src/my_nav2_planner/src/my_planner_server.cpp:122:3:[m[K [01;31m[Kerror: [m[Ktemplate argument 1 is invalid
[14.870s]   122 |   [01;31m[KRCLCPP_INFO[m[K(
[14.870s]       |   [01;31m[K^~~~~~~~~~~[m[K
[14.870s] [01m[K/home/andrea/tesi/ros2_mapf_cbs/project_1/src/my_nav2_planner/src/my_planner_server.cpp:122:3:[m[K [01;31m[Kerror: [m[Kâ€˜[01m[K<declaration error>[m[Kâ€™ is not a template [[01;31m[K]8;;https://gcc.gnu.org/onlinedocs/gcc/Warning-Options.html#index-fpermissive-fpermissive]8;;[m[K]
[14.870s]   122 |   [01;31m[KRCLCPP_INFO[m[K(
[14.870s]       |   [01;31m[K^~~~~~~~~~~[m[K
[14.870s] [01m[K/home/andrea/tesi/ros2_mapf_cbs/project_1/src/my_nav2_planner/src/my_planner_server.cpp:122:3:[m[K [01;31m[Kerror: [m[Ktemplate argument 1 is invalid
[14.871s]   122 |   [01;31m[KRCLCPP_INFO[m[K(
[14.871s]       |   [01;31m[K^~~~~~~~~~~[m[K
[14.871s] [01m[K/home/andrea/tesi/ros2_mapf_cbs/project_1/src/my_nav2_planner/src/my_planner_server.cpp:122:3:[m[K [01;31m[Kerror: [m[Kâ€˜[01m[K<declaration error>[m[Kâ€™ is not a template [[01;31m[K]8;;https://gcc.gnu.org/onlinedocs/gcc/Warning-Options.html#index-fpermissive-fpermissive]8;;[m[K]
[14.871s]   122 |   [01;31m[KRCLCPP_INFO[m[K(
[14.871s]       |   [01;31m[K^~~~~~~~~~~[m[K
[14.871s] [01m[K/home/andrea/tesi/ros2_mapf_cbs/project_1/src/my_nav2_planner/src/my_planner_server.cpp:122:3:[m[K [01;31m[Kerror: [m[Ktemplate argument 1 is invalid
[14.871s]   122 |   [01;31m[KRCLCPP_INFO[m[K(
[14.871s]       |   [01;31m[K^~~~~~~~~~~[m[K
[14.874s] In file included from [01m[K/opt/ros/humble/include/rclcpp/rclcpp/logging.hpp:24[m[K,
[14.874s]                  from [01m[K/opt/ros/humble/include/rclcpp/rclcpp/client.hpp:40[m[K,
[14.874s]                  from [01m[K/opt/ros/humble/include/rclcpp/rclcpp/callback_group.hpp:24[m[K,
[14.874s]                  from [01m[K/opt/ros/humble/include/rclcpp/rclcpp/any_executable.hpp:20[m[K,
[14.874s]                  from [01m[K/opt/ros/humble/include/rclcpp/rclcpp/memory_strategy.hpp:25[m[K,
[14.874s]                  from [01m[K/opt/ros/humble/include/rclcpp/rclcpp/memory_strategies.hpp:18[m[K,
[14.874s]                  from [01m[K/opt/ros/humble/include/rclcpp/rclcpp/executor_options.hpp:20[m[K,
[14.874s]                  from [01m[K/opt/ros/humble/include/rclcpp/rclcpp/executor.hpp:37[m[K,
[14.874s]                  from [01m[K/opt/ros/humble/include/rclcpp/rclcpp/executors/multi_threaded_executor.hpp:25[m[K,
[14.874s]                  from [01m[K/opt/ros/humble/include/rclcpp/rclcpp/executors.hpp:21[m[K,
[14.874s]                  from [01m[K/opt/ros/humble/include/rclcpp/rclcpp/rclcpp.hpp:155[m[K,
[14.874s]                  from [01m[K/opt/ros/humble/include/nav2_util/costmap.hpp:21[m[K,
[14.874s]                  from [01m[K/home/andrea/tesi/ros2_mapf_cbs/project_1/src/my_nav2_planner/src/my_planner_server.cpp:29[m[K:
[14.874s] [01m[K/home/andrea/tesi/ros2_mapf_cbs/project_1/src/my_nav2_planner/src/my_planner_server.cpp:124:50:[m[K [01;31m[Kerror: [m[Kâ€˜[01m[Kplanner_ids_concat_[m[Kâ€™ was not declared in this scope
[14.874s]   124 |     "Planner Server has %s planners available.", [01;31m[Kplanner_ids_concat_[m[K.c_str());
[14.875s]       |                                                  [01;31m[K^~~~~~~~~~~~~~~~~~~[m[K
[14.879s] [01m[K/home/andrea/tesi/ros2_mapf_cbs/project_1/src/my_nav2_planner/src/my_planner_server.cpp:127:3:[m[K [01;31m[Kerror: [m[Kâ€˜[01m[Kget_parameter[m[Kâ€™ was not declared in this scope
[14.879s]   127 |   [01;31m[Kget_parameter[m[K("expected_planner_frequency", expected_planner_frequency);
[14.879s]       |   [01;31m[K^~~~~~~~~~~~~[m[K
[14.885s] [01m[K/home/andrea/tesi/ros2_mapf_cbs/project_1/src/my_nav2_planner/src/my_planner_server.cpp:129:5:[m[K [01;31m[Kerror: [m[Kâ€˜[01m[Kmax_planner_duration_[m[Kâ€™ was not declared in this scope
[14.885s]   129 |     [01;31m[Kmax_planner_duration_[m[K = 1 / expected_planner_frequency;
[14.885s]       |     [01;31m[K^~~~~~~~~~~~~~~~~~~~~[m[K
[14.886s] In file included from [01m[K/opt/ros/humble/include/rclcpp/rclcpp/client.hpp:40[m[K,
[14.886s]                  from [01m[K/opt/ros/humble/include/rclcpp/rclcpp/callback_group.hpp:24[m[K,
[14.886s]                  from [01m[K/opt/ros/humble/include/rclcpp/rclcpp/any_executable.hpp:20[m[K,
[14.886s]                  from [01m[K/opt/ros/humble/include/rclcpp/rclcpp/memory_strategy.hpp:25[m[K,
[14.886s]                  from [01m[K/opt/ros/humble/include/rclcpp/rclcpp/memory_strategies.hpp:18[m[K,
[14.886s]                  from [01m[K/opt/ros/humble/include/rclcpp/rclcpp/executor_options.hpp:20[m[K,
[14.886s]                  from [01m[K/opt/ros/humble/include/rclcpp/rclcpp/executor.hpp:37[m[K,
[14.886s]                  from [01m[K/opt/ros/humble/include/rclcpp/rclcpp/executors/multi_threaded_executor.hpp:25[m[K,
[14.886s]                  from [01m[K/opt/ros/humble/include/rclcpp/rclcpp/executors.hpp:21[m[K,
[14.886s]                  from [01m[K/opt/ros/humble/include/rclcpp/rclcpp/rclcpp.hpp:155[m[K,
[14.886s]                  from [01m[K/opt/ros/humble/include/nav2_util/costmap.hpp:21[m[K,
[14.886s]                  from [01m[K/home/andrea/tesi/ros2_mapf_cbs/project_1/src/my_nav2_planner/src/my_planner_server.cpp:29[m[K:
[14.886s] [01m[K/home/andrea/tesi/ros2_mapf_cbs/project_1/src/my_nav2_planner/src/my_planner_server.cpp:132:7:[m[K [01;31m[Kerror: [m[Kâ€˜[01m[Kget_logger[m[Kâ€™ was not declared in this scope; did you mean â€˜[01m[Krclcpp::get_logger[m[Kâ€™?
[14.886s]   132 |       [01;31m[Kget_logger[m[K(),
[14.887s]       |       [01;31m[K^~~~~~~~~~[m[K
[14.887s] In file included from [01m[K/opt/ros/humble/include/rclcpp/rclcpp/logging.hpp:23[m[K,
[14.887s]                  from [01m[K/opt/ros/humble/include/rclcpp/rclcpp/client.hpp:40[m[K,
[14.887s]                  from [01m[K/opt/ros/humble/include/rclcpp/rclcpp/callback_group.hpp:24[m[K,
[14.887s]                  from [01m[K/opt/ros/humble/include/rclcpp/rclcpp/any_executable.hpp:20[m[K,
[14.887s]                  from [01m[K/opt/ros/humble/include/rclcpp/rclcpp/memory_strategy.hpp:25[m[K,
[14.887s]                  from [01m[K/opt/ros/humble/include/rclcpp/rclcpp/memory_strategies.hpp:18[m[K,
[14.887s]                  from [01m[K/opt/ros/humble/include/rclcpp/rclcpp/executor_options.hpp:20[m[K,
[14.887s]                  from [01m[K/opt/ros/humble/include/rclcpp/rclcpp/executor.hpp:37[m[K,
[14.887s]                  from [01m[K/opt/ros/humble/include/rclcpp/rclcpp/executors/multi_threaded_executor.hpp:25[m[K,
[14.887s]                  from [01m[K/opt/ros/humble/include/rclcpp/rclcpp/executors.hpp:21[m[K,
[14.887s]                  from [01m[K/opt/ros/humble/include/rclcpp/rclcpp/rclcpp.hpp:155[m[K,
[14.887s]                  from [01m[K/opt/ros/humble/include/nav2_util/costmap.hpp:21[m[K,
[14.887s]                  from [01m[K/home/andrea/tesi/ros2_mapf_cbs/project_1/src/my_nav2_planner/src/my_planner_server.cpp:29[m[K:
[14.887s] [01m[K/opt/ros/humble/include/rclcpp/rclcpp/logger.hpp:106:17:[m[K [01;36m[Knote: [m[Kâ€˜[01m[Krclcpp::get_logger[m[Kâ€™ declared here
[14.887s]   106 |   friend Logger [01;36m[Krclcpp[m[K::get_logger(const std::string & name);
[14.887s]       |                 [01;36m[K^~~~~~[m[K
[14.887s] In file included from [01m[K/opt/ros/humble/include/rclcpp/rclcpp/client.hpp:40[m[K,
[14.887s]                  from [01m[K/opt/ros/humble/include/rclcpp/rclcpp/callback_group.hpp:24[m[K,
[14.887s]                  from [01m[K/opt/ros/humble/include/rclcpp/rclcpp/any_executable.hpp:20[m[K,
[14.887s]                  from [01m[K/opt/ros/humble/include/rclcpp/rclcpp/memory_strategy.hpp:25[m[K,
[14.887s]                  from [01m[K/opt/ros/humble/include/rclcpp/rclcpp/memory_strategies.hpp:18[m[K,
[14.887s]                  from [01m[K/opt/ros/humble/include/rclcpp/rclcpp/executor_options.hpp:20[m[K,
[14.887s]                  from [01m[K/opt/ros/humble/include/rclcpp/rclcpp/executor.hpp:37[m[K,
[14.887s]                  from [01m[K/opt/ros/humble/include/rclcpp/rclcpp/executors/multi_threaded_executor.hpp:25[m[K,
[14.887s]                  from [01m[K/opt/ros/humble/include/rclcpp/rclcpp/executors.hpp:21[m[K,
[14.887s]                  from [01m[K/opt/ros/humble/include/rclcpp/rclcpp/rclcpp.hpp:155[m[K,
[14.888s]                  from [01m[K/opt/ros/humble/include/nav2_util/costmap.hpp:21[m[K,
[14.888s]                  from [01m[K/home/andrea/tesi/ros2_mapf_cbs/project_1/src/my_nav2_planner/src/my_planner_server.cpp:29[m[K:
[14.888s] [01m[K/home/andrea/tesi/ros2_mapf_cbs/project_1/src/my_nav2_planner/src/my_planner_server.cpp:131:5:[m[K [01;31m[Kerror: [m[Ktemplate argument 1 is invalid
[14.888s]   131 |     [01;31m[KRCLCPP_WARN[m[K(
[14.888s]       |     [01;31m[K^~~~~~~~~~~[m[K
[14.888s] [01m[K/home/andrea/tesi/ros2_mapf_cbs/project_1/src/my_nav2_planner/src/my_planner_server.cpp:131:5:[m[K [01;31m[Kerror: [m[Kâ€˜[01m[K<declaration error>[m[Kâ€™ is not a template [[01;31m[K]8;;https://gcc.gnu.org/onlinedocs/gcc/Warning-Options.html#index-fpermissive-fpermissive]8;;[m[K]
[14.888s]   131 |     [01;31m[KRCLCPP_WARN[m[K(
[14.888s]       |     [01;31m[K^~~~~~~~~~~[m[K
[14.888s] [01m[K/home/andrea/tesi/ros2_mapf_cbs/project_1/src/my_nav2_planner/src/my_planner_server.cpp:131:5:[m[K [01;31m[Kerror: [m[Ktemplate argument 1 is invalid
[14.888s]   131 |     [01;31m[KRCLCPP_WARN[m[K(
[14.888s]       |     [01;31m[K^~~~~~~~~~~[m[K
[14.888s] [01m[K/home/andrea/tesi/ros2_mapf_cbs/project_1/src/my_nav2_planner/src/my_planner_server.cpp:131:5:[m[K [01;31m[Kerror: [m[Kâ€˜[01m[K<declaration error>[m[Kâ€™ is not a template [[01;31m[K]8;;https://gcc.gnu.org/onlinedocs/gcc/Warning-Options.html#index-fpermissive-fpermissive]8;;[m[K]
[14.888s]   131 |     [01;31m[KRCLCPP_WARN[m[K(
[14.888s]       |     [01;31m[K^~~~~~~~~~~[m[K
[14.888s] [01m[K/home/andrea/tesi/ros2_mapf_cbs/project_1/src/my_nav2_planner/src/my_planner_server.cpp:131:5:[m[K [01;31m[Kerror: [m[Ktemplate argument 1 is invalid
[14.888s]   131 |     [01;31m[KRCLCPP_WARN[m[K(
[14.888s]       |     [01;31m[K^~~~~~~~~~~[m[K
[14.893s] [01m[K/home/andrea/tesi/ros2_mapf_cbs/project_1/src/my_nav2_planner/src/my_planner_server.cpp:135:5:[m[K [01;31m[Kerror: [m[Kâ€˜[01m[Kmax_planner_duration_[m[Kâ€™ was not declared in this scope
[14.893s]   135 |     [01;31m[Kmax_planner_duration_[m[K = 0.0;
[14.893s]       |     [01;31m[K^~~~~~~~~~~~~~~~~~~~~[m[K
[14.897s] [01m[K/home/andrea/tesi/ros2_mapf_cbs/project_1/src/my_nav2_planner/src/my_planner_server.cpp:139:3:[m[K [01;31m[Kerror: [m[Kâ€˜[01m[Kplan_publisher_[m[Kâ€™ was not declared in this scope; did you mean â€˜[01m[Krmw_publisher_t[m[Kâ€™?
[14.897s]   139 |   [01;31m[Kplan_publisher_[m[K = create_publisher<nav_msgs::msg::Path>("plan", 1);
[14.897s]       |   [01;31m[K^~~~~~~~~~~~~~~[m[K
[14.897s]       |   [32m[Krmw_publisher_t[m[K
[14.898s] [01m[K/home/andrea/tesi/ros2_mapf_cbs/project_1/src/my_nav2_planner/src/my_planner_server.cpp:139:21:[m[K [01;31m[Kerror: [m[Kâ€˜[01m[Kcreate_publisher[m[Kâ€™ was not declared in this scope
[14.898s]   139 |   plan_publisher_ = [01;31m[Kcreate_publisher[m[K<nav_msgs::msg::Path>("plan", 1);
[14.898s]       |                     [01;31m[K^~~~~~~~~~~~~~~~[m[K
[14.898s] [01m[K/home/andrea/tesi/ros2_mapf_cbs/project_1/src/my_nav2_planner/src/my_planner_server.cpp:139:21:[m[K [01;36m[Knote: [m[Ksuggested alternatives:
[14.898s] In file included from [01m[K/opt/ros/humble/include/rclcpp/rclcpp/node_impl.hpp:41[m[K,
[14.898s]                  from [01m[K/opt/ros/humble/include/rclcpp/rclcpp/node.hpp:1321[m[K,
[14.898s]                  from [01m[K/opt/ros/humble/include/rclcpp/rclcpp/executors/single_threaded_executor.hpp:28[m[K,
[14.898s]                  from [01m[K/opt/ros/humble/include/rclcpp/rclcpp/executors.hpp:22[m[K,
[14.898s]                  from [01m[K/opt/ros/humble/include/rclcpp/rclcpp/rclcpp.hpp:155[m[K,
[14.898s]                  from [01m[K/opt/ros/humble/include/nav2_util/costmap.hpp:21[m[K,
[14.898s]                  from [01m[K/home/andrea/tesi/ros2_mapf_cbs/project_1/src/my_nav2_planner/src/my_planner_server.cpp:29[m[K:
[14.898s] [01m[K/opt/ros/humble/include/rclcpp/rclcpp/create_publisher.hpp:113:1:[m[K [01;36m[Knote: [m[K  â€˜[01m[Krclcpp::create_publisher[m[Kâ€™
[14.898s]   113 | [01;36m[Kcreate_publisher[m[K(
[14.898s]       | [01;36m[K^~~~~~~~~~~~~~~~[m[K
[14.898s] [01m[K/opt/ros/humble/include/rclcpp/rclcpp/create_publisher.hpp:46:1:[m[K [01;36m[Knote: [m[K  â€˜[01m[Krclcpp::detail::create_publisher[m[Kâ€™
[14.898s]    46 | [01;36m[Kcreate_publisher[m[K(
[14.899s]       | [01;36m[K^~~~~~~~~~~~~~~~[m[K
[14.899s] [01m[K/home/andrea/tesi/ros2_mapf_cbs/project_1/src/my_nav2_planner/src/my_planner_server.cpp:139:57:[m[K [01;31m[Kerror: [m[Kexpected primary-expression before â€˜[01m[K>[m[Kâ€™ token
[14.899s]   139 |   plan_publisher_ = create_publisher<nav_msgs::msg::Path[01;31m[K>[m[K("plan", 1);
[14.899s]       |                                                         [01;31m[K^[m[K
[14.899s] [01m[K/home/andrea/tesi/ros2_mapf_cbs/project_1/src/my_nav2_planner/src/my_planner_server.cpp:139:59:[m[K [01;31m[Kerror: [m[Kleft operand of comma operator has no effect [[01;31m[K]8;;https://gcc.gnu.org/onlinedocs/gcc/Warning-Options.html#index-Wunused-value-Werror=unused-value]8;;[m[K]
[14.899s]   139 |   plan_publisher_ = create_publisher<nav_msgs::msg::Path>([01;31m[K"plan"[m[K, 1);
[14.899s]       |                                                           [01;31m[K^~~~~~[m[K
[14.904s] [01m[K/home/andrea/tesi/ros2_mapf_cbs/project_1/src/my_nav2_planner/src/my_planner_server.cpp:142:3:[m[K [01;31m[Kerror: [m[Kâ€˜[01m[Kaction_server_pose_[m[Kâ€™ was not declared in this scope
[14.904s]   142 |   [01;31m[Kaction_server_pose_[m[K = std::make_unique<ActionServerToPose>(
[14.904s]       |   [01;31m[K^~~~~~~~~~~~~~~~~~~[m[K
[14.910s] [01m[K/home/andrea/tesi/ros2_mapf_cbs/project_1/src/my_nav2_planner/src/my_planner_server.cpp:142:42:[m[K [01;31m[Kerror: [m[Kâ€˜[01m[KActionServerToPose[m[Kâ€™ was not declared in this scope
[14.910s]   142 |   action_server_pose_ = std::make_unique<[01;31m[KActionServerToPose[m[K>(
[14.910s]       |                                          [01;31m[K^~~~~~~~~~~~~~~~~~[m[K
[14.910s] [01m[K/home/andrea/tesi/ros2_mapf_cbs/project_1/src/my_nav2_planner/src/my_planner_server.cpp:145:16:[m[K [01;31m[Kerror: [m[Kâ€˜[01m[KMyPlannerServer[m[Kâ€™ has not been declared
[14.910s]   145 |     std::bind(&[01;31m[KMyPlannerServer[m[K::computePlan, this),
[14.910s]       |                [01;31m[K^~~~~~~~~~~~~~~[m[K
[14.910s] [01m[K/home/andrea/tesi/ros2_mapf_cbs/project_1/src/my_nav2_planner/src/my_planner_server.cpp:145:46:[m[K [01;31m[Kerror: [m[Kinvalid use of â€˜[01m[Kthis[m[Kâ€™ in non-member function
[14.910s]   145 |     std::bind(&MyPlannerServer::computePlan, [01;31m[Kthis[m[K),
[14.910s]       |                                              [01;31m[K^~~~[m[K
[14.915s] [01m[K/home/andrea/tesi/ros2_mapf_cbs/project_1/src/my_nav2_planner/src/my_planner_server.cpp:150:3:[m[K [01;31m[Kerror: [m[Kâ€˜[01m[Kaction_server_poses_[m[Kâ€™ was not declared in this scope
[14.915s]   150 |   [01;31m[Kaction_server_poses_[m[K = std::make_unique<ActionServerThroughPoses>(
[14.916s]       |   [01;31m[K^~~~~~~~~~~~~~~~~~~~[m[K
[14.923s] [01m[K/home/andrea/tesi/ros2_mapf_cbs/project_1/src/my_nav2_planner/src/my_planner_server.cpp:150:43:[m[K [01;31m[Kerror: [m[Kâ€˜[01m[KActionServerThroughPoses[m[Kâ€™ was not declared in this scope
[14.923s]   150 |   action_server_poses_ = std::make_unique<[01;31m[KActionServerThroughPoses[m[K>(
[14.923s]       |                                           [01;31m[K^~~~~~~~~~~~~~~~~~~~~~~~[m[K
[14.923s] [01m[K/home/andrea/tesi/ros2_mapf_cbs/project_1/src/my_nav2_planner/src/my_planner_server.cpp:153:16:[m[K [01;31m[Kerror: [m[Kâ€˜[01m[KMyPlannerServer[m[Kâ€™ has not been declared
[14.923s]   153 |     std::bind(&[01;31m[KMyPlannerServer[m[K::computePlanThroughPoses, this),
[14.923s]       |                [01;31m[K^~~~~~~~~~~~~~~[m[K
[14.923s] [01m[K/home/andrea/tesi/ros2_mapf_cbs/project_1/src/my_nav2_planner/src/my_planner_server.cpp:153:58:[m[K [01;31m[Kerror: [m[Kinvalid use of â€˜[01m[Kthis[m[Kâ€™ in non-member function
[14.923s]   153 |     std::bind(&MyPlannerServer::computePlanThroughPoses, [01;31m[Kthis[m[K),
[14.923s]       |                                                          [01;31m[K^~~~[m[K
[14.923s] [01m[K/home/andrea/tesi/ros2_mapf_cbs/project_1/src/my_nav2_planner/src/my_planner_server.cpp:[m[K At global scope:
[14.923s] [01m[K/home/andrea/tesi/ros2_mapf_cbs/project_1/src/my_nav2_planner/src/my_planner_server.cpp:162:1:[m[K [01;31m[Kerror: [m[Kâ€˜[01m[KMyPlannerServer[m[Kâ€™ has not been declared
[14.923s]   162 | [01;31m[KMyPlannerServer[m[K::on_activate(const rclcpp_lifecycle::State & /*state*/)
[14.923s]       | [01;31m[K^~~~~~~~~~~~~~~[m[K
[14.924s] In file included from [01m[K/opt/ros/humble/include/rclcpp/rclcpp/client.hpp:40[m[K,
[14.924s]                  from [01m[K/opt/ros/humble/include/rclcpp/rclcpp/callback_group.hpp:24[m[K,
[14.924s]                  from [01m[K/opt/ros/humble/include/rclcpp/rclcpp/any_executable.hpp:20[m[K,
[14.924s]                  from [01m[K/opt/ros/humble/include/rclcpp/rclcpp/memory_strategy.hpp:25[m[K,
[14.924s]                  from [01m[K/opt/ros/humble/include/rclcpp/rclcpp/memory_strategies.hpp:18[m[K,
[14.924s]                  from [01m[K/opt/ros/humble/include/rclcpp/rclcpp/executor_options.hpp:20[m[K,
[14.924s]                  from [01m[K/opt/ros/humble/include/rclcpp/rclcpp/executor.hpp:37[m[K,
[14.924s]                  from [01m[K/opt/ros/humble/include/rclcpp/rclcpp/executors/multi_threaded_executor.hpp:25[m[K,
[14.924s]                  from [01m[K/opt/ros/humble/include/rclcpp/rclcpp/executors.hpp:21[m[K,
[14.924s]                  from [01m[K/opt/ros/humble/include/rclcpp/rclcpp/rclcpp.hpp:155[m[K,
[14.924s]                  from [01m[K/opt/ros/humble/include/nav2_util/costmap.hpp:21[m[K,
[14.924s]                  from [01m[K/home/andrea/tesi/ros2_mapf_cbs/project_1/src/my_nav2_planner/src/my_planner_server.cpp:29[m[K:
[14.924s] [01m[K/home/andrea/tesi/ros2_mapf_cbs/project_1/src/my_nav2_planner/src/my_planner_server.cpp:[m[K In function â€˜[01m[Knav2_util::CallbackReturn my_nav2_planner::on_activate(const rclcpp_lifecycle::State&)[m[Kâ€™:
[14.924s] [01m[K/home/andrea/tesi/ros2_mapf_cbs/project_1/src/my_nav2_planner/src/my_planner_server.cpp:164:15:[m[K [01;31m[Kerror: [m[Kâ€˜[01m[Kget_logger[m[Kâ€™ was not declared in this scope; did you mean â€˜[01m[Krclcpp::get_logger[m[Kâ€™?
[14.924s]   164 |   RCLCPP_INFO([01;31m[Kget_logger[m[K(), "Activating");
[14.925s]       |               [01;31m[K^~~~~~~~~~[m[K
[14.925s] In file included from [01m[K/opt/ros/humble/include/rclcpp/rclcpp/logging.hpp:23[m[K,
[14.925s]                  from [01m[K/opt/ros/humble/include/rclcpp/rclcpp/client.hpp:40[m[K,
[14.925s]                  from [01m[K/opt/ros/humble/include/rclcpp/rclcpp/callback_group.hpp:24[m[K,
[14.925s]                  from [01m[K/opt/ros/humble/include/rclcpp/rclcpp/any_executable.hpp:20[m[K,
[14.925s]                  from [01m[K/opt/ros/humble/include/rclcpp/rclcpp/memory_strategy.hpp:25[m[K,
[14.925s]                  from [01m[K/opt/ros/humble/include/rclcpp/rclcpp/memory_strategies.hpp:18[m[K,
[14.925s]                  from [01m[K/opt/ros/humble/include/rclcpp/rclcpp/executor_options.hpp:20[m[K,
[14.925s]                  from [01m[K/opt/ros/humble/include/rclcpp/rclcpp/executor.hpp:37[m[K,
[14.925s]                  from [01m[K/opt/ros/humble/include/rclcpp/rclcpp/executors/multi_threaded_executor.hpp:25[m[K,
[14.925s]                  from [01m[K/opt/ros/humble/include/rclcpp/rclcpp/executors.hpp:21[m[K,
[14.925s]                  from [01m[K/opt/ros/humble/include/rclcpp/rclcpp/rclcpp.hpp:155[m[K,
[14.925s]                  from [01m[K/opt/ros/humble/include/nav2_util/costmap.hpp:21[m[K,
[14.925s]                  from [01m[K/home/andrea/tesi/ros2_mapf_cbs/project_1/src/my_nav2_planner/src/my_planner_server.cpp:29[m[K:
[14.925s] [01m[K/opt/ros/humble/include/rclcpp/rclcpp/logger.hpp:106:17:[m[K [01;36m[Knote: [m[Kâ€˜[01m[Krclcpp::get_logger[m[Kâ€™ declared here
[14.925s]   106 |   friend Logger [01;36m[Krclcpp[m[K::get_logger(const std::string & name);
[14.925s]       |                 [01;36m[K^~~~~~[m[K
[14.925s] In file included from [01m[K/opt/ros/humble/include/rclcpp/rclcpp/client.hpp:40[m[K,
[14.925s]                  from [01m[K/opt/ros/humble/include/rclcpp/rclcpp/callback_group.hpp:24[m[K,
[14.925s]                  from [01m[K/opt/ros/humble/include/rclcpp/rclcpp/any_executable.hpp:20[m[K,
[14.925s]                  from [01m[K/opt/ros/humble/include/rclcpp/rclcpp/memory_strategy.hpp:25[m[K,
[14.925s]                  from [01m[K/opt/ros/humble/include/rclcpp/rclcpp/memory_strategies.hpp:18[m[K,
[14.925s]                  from [01m[K/opt/ros/humble/include/rclcpp/rclcpp/executor_options.hpp:20[m[K,
[14.925s]                  from [01m[K/opt/ros/humble/include/rclcpp/rclcpp/executor.hpp:37[m[K,
[14.926s]                  from [01m[K/opt/ros/humble/include/rclcpp/rclcpp/executors/multi_threaded_executor.hpp:25[m[K,
[14.926s]                  from [01m[K/opt/ros/humble/include/rclcpp/rclcpp/executors.hpp:21[m[K,
[14.926s]                  from [01m[K/opt/ros/humble/include/rclcpp/rclcpp/rclcpp.hpp:155[m[K,
[14.926s]                  from [01m[K/opt/ros/humble/include/nav2_util/costmap.hpp:21[m[K,
[14.926s]                  from [01m[K/home/andrea/tesi/ros2_mapf_cbs/project_1/src/my_nav2_planner/src/my_planner_server.cpp:29[m[K:
[14.926s] [01m[K/home/andrea/tesi/ros2_mapf_cbs/project_1/src/my_nav2_planner/src/my_planner_server.cpp:164:3:[m[K [01;31m[Kerror: [m[Ktemplate argument 1 is invalid
[14.926s]   164 |   [01;31m[KRCLCPP_INFO[m[K(get_logger(), "Activating");
[14.926s]       |   [01;31m[K^~~~~~~~~~~[m[K
[14.926s] [01m[K/home/andrea/tesi/ros2_mapf_cbs/project_1/src/my_nav2_planner/src/my_planner_server.cpp:164:3:[m[K [01;31m[Kerror: [m[Kâ€˜[01m[K<declaration error>[m[Kâ€™ is not a template [[01;31m[K]8;;https://gcc.gnu.org/onlinedocs/gcc/Warning-Options.html#index-fpermissive-fpermissive]8;;[m[K]
[14.926s]   164 |   [01;31m[KRCLCPP_INFO[m[K(get_logger(), "Activating");
[14.926s]       |   [01;31m[K^~~~~~~~~~~[m[K
[14.926s] [01m[K/home/andrea/tesi/ros2_mapf_cbs/project_1/src/my_nav2_planner/src/my_planner_server.cpp:164:3:[m[K [01;31m[Kerror: [m[Ktemplate argument 1 is invalid
[14.926s]   164 |   [01;31m[KRCLCPP_INFO[m[K(get_logger(), "Activating");
[14.926s]       |   [01;31m[K^~~~~~~~~~~[m[K
[14.926s] [01m[K/home/andrea/tesi/ros2_mapf_cbs/project_1/src/my_nav2_planner/src/my_planner_server.cpp:164:3:[m[K [01;31m[Kerror: [m[Kâ€˜[01m[K<declaration error>[m[Kâ€™ is not a template [[01;31m[K]8;;https://gcc.gnu.org/onlinedocs/gcc/Warning-Options.html#index-fpermissive-fpermissive]8;;[m[K]
[14.926s]   164 |   [01;31m[KRCLCPP_INFO[m[K(get_logger(), "Activating");
[14.926s]       |   [01;31m[K^~~~~~~~~~~[m[K
[14.926s] [01m[K/home/andrea/tesi/ros2_mapf_cbs/project_1/src/my_nav2_planner/src/my_planner_server.cpp:164:3:[m[K [01;31m[Kerror: [m[Ktemplate argument 1 is invalid
[14.926s]   164 |   [01;31m[KRCLCPP_INFO[m[K(get_logger(), "Activating");
[14.926s]       |   [01;31m[K^~~~~~~~~~~[m[K
[14.929s] [01m[K/home/andrea/tesi/ros2_mapf_cbs/project_1/src/my_nav2_planner/src/my_planner_server.cpp:166:3:[m[K [01;31m[Kerror: [m[Kâ€˜[01m[Kplan_publisher_[m[Kâ€™ was not declared in this scope; did you mean â€˜[01m[Krmw_publisher_t[m[Kâ€™?
[14.929s]   166 |   [01;31m[Kplan_publisher_[m[K->on_activate();
[14.929s]       |   [01;31m[K^~~~~~~~~~~~~~~[m[K
[14.929s]       |   [32m[Krmw_publisher_t[m[K
[14.934s] [01m[K/home/andrea/tesi/ros2_mapf_cbs/project_1/src/my_nav2_planner/src/my_planner_server.cpp:167:3:[m[K [01;31m[Kerror: [m[Kâ€˜[01m[Kaction_server_pose_[m[Kâ€™ was not declared in this scope
[14.934s]   167 |   [01;31m[Kaction_server_pose_[m[K->activate();
[14.934s]       |   [01;31m[K^~~~~~~~~~~~~~~~~~~[m[K
[14.940s] [01m[K/home/andrea/tesi/ros2_mapf_cbs/project_1/src/my_nav2_planner/src/my_planner_server.cpp:168:3:[m[K [01;31m[Kerror: [m[Kâ€˜[01m[Kaction_server_poses_[m[Kâ€™ was not declared in this scope
[14.940s]   168 |   [01;31m[Kaction_server_poses_[m[K->activate();
[14.940s]       |   [01;31m[K^~~~~~~~~~~~~~~~~~~~[m[K
[14.944s] [01m[K/home/andrea/tesi/ros2_mapf_cbs/project_1/src/my_nav2_planner/src/my_planner_server.cpp:169:3:[m[K [01;31m[Kerror: [m[Kâ€˜[01m[Kcostmap_ros_[m[Kâ€™ was not declared in this scope
[14.945s]   169 |   [01;31m[Kcostmap_ros_[m[K->activate();
[14.945s]       |   [01;31m[K^~~~~~~~~~~~[m[K
[14.945s] [01m[K/home/andrea/tesi/ros2_mapf_cbs/project_1/src/my_nav2_planner/src/my_planner_server.cpp:171:3:[m[K [01;31m[Kerror: [m[Kâ€˜[01m[KPlannerMap[m[Kâ€™ has not been declared
[14.945s]   171 |   [01;31m[KPlannerMap[m[K::iterator it;
[14.945s]       |   [01;31m[K^~~~~~~~~~[m[K
[14.947s] [01m[K/home/andrea/tesi/ros2_mapf_cbs/project_1/src/my_nav2_planner/src/my_planner_server.cpp:172:8:[m[K [01;31m[Kerror: [m[Kâ€˜[01m[Kit[m[Kâ€™ was not declared in this scope; did you mean â€˜[01m[Kint[m[Kâ€™?
[14.947s]   172 |   for ([01;31m[Kit[m[K = planners_.begin(); it != planners_.end(); ++it) {
[14.947s]       |        [01;31m[K^~[m[K
[14.947s]       |        [32m[Kint[m[K
[14.951s] [01m[K/home/andrea/tesi/ros2_mapf_cbs/project_1/src/my_nav2_planner/src/my_planner_server.cpp:172:13:[m[K [01;31m[Kerror: [m[Kâ€˜[01m[Kplanners_[m[Kâ€™ was not declared in this scope
[14.951s]   172 |   for (it = [01;31m[Kplanners_[m[K.begin(); it != planners_.end(); ++it) {
[14.951s]       |             [01;31m[K^~~~~~~~~[m[K
[14.956s] [01m[K/home/andrea/tesi/ros2_mapf_cbs/project_1/src/my_nav2_planner/src/my_planner_server.cpp:176:15:[m[K [01;31m[Kerror: [m[Kâ€˜[01m[Kshared_from_this[m[Kâ€™ was not declared in this scope
[14.957s]   176 |   auto node = [01;31m[Kshared_from_this[m[K();
[14.957s]       |               [01;31m[K^~~~~~~~~~~~~~~~[m[K
[14.963s] [01m[K/home/andrea/tesi/ros2_mapf_cbs/project_1/src/my_nav2_planner/src/my_planner_server.cpp:178:3:[m[K [01;31m[Kerror: [m[Kâ€˜[01m[Kis_path_valid_service_[m[Kâ€™ was not declared in this scope
[14.963s]   178 |   [01;31m[Kis_path_valid_service_[m[K = node->create_service<nav2_msgs::srv::IsPathValid>(
[14.964s]       |   [01;31m[K^~~~~~~~~~~~~~~~~~~~~~[m[K
[14.964s] [01m[K/home/andrea/tesi/ros2_mapf_cbs/project_1/src/my_nav2_planner/src/my_planner_server.cpp:178:76:[m[K [01;31m[Kerror: [m[Kexpected primary-expression before â€˜[01m[K>[m[Kâ€™ token
[14.964s]   178 |   is_path_valid_service_ = node->create_service<nav2_msgs::srv::IsPathValid[01;31m[K>[m[K(
[14.964s]       |                                                                            [01;31m[K^[m[K
[14.964s] [01m[K/home/andrea/tesi/ros2_mapf_cbs/project_1/src/my_nav2_planner/src/my_planner_server.cpp:181:8:[m[K [01;31m[Kerror: [m[Kâ€˜[01m[KMyPlannerServer[m[Kâ€™ has not been declared
[14.964s]   181 |       &[01;31m[KMyPlannerServer[m[K::isPathValid, this,
[14.964s]       |        [01;31m[K^~~~~~~~~~~~~~~[m[K
[14.964s] [01m[K/home/andrea/tesi/ros2_mapf_cbs/project_1/src/my_nav2_planner/src/my_planner_server.cpp:181:38:[m[K [01;31m[Kerror: [m[Kinvalid use of â€˜[01m[Kthis[m[Kâ€™ in non-member function
[14.964s]   181 |       &MyPlannerServer::isPathValid, [01;31m[Kthis[m[K,
[14.964s]       |                                      [01;31m[K^~~~[m[K
[14.969s] [01m[K/home/andrea/tesi/ros2_mapf_cbs/project_1/src/my_nav2_planner/src/my_planner_server.cpp:185:3:[m[K [01;31m[Kerror: [m[Kâ€˜[01m[Kdyn_params_handler_[m[Kâ€™ was not declared in this scope
[14.970s]   185 |   [01;31m[Kdyn_params_handler_[m[K = node->add_on_set_parameters_callback(
[14.970s]       |   [01;31m[K^~~~~~~~~~~~~~~~~~~[m[K
[14.970s] [01m[K/home/andrea/tesi/ros2_mapf_cbs/project_1/src/my_nav2_planner/src/my_planner_server.cpp:186:16:[m[K [01;31m[Kerror: [m[Kâ€˜[01m[KMyPlannerServer[m[Kâ€™ has not been declared
[14.970s]   186 |     std::bind(&[01;31m[KMyPlannerServer[m[K::dynamicParametersCallback, this, _1));
[14.970s]       |                [01;31m[K^~~~~~~~~~~~~~~[m[K
[14.970s] [01m[K/home/andrea/tesi/ros2_mapf_cbs/project_1/src/my_nav2_planner/src/my_planner_server.cpp:186:60:[m[K [01;31m[Kerror: [m[Kinvalid use of â€˜[01m[Kthis[m[Kâ€™ in non-member function
[14.970s]   186 |     std::bind(&MyPlannerServer::dynamicParametersCallback, [01;31m[Kthis[m[K, _1));
[14.970s]       |                                                            [01;31m[K^~~~[m[K
[14.973s] [01m[K/home/andrea/tesi/ros2_mapf_cbs/project_1/src/my_nav2_planner/src/my_planner_server.cpp:189:3:[m[K [01;31m[Kerror: [m[Kâ€˜[01m[KcreateBond[m[Kâ€™ was not declared in this scope
[14.973s]   189 |   [01;31m[KcreateBond[m[K();
[14.973s]       |   [01;31m[K^~~~~~~~~~[m[K
[14.974s] [01m[K/home/andrea/tesi/ros2_mapf_cbs/project_1/src/my_nav2_planner/src/my_planner_server.cpp:[m[K At global scope:
[14.974s] [01m[K/home/andrea/tesi/ros2_mapf_cbs/project_1/src/my_nav2_planner/src/my_planner_server.cpp:195:1:[m[K [01;31m[Kerror: [m[Kâ€˜[01m[KMyPlannerServer[m[Kâ€™ has not been declared
[14.974s]   195 | [01;31m[KMyPlannerServer[m[K::on_deactivate(const rclcpp_lifecycle::State & /*state*/)
[14.974s]       | [01;31m[K^~~~~~~~~~~~~~~[m[K
[14.974s] In file included from [01m[K/opt/ros/humble/include/rclcpp/rclcpp/client.hpp:40[m[K,
[14.974s]                  from [01m[K/opt/ros/humble/include/rclcpp/rclcpp/callback_group.hpp:24[m[K,
[14.974s]                  from [01m[K/opt/ros/humble/include/rclcpp/rclcpp/any_executable.hpp:20[m[K,
[14.974s]                  from [01m[K/opt/ros/humble/include/rclcpp/rclcpp/memory_strategy.hpp:25[m[K,
[14.974s]                  from [01m[K/opt/ros/humble/include/rclcpp/rclcpp/memory_strategies.hpp:18[m[K,
[14.974s]                  from [01m[K/opt/ros/humble/include/rclcpp/rclcpp/executor_options.hpp:20[m[K,
[14.974s]                  from [01m[K/opt/ros/humble/include/rclcpp/rclcpp/executor.hpp:37[m[K,
[14.974s]                  from [01m[K/opt/ros/humble/include/rclcpp/rclcpp/executors/multi_threaded_executor.hpp:25[m[K,
[14.975s]                  from [01m[K/opt/ros/humble/include/rclcpp/rclcpp/executors.hpp:21[m[K,
[14.975s]                  from [01m[K/opt/ros/humble/include/rclcpp/rclcpp/rclcpp.hpp:155[m[K,
[14.975s]                  from [01m[K/opt/ros/humble/include/nav2_util/costmap.hpp:21[m[K,
[14.975s]                  from [01m[K/home/andrea/tesi/ros2_mapf_cbs/project_1/src/my_nav2_planner/src/my_planner_server.cpp:29[m[K:
[14.975s] [01m[K/home/andrea/tesi/ros2_mapf_cbs/project_1/src/my_nav2_planner/src/my_planner_server.cpp:[m[K In function â€˜[01m[Knav2_util::CallbackReturn my_nav2_planner::on_deactivate(const rclcpp_lifecycle::State&)[m[Kâ€™:
[14.975s] [01m[K/home/andrea/tesi/ros2_mapf_cbs/project_1/src/my_nav2_planner/src/my_planner_server.cpp:197:15:[m[K [01;31m[Kerror: [m[Kâ€˜[01m[Kget_logger[m[Kâ€™ was not declared in this scope; did you mean â€˜[01m[Krclcpp::get_logger[m[Kâ€™?
[14.975s]   197 |   RCLCPP_INFO([01;31m[Kget_logger[m[K(), "Deactivating");
[14.975s]       |               [01;31m[K^~~~~~~~~~[m[K
[14.975s] In file included from [01m[K/opt/ros/humble/include/rclcpp/rclcpp/logging.hpp:23[m[K,
[14.975s]                  from [01m[K/opt/ros/humble/include/rclcpp/rclcpp/client.hpp:40[m[K,
[14.975s]                  from [01m[K/opt/ros/humble/include/rclcpp/rclcpp/callback_group.hpp:24[m[K,
[14.975s]                  from [01m[K/opt/ros/humble/include/rclcpp/rclcpp/any_executable.hpp:20[m[K,
[14.975s]                  from [01m[K/opt/ros/humble/include/rclcpp/rclcpp/memory_strategy.hpp:25[m[K,
[14.975s]                  from [01m[K/opt/ros/humble/include/rclcpp/rclcpp/memory_strategies.hpp:18[m[K,
[14.975s]                  from [01m[K/opt/ros/humble/include/rclcpp/rclcpp/executor_options.hpp:20[m[K,
[14.975s]                  from [01m[K/opt/ros/humble/include/rclcpp/rclcpp/executor.hpp:37[m[K,
[14.975s]                  from [01m[K/opt/ros/humble/include/rclcpp/rclcpp/executors/multi_threaded_executor.hpp:25[m[K,
[14.975s]                  from [01m[K/opt/ros/humble/include/rclcpp/rclcpp/executors.hpp:21[m[K,
[14.975s]                  from [01m[K/opt/ros/humble/include/rclcpp/rclcpp/rclcpp.hpp:155[m[K,
[14.975s]                  from [01m[K/opt/ros/humble/include/nav2_util/costmap.hpp:21[m[K,
[14.975s]                  from [01m[K/home/andrea/tesi/ros2_mapf_cbs/project_1/src/my_nav2_planner/src/my_planner_server.cpp:29[m[K:
[14.975s] [01m[K/opt/ros/humble/include/rclcpp/rclcpp/logger.hpp:106:17:[m[K [01;36m[Knote: [m[Kâ€˜[01m[Krclcpp::get_logger[m[Kâ€™ declared here
[14.975s]   106 |   friend Logger [01;36m[Krclcpp[m[K::get_logger(const std::string & name);
[14.975s]       |                 [01;36m[K^~~~~~[m[K
[14.975s] In file included from [01m[K/opt/ros/humble/include/rclcpp/rclcpp/client.hpp:40[m[K,
[14.975s]                  from [01m[K/opt/ros/humble/include/rclcpp/rclcpp/callback_group.hpp:24[m[K,
[14.976s]                  from [01m[K/opt/ros/humble/include/rclcpp/rclcpp/any_executable.hpp:20[m[K,
[14.976s]                  from [01m[K/opt/ros/humble/include/rclcpp/rclcpp/memory_strategy.hpp:25[m[K,
[14.976s]                  from [01m[K/opt/ros/humble/include/rclcpp/rclcpp/memory_strategies.hpp:18[m[K,
[14.976s]                  from [01m[K/opt/ros/humble/include/rclcpp/rclcpp/executor_options.hpp:20[m[K,
[14.976s]                  from [01m[K/opt/ros/humble/include/rclcpp/rclcpp/executor.hpp:37[m[K,
[14.976s]                  from [01m[K/opt/ros/humble/include/rclcpp/rclcpp/executors/multi_threaded_executor.hpp:25[m[K,
[14.976s]                  from [01m[K/opt/ros/humble/include/rclcpp/rclcpp/executors.hpp:21[m[K,
[14.976s]                  from [01m[K/opt/ros/humble/include/rclcpp/rclcpp/rclcpp.hpp:155[m[K,
[14.976s]                  from [01m[K/opt/ros/humble/include/nav2_util/costmap.hpp:21[m[K,
[14.976s]                  from [01m[K/home/andrea/tesi/ros2_mapf_cbs/project_1/src/my_nav2_planner/src/my_planner_server.cpp:29[m[K:
[14.976s] [01m[K/home/andrea/tesi/ros2_mapf_cbs/project_1/src/my_nav2_planner/src/my_planner_server.cpp:197:3:[m[K [01;31m[Kerror: [m[Ktemplate argument 1 is invalid
[14.976s]   197 |   [01;31m[KRCLCPP_INFO[m[K(get_logger(), "Deactivating");
[14.976s]       |   [01;31m[K^~~~~~~~~~~[m[K
[14.976s] [01m[K/home/andrea/tesi/ros2_mapf_cbs/project_1/src/my_nav2_planner/src/my_planner_server.cpp:197:3:[m[K [01;31m[Kerror: [m[Kâ€˜[01m[K<declaration error>[m[Kâ€™ is not a template [[01;31m[K]8;;https://gcc.gnu.org/onlinedocs/gcc/Warning-Options.html#index-fpermissive-fpermissive]8;;[m[K]
[14.976s]   197 |   [01;31m[KRCLCPP_INFO[m[K(get_logger(), "Deactivating");
[14.976s]       |   [01;31m[K^~~~~~~~~~~[m[K
[14.976s] [01m[K/home/andrea/tesi/ros2_mapf_cbs/project_1/src/my_nav2_planner/src/my_planner_server.cpp:197:3:[m[K [01;31m[Kerror: [m[Ktemplate argument 1 is invalid
[14.976s]   197 |   [01;31m[KRCLCPP_INFO[m[K(get_logger(), "Deactivating");
[14.976s]       |   [01;31m[K^~~~~~~~~~~[m[K
[14.976s] [01m[K/home/andrea/tesi/ros2_mapf_cbs/project_1/src/my_nav2_planner/src/my_planner_server.cpp:197:3:[m[K [01;31m[Kerror: [m[Kâ€˜[01m[K<declaration error>[m[Kâ€™ is not a template [[01;31m[K]8;;https://gcc.gnu.org/onlinedocs/gcc/Warning-Options.html#index-fpermissive-fpermissive]8;;[m[K]
[14.976s]   197 |   [01;31m[KRCLCPP_INFO[m[K(get_logger(), "Deactivating");
[14.976s]       |   [01;31m[K^~~~~~~~~~~[m[K
[14.976s] [01m[K/home/andrea/tesi/ros2_mapf_cbs/project_1/src/my_nav2_planner/src/my_planner_server.cpp:197:3:[m[K [01;31m[Kerror: [m[Ktemplate argument 1 is invalid
[14.976s]   197 |   [01;31m[KRCLCPP_INFO[m[K(get_logger(), "Deactivating");
[14.976s]       |   [01;31m[K^~~~~~~~~~~[m[K
[14.980s] [01m[K/home/andrea/tesi/ros2_mapf_cbs/project_1/src/my_nav2_planner/src/my_planner_server.cpp:199:3:[m[K [01;31m[Kerror: [m[Kâ€˜[01m[Kaction_server_pose_[m[Kâ€™ was not declared in this scope
[14.980s]   199 |   [01;31m[Kaction_server_pose_[m[K->deactivate();
[14.981s]       |   [01;31m[K^~~~~~~~~~~~~~~~~~~[m[K
[14.987s] [01m[K/home/andrea/tesi/ros2_mapf_cbs/project_1/src/my_nav2_planner/src/my_planner_server.cpp:200:3:[m[K [01;31m[Kerror: [m[Kâ€˜[01m[Kaction_server_poses_[m[Kâ€™ was not declared in this scope
[14.987s]   200 |   [01;31m[Kaction_server_poses_[m[K->deactivate();
[14.987s]       |   [01;31m[K^~~~~~~~~~~~~~~~~~~~[m[K
[14.991s] [01m[K/home/andrea/tesi/ros2_mapf_cbs/project_1/src/my_nav2_planner/src/my_planner_server.cpp:201:3:[m[K [01;31m[Kerror: [m[Kâ€˜[01m[Kplan_publisher_[m[Kâ€™ was not declared in this scope; did you mean â€˜[01m[Krmw_publisher_t[m[Kâ€™?
[14.991s]   201 |   [01;31m[Kplan_publisher_[m[K->on_deactivate();
[14.991s]       |   [01;31m[K^~~~~~~~~~~~~~~[m[K
[14.991s]       |   [32m[Krmw_publisher_t[m[K
[14.995s] [01m[K/home/andrea/tesi/ros2_mapf_cbs/project_1/src/my_nav2_planner/src/my_planner_server.cpp:210:7:[m[K [01;31m[Kerror: [m[Kâ€˜[01m[Kcostmap_ros_[m[Kâ€™ was not declared in this scope
[14.995s]   210 |   if ([01;31m[Kcostmap_ros_[m[K->get_current_state().id() ==
[14.995s]       |       [01;31m[K^~~~~~~~~~~~[m[K
[14.995s] [01m[K/home/andrea/tesi/ros2_mapf_cbs/project_1/src/my_nav2_planner/src/my_planner_server.cpp:216:3:[m[K [01;31m[Kerror: [m[Kâ€˜[01m[KPlannerMap[m[Kâ€™ has not been declared
[14.995s]   216 |   [01;31m[KPlannerMap[m[K::iterator it;
[14.995s]       |   [01;31m[K^~~~~~~~~~[m[K
[14.998s] [01m[K/home/andrea/tesi/ros2_mapf_cbs/project_1/src/my_nav2_planner/src/my_planner_server.cpp:217:8:[m[K [01;31m[Kerror: [m[Kâ€˜[01m[Kit[m[Kâ€™ was not declared in this scope; did you mean â€˜[01m[Kint[m[Kâ€™?
[14.998s]   217 |   for ([01;31m[Kit[m[K = planners_.begin(); it != planners_.end(); ++it) {
[14.998s]       |        [01;31m[K^~[m[K
[14.998s]       |        [32m[Kint[m[K
[15.002s] [01m[K/home/andrea/tesi/ros2_mapf_cbs/project_1/src/my_nav2_planner/src/my_planner_server.cpp:217:13:[m[K [01;31m[Kerror: [m[Kâ€˜[01m[Kplanners_[m[Kâ€™ was not declared in this scope
[15.002s]   217 |   for (it = [01;31m[Kplanners_[m[K.begin(); it != planners_.end(); ++it) {
[15.002s]       |             [01;31m[K^~~~~~~~~[m[K
[15.008s] [01m[K/home/andrea/tesi/ros2_mapf_cbs/project_1/src/my_nav2_planner/src/my_planner_server.cpp:221:3:[m[K [01;31m[Kerror: [m[Kâ€˜[01m[Kdyn_params_handler_[m[Kâ€™ was not declared in this scope
[15.008s]   221 |   [01;31m[Kdyn_params_handler_[m[K.reset();
[15.008s]       |   [01;31m[K^~~~~~~~~~~~~~~~~~~[m[K
[15.012s] [01m[K/home/andrea/tesi/ros2_mapf_cbs/project_1/src/my_nav2_planner/src/my_planner_server.cpp:224:3:[m[K [01;31m[Kerror: [m[Kâ€˜[01m[KdestroyBond[m[Kâ€™ was not declared in this scope
[15.012s]   224 |   [01;31m[KdestroyBond[m[K();
[15.012s]       |   [01;31m[K^~~~~~~~~~~[m[K
[15.012s] [01m[K/home/andrea/tesi/ros2_mapf_cbs/project_1/src/my_nav2_planner/src/my_planner_server.cpp:[m[K At global scope:
[15.012s] [01m[K/home/andrea/tesi/ros2_mapf_cbs/project_1/src/my_nav2_planner/src/my_planner_server.cpp:230:1:[m[K [01;31m[Kerror: [m[Kâ€˜[01m[KMyPlannerServer[m[Kâ€™ has not been declared
[15.012s]   230 | [01;31m[KMyPlannerServer[m[K::on_cleanup(const rclcpp_lifecycle::State & /*state*/)
[15.012s]       | [01;31m[K^~~~~~~~~~~~~~~[m[K
[15.013s] In file included from [01m[K/opt/ros/humble/include/rclcpp/rclcpp/client.hpp:40[m[K,
[15.013s]                  from [01m[K/opt/ros/humble/include/rclcpp/rclcpp/callback_group.hpp:24[m[K,
[15.013s]                  from [01m[K/opt/ros/humble/include/rclcpp/rclcpp/any_executable.hpp:20[m[K,
[15.013s]                  from [01m[K/opt/ros/humble/include/rclcpp/rclcpp/memory_strategy.hpp:25[m[K,
[15.013s]                  from [01m[K/opt/ros/humble/include/rclcpp/rclcpp/memory_strategies.hpp:18[m[K,
[15.013s]                  from [01m[K/opt/ros/humble/include/rclcpp/rclcpp/executor_options.hpp:20[m[K,
[15.013s]                  from [01m[K/opt/ros/humble/include/rclcpp/rclcpp/executor.hpp:37[m[K,
[15.013s]                  from [01m[K/opt/ros/humble/include/rclcpp/rclcpp/executors/multi_threaded_executor.hpp:25[m[K,
[15.013s]                  from [01m[K/opt/ros/humble/include/rclcpp/rclcpp/executors.hpp:21[m[K,
[15.013s]                  from [01m[K/opt/ros/humble/include/rclcpp/rclcpp/rclcpp.hpp:155[m[K,
[15.013s]                  from [01m[K/opt/ros/humble/include/nav2_util/costmap.hpp:21[m[K,
[15.013s]                  from [01m[K/home/andrea/tesi/ros2_mapf_cbs/project_1/src/my_nav2_planner/src/my_planner_server.cpp:29[m[K:
[15.013s] [01m[K/home/andrea/tesi/ros2_mapf_cbs/project_1/src/my_nav2_planner/src/my_planner_server.cpp:[m[K In function â€˜[01m[Knav2_util::CallbackReturn my_nav2_planner::on_cleanup(const rclcpp_lifecycle::State&)[m[Kâ€™:
[15.013s] [01m[K/home/andrea/tesi/ros2_mapf_cbs/project_1/src/my_nav2_planner/src/my_planner_server.cpp:232:15:[m[K [01;31m[Kerror: [m[Kâ€˜[01m[Kget_logger[m[Kâ€™ was not declared in this scope; did you mean â€˜[01m[Krclcpp::get_logger[m[Kâ€™?
[15.013s]   232 |   RCLCPP_INFO([01;31m[Kget_logger[m[K(), "Cleaning up");
[15.013s]       |               [01;31m[K^~~~~~~~~~[m[K
[15.013s] In file included from [01m[K/opt/ros/humble/include/rclcpp/rclcpp/logging.hpp:23[m[K,
[15.013s]                  from [01m[K/opt/ros/humble/include/rclcpp/rclcpp/client.hpp:40[m[K,
[15.014s]                  from [01m[K/opt/ros/humble/include/rclcpp/rclcpp/callback_group.hpp:24[m[K,
[15.014s]                  from [01m[K/opt/ros/humble/include/rclcpp/rclcpp/any_executable.hpp:20[m[K,
[15.014s]                  from [01m[K/opt/ros/humble/include/rclcpp/rclcpp/memory_strategy.hpp:25[m[K,
[15.014s]                  from [01m[K/opt/ros/humble/include/rclcpp/rclcpp/memory_strategies.hpp:18[m[K,
[15.014s]                  from [01m[K/opt/ros/humble/include/rclcpp/rclcpp/executor_options.hpp:20[m[K,
[15.014s]                  from [01m[K/opt/ros/humble/include/rclcpp/rclcpp/executor.hpp:37[m[K,
[15.014s]                  from [01m[K/opt/ros/humble/include/rclcpp/rclcpp/executors/multi_threaded_executor.hpp:25[m[K,
[15.014s]                  from [01m[K/opt/ros/humble/include/rclcpp/rclcpp/executors.hpp:21[m[K,
[15.014s]                  from [01m[K/opt/ros/humble/include/rclcpp/rclcpp/rclcpp.hpp:155[m[K,
[15.014s]                  from [01m[K/opt/ros/humble/include/nav2_util/costmap.hpp:21[m[K,
[15.014s]                  from [01m[K/home/andrea/tesi/ros2_mapf_cbs/project_1/src/my_nav2_planner/src/my_planner_server.cpp:29[m[K:
[15.014s] [01m[K/opt/ros/humble/include/rclcpp/rclcpp/logger.hpp:106:17:[m[K [01;36m[Knote: [m[Kâ€˜[01m[Krclcpp::get_logger[m[Kâ€™ declared here
[15.014s]   106 |   friend Logger [01;36m[Krclcpp[m[K::get_logger(const std::string & name);
[15.014s]       |                 [01;36m[K^~~~~~[m[K
[15.014s] In file included from [01m[K/opt/ros/humble/include/rclcpp/rclcpp/client.hpp:40[m[K,
[15.014s]                  from [01m[K/opt/ros/humble/include/rclcpp/rclcpp/callback_group.hpp:24[m[K,
[15.014s]                  from [01m[K/opt/ros/humble/include/rclcpp/rclcpp/any_executable.hpp:20[m[K,
[15.014s]                  from [01m[K/opt/ros/humble/include/rclcpp/rclcpp/memory_strategy.hpp:25[m[K,
[15.014s]                  from [01m[K/opt/ros/humble/include/rclcpp/rclcpp/memory_strategies.hpp:18[m[K,
[15.014s]                  from [01m[K/opt/ros/humble/include/rclcpp/rclcpp/executor_options.hpp:20[m[K,
[15.014s]                  from [01m[K/opt/ros/humble/include/rclcpp/rclcpp/executor.hpp:37[m[K,
[15.014s]                  from [01m[K/opt/ros/humble/include/rclcpp/rclcpp/executors/multi_threaded_executor.hpp:25[m[K,
[15.014s]                  from [01m[K/opt/ros/humble/include/rclcpp/rclcpp/executors.hpp:21[m[K,
[15.014s]                  from [01m[K/opt/ros/humble/include/rclcpp/rclcpp/rclcpp.hpp:155[m[K,
[15.014s]                  from [01m[K/opt/ros/humble/include/nav2_util/costmap.hpp:21[m[K,
[15.014s]                  from [01m[K/home/andrea/tesi/ros2_mapf_cbs/project_1/src/my_nav2_planner/src/my_planner_server.cpp:29[m[K:
[15.014s] [01m[K/home/andrea/tesi/ros2_mapf_cbs/project_1/src/my_nav2_planner/src/my_planner_server.cpp:232:3:[m[K [01;31m[Kerror: [m[Ktemplate argument 1 is invalid
[15.015s]   232 |   [01;31m[KRCLCPP_INFO[m[K(get_logger(), "Cleaning up");
[15.015s]       |   [01;31m[K^~~~~~~~~~~[m[K
[15.015s] [01m[K/home/andrea/tesi/ros2_mapf_cbs/project_1/src/my_nav2_planner/src/my_planner_server.cpp:232:3:[m[K [01;31m[Kerror: [m[Kâ€˜[01m[K<declaration error>[m[Kâ€™ is not a template [[01;31m[K]8;;https://gcc.gnu.org/onlinedocs/gcc/Warning-Options.html#index-fpermissive-fpermissive]8;;[m[K]
[15.015s]   232 |   [01;31m[KRCLCPP_INFO[m[K(get_logger(), "Cleaning up");
[15.015s]       |   [01;31m[K^~~~~~~~~~~[m[K
[15.015s] [01m[K/home/andrea/tesi/ros2_mapf_cbs/project_1/src/my_nav2_planner/src/my_planner_server.cpp:232:3:[m[K [01;31m[Kerror: [m[Ktemplate argument 1 is invalid
[15.015s]   232 |   [01;31m[KRCLCPP_INFO[m[K(get_logger(), "Cleaning up");
[15.015s]       |   [01;31m[K^~~~~~~~~~~[m[K
[15.015s] [01m[K/home/andrea/tesi/ros2_mapf_cbs/project_1/src/my_nav2_planner/src/my_planner_server.cpp:232:3:[m[K [01;31m[Kerror: [m[Kâ€˜[01m[K<declaration error>[m[Kâ€™ is not a template [[01;31m[K]8;;https://gcc.gnu.org/onlinedocs/gcc/Warning-Options.html#index-fpermissive-fpermissive]8;;[m[K]
[15.015s]   232 |   [01;31m[KRCLCPP_INFO[m[K(get_logger(), "Cleaning up");
[15.015s]       |   [01;31m[K^~~~~~~~~~~[m[K
[15.015s] [01m[K/home/andrea/tesi/ros2_mapf_cbs/project_1/src/my_nav2_planner/src/my_planner_server.cpp:232:3:[m[K [01;31m[Kerror: [m[Ktemplate argument 1 is invalid
[15.015s]   232 |   [01;31m[KRCLCPP_INFO[m[K(get_logger(), "Cleaning up");
[15.015s]       |   [01;31m[K^~~~~~~~~~~[m[K
[15.019s] [01m[K/home/andrea/tesi/ros2_mapf_cbs/project_1/src/my_nav2_planner/src/my_planner_server.cpp:234:3:[m[K [01;31m[Kerror: [m[Kâ€˜[01m[Kaction_server_pose_[m[Kâ€™ was not declared in this scope
[15.019s]   234 |   [01;31m[Kaction_server_pose_[m[K.reset();
[15.019s]       |   [01;31m[K^~~~~~~~~~~~~~~~~~~[m[K
[15.026s] [01m[K/home/andrea/tesi/ros2_mapf_cbs/project_1/src/my_nav2_planner/src/my_planner_server.cpp:235:3:[m[K [01;31m[Kerror: [m[Kâ€˜[01m[Kaction_server_poses_[m[Kâ€™ was not declared in this scope
[15.026s]   235 |   [01;31m[Kaction_server_poses_[m[K.reset();
[15.026s]       |   [01;31m[K^~~~~~~~~~~~~~~~~~~~[m[K
[15.030s] [01m[K/home/andrea/tesi/ros2_mapf_cbs/project_1/src/my_nav2_planner/src/my_planner_server.cpp:236:3:[m[K [01;31m[Kerror: [m[Kâ€˜[01m[Kplan_publisher_[m[Kâ€™ was not declared in this scope; did you mean â€˜[01m[Krmw_publisher_t[m[Kâ€™?
[15.030s]   236 |   [01;31m[Kplan_publisher_[m[K.reset();
[15.030s]       |   [01;31m[K^~~~~~~~~~~~~~~[m[K
[15.030s]       |   [32m[Krmw_publisher_t[m[K
[15.033s] [01m[K/home/andrea/tesi/ros2_mapf_cbs/project_1/src/my_nav2_planner/src/my_planner_server.cpp:237:3:[m[K [01;31m[Kerror: [m[Kâ€˜[01m[Ktf_[m[Kâ€™ was not declared in this scope; did you mean â€˜[01m[Ktf2[m[Kâ€™?
[15.033s]   237 |   [01;31m[Ktf_[m[K.reset();
[15.033s]       |   [01;31m[K^~~[m[K
[15.033s]       |   [32m[Ktf2[m[K
[15.038s] [01m[K/home/andrea/tesi/ros2_mapf_cbs/project_1/src/my_nav2_planner/src/my_planner_server.cpp:243:7:[m[K [01;31m[Kerror: [m[Kâ€˜[01m[Kcostmap_ros_[m[Kâ€™ was not declared in this scope
[15.038s]   243 |   if ([01;31m[Kcostmap_ros_[m[K->get_current_state().id() ==
[15.038s]       |       [01;31m[K^~~~~~~~~~~~[m[K
[15.038s] [01m[K/home/andrea/tesi/ros2_mapf_cbs/project_1/src/my_nav2_planner/src/my_planner_server.cpp:249:3:[m[K [01;31m[Kerror: [m[Kâ€˜[01m[KPlannerMap[m[Kâ€™ has not been declared
[15.038s]   249 |   [01;31m[KPlannerMap[m[K::iterator it;
[15.038s]       |   [01;31m[K^~~~~~~~~~[m[K
[15.040s] [01m[K/home/andrea/tesi/ros2_mapf_cbs/project_1/src/my_nav2_planner/src/my_planner_server.cpp:250:8:[m[K [01;31m[Kerror: [m[Kâ€˜[01m[Kit[m[Kâ€™ was not declared in this scope; did you mean â€˜[01m[Kint[m[Kâ€™?
[15.040s]   250 |   for ([01;31m[Kit[m[K = planners_.begin(); it != planners_.end(); ++it) {
[15.041s]       |        [01;31m[K^~[m[K
[15.041s]       |        [32m[Kint[m[K
[15.044s] [01m[K/home/andrea/tesi/ros2_mapf_cbs/project_1/src/my_nav2_planner/src/my_planner_server.cpp:250:13:[m[K [01;31m[Kerror: [m[Kâ€˜[01m[Kplanners_[m[Kâ€™ was not declared in this scope
[15.045s]   250 |   for (it = [01;31m[Kplanners_[m[K.begin(); it != planners_.end(); ++it) {
[15.045s]       |             [01;31m[K^~~~~~~~~[m[K
[15.048s] [01m[K/home/andrea/tesi/ros2_mapf_cbs/project_1/src/my_nav2_planner/src/my_planner_server.cpp:254:3:[m[K [01;31m[Kerror: [m[Kâ€˜[01m[Kplanners_[m[Kâ€™ was not declared in this scope
[15.048s]   254 |   [01;31m[Kplanners_[m[K.clear();
[15.048s]       |   [01;31m[K^~~~~~~~~[m[K
[15.054s] [01m[K/home/andrea/tesi/ros2_mapf_cbs/project_1/src/my_nav2_planner/src/my_planner_server.cpp:255:3:[m[K [01;31m[Kerror: [m[Kâ€˜[01m[Kcostmap_thread_[m[Kâ€™ was not declared in this scope
[15.054s]   255 |   [01;31m[Kcostmap_thread_[m[K.reset();
[15.054s]       |   [01;31m[K^~~~~~~~~~~~~~~[m[K
[15.058s] [01m[K/home/andrea/tesi/ros2_mapf_cbs/project_1/src/my_nav2_planner/src/my_planner_server.cpp:256:3:[m[K [01;31m[Kerror: [m[Kâ€˜[01m[Kcostmap_[m[Kâ€™ was not declared in this scope
[15.058s]   256 |   [01;31m[Kcostmap_[m[K = nullptr;
[15.058s]       |   [01;31m[K^~~~~~~~[m[K
[15.058s] [01m[K/home/andrea/tesi/ros2_mapf_cbs/project_1/src/my_nav2_planner/src/my_planner_server.cpp:[m[K At global scope:
[15.059s] [01m[K/home/andrea/tesi/ros2_mapf_cbs/project_1/src/my_nav2_planner/src/my_planner_server.cpp:261:1:[m[K [01;31m[Kerror: [m[Kâ€˜[01m[KMyPlannerServer[m[Kâ€™ has not been declared
[15.059s]   261 | [01;31m[KMyPlannerServer[m[K::on_shutdown(const rclcpp_lifecycle::State &)
[15.059s]       | [01;31m[K^~~~~~~~~~~~~~~[m[K
[15.059s] In file included from [01m[K/opt/ros/humble/include/rclcpp/rclcpp/client.hpp:40[m[K,
[15.059s]                  from [01m[K/opt/ros/humble/include/rclcpp/rclcpp/callback_group.hpp:24[m[K,
[15.059s]                  from [01m[K/opt/ros/humble/include/rclcpp/rclcpp/any_executable.hpp:20[m[K,
[15.059s]                  from [01m[K/opt/ros/humble/include/rclcpp/rclcpp/memory_strategy.hpp:25[m[K,
[15.059s]                  from [01m[K/opt/ros/humble/include/rclcpp/rclcpp/memory_strategies.hpp:18[m[K,
[15.060s]                  from [01m[K/opt/ros/humble/include/rclcpp/rclcpp/executor_options.hpp:20[m[K,
[15.060s]                  from [01m[K/opt/ros/humble/include/rclcpp/rclcpp/executor.hpp:37[m[K,
[15.060s]                  from [01m[K/opt/ros/humble/include/rclcpp/rclcpp/executors/multi_threaded_executor.hpp:25[m[K,
[15.060s]                  from [01m[K/opt/ros/humble/include/rclcpp/rclcpp/executors.hpp:21[m[K,
[15.060s]                  from [01m[K/opt/ros/humble/include/rclcpp/rclcpp/rclcpp.hpp:155[m[K,
[15.060s]                  from [01m[K/opt/ros/humble/include/nav2_util/costmap.hpp:21[m[K,
[15.060s]                  from [01m[K/home/andrea/tesi/ros2_mapf_cbs/project_1/src/my_nav2_planner/src/my_planner_server.cpp:29[m[K:
[15.060s] [01m[K/home/andrea/tesi/ros2_mapf_cbs/project_1/src/my_nav2_planner/src/my_planner_server.cpp:[m[K In function â€˜[01m[Knav2_util::CallbackReturn my_nav2_planner::on_shutdown(const rclcpp_lifecycle::State&)[m[Kâ€™:
[15.060s] [01m[K/home/andrea/tesi/ros2_mapf_cbs/project_1/src/my_nav2_planner/src/my_planner_server.cpp:263:15:[m[K [01;31m[Kerror: [m[Kâ€˜[01m[Kget_logger[m[Kâ€™ was not declared in this scope; did you mean â€˜[01m[Krclcpp::get_logger[m[Kâ€™?
[15.060s]   263 |   RCLCPP_INFO([01;31m[Kget_logger[m[K(), "Shutting down");
[15.060s]       |               [01;31m[K^~~~~~~~~~[m[K
[15.060s] In file included from [01m[K/opt/ros/humble/include/rclcpp/rclcpp/logging.hpp:23[m[K,
[15.060s]                  from [01m[K/opt/ros/humble/include/rclcpp/rclcpp/client.hpp:40[m[K,
[15.060s]                  from [01m[K/opt/ros/humble/include/rclcpp/rclcpp/callback_group.hpp:24[m[K,
[15.060s]                  from [01m[K/opt/ros/humble/include/rclcpp/rclcpp/any_executable.hpp:20[m[K,
[15.060s]                  from [01m[K/opt/ros/humble/include/rclcpp/rclcpp/memory_strategy.hpp:25[m[K,
[15.060s]                  from [01m[K/opt/ros/humble/include/rclcpp/rclcpp/memory_strategies.hpp:18[m[K,
[15.060s]                  from [01m[K/opt/ros/humble/include/rclcpp/rclcpp/executor_options.hpp:20[m[K,
[15.060s]                  from [01m[K/opt/ros/humble/include/rclcpp/rclcpp/executor.hpp:37[m[K,
[15.060s]                  from [01m[K/opt/ros/humble/include/rclcpp/rclcpp/executors/multi_threaded_executor.hpp:25[m[K,
[15.060s]                  from [01m[K/opt/ros/humble/include/rclcpp/rclcpp/executors.hpp:21[m[K,
[15.061s]                  from [01m[K/opt/ros/humble/include/rclcpp/rclcpp/rclcpp.hpp:155[m[K,
[15.061s]                  from [01m[K/opt/ros/humble/include/nav2_util/costmap.hpp:21[m[K,
[15.061s]                  from [01m[K/home/andrea/tesi/ros2_mapf_cbs/project_1/src/my_nav2_planner/src/my_planner_server.cpp:29[m[K:
[15.061s] [01m[K/opt/ros/humble/include/rclcpp/rclcpp/logger.hpp:106:17:[m[K [01;36m[Knote: [m[Kâ€˜[01m[Krclcpp::get_logger[m[Kâ€™ declared here
[15.061s]   106 |   friend Logger [01;36m[Krclcpp[m[K::get_logger(const std::string & name);
[15.061s]       |                 [01;36m[K^~~~~~[m[K
[15.061s] In file included from [01m[K/opt/ros/humble/include/rclcpp/rclcpp/client.hpp:40[m[K,
[15.061s]                  from [01m[K/opt/ros/humble/include/rclcpp/rclcpp/callback_group.hpp:24[m[K,
[15.061s]                  from [01m[K/opt/ros/humble/include/rclcpp/rclcpp/any_executable.hpp:20[m[K,
[15.061s]                  from [01m[K/opt/ros/humble/include/rclcpp/rclcpp/memory_strategy.hpp:25[m[K,
[15.061s]                  from [01m[K/opt/ros/humble/include/rclcpp/rclcpp/memory_strategies.hpp:18[m[K,
[15.061s]                  from [01m[K/opt/ros/humble/include/rclcpp/rclcpp/executor_options.hpp:20[m[K,
[15.061s]                  from [01m[K/opt/ros/humble/include/rclcpp/rclcpp/executor.hpp:37[m[K,
[15.061s]                  from [01m[K/opt/ros/humble/include/rclcpp/rclcpp/executors/multi_threaded_executor.hpp:25[m[K,
[15.061s]                  from [01m[K/opt/ros/humble/include/rclcpp/rclcpp/executors.hpp:21[m[K,
[15.061s]                  from [01m[K/opt/ros/humble/include/rclcpp/rclcpp/rclcpp.hpp:155[m[K,
[15.061s]                  from [01m[K/opt/ros/humble/include/nav2_util/costmap.hpp:21[m[K,
[15.061s]                  from [01m[K/home/andrea/tesi/ros2_mapf_cbs/project_1/src/my_nav2_planner/src/my_planner_server.cpp:29[m[K:
[15.061s] [01m[K/home/andrea/tesi/ros2_mapf_cbs/project_1/src/my_nav2_planner/src/my_planner_server.cpp:263:3:[m[K [01;31m[Kerror: [m[Ktemplate argument 1 is invalid
[15.061s]   263 |   [01;31m[KRCLCPP_INFO[m[K(get_logger(), "Shutting down");
[15.061s]       |   [01;31m[K^~~~~~~~~~~[m[K
[15.061s] [01m[K/home/andrea/tesi/ros2_mapf_cbs/project_1/src/my_nav2_planner/src/my_planner_server.cpp:263:3:[m[K [01;31m[Kerror: [m[Kâ€˜[01m[K<declaration error>[m[Kâ€™ is not a template [[01;31m[K]8;;https://gcc.gnu.org/onlinedocs/gcc/Warning-Options.html#index-fpermissive-fpermissive]8;;[m[K]
[15.061s]   263 |   [01;31m[KRCLCPP_INFO[m[K(get_logger(), "Shutting down");
[15.061s]       |   [01;31m[K^~~~~~~~~~~[m[K
[15.061s] [01m[K/home/andrea/tesi/ros2_mapf_cbs/project_1/src/my_nav2_planner/src/my_planner_server.cpp:263:3:[m[K [01;31m[Kerror: [m[Ktemplate argument 1 is invalid
[15.061s]   263 |   [01;31m[KRCLCPP_INFO[m[K(get_logger(), "Shutting down");
[15.061s]       |   [01;31m[K^~~~~~~~~~~[m[K
[15.062s] [01m[K/home/andrea/tesi/ros2_mapf_cbs/project_1/src/my_nav2_planner/src/my_planner_server.cpp:263:3:[m[K [01;31m[Kerror: [m[Kâ€˜[01m[K<declaration error>[m[Kâ€™ is not a template [[01;31m[K]8;;https://gcc.gnu.org/onlinedocs/gcc/Warning-Options.html#index-fpermissive-fpermissive]8;;[m[K]
[15.062s]   263 |   [01;31m[KRCLCPP_INFO[m[K(get_logger(), "Shutting down");
[15.062s]       |   [01;31m[K^~~~~~~~~~~[m[K
[15.062s] [01m[K/home/andrea/tesi/ros2_mapf_cbs/project_1/src/my_nav2_planner/src/my_planner_server.cpp:263:3:[m[K [01;31m[Kerror: [m[Ktemplate argument 1 is invalid
[15.062s]   263 |   [01;31m[KRCLCPP_INFO[m[K(get_logger(), "Shutting down");
[15.062s]       |   [01;31m[K^~~~~~~~~~~[m[K
[15.062s] [01m[K/home/andrea/tesi/ros2_mapf_cbs/project_1/src/my_nav2_planner/src/my_planner_server.cpp:[m[K At global scope:
[15.062s] [01m[K/home/andrea/tesi/ros2_mapf_cbs/project_1/src/my_nav2_planner/src/my_planner_server.cpp:268:6:[m[K [01;31m[Kerror: [m[Kâ€˜[01m[KMyPlannerServer[m[Kâ€™ has not been declared
[15.062s]   268 | bool [01;31m[KMyPlannerServer[m[K::isServerInactive(
[15.062s]       |      [01;31m[K^~~~~~~~~~~~~~~[m[K
[15.062s] In file included from [01m[K/opt/ros/humble/include/rclcpp/rclcpp/client.hpp:40[m[K,
[15.062s]                  from [01m[K/opt/ros/humble/include/rclcpp/rclcpp/callback_group.hpp:24[m[K,
[15.062s]                  from [01m[K/opt/ros/humble/include/rclcpp/rclcpp/any_executable.hpp:20[m[K,
[15.062s]                  from [01m[K/opt/ros/humble/include/rclcpp/rclcpp/memory_strategy.hpp:25[m[K,
[15.062s]                  from [01m[K/opt/ros/humble/include/rclcpp/rclcpp/memory_strategies.hpp:18[m[K,
[15.062s]                  from [01m[K/opt/ros/humble/include/rclcpp/rclcpp/executor_options.hpp:20[m[K,
[15.062s]                  from [01m[K/opt/ros/humble/include/rclcpp/rclcpp/executor.hpp:37[m[K,
[15.062s]                  from [01m[K/opt/ros/humble/include/rclcpp/rclcpp/executors/multi_threaded_executor.hpp:25[m[K,
[15.062s]                  from [01m[K/opt/ros/humble/include/rclcpp/rclcpp/executors.hpp:21[m[K,
[15.062s]                  from [01m[K/opt/ros/humble/include/rclcpp/rclcpp/rclcpp.hpp:155[m[K,
[15.062s]                  from [01m[K/opt/ros/humble/include/nav2_util/costmap.hpp:21[m[K,
[15.062s]                  from [01m[K/home/andrea/tesi/ros2_mapf_cbs/project_1/src/my_nav2_planner/src/my_planner_server.cpp:29[m[K:
[15.062s] [01m[K/home/andrea/tesi/ros2_mapf_cbs/project_1/src/my_nav2_planner/src/my_planner_server.cpp:[m[K In function â€˜[01m[Kbool my_nav2_planner::isServerInactive(std::unique_ptr<nav2_util::SimpleActionServer<T> >&)[m[Kâ€™:
[15.062s] [01m[K/home/andrea/tesi/ros2_mapf_cbs/project_1/src/my_nav2_planner/src/my_planner_server.cpp:272:18:[m[K [01;31m[Kerror: [m[Kthere are no arguments to â€˜[01m[Kget_logger[m[Kâ€™ that depend on a template parameter, so a declaration of â€˜[01m[Kget_logger[m[Kâ€™ must be available [[01;31m[K]8;;https://gcc.gnu.org/onlinedocs/gcc/Warning-Options.html#index-fpermissive-fpermissive]8;;[m[K]
[15.062s]   272 |     RCLCPP_DEBUG([01;31m[Kget_logger[m[K(), "Action server unavailable or inactive. Stopping.");
[15.062s]       |                  [01;31m[K^~~~~~~~~~[m[K
[15.062s] [01m[K/home/andrea/tesi/ros2_mapf_cbs/project_1/src/my_nav2_planner/src/my_planner_server.cpp:272:18:[m[K [01;36m[Knote: [m[K(if you use â€˜[01m[K-fpermissive[m[Kâ€™, G++ will accept your code, but allowing the use of an undeclared name is deprecated)
[15.063s] [01m[K/home/andrea/tesi/ros2_mapf_cbs/project_1/src/my_nav2_planner/src/my_planner_server.cpp:272:18:[m[K [01;31m[Kerror: [m[Kthere are no arguments to â€˜[01m[Kget_logger[m[Kâ€™ that depend on a template parameter, so a declaration of â€˜[01m[Kget_logger[m[Kâ€™ must be available [[01;31m[K]8;;https://gcc.gnu.org/onlinedocs/gcc/Warning-Options.html#index-fpermissive-fpermissive]8;;[m[K]
[15.063s] In file included from [01m[K/opt/ros/humble/include/rclcpp/rclcpp/logging.hpp:24[m[K,
[15.063s]                  from [01m[K/opt/ros/humble/include/rclcpp/rclcpp/client.hpp:40[m[K,
[15.063s]                  from [01m[K/opt/ros/humble/include/rclcpp/rclcpp/callback_group.hpp:24[m[K,
[15.063s]                  from [01m[K/opt/ros/humble/include/rclcpp/rclcpp/any_executable.hpp:20[m[K,
[15.063s]                  from [01m[K/opt/ros/humble/include/rclcpp/rclcpp/memory_strategy.hpp:25[m[K,
[15.063s]                  from [01m[K/opt/ros/humble/include/rclcpp/rclcpp/memory_strategies.hpp:18[m[K,
[15.063s]                  from [01m[K/opt/ros/humble/include/rclcpp/rclcpp/executor_options.hpp:20[m[K,
[15.063s]                  from [01m[K/opt/ros/humble/include/rclcpp/rclcpp/executor.hpp:37[m[K,
[15.063s]                  from [01m[K/opt/ros/humble/include/rclcpp/rclcpp/executors/multi_threaded_executor.hpp:25[m[K,
[15.063s]                  from [01m[K/opt/ros/humble/include/rclcpp/rclcpp/executors.hpp:21[m[K,
[15.063s]                  from [01m[K/opt/ros/humble/include/rclcpp/rclcpp/rclcpp.hpp:155[m[K,
[15.063s]                  from [01m[K/opt/ros/humble/include/nav2_util/costmap.hpp:21[m[K,
[15.063s]                  from [01m[K/home/andrea/tesi/ros2_mapf_cbs/project_1/src/my_nav2_planner/src/my_planner_server.cpp:29[m[K:
[15.063s] [01m[K/home/andrea/tesi/ros2_mapf_cbs/project_1/src/my_nav2_planner/src/my_planner_server.cpp:272:18:[m[K [01;31m[Kerror: [m[Kthere are no arguments to â€˜[01m[Kget_logger[m[Kâ€™ that depend on a template parameter, so a declaration of â€˜[01m[Kget_logger[m[Kâ€™ must be available [[01;31m[K]8;;https://gcc.gnu.org/onlinedocs/gcc/Warning-Options.html#index-fpermissive-fpermissive]8;;[m[K]
[15.063s]   272 |     RCLCPP_DEBUG([01;31m[Kget_logger[m[K(), "Action server unavailable or inactive. Stopping.");
[15.063s]       |                  [01;31m[K^~~~~~~~~~[m[K
[15.063s] [01m[K/home/andrea/tesi/ros2_mapf_cbs/project_1/src/my_nav2_planner/src/my_planner_server.cpp:272:18:[m[K [01;31m[Kerror: [m[Kthere are no arguments to â€˜[01m[Kget_logger[m[Kâ€™ that depend on a template parameter, so a declaration of â€˜[01m[Kget_logger[m[Kâ€™ must be available [[01;31m[K]8;;https://gcc.gnu.org/onlinedocs/gcc/Warning-Options.html#index-fpermissive-fpermissive]8;;[m[K]
[15.063s]   272 |     RCLCPP_DEBUG([01;31m[Kget_logger[m[K(), "Action server unavailable or inactive. Stopping.");
[15.063s]       |                  [01;31m[K^~~~~~~~~~[m[K
[15.063s] [01m[K/home/andrea/tesi/ros2_mapf_cbs/project_1/src/my_nav2_planner/src/my_planner_server.cpp:[m[K At global scope:
[15.063s] [01m[K/home/andrea/tesi/ros2_mapf_cbs/project_1/src/my_nav2_planner/src/my_planner_server.cpp:279:6:[m[K [01;31m[Kerror: [m[Kâ€˜[01m[KMyPlannerServer[m[Kâ€™ has not been declared
[15.063s]   279 | void [01;31m[KMyPlannerServer[m[K::waitForCostmap()
[15.063s]       |      [01;31m[K^~~~~~~~~~~~~~~[m[K
[15.065s] [01m[K/home/andrea/tesi/ros2_mapf_cbs/project_1/src/my_nav2_planner/src/my_planner_server.cpp:[m[K In function â€˜[01m[Kvoid my_nav2_planner::waitForCostmap()[m[Kâ€™:
[15.065s] [01m[K/home/andrea/tesi/ros2_mapf_cbs/project_1/src/my_nav2_planner/src/my_planner_server.cpp:283:11:[m[K [01;31m[Kerror: [m[Kâ€˜[01m[Kcostmap_ros_[m[Kâ€™ was not declared in this scope
[15.065s]   283 |   while (![01;31m[Kcostmap_ros_[m[K->isCurrent()) {
[15.065s]       |           [01;31m[K^~~~~~~~~~~~[m[K
[15.065s] [01m[K/home/andrea/tesi/ros2_mapf_cbs/project_1/src/my_nav2_planner/src/my_planner_server.cpp:[m[K At global scope:
[15.065s] [01m[K/home/andrea/tesi/ros2_mapf_cbs/project_1/src/my_nav2_planner/src/my_planner_server.cpp:289:6:[m[K [01;31m[Kerror: [m[Kâ€˜[01m[KMyPlannerServer[m[Kâ€™ has not been declared
[15.065s]   289 | bool [01;31m[KMyPlannerServer[m[K::isCancelRequested(
[15.065s]       |      [01;31m[K^~~~~~~~~~~~~~~[m[K
[15.065s] In file included from [01m[K/opt/ros/humble/include/rclcpp/rclcpp/client.hpp:40[m[K,
[15.065s]                  from [01m[K/opt/ros/humble/include/rclcpp/rclcpp/callback_group.hpp:24[m[K,
[15.065s]                  from [01m[K/opt/ros/humble/include/rclcpp/rclcpp/any_executable.hpp:20[m[K,
[15.065s]                  from [01m[K/opt/ros/humble/include/rclcpp/rclcpp/memory_strategy.hpp:25[m[K,
[15.065s]                  from [01m[K/opt/ros/humble/include/rclcpp/rclcpp/memory_strategies.hpp:18[m[K,
[15.065s]                  from [01m[K/opt/ros/humble/include/rclcpp/rclcpp/executor_options.hpp:20[m[K,
[15.065s]                  from [01m[K/opt/ros/humble/include/rclcpp/rclcpp/executor.hpp:37[m[K,
[15.065s]                  from [01m[K/opt/ros/humble/include/rclcpp/rclcpp/executors/multi_threaded_executor.hpp:25[m[K,
[15.065s]                  from [01m[K/opt/ros/humble/include/rclcpp/rclcpp/executors.hpp:21[m[K,
[15.066s]                  from [01m[K/opt/ros/humble/include/rclcpp/rclcpp/rclcpp.hpp:155[m[K,
[15.066s]                  from [01m[K/opt/ros/humble/include/nav2_util/costmap.hpp:21[m[K,
[15.066s]                  from [01m[K/home/andrea/tesi/ros2_mapf_cbs/project_1/src/my_nav2_planner/src/my_planner_server.cpp:29[m[K:
[15.066s] [01m[K/home/andrea/tesi/ros2_mapf_cbs/project_1/src/my_nav2_planner/src/my_planner_server.cpp:[m[K In function â€˜[01m[Kbool my_nav2_planner::isCancelRequested(std::unique_ptr<nav2_util::SimpleActionServer<T> >&)[m[Kâ€™:
[15.066s] [01m[K/home/andrea/tesi/ros2_mapf_cbs/project_1/src/my_nav2_planner/src/my_planner_server.cpp:293:17:[m[K [01;31m[Kerror: [m[Kthere are no arguments to â€˜[01m[Kget_logger[m[Kâ€™ that depend on a template parameter, so a declaration of â€˜[01m[Kget_logger[m[Kâ€™ must be available [[01;31m[K]8;;https://gcc.gnu.org/onlinedocs/gcc/Warning-Options.html#index-fpermissive-fpermissive]8;;[m[K]
[15.066s]   293 |     RCLCPP_INFO([01;31m[Kget_logger[m[K(), "Goal was canceled. Canceling planning action.");
[15.066s]       |                 [01;31m[K^~~~~~~~~~[m[K
[15.066s] [01m[K/home/andrea/tesi/ros2_mapf_cbs/project_1/src/my_nav2_planner/src/my_planner_server.cpp:293:17:[m[K [01;31m[Kerror: [m[Kthere are no arguments to â€˜[01m[Kget_logger[m[Kâ€™ that depend on a template parameter, so a declaration of â€˜[01m[Kget_logger[m[Kâ€™ must be available [[01;31m[K]8;;https://gcc.gnu.org/onlinedocs/gcc/Warning-Options.html#index-fpermissive-fpermissive]8;;[m[K]
[15.066s] In file included from [01m[K/opt/ros/humble/include/rclcpp/rclcpp/logging.hpp:24[m[K,
[15.066s]                  from [01m[K/opt/ros/humble/include/rclcpp/rclcpp/client.hpp:40[m[K,
[15.066s]                  from [01m[K/opt/ros/humble/include/rclcpp/rclcpp/callback_group.hpp:24[m[K,
[15.066s]                  from [01m[K/opt/ros/humble/include/rclcpp/rclcpp/any_executable.hpp:20[m[K,
[15.066s]                  from [01m[K/opt/ros/humble/include/rclcpp/rclcpp/memory_strategy.hpp:25[m[K,
[15.066s]                  from [01m[K/opt/ros/humble/include/rclcpp/rclcpp/memory_strategies.hpp:18[m[K,
[15.066s]                  from [01m[K/opt/ros/humble/include/rclcpp/rclcpp/executor_options.hpp:20[m[K,
[15.066s]                  from [01m[K/opt/ros/humble/include/rclcpp/rclcpp/executor.hpp:37[m[K,
[15.066s]                  from [01m[K/opt/ros/humble/include/rclcpp/rclcpp/executors/multi_threaded_executor.hpp:25[m[K,
[15.066s]                  from [01m[K/opt/ros/humble/include/rclcpp/rclcpp/executors.hpp:21[m[K,
[15.066s]                  from [01m[K/opt/ros/humble/include/rclcpp/rclcpp/rclcpp.hpp:155[m[K,
[15.066s]                  from [01m[K/opt/ros/humble/include/nav2_util/costmap.hpp:21[m[K,
[15.066s]                  from [01m[K/home/andrea/tesi/ros2_mapf_cbs/project_1/src/my_nav2_planner/src/my_planner_server.cpp:29[m[K:
[15.066s] [01m[K/home/andrea/tesi/ros2_mapf_cbs/project_1/src/my_nav2_planner/src/my_planner_server.cpp:293:17:[m[K [01;31m[Kerror: [m[Kthere are no arguments to â€˜[01m[Kget_logger[m[Kâ€™ that depend on a template parameter, so a declaration of â€˜[01m[Kget_logger[m[Kâ€™ must be available [[01;31m[K]8;;https://gcc.gnu.org/onlinedocs/gcc/Warning-Options.html#index-fpermissive-fpermissive]8;;[m[K]
[15.066s]   293 |     RCLCPP_INFO([01;31m[Kget_logger[m[K(), "Goal was canceled. Canceling planning action.");
[15.066s]       |                 [01;31m[K^~~~~~~~~~[m[K
[15.066s] [01m[K/home/andrea/tesi/ros2_mapf_cbs/project_1/src/my_nav2_planner/src/my_planner_server.cpp:293:17:[m[K [01;31m[Kerror: [m[Kthere are no arguments to â€˜[01m[Kget_logger[m[Kâ€™ that depend on a template parameter, so a declaration of â€˜[01m[Kget_logger[m[Kâ€™ must be available [[01;31m[K]8;;https://gcc.gnu.org/onlinedocs/gcc/Warning-Options.html#index-fpermissive-fpermissive]8;;[m[K]
[15.066s]   293 |     RCLCPP_INFO([01;31m[Kget_logger[m[K(), "Goal was canceled. Canceling planning action.");
[15.066s]       |                 [01;31m[K^~~~~~~~~~[m[K
[15.067s] [01m[K/home/andrea/tesi/ros2_mapf_cbs/project_1/src/my_nav2_planner/src/my_planner_server.cpp:[m[K At global scope:
[15.067s] [01m[K/home/andrea/tesi/ros2_mapf_cbs/project_1/src/my_nav2_planner/src/my_planner_server.cpp:302:6:[m[K [01;31m[Kerror: [m[Kâ€˜[01m[KMyPlannerServer[m[Kâ€™ has not been declared
[15.067s]   302 | void [01;31m[KMyPlannerServer[m[K::getPreemptedGoalIfRequested(
[15.067s]       |      [01;31m[K^~~~~~~~~~~~~~~[m[K
[15.067s] [01m[K/home/andrea/tesi/ros2_mapf_cbs/project_1/src/my_nav2_planner/src/my_planner_server.cpp:312:6:[m[K [01;31m[Kerror: [m[Kâ€˜[01m[KMyPlannerServer[m[Kâ€™ has not been declared
[15.067s]   312 | bool [01;31m[KMyPlannerServer[m[K::getStartPose(
[15.067s]       |      [01;31m[K^~~~~~~~~~~~~~~[m[K
[15.070s] [01m[K/home/andrea/tesi/ros2_mapf_cbs/project_1/src/my_nav2_planner/src/my_planner_server.cpp:[m[K In function â€˜[01m[Kbool my_nav2_planner::getStartPose(std::unique_ptr<nav2_util::SimpleActionServer<T> >&, std::shared_ptr<const typename ActionT::Goal>, geometry_msgs::msg::PoseStamped&)[m[Kâ€™:
[15.070s] [01m[K/home/andrea/tesi/ros2_mapf_cbs/project_1/src/my_nav2_planner/src/my_planner_server.cpp:319:15:[m[K [01;31m[Kerror: [m[Kâ€˜[01m[Kcostmap_ros_[m[Kâ€™ was not declared in this scope
[15.070s]   319 |   } else if (![01;31m[Kcostmap_ros_[m[K->getRobotPose(start)) {
[15.070s]       |               [01;31m[K^~~~~~~~~~~~[m[K
[15.070s] [01m[K/home/andrea/tesi/ros2_mapf_cbs/project_1/src/my_nav2_planner/src/my_planner_server.cpp:[m[K At global scope:
[15.070s] [01m[K/home/andrea/tesi/ros2_mapf_cbs/project_1/src/my_nav2_planner/src/my_planner_server.cpp:328:6:[m[K [01;31m[Kerror: [m[Kâ€˜[01m[KMyPlannerServer[m[Kâ€™ has not been declared
[15.070s]   328 | bool [01;31m[KMyPlannerServer[m[K::transformPosesToGlobalFrame(
[15.070s]       |      [01;31m[K^~~~~~~~~~~~~~~[m[K
[15.075s] [01m[K/home/andrea/tesi/ros2_mapf_cbs/project_1/src/my_nav2_planner/src/my_planner_server.cpp:[m[K In function â€˜[01m[Kbool my_nav2_planner::transformPosesToGlobalFrame(std::unique_ptr<nav2_util::SimpleActionServer<T> >&, geometry_msgs::msg::PoseStamped&, geometry_msgs::msg::PoseStamped&)[m[Kâ€™:
[15.075s] [01m[K/home/andrea/tesi/ros2_mapf_cbs/project_1/src/my_nav2_planner/src/my_planner_server.cpp:333:8:[m[K [01;31m[Kerror: [m[Kâ€˜[01m[Kcostmap_ros_[m[Kâ€™ was not declared in this scope
[15.075s]   333 |   if (![01;31m[Kcostmap_ros_[m[K->transformPoseToGlobalFrame(curr_start, curr_start) ||
[15.075s]       |        [01;31m[K^~~~~~~~~~~~[m[K
[15.075s] In file included from [01m[K/opt/ros/humble/include/rclcpp/rclcpp/client.hpp:40[m[K,
[15.075s]                  from [01m[K/opt/ros/humble/include/rclcpp/rclcpp/callback_group.hpp:24[m[K,
[15.075s]                  from [01m[K/opt/ros/humble/include/rclcpp/rclcpp/any_executable.hpp:20[m[K,
[15.075s]                  from [01m[K/opt/ros/humble/include/rclcpp/rclcpp/memory_strategy.hpp:25[m[K,
[15.075s]                  from [01m[K/opt/ros/humble/include/rclcpp/rclcpp/memory_strategies.hpp:18[m[K,
[15.075s]                  from [01m[K/opt/ros/humble/include/rclcpp/rclcpp/executor_options.hpp:20[m[K,
[15.075s]                  from [01m[K/opt/ros/humble/include/rclcpp/rclcpp/executor.hpp:37[m[K,
[15.075s]                  from [01m[K/opt/ros/humble/include/rclcpp/rclcpp/executors/multi_threaded_executor.hpp:25[m[K,
[15.076s]                  from [01m[K/opt/ros/humble/include/rclcpp/rclcpp/executors.hpp:21[m[K,
[15.076s]                  from [01m[K/opt/ros/humble/include/rclcpp/rclcpp/rclcpp.hpp:155[m[K,
[15.076s]                  from [01m[K/opt/ros/humble/include/nav2_util/costmap.hpp:21[m[K,
[15.076s]                  from [01m[K/home/andrea/tesi/ros2_mapf_cbs/project_1/src/my_nav2_planner/src/my_planner_server.cpp:29[m[K:
[15.076s] [01m[K/home/andrea/tesi/ros2_mapf_cbs/project_1/src/my_nav2_planner/src/my_planner_server.cpp:337:7:[m[K [01;31m[Kerror: [m[Kthere are no arguments to â€˜[01m[Kget_logger[m[Kâ€™ that depend on a template parameter, so a declaration of â€˜[01m[Kget_logger[m[Kâ€™ must be available [[01;31m[K]8;;https://gcc.gnu.org/onlinedocs/gcc/Warning-Options.html#index-fpermissive-fpermissive]8;;[m[K]
[15.076s]   337 |       [01;31m[Kget_logger[m[K(), "Could not transform the start or goal pose in the costmap frame");
[15.076s]       |       [01;31m[K^~~~~~~~~~[m[K
[15.076s] [01m[K/home/andrea/tesi/ros2_mapf_cbs/project_1/src/my_nav2_planner/src/my_planner_server.cpp:337:7:[m[K [01;31m[Kerror: [m[Kthere are no arguments to â€˜[01m[Kget_logger[m[Kâ€™ that depend on a template parameter, so a declaration of â€˜[01m[Kget_logger[m[Kâ€™ must be available [[01;31m[K]8;;https://gcc.gnu.org/onlinedocs/gcc/Warning-Options.html#index-fpermissive-fpermissive]8;;[m[K]
[15.076s] In file included from [01m[K/opt/ros/humble/include/rclcpp/rclcpp/logging.hpp:24[m[K,
[15.076s]                  from [01m[K/opt/ros/humble/include/rclcpp/rclcpp/client.hpp:40[m[K,
[15.076s]                  from [01m[K/opt/ros/humble/include/rclcpp/rclcpp/callback_group.hpp:24[m[K,
[15.076s]                  from [01m[K/opt/ros/humble/include/rclcpp/rclcpp/any_executable.hpp:20[m[K,
[15.076s]                  from [01m[K/opt/ros/humble/include/rclcpp/rclcpp/memory_strategy.hpp:25[m[K,
[15.076s]                  from [01m[K/opt/ros/humble/include/rclcpp/rclcpp/memory_strategies.hpp:18[m[K,
[15.076s]                  from [01m[K/opt/ros/humble/include/rclcpp/rclcpp/executor_options.hpp:20[m[K,
[15.076s]                  from [01m[K/opt/ros/humble/include/rclcpp/rclcpp/executor.hpp:37[m[K,
[15.076s]                  from [01m[K/opt/ros/humble/include/rclcpp/rclcpp/executors/multi_threaded_executor.hpp:25[m[K,
[15.076s]                  from [01m[K/opt/ros/humble/include/rclcpp/rclcpp/executors.hpp:21[m[K,
[15.076s]                  from [01m[K/opt/ros/humble/include/rclcpp/rclcpp/rclcpp.hpp:155[m[K,
[15.076s]                  from [01m[K/opt/ros/humble/include/nav2_util/costmap.hpp:21[m[K,
[15.076s]                  from [01m[K/home/andrea/tesi/ros2_mapf_cbs/project_1/src/my_nav2_planner/src/my_planner_server.cpp:29[m[K:
[15.076s] [01m[K/home/andrea/tesi/ros2_mapf_cbs/project_1/src/my_nav2_planner/src/my_planner_server.cpp:337:7:[m[K [01;31m[Kerror: [m[Kthere are no arguments to â€˜[01m[Kget_logger[m[Kâ€™ that depend on a template parameter, so a declaration of â€˜[01m[Kget_logger[m[Kâ€™ must be available [[01;31m[K]8;;https://gcc.gnu.org/onlinedocs/gcc/Warning-Options.html#index-fpermissive-fpermissive]8;;[m[K]
[15.076s]   337 |       [01;31m[Kget_logger[m[K(), "Could not transform the start or goal pose in the costmap frame");
[15.076s]       |       [01;31m[K^~~~~~~~~~[m[K
[15.076s] [01m[K/home/andrea/tesi/ros2_mapf_cbs/project_1/src/my_nav2_planner/src/my_planner_server.cpp:337:7:[m[K [01;31m[Kerror: [m[Kthere are no arguments to â€˜[01m[Kget_logger[m[Kâ€™ that depend on a template parameter, so a declaration of â€˜[01m[Kget_logger[m[Kâ€™ must be available [[01;31m[K]8;;https://gcc.gnu.org/onlinedocs/gcc/Warning-Options.html#index-fpermissive-fpermissive]8;;[m[K]
[15.076s]   337 |       [01;31m[Kget_logger[m[K(), "Could not transform the start or goal pose in the costmap frame");
[15.077s]       |       [01;31m[K^~~~~~~~~~[m[K
[15.077s] [01m[K/home/andrea/tesi/ros2_mapf_cbs/project_1/src/my_nav2_planner/src/my_planner_server.cpp:[m[K At global scope:
[15.077s] [01m[K/home/andrea/tesi/ros2_mapf_cbs/project_1/src/my_nav2_planner/src/my_planner_server.cpp:346:6:[m[K [01;31m[Kerror: [m[Kâ€˜[01m[KMyPlannerServer[m[Kâ€™ has not been declared
[15.077s]   346 | bool [01;31m[KMyPlannerServer[m[K::validatePath(
[15.077s]       |      [01;31m[K^~~~~~~~~~~~~~~[m[K
[15.077s] In file included from [01m[K/opt/ros/humble/include/rclcpp/rclcpp/client.hpp:40[m[K,
[15.077s]                  from [01m[K/opt/ros/humble/include/rclcpp/rclcpp/callback_group.hpp:24[m[K,
[15.077s]                  from [01m[K/opt/ros/humble/include/rclcpp/rclcpp/any_executable.hpp:20[m[K,
[15.077s]                  from [01m[K/opt/ros/humble/include/rclcpp/rclcpp/memory_strategy.hpp:25[m[K,
[15.077s]                  from [01m[K/opt/ros/humble/include/rclcpp/rclcpp/memory_strategies.hpp:18[m[K,
[15.077s]                  from [01m[K/opt/ros/humble/include/rclcpp/rclcpp/executor_options.hpp:20[m[K,
[15.077s]                  from [01m[K/opt/ros/humble/include/rclcpp/rclcpp/executor.hpp:37[m[K,
[15.077s]                  from [01m[K/opt/ros/humble/include/rclcpp/rclcpp/executors/multi_threaded_executor.hpp:25[m[K,
[15.077s]                  from [01m[K/opt/ros/humble/include/rclcpp/rclcpp/executors.hpp:21[m[K,
[15.077s]                  from [01m[K/opt/ros/humble/include/rclcpp/rclcpp/rclcpp.hpp:155[m[K,
[15.077s]                  from [01m[K/opt/ros/humble/include/nav2_util/costmap.hpp:21[m[K,
[15.077s]                  from [01m[K/home/andrea/tesi/ros2_mapf_cbs/project_1/src/my_nav2_planner/src/my_planner_server.cpp:29[m[K:
[15.077s] [01m[K/home/andrea/tesi/ros2_mapf_cbs/project_1/src/my_nav2_planner/src/my_planner_server.cpp:[m[K In function â€˜[01m[Kbool my_nav2_planner::validatePath(std::unique_ptr<nav2_util::SimpleActionServer<T> >&, const PoseStamped&, const Path&, const string&)[m[Kâ€™:
[15.077s] [01m[K/home/andrea/tesi/ros2_mapf_cbs/project_1/src/my_nav2_planner/src/my_planner_server.cpp:354:7:[m[K [01;31m[Kerror: [m[Kthere are no arguments to â€˜[01m[Kget_logger[m[Kâ€™ that depend on a template parameter, so a declaration of â€˜[01m[Kget_logger[m[Kâ€™ must be available [[01;31m[K]8;;https://gcc.gnu.org/onlinedocs/gcc/Warning-Options.html#index-fpermissive-fpermissive]8;;[m[K]
[15.077s]   354 |       [01;31m[Kget_logger[m[K(), "Planning algorithm %s failed to generate a valid"
[15.077s]       |       [01;31m[K^~~~~~~~~~[m[K
[15.077s] [01m[K/home/andrea/tesi/ros2_mapf_cbs/project_1/src/my_nav2_planner/src/my_planner_server.cpp:354:7:[m[K [01;31m[Kerror: [m[Kthere are no arguments to â€˜[01m[Kget_logger[m[Kâ€™ that depend on a template parameter, so a declaration of â€˜[01m[Kget_logger[m[Kâ€™ must be available [[01;31m[K]8;;https://gcc.gnu.org/onlinedocs/gcc/Warning-Options.html#index-fpermissive-fpermissive]8;;[m[K]
[15.077s] In file included from [01m[K/opt/ros/humble/include/rclcpp/rclcpp/logging.hpp:24[m[K,
[15.077s]                  from [01m[K/opt/ros/humble/include/rclcpp/rclcpp/client.hpp:40[m[K,
[15.077s]                  from [01m[K/opt/ros/humble/include/rclcpp/rclcpp/callback_group.hpp:24[m[K,
[15.077s]                  from [01m[K/opt/ros/humble/include/rclcpp/rclcpp/any_executable.hpp:20[m[K,
[15.078s]                  from [01m[K/opt/ros/humble/include/rclcpp/rclcpp/memory_strategy.hpp:25[m[K,
[15.078s]                  from [01m[K/opt/ros/humble/include/rclcpp/rclcpp/memory_strategies.hpp:18[m[K,
[15.078s]                  from [01m[K/opt/ros/humble/include/rclcpp/rclcpp/executor_options.hpp:20[m[K,
[15.078s]                  from [01m[K/opt/ros/humble/include/rclcpp/rclcpp/executor.hpp:37[m[K,
[15.078s]                  from [01m[K/opt/ros/humble/include/rclcpp/rclcpp/executors/multi_threaded_executor.hpp:25[m[K,
[15.078s]                  from [01m[K/opt/ros/humble/include/rclcpp/rclcpp/executors.hpp:21[m[K,
[15.078s]                  from [01m[K/opt/ros/humble/include/rclcpp/rclcpp/rclcpp.hpp:155[m[K,
[15.078s]                  from [01m[K/opt/ros/humble/include/nav2_util/costmap.hpp:21[m[K,
[15.078s]                  from [01m[K/home/andrea/tesi/ros2_mapf_cbs/project_1/src/my_nav2_planner/src/my_planner_server.cpp:29[m[K:
[15.078s] [01m[K/home/andrea/tesi/ros2_mapf_cbs/project_1/src/my_nav2_planner/src/my_planner_server.cpp:354:7:[m[K [01;31m[Kerror: [m[Kthere are no arguments to â€˜[01m[Kget_logger[m[Kâ€™ that depend on a template parameter, so a declaration of â€˜[01m[Kget_logger[m[Kâ€™ must be available [[01;31m[K]8;;https://gcc.gnu.org/onlinedocs/gcc/Warning-Options.html#index-fpermissive-fpermissive]8;;[m[K]
[15.078s]   354 |       [01;31m[Kget_logger[m[K(), "Planning algorithm %s failed to generate a valid"
[15.078s]       |       [01;31m[K^~~~~~~~~~[m[K
[15.078s] [01m[K/home/andrea/tesi/ros2_mapf_cbs/project_1/src/my_nav2_planner/src/my_planner_server.cpp:354:7:[m[K [01;31m[Kerror: [m[Kthere are no arguments to â€˜[01m[Kget_logger[m[Kâ€™ that depend on a template parameter, so a declaration of â€˜[01m[Kget_logger[m[Kâ€™ must be available [[01;31m[K]8;;https://gcc.gnu.org/onlinedocs/gcc/Warning-Options.html#index-fpermissive-fpermissive]8;;[m[K]
[15.078s]   354 |       [01;31m[Kget_logger[m[K(), "Planning algorithm %s failed to generate a valid"
[15.078s]       |       [01;31m[K^~~~~~~~~~[m[K
[15.078s] In file included from [01m[K/opt/ros/humble/include/rclcpp/rclcpp/client.hpp:40[m[K,
[15.078s]                  from [01m[K/opt/ros/humble/include/rclcpp/rclcpp/callback_group.hpp:24[m[K,
[15.078s]                  from [01m[K/opt/ros/humble/include/rclcpp/rclcpp/any_executable.hpp:20[m[K,
[15.078s]                  from [01m[K/opt/ros/humble/include/rclcpp/rclcpp/memory_strategy.hpp:25[m[K,
[15.078s]                  from [01m[K/opt/ros/humble/include/rclcpp/rclcpp/memory_strategies.hpp:18[m[K,
[15.078s]                  from [01m[K/opt/ros/humble/include/rclcpp/rclcpp/executor_options.hpp:20[m[K,
[15.078s]                  from [01m[K/opt/ros/humble/include/rclcpp/rclcpp/executor.hpp:37[m[K,
[15.078s]                  from [01m[K/opt/ros/humble/include/rclcpp/rclcpp/executors/multi_threaded_executor.hpp:25[m[K,
[15.078s]                  from [01m[K/opt/ros/humble/include/rclcpp/rclcpp/executors.hpp:21[m[K,
[15.078s]                  from [01m[K/opt/ros/humble/include/rclcpp/rclcpp/rclcpp.hpp:155[m[K,
[15.078s]                  from [01m[K/opt/ros/humble/include/nav2_util/costmap.hpp:21[m[K,
[15.078s]                  from [01m[K/home/andrea/tesi/ros2_mapf_cbs/project_1/src/my_nav2_planner/src/my_planner_server.cpp:29[m[K:
[15.079s] [01m[K/home/andrea/tesi/ros2_mapf_cbs/project_1/src/my_nav2_planner/src/my_planner_server.cpp:362:5:[m[K [01;31m[Kerror: [m[Kthere are no arguments to â€˜[01m[Kget_logger[m[Kâ€™ that depend on a template parameter, so a declaration of â€˜[01m[Kget_logger[m[Kâ€™ must be available [[01;31m[K]8;;https://gcc.gnu.org/onlinedocs/gcc/Warning-Options.html#index-fpermissive-fpermissive]8;;[m[K]
[15.079s]   362 |     [01;31m[Kget_logger[m[K(),
[15.079s]       |     [01;31m[K^~~~~~~~~~[m[K
[15.079s] [01m[K/home/andrea/tesi/ros2_mapf_cbs/project_1/src/my_nav2_planner/src/my_planner_server.cpp:362:5:[m[K [01;31m[Kerror: [m[Kthere are no arguments to â€˜[01m[Kget_logger[m[Kâ€™ that depend on a template parameter, so a declaration of â€˜[01m[Kget_logger[m[Kâ€™ must be available [[01;31m[K]8;;https://gcc.gnu.org/onlinedocs/gcc/Warning-Options.html#index-fpermissive-fpermissive]8;;[m[K]
[15.079s] In file included from [01m[K/opt/ros/humble/include/rclcpp/rclcpp/logging.hpp:24[m[K,
[15.079s]                  from [01m[K/opt/ros/humble/include/rclcpp/rclcpp/client.hpp:40[m[K,
[15.079s]                  from [01m[K/opt/ros/humble/include/rclcpp/rclcpp/callback_group.hpp:24[m[K,
[15.079s]                  from [01m[K/opt/ros/humble/include/rclcpp/rclcpp/any_executable.hpp:20[m[K,
[15.079s]                  from [01m[K/opt/ros/humble/include/rclcpp/rclcpp/memory_strategy.hpp:25[m[K,
[15.079s]                  from [01m[K/opt/ros/humble/include/rclcpp/rclcpp/memory_strategies.hpp:18[m[K,
[15.079s]                  from [01m[K/opt/ros/humble/include/rclcpp/rclcpp/executor_options.hpp:20[m[K,
[15.079s]                  from [01m[K/opt/ros/humble/include/rclcpp/rclcpp/executor.hpp:37[m[K,
[15.079s]                  from [01m[K/opt/ros/humble/include/rclcpp/rclcpp/executors/multi_threaded_executor.hpp:25[m[K,
[15.079s]                  from [01m[K/opt/ros/humble/include/rclcpp/rclcpp/executors.hpp:21[m[K,
[15.079s]                  from [01m[K/opt/ros/humble/include/rclcpp/rclcpp/rclcpp.hpp:155[m[K,
[15.079s]                  from [01m[K/opt/ros/humble/include/nav2_util/costmap.hpp:21[m[K,
[15.079s]                  from [01m[K/home/andrea/tesi/ros2_mapf_cbs/project_1/src/my_nav2_planner/src/my_planner_server.cpp:29[m[K:
[15.079s] [01m[K/home/andrea/tesi/ros2_mapf_cbs/project_1/src/my_nav2_planner/src/my_planner_server.cpp:362:5:[m[K [01;31m[Kerror: [m[Kthere are no arguments to â€˜[01m[Kget_logger[m[Kâ€™ that depend on a template parameter, so a declaration of â€˜[01m[Kget_logger[m[Kâ€™ must be available [[01;31m[K]8;;https://gcc.gnu.org/onlinedocs/gcc/Warning-Options.html#index-fpermissive-fpermissive]8;;[m[K]
[15.079s]   362 |     [01;31m[Kget_logger[m[K(),
[15.079s]       |     [01;31m[K^~~~~~~~~~[m[K
[15.079s] [01m[K/home/andrea/tesi/ros2_mapf_cbs/project_1/src/my_nav2_planner/src/my_planner_server.cpp:362:5:[m[K [01;31m[Kerror: [m[Kthere are no arguments to â€˜[01m[Kget_logger[m[Kâ€™ that depend on a template parameter, so a declaration of â€˜[01m[Kget_logger[m[Kâ€™ must be available [[01;31m[K]8;;https://gcc.gnu.org/onlinedocs/gcc/Warning-Options.html#index-fpermissive-fpermissive]8;;[m[K]
[15.079s]   362 |     [01;31m[Kget_logger[m[K(),
[15.079s]       |     [01;31m[K^~~~~~~~~~[m[K
[15.079s] [01m[K/home/andrea/tesi/ros2_mapf_cbs/project_1/src/my_nav2_planner/src/my_planner_server.cpp:[m[K At global scope:
[15.079s] [01m[K/home/andrea/tesi/ros2_mapf_cbs/project_1/src/my_nav2_planner/src/my_planner_server.cpp:371:1:[m[K [01;31m[Kerror: [m[Kâ€˜[01m[KMyPlannerServer[m[Kâ€™ has not been declared
[15.079s]   371 | [01;31m[KMyPlannerServer[m[K::computePlanThroughPoses()
[15.079s]       | [01;31m[K^~~~~~~~~~~~~~~[m[K
[15.082s] [01m[K/home/andrea/tesi/ros2_mapf_cbs/project_1/src/my_nav2_planner/src/my_planner_server.cpp:[m[K In function â€˜[01m[Kvoid my_nav2_planner::computePlanThroughPoses()[m[Kâ€™:
[15.082s] [01m[K/home/andrea/tesi/ros2_mapf_cbs/project_1/src/my_nav2_planner/src/my_planner_server.cpp:373:36:[m[K [01;31m[Kerror: [m[Kâ€˜[01m[Kdynamic_params_lock_[m[Kâ€™ was not declared in this scope
[15.083s]   373 |   std::lock_guard<std::mutex> lock([01;31m[Kdynamic_params_lock_[m[K);
[15.083s]       |                                    [01;31m[K^~~~~~~~~~~~~~~~~~~~[m[K
[15.087s] [01m[K/home/andrea/tesi/ros2_mapf_cbs/project_1/src/my_nav2_planner/src/my_planner_server.cpp:375:21:[m[K [01;31m[Kerror: [m[Kâ€˜[01m[Ksteady_clock_[m[Kâ€™ was not declared in this scope
[15.087s]   375 |   auto start_time = [01;31m[Ksteady_clock_[m[K.now();
[15.087s]       |                     [01;31m[K^~~~~~~~~~~~~[m[K
[15.094s] [01m[K/home/andrea/tesi/ros2_mapf_cbs/project_1/src/my_nav2_planner/src/my_planner_server.cpp:378:15:[m[K [01;31m[Kerror: [m[Kâ€˜[01m[Kaction_server_poses_[m[Kâ€™ was not declared in this scope
[15.094s]   378 |   auto goal = [01;31m[Kaction_server_poses_[m[K->get_current_goal();
[15.094s]       |               [01;31m[K^~~~~~~~~~~~~~~~~~~~[m[K
[15.100s] [01m[K/home/andrea/tesi/ros2_mapf_cbs/project_1/src/my_nav2_planner/src/my_planner_server.cpp:379:34:[m[K [01;31m[Kerror: [m[Kâ€˜[01m[KActionThroughPoses[m[Kâ€™ was not declared in this scope
[15.100s]   379 |   auto result = std::make_shared<[01;31m[KActionThroughPoses[m[K::Result>();
[15.100s]       |                                  [01;31m[K^~~~~~~~~~~~~~~~~~[m[K
[15.100s] [01m[K/home/andrea/tesi/ros2_mapf_cbs/project_1/src/my_nav2_planner/src/my_planner_server.cpp:379:22:[m[K [01;31m[Kerror: [m[Kparse error in template argument list
[15.100s]   379 |   auto result = std::[01;31m[Kmake_shared<ActionThroughPoses::Result>[m[K();
[15.100s]       |                      [01;31m[K^~~~~~~~~~~~~~~~~~~~~~~~~~~~~~~~~~~~~~~[m[K
[15.100s] [01m[K/home/andrea/tesi/ros2_mapf_cbs/project_1/src/my_nav2_planner/src/my_planner_server.cpp:379:61:[m[K [01;31m[Kerror: [m[Kno matching function for call to â€˜[01m[Kmake_shared<<expression error> >()[m[Kâ€™
[15.100s]   379 |   auto result = [01;31m[Kstd::make_shared<ActionThroughPoses::Result>()[m[K;
[15.100s]       |                 [01;31m[K~~~~~~~~~~~~~~~~~~~~~~~~~~~~~~~~~~~~~~~~~~~~^~[m[K
[15.100s] In file included from [01m[K/usr/include/c++/11/memory:77[m[K,
[15.100s]                  from [01m[K/home/andrea/tesi/ros2_mapf_cbs/project_1/src/my_nav2_planner/src/my_planner_server.cpp:22[m[K:
[15.100s] [01m[K/usr/include/c++/11/bits/shared_ptr.h:875:5:[m[K [01;36m[Knote: [m[Kcandidate: â€˜[01m[Ktemplate<class _Tp, class ... _Args> std::shared_ptr<_Tp> std::make_shared(_Args&& ...)[m[Kâ€™
[15.100s]   875 |     [01;36m[Kmake_shared[m[K(_Args&&... __args)
[15.100s]       |     [01;36m[K^~~~~~~~~~~[m[K
[15.100s] [01m[K/usr/include/c++/11/bits/shared_ptr.h:875:5:[m[K [01;36m[Knote: [m[K  template argument deduction/substitution failed:
[15.101s] [01m[K/home/andrea/tesi/ros2_mapf_cbs/project_1/src/my_nav2_planner/src/my_planner_server.cpp:379:61:[m[K [01;31m[Kerror: [m[Ktemplate argument 1 is invalid
[15.101s]   379 |   auto result = [01;31m[Kstd::make_shared<ActionThroughPoses::Result>()[m[K;
[15.101s]       |                 [01;31m[K~~~~~~~~~~~~~~~~~~~~~~~~~~~~~~~~~~~~~~~~~~~~^~[m[K
[15.101s] In file included from [01m[K/opt/ros/humble/include/rclcpp/rclcpp/client.hpp:40[m[K,
[15.101s]                  from [01m[K/opt/ros/humble/include/rclcpp/rclcpp/callback_group.hpp:24[m[K,
[15.101s]                  from [01m[K/opt/ros/humble/include/rclcpp/rclcpp/any_executable.hpp:20[m[K,
[15.101s]                  from [01m[K/opt/ros/humble/include/rclcpp/rclcpp/memory_strategy.hpp:25[m[K,
[15.101s]                  from [01m[K/opt/ros/humble/include/rclcpp/rclcpp/memory_strategies.hpp:18[m[K,
[15.101s]                  from [01m[K/opt/ros/humble/include/rclcpp/rclcpp/executor_options.hpp:20[m[K,
[15.101s]                  from [01m[K/opt/ros/humble/include/rclcpp/rclcpp/executor.hpp:37[m[K,
[15.101s]                  from [01m[K/opt/ros/humble/include/rclcpp/rclcpp/executors/multi_threaded_executor.hpp:25[m[K,
[15.101s]                  from [01m[K/opt/ros/humble/include/rclcpp/rclcpp/executors.hpp:21[m[K,
[15.101s]                  from [01m[K/opt/ros/humble/include/rclcpp/rclcpp/rclcpp.hpp:155[m[K,
[15.101s]                  from [01m[K/opt/ros/humble/include/nav2_util/costmap.hpp:21[m[K,
[15.101s]                  from [01m[K/home/andrea/tesi/ros2_mapf_cbs/project_1/src/my_nav2_planner/src/my_planner_server.cpp:29[m[K:
[15.101s] [01m[K/home/andrea/tesi/ros2_mapf_cbs/project_1/src/my_nav2_planner/src/my_planner_server.cpp:393:9:[m[K [01;31m[Kerror: [m[Kâ€˜[01m[Kget_logger[m[Kâ€™ was not declared in this scope; did you mean â€˜[01m[Krclcpp::get_logger[m[Kâ€™?
[15.101s]   393 |         [01;31m[Kget_logger[m[K(),
[15.102s]       |         [01;31m[K^~~~~~~~~~[m[K
[15.102s] In file included from [01m[K/opt/ros/humble/include/rclcpp/rclcpp/logging.hpp:23[m[K,
[15.102s]                  from [01m[K/opt/ros/humble/include/rclcpp/rclcpp/client.hpp:40[m[K,
[15.102s]                  from [01m[K/opt/ros/humble/include/rclcpp/rclcpp/callback_group.hpp:24[m[K,
[15.102s]                  from [01m[K/opt/ros/humble/include/rclcpp/rclcpp/any_executable.hpp:20[m[K,
[15.102s]                  from [01m[K/opt/ros/humble/include/rclcpp/rclcpp/memory_strategy.hpp:25[m[K,
[15.102s]                  from [01m[K/opt/ros/humble/include/rclcpp/rclcpp/memory_strategies.hpp:18[m[K,
[15.102s]                  from [01m[K/opt/ros/humble/include/rclcpp/rclcpp/executor_options.hpp:20[m[K,
[15.102s]                  from [01m[K/opt/ros/humble/include/rclcpp/rclcpp/executor.hpp:37[m[K,
[15.102s]                  from [01m[K/opt/ros/humble/include/rclcpp/rclcpp/executors/multi_threaded_executor.hpp:25[m[K,
[15.102s]                  from [01m[K/opt/ros/humble/include/rclcpp/rclcpp/executors.hpp:21[m[K,
[15.102s]                  from [01m[K/opt/ros/humble/include/rclcpp/rclcpp/rclcpp.hpp:155[m[K,
[15.102s]                  from [01m[K/opt/ros/humble/include/nav2_util/costmap.hpp:21[m[K,
[15.102s]                  from [01m[K/home/andrea/tesi/ros2_mapf_cbs/project_1/src/my_nav2_planner/src/my_planner_server.cpp:29[m[K:
[15.102s] [01m[K/opt/ros/humble/include/rclcpp/rclcpp/logger.hpp:106:17:[m[K [01;36m[Knote: [m[Kâ€˜[01m[Krclcpp::get_logger[m[Kâ€™ declared here
[15.102s]   106 |   friend Logger [01;36m[Krclcpp[m[K::get_logger(const std::string & name);
[15.102s]       |                 [01;36m[K^~~~~~[m[K
[15.102s] In file included from [01m[K/opt/ros/humble/include/rclcpp/rclcpp/client.hpp:40[m[K,
[15.102s]                  from [01m[K/opt/ros/humble/include/rclcpp/rclcpp/callback_group.hpp:24[m[K,
[15.102s]                  from [01m[K/opt/ros/humble/include/rclcpp/rclcpp/any_executable.hpp:20[m[K,
[15.102s]                  from [01m[K/opt/ros/humble/include/rclcpp/rclcpp/memory_strategy.hpp:25[m[K,
[15.102s]                  from [01m[K/opt/ros/humble/include/rclcpp/rclcpp/memory_strategies.hpp:18[m[K,
[15.102s]                  from [01m[K/opt/ros/humble/include/rclcpp/rclcpp/executor_options.hpp:20[m[K,
[15.102s]                  from [01m[K/opt/ros/humble/include/rclcpp/rclcpp/executor.hpp:37[m[K,
[15.102s]                  from [01m[K/opt/ros/humble/include/rclcpp/rclcpp/executors/multi_threaded_executor.hpp:25[m[K,
[15.102s]                  from [01m[K/opt/ros/humble/include/rclcpp/rclcpp/executors.hpp:21[m[K,
[15.102s]                  from [01m[K/opt/ros/humble/include/rclcpp/rclcpp/rclcpp.hpp:155[m[K,
[15.103s]                  from [01m[K/opt/ros/humble/include/nav2_util/costmap.hpp:21[m[K,
[15.103s]                  from [01m[K/home/andrea/tesi/ros2_mapf_cbs/project_1/src/my_nav2_planner/src/my_planner_server.cpp:29[m[K:
[15.103s] [01m[K/home/andrea/tesi/ros2_mapf_cbs/project_1/src/my_nav2_planner/src/my_planner_server.cpp:392:7:[m[K [01;31m[Kerror: [m[Ktemplate argument 1 is invalid
[15.103s]   392 |       [01;31m[KRCLCPP_WARN[m[K(
[15.103s]       |       [01;31m[K^~~~~~~~~~~[m[K
[15.103s] [01m[K/home/andrea/tesi/ros2_mapf_cbs/project_1/src/my_nav2_planner/src/my_planner_server.cpp:392:7:[m[K [01;31m[Kerror: [m[Kâ€˜[01m[K<declaration error>[m[Kâ€™ is not a template [[01;31m[K]8;;https://gcc.gnu.org/onlinedocs/gcc/Warning-Options.html#index-fpermissive-fpermissive]8;;[m[K]
[15.103s]   392 |       [01;31m[KRCLCPP_WARN[m[K(
[15.103s]       |       [01;31m[K^~~~~~~~~~~[m[K
[15.103s] [01m[K/home/andrea/tesi/ros2_mapf_cbs/project_1/src/my_nav2_planner/src/my_planner_server.cpp:392:7:[m[K [01;31m[Kerror: [m[Ktemplate argument 1 is invalid
[15.103s]   392 |       [01;31m[KRCLCPP_WARN[m[K(
[15.103s]       |       [01;31m[K^~~~~~~~~~~[m[K
[15.103s] [01m[K/home/andrea/tesi/ros2_mapf_cbs/project_1/src/my_nav2_planner/src/my_planner_server.cpp:392:7:[m[K [01;31m[Kerror: [m[Kâ€˜[01m[K<declaration error>[m[Kâ€™ is not a template [[01;31m[K]8;;https://gcc.gnu.org/onlinedocs/gcc/Warning-Options.html#index-fpermissive-fpermissive]8;;[m[K]
[15.103s]   392 |       [01;31m[KRCLCPP_WARN[m[K(
[15.103s]       |       [01;31m[K^~~~~~~~~~~[m[K
[15.103s] [01m[K/home/andrea/tesi/ros2_mapf_cbs/project_1/src/my_nav2_planner/src/my_planner_server.cpp:392:7:[m[K [01;31m[Kerror: [m[Ktemplate argument 1 is invalid
[15.103s]   392 |       [01;31m[KRCLCPP_WARN[m[K(
[15.103s]       |       [01;31m[K^~~~~~~~~~~[m[K
[15.105s] [01m[K/home/andrea/tesi/ros2_mapf_cbs/project_1/src/my_nav2_planner/src/my_planner_server.cpp:422:39:[m[K [01;31m[Kerror: [m[Kâ€˜[01m[KgetPlan[m[Kâ€™ was not declared in this scope
[15.105s]   422 |       nav_msgs::msg::Path curr_path = [01;31m[KgetPlan[m[K(curr_start, curr_goal, goal->planner_id);
[15.105s]       |                                       [01;31m[K^~~~~~~[m[K
[15.110s] [01m[K/home/andrea/tesi/ros2_mapf_cbs/project_1/src/my_nav2_planner/src/my_planner_server.cpp:437:5:[m[K [01;31m[Kerror: [m[Kâ€˜[01m[KpublishPlan[m[Kâ€™ was not declared in this scope
[15.110s]   437 |     [01;31m[KpublishPlan[m[K(result->path);
[15.110s]       |     [01;31m[K^~~~~~~~~~~[m[K
[15.116s] [01m[K/home/andrea/tesi/ros2_mapf_cbs/project_1/src/my_nav2_planner/src/my_planner_server.cpp:442:9:[m[K [01;31m[Kerror: [m[Kâ€˜[01m[Kmax_planner_duration_[m[Kâ€™ was not declared in this scope
[15.116s]   442 |     if ([01;31m[Kmax_planner_duration_[m[K && cycle_duration.seconds() > max_planner_duration_) {
[15.116s]       |         [01;31m[K^~~~~~~~~~~~~~~~~~~~~[m[K
[15.117s] In file included from [01m[K/opt/ros/humble/include/rclcpp/rclcpp/client.hpp:40[m[K,
[15.117s]                  from [01m[K/opt/ros/humble/include/rclcpp/rclcpp/callback_group.hpp:24[m[K,
[15.117s]                  from [01m[K/opt/ros/humble/include/rclcpp/rclcpp/any_executable.hpp:20[m[K,
[15.117s]                  from [01m[K/opt/ros/humble/include/rclcpp/rclcpp/memory_strategy.hpp:25[m[K,
[15.117s]                  from [01m[K/opt/ros/humble/include/rclcpp/rclcpp/memory_strategies.hpp:18[m[K,
[15.117s]                  from [01m[K/opt/ros/humble/include/rclcpp/rclcpp/executor_options.hpp:20[m[K,
[15.117s]                  from [01m[K/opt/ros/humble/include/rclcpp/rclcpp/executor.hpp:37[m[K,
[15.117s]                  from [01m[K/opt/ros/humble/include/rclcpp/rclcpp/executors/multi_threaded_executor.hpp:25[m[K,
[15.117s]                  from [01m[K/opt/ros/humble/include/rclcpp/rclcpp/executors.hpp:21[m[K,
[15.117s]                  from [01m[K/opt/ros/humble/include/rclcpp/rclcpp/rclcpp.hpp:155[m[K,
[15.117s]                  from [01m[K/opt/ros/humble/include/nav2_util/costmap.hpp:21[m[K,
[15.117s]                  from [01m[K/home/andrea/tesi/ros2_mapf_cbs/project_1/src/my_nav2_planner/src/my_planner_server.cpp:29[m[K:
[15.117s] [01m[K/home/andrea/tesi/ros2_mapf_cbs/project_1/src/my_nav2_planner/src/my_planner_server.cpp:444:9:[m[K [01;31m[Kerror: [m[Kâ€˜[01m[Kget_logger[m[Kâ€™ was not declared in this scope; did you mean â€˜[01m[Krclcpp::get_logger[m[Kâ€™?
[15.117s]   444 |         [01;31m[Kget_logger[m[K(),
[15.117s]       |         [01;31m[K^~~~~~~~~~[m[K
[15.118s] In file included from [01m[K/opt/ros/humble/include/rclcpp/rclcpp/logging.hpp:23[m[K,
[15.118s]                  from [01m[K/opt/ros/humble/include/rclcpp/rclcpp/client.hpp:40[m[K,
[15.118s]                  from [01m[K/opt/ros/humble/include/rclcpp/rclcpp/callback_group.hpp:24[m[K,
[15.118s]                  from [01m[K/opt/ros/humble/include/rclcpp/rclcpp/any_executable.hpp:20[m[K,
[15.118s]                  from [01m[K/opt/ros/humble/include/rclcpp/rclcpp/memory_strategy.hpp:25[m[K,
[15.118s]                  from [01m[K/opt/ros/humble/include/rclcpp/rclcpp/memory_strategies.hpp:18[m[K,
[15.118s]                  from [01m[K/opt/ros/humble/include/rclcpp/rclcpp/executor_options.hpp:20[m[K,
[15.118s]                  from [01m[K/opt/ros/humble/include/rclcpp/rclcpp/executor.hpp:37[m[K,
[15.118s]                  from [01m[K/opt/ros/humble/include/rclcpp/rclcpp/executors/multi_threaded_executor.hpp:25[m[K,
[15.118s]                  from [01m[K/opt/ros/humble/include/rclcpp/rclcpp/executors.hpp:21[m[K,
[15.118s]                  from [01m[K/opt/ros/humble/include/rclcpp/rclcpp/rclcpp.hpp:155[m[K,
[15.118s]                  from [01m[K/opt/ros/humble/include/nav2_util/costmap.hpp:21[m[K,
[15.118s]                  from [01m[K/home/andrea/tesi/ros2_mapf_cbs/project_1/src/my_nav2_planner/src/my_planner_server.cpp:29[m[K:
[15.118s] [01m[K/opt/ros/humble/include/rclcpp/rclcpp/logger.hpp:106:17:[m[K [01;36m[Knote: [m[Kâ€˜[01m[Krclcpp::get_logger[m[Kâ€™ declared here
[15.118s]   106 |   friend Logger [01;36m[Krclcpp[m[K::get_logger(const std::string & name);
[15.118s]       |                 [01;36m[K^~~~~~[m[K
[15.118s] In file included from [01m[K/opt/ros/humble/include/rclcpp/rclcpp/client.hpp:40[m[K,
[15.118s]                  from [01m[K/opt/ros/humble/include/rclcpp/rclcpp/callback_group.hpp:24[m[K,
[15.118s]                  from [01m[K/opt/ros/humble/include/rclcpp/rclcpp/any_executable.hpp:20[m[K,
[15.118s]                  from [01m[K/opt/ros/humble/include/rclcpp/rclcpp/memory_strategy.hpp:25[m[K,
[15.118s]                  from [01m[K/opt/ros/humble/include/rclcpp/rclcpp/memory_strategies.hpp:18[m[K,
[15.118s]                  from [01m[K/opt/ros/humble/include/rclcpp/rclcpp/executor_options.hpp:20[m[K,
[15.119s]                  from [01m[K/opt/ros/humble/include/rclcpp/rclcpp/executor.hpp:37[m[K,
[15.119s]                  from [01m[K/opt/ros/humble/include/rclcpp/rclcpp/executors/multi_threaded_executor.hpp:25[m[K,
[15.119s]                  from [01m[K/opt/ros/humble/include/rclcpp/rclcpp/executors.hpp:21[m[K,
[15.119s]                  from [01m[K/opt/ros/humble/include/rclcpp/rclcpp/rclcpp.hpp:155[m[K,
[15.119s]                  from [01m[K/opt/ros/humble/include/nav2_util/costmap.hpp:21[m[K,
[15.119s]                  from [01m[K/home/andrea/tesi/ros2_mapf_cbs/project_1/src/my_nav2_planner/src/my_planner_server.cpp:29[m[K:
[15.119s] [01m[K/home/andrea/tesi/ros2_mapf_cbs/project_1/src/my_nav2_planner/src/my_planner_server.cpp:443:7:[m[K [01;31m[Kerror: [m[Ktemplate argument 1 is invalid
[15.119s]   443 |       [01;31m[KRCLCPP_WARN[m[K(
[15.119s]       |       [01;31m[K^~~~~~~~~~~[m[K
[15.119s] [01m[K/home/andrea/tesi/ros2_mapf_cbs/project_1/src/my_nav2_planner/src/my_planner_server.cpp:443:7:[m[K [01;31m[Kerror: [m[Kâ€˜[01m[K<declaration error>[m[Kâ€™ is not a template [[01;31m[K]8;;https://gcc.gnu.org/onlinedocs/gcc/Warning-Options.html#index-fpermissive-fpermissive]8;;[m[K]
[15.119s]   443 |       [01;31m[KRCLCPP_WARN[m[K(
[15.119s]       |       [01;31m[K^~~~~~~~~~~[m[K
[15.119s] [01m[K/home/andrea/tesi/ros2_mapf_cbs/project_1/src/my_nav2_planner/src/my_planner_server.cpp:443:7:[m[K [01;31m[Kerror: [m[Ktemplate argument 1 is invalid
[15.119s]   443 |       [01;31m[KRCLCPP_WARN[m[K(
[15.119s]       |       [01;31m[K^~~~~~~~~~~[m[K
[15.119s] [01m[K/home/andrea/tesi/ros2_mapf_cbs/project_1/src/my_nav2_planner/src/my_planner_server.cpp:443:7:[m[K [01;31m[Kerror: [m[Kâ€˜[01m[K<declaration error>[m[Kâ€™ is not a template [[01;31m[K]8;;https://gcc.gnu.org/onlinedocs/gcc/Warning-Options.html#index-fpermissive-fpermissive]8;;[m[K]
[15.119s]   443 |       [01;31m[KRCLCPP_WARN[m[K(
[15.119s]       |       [01;31m[K^~~~~~~~~~~[m[K
[15.119s] [01m[K/home/andrea/tesi/ros2_mapf_cbs/project_1/src/my_nav2_planner/src/my_planner_server.cpp:443:7:[m[K [01;31m[Kerror: [m[Ktemplate argument 1 is invalid
[15.119s]   443 |       [01;31m[KRCLCPP_WARN[m[K(
[15.119s]       |       [01;31m[K^~~~~~~~~~~[m[K
[15.119s] [01m[K/home/andrea/tesi/ros2_mapf_cbs/project_1/src/my_nav2_planner/src/my_planner_server.cpp:452:7:[m[K [01;31m[Kerror: [m[Kâ€˜[01m[Kget_logger[m[Kâ€™ was not declared in this scope; did you mean â€˜[01m[Krclcpp::get_logger[m[Kâ€™?
[15.119s]   452 |       [01;31m[Kget_logger[m[K(),
[15.119s]       |       [01;31m[K^~~~~~~~~~[m[K
[15.119s] In file included from [01m[K/opt/ros/humble/include/rclcpp/rclcpp/logging.hpp:23[m[K,
[15.119s]                  from [01m[K/opt/ros/humble/include/rclcpp/rclcpp/client.hpp:40[m[K,
[15.119s]                  from [01m[K/opt/ros/humble/include/rclcpp/rclcpp/callback_group.hpp:24[m[K,
[15.120s]                  from [01m[K/opt/ros/humble/include/rclcpp/rclcpp/any_executable.hpp:20[m[K,
[15.120s]                  from [01m[K/opt/ros/humble/include/rclcpp/rclcpp/memory_strategy.hpp:25[m[K,
[15.120s]                  from [01m[K/opt/ros/humble/include/rclcpp/rclcpp/memory_strategies.hpp:18[m[K,
[15.120s]                  from [01m[K/opt/ros/humble/include/rclcpp/rclcpp/executor_options.hpp:20[m[K,
[15.120s]                  from [01m[K/opt/ros/humble/include/rclcpp/rclcpp/executor.hpp:37[m[K,
[15.120s]                  from [01m[K/opt/ros/humble/include/rclcpp/rclcpp/executors/multi_threaded_executor.hpp:25[m[K,
[15.120s]                  from [01m[K/opt/ros/humble/include/rclcpp/rclcpp/executors.hpp:21[m[K,
[15.120s]                  from [01m[K/opt/ros/humble/include/rclcpp/rclcpp/rclcpp.hpp:155[m[K,
[15.120s]                  from [01m[K/opt/ros/humble/include/nav2_util/costmap.hpp:21[m[K,
[15.120s]                  from [01m[K/home/andrea/tesi/ros2_mapf_cbs/project_1/src/my_nav2_planner/src/my_planner_server.cpp:29[m[K:
[15.120s] [01m[K/opt/ros/humble/include/rclcpp/rclcpp/logger.hpp:106:17:[m[K [01;36m[Knote: [m[Kâ€˜[01m[Krclcpp::get_logger[m[Kâ€™ declared here
[15.120s]   106 |   friend Logger [01;36m[Krclcpp[m[K::get_logger(const std::string & name);
[15.120s]       |                 [01;36m[K^~~~~~[m[K
[15.120s] In file included from [01m[K/opt/ros/humble/include/rclcpp/rclcpp/client.hpp:40[m[K,
[15.120s]                  from [01m[K/opt/ros/humble/include/rclcpp/rclcpp/callback_group.hpp:24[m[K,
[15.120s]                  from [01m[K/opt/ros/humble/include/rclcpp/rclcpp/any_executable.hpp:20[m[K,
[15.120s]                  from [01m[K/opt/ros/humble/include/rclcpp/rclcpp/memory_strategy.hpp:25[m[K,
[15.120s]                  from [01m[K/opt/ros/humble/include/rclcpp/rclcpp/memory_strategies.hpp:18[m[K,
[15.120s]                  from [01m[K/opt/ros/humble/include/rclcpp/rclcpp/executor_options.hpp:20[m[K,
[15.120s]                  from [01m[K/opt/ros/humble/include/rclcpp/rclcpp/executor.hpp:37[m[K,
[15.120s]                  from [01m[K/opt/ros/humble/include/rclcpp/rclcpp/executors/multi_threaded_executor.hpp:25[m[K,
[15.120s]                  from [01m[K/opt/ros/humble/include/rclcpp/rclcpp/executors.hpp:21[m[K,
[15.120s]                  from [01m[K/opt/ros/humble/include/rclcpp/rclcpp/rclcpp.hpp:155[m[K,
[15.120s]                  from [01m[K/opt/ros/humble/include/nav2_util/costmap.hpp:21[m[K,
[15.120s]                  from [01m[K/home/andrea/tesi/ros2_mapf_cbs/project_1/src/my_nav2_planner/src/my_planner_server.cpp:29[m[K:
[15.120s] [01m[K/home/andrea/tesi/ros2_mapf_cbs/project_1/src/my_nav2_planner/src/my_planner_server.cpp:451:5:[m[K [01;31m[Kerror: [m[Ktemplate argument 1 is invalid
[15.120s]   451 |     [01;31m[KRCLCPP_WARN[m[K(
[15.121s]       |     [01;31m[K^~~~~~~~~~~[m[K
[15.121s] [01m[K/home/andrea/tesi/ros2_mapf_cbs/project_1/src/my_nav2_planner/src/my_planner_server.cpp:451:5:[m[K [01;31m[Kerror: [m[Kâ€˜[01m[K<declaration error>[m[Kâ€™ is not a template [[01;31m[K]8;;https://gcc.gnu.org/onlinedocs/gcc/Warning-Options.html#index-fpermissive-fpermissive]8;;[m[K]
[15.121s]   451 |     [01;31m[KRCLCPP_WARN[m[K(
[15.121s]       |     [01;31m[K^~~~~~~~~~~[m[K
[15.121s] [01m[K/home/andrea/tesi/ros2_mapf_cbs/project_1/src/my_nav2_planner/src/my_planner_server.cpp:451:5:[m[K [01;31m[Kerror: [m[Ktemplate argument 1 is invalid
[15.121s]   451 |     [01;31m[KRCLCPP_WARN[m[K(
[15.121s]       |     [01;31m[K^~~~~~~~~~~[m[K
[15.121s] [01m[K/home/andrea/tesi/ros2_mapf_cbs/project_1/src/my_nav2_planner/src/my_planner_server.cpp:451:5:[m[K [01;31m[Kerror: [m[Kâ€˜[01m[K<declaration error>[m[Kâ€™ is not a template [[01;31m[K]8;;https://gcc.gnu.org/onlinedocs/gcc/Warning-Options.html#index-fpermissive-fpermissive]8;;[m[K]
[15.121s]   451 |     [01;31m[KRCLCPP_WARN[m[K(
[15.121s]       |     [01;31m[K^~~~~~~~~~~[m[K
[15.121s] [01m[K/home/andrea/tesi/ros2_mapf_cbs/project_1/src/my_nav2_planner/src/my_planner_server.cpp:451:5:[m[K [01;31m[Kerror: [m[Ktemplate argument 1 is invalid
[15.121s]   451 |     [01;31m[KRCLCPP_WARN[m[K(
[15.121s]       |     [01;31m[K^~~~~~~~~~~[m[K
[15.121s] [01m[K/home/andrea/tesi/ros2_mapf_cbs/project_1/src/my_nav2_planner/src/my_planner_server.cpp:[m[K At global scope:
[15.121s] [01m[K/home/andrea/tesi/ros2_mapf_cbs/project_1/src/my_nav2_planner/src/my_planner_server.cpp:461:1:[m[K [01;31m[Kerror: [m[Kâ€˜[01m[KMyPlannerServer[m[Kâ€™ has not been declared
[15.121s]   461 | [01;31m[KMyPlannerServer[m[K::computePlan()
[15.121s]       | [01;31m[K^~~~~~~~~~~~~~~[m[K
[15.125s] [01m[K/home/andrea/tesi/ros2_mapf_cbs/project_1/src/my_nav2_planner/src/my_planner_server.cpp:[m[K In function â€˜[01m[Kvoid my_nav2_planner::computePlan()[m[Kâ€™:
[15.125s] [01m[K/home/andrea/tesi/ros2_mapf_cbs/project_1/src/my_nav2_planner/src/my_planner_server.cpp:463:36:[m[K [01;31m[Kerror: [m[Kâ€˜[01m[Kdynamic_params_lock_[m[Kâ€™ was not declared in this scope
[15.125s]   463 |   std::lock_guard<std::mutex> lock([01;31m[Kdynamic_params_lock_[m[K);
[15.125s]       |                                    [01;31m[K^~~~~~~~~~~~~~~~~~~~[m[K
[15.130s] [01m[K/home/andrea/tesi/ros2_mapf_cbs/project_1/src/my_nav2_planner/src/my_planner_server.cpp:465:21:[m[K [01;31m[Kerror: [m[Kâ€˜[01m[Ksteady_clock_[m[Kâ€™ was not declared in this scope
[15.130s]   465 |   auto start_time = [01;31m[Ksteady_clock_[m[K.now();
[15.130s]       |                     [01;31m[K^~~~~~~~~~~~~[m[K
[15.136s] [01m[K/home/andrea/tesi/ros2_mapf_cbs/project_1/src/my_nav2_planner/src/my_planner_server.cpp:468:15:[m[K [01;31m[Kerror: [m[Kâ€˜[01m[Kaction_server_pose_[m[Kâ€™ was not declared in this scope
[15.136s]   468 |   auto goal = [01;31m[Kaction_server_pose_[m[K->get_current_goal();
[15.136s]       |               [01;31m[K^~~~~~~~~~~~~~~~~~~[m[K
[15.141s] [01m[K/home/andrea/tesi/ros2_mapf_cbs/project_1/src/my_nav2_planner/src/my_planner_server.cpp:469:34:[m[K [01;31m[Kerror: [m[Kâ€˜[01m[KActionToPose[m[Kâ€™ was not declared in this scope
[15.141s]   469 |   auto result = std::make_shared<[01;31m[KActionToPose[m[K::Result>();
[15.141s]       |                                  [01;31m[K^~~~~~~~~~~~[m[K
[15.141s] [01m[K/home/andrea/tesi/ros2_mapf_cbs/project_1/src/my_nav2_planner/src/my_planner_server.cpp:469:22:[m[K [01;31m[Kerror: [m[Kparse error in template argument list
[15.141s]   469 |   auto result = std::[01;31m[Kmake_shared<ActionToPose::Result>[m[K();
[15.141s]       |                      [01;31m[K^~~~~~~~~~~~~~~~~~~~~~~~~~~~~~~~~[m[K
[15.141s] [01m[K/home/andrea/tesi/ros2_mapf_cbs/project_1/src/my_nav2_planner/src/my_planner_server.cpp:469:55:[m[K [01;31m[Kerror: [m[Kno matching function for call to â€˜[01m[Kmake_shared<<expression error> >()[m[Kâ€™
[15.141s]   469 |   auto result = [01;31m[Kstd::make_shared<ActionToPose::Result>()[m[K;
[15.141s]       |                 [01;31m[K~~~~~~~~~~~~~~~~~~~~~~~~~~~~~~~~~~~~~~^~[m[K
[15.141s] In file included from [01m[K/usr/include/c++/11/memory:77[m[K,
[15.141s]                  from [01m[K/home/andrea/tesi/ros2_mapf_cbs/project_1/src/my_nav2_planner/src/my_planner_server.cpp:22[m[K:
[15.141s] [01m[K/usr/include/c++/11/bits/shared_ptr.h:875:5:[m[K [01;36m[Knote: [m[Kcandidate: â€˜[01m[Ktemplate<class _Tp, class ... _Args> std::shared_ptr<_Tp> std::make_shared(_Args&& ...)[m[Kâ€™
[15.141s]   875 |     [01;36m[Kmake_shared[m[K(_Args&&... __args)
[15.141s]       |     [01;36m[K^~~~~~~~~~~[m[K
[15.141s] [01m[K/usr/include/c++/11/bits/shared_ptr.h:875:5:[m[K [01;36m[Knote: [m[K  template argument deduction/substitution failed:
[15.142s] [01m[K/home/andrea/tesi/ros2_mapf_cbs/project_1/src/my_nav2_planner/src/my_planner_server.cpp:469:55:[m[K [01;31m[Kerror: [m[Ktemplate argument 1 is invalid
[15.142s]   469 |   auto result = [01;31m[Kstd::make_shared<ActionToPose::Result>()[m[K;
[15.142s]       |                 [01;31m[K~~~~~~~~~~~~~~~~~~~~~~~~~~~~~~~~~~~~~~^~[m[K
[15.145s] [01m[K/home/andrea/tesi/ros2_mapf_cbs/project_1/src/my_nav2_planner/src/my_planner_server.cpp:492:20:[m[K [01;31m[Kerror: [m[Kâ€˜[01m[KgetPlan[m[Kâ€™ was not declared in this scope
[15.145s]   492 |     result->path = [01;31m[KgetPlan[m[K(start, goal_pose, goal->planner_id);
[15.145s]       |                    [01;31m[K^~~~~~~[m[K
[15.149s] [01m[K/home/andrea/tesi/ros2_mapf_cbs/project_1/src/my_nav2_planner/src/my_planner_server.cpp:499:5:[m[K [01;31m[Kerror: [m[Kâ€˜[01m[KpublishPlan[m[Kâ€™ was not declared in this scope
[15.149s]   499 |     [01;31m[KpublishPlan[m[K(result->path);
[15.149s]       |     [01;31m[K^~~~~~~~~~~[m[K
[15.157s] [01m[K/home/andrea/tesi/ros2_mapf_cbs/project_1/src/my_nav2_planner/src/my_planner_server.cpp:504:9:[m[K [01;31m[Kerror: [m[Kâ€˜[01m[Kmax_planner_duration_[m[Kâ€™ was not declared in this scope
[15.157s]   504 |     if ([01;31m[Kmax_planner_duration_[m[K && cycle_duration.seconds() > max_planner_duration_) {
[15.157s]       |         [01;31m[K^~~~~~~~~~~~~~~~~~~~~[m[K
[15.158s] In file included from [01m[K/opt/ros/humble/include/rclcpp/rclcpp/client.hpp:40[m[K,
[15.158s]                  from [01m[K/opt/ros/humble/include/rclcpp/rclcpp/callback_group.hpp:24[m[K,
[15.158s]                  from [01m[K/opt/ros/humble/include/rclcpp/rclcpp/any_executable.hpp:20[m[K,
[15.158s]                  from [01m[K/opt/ros/humble/include/rclcpp/rclcpp/memory_strategy.hpp:25[m[K,
[15.158s]                  from [01m[K/opt/ros/humble/include/rclcpp/rclcpp/memory_strategies.hpp:18[m[K,
[15.158s]                  from [01m[K/opt/ros/humble/include/rclcpp/rclcpp/executor_options.hpp:20[m[K,
[15.158s]                  from [01m[K/opt/ros/humble/include/rclcpp/rclcpp/executor.hpp:37[m[K,
[15.158s]                  from [01m[K/opt/ros/humble/include/rclcpp/rclcpp/executors/multi_threaded_executor.hpp:25[m[K,
[15.158s]                  from [01m[K/opt/ros/humble/include/rclcpp/rclcpp/executors.hpp:21[m[K,
[15.158s]                  from [01m[K/opt/ros/humble/include/rclcpp/rclcpp/rclcpp.hpp:155[m[K,
[15.158s]                  from [01m[K/opt/ros/humble/include/nav2_util/costmap.hpp:21[m[K,
[15.159s]                  from [01m[K/home/andrea/tesi/ros2_mapf_cbs/project_1/src/my_nav2_planner/src/my_planner_server.cpp:29[m[K:
[15.159s] [01m[K/home/andrea/tesi/ros2_mapf_cbs/project_1/src/my_nav2_planner/src/my_planner_server.cpp:506:9:[m[K [01;31m[Kerror: [m[Kâ€˜[01m[Kget_logger[m[Kâ€™ was not declared in this scope; did you mean â€˜[01m[Krclcpp::get_logger[m[Kâ€™?
[15.159s]   506 |         [01;31m[Kget_logger[m[K(),
[15.159s]       |         [01;31m[K^~~~~~~~~~[m[K
[15.159s] In file included from [01m[K/opt/ros/humble/include/rclcpp/rclcpp/logging.hpp:23[m[K,
[15.159s]                  from [01m[K/opt/ros/humble/include/rclcpp/rclcpp/client.hpp:40[m[K,
[15.159s]                  from [01m[K/opt/ros/humble/include/rclcpp/rclcpp/callback_group.hpp:24[m[K,
[15.159s]                  from [01m[K/opt/ros/humble/include/rclcpp/rclcpp/any_executable.hpp:20[m[K,
[15.159s]                  from [01m[K/opt/ros/humble/include/rclcpp/rclcpp/memory_strategy.hpp:25[m[K,
[15.159s]                  from [01m[K/opt/ros/humble/include/rclcpp/rclcpp/memory_strategies.hpp:18[m[K,
[15.159s]                  from [01m[K/opt/ros/humble/include/rclcpp/rclcpp/executor_options.hpp:20[m[K,
[15.159s]                  from [01m[K/opt/ros/humble/include/rclcpp/rclcpp/executor.hpp:37[m[K,
[15.159s]                  from [01m[K/opt/ros/humble/include/rclcpp/rclcpp/executors/multi_threaded_executor.hpp:25[m[K,
[15.159s]                  from [01m[K/opt/ros/humble/include/rclcpp/rclcpp/executors.hpp:21[m[K,
[15.159s]                  from [01m[K/opt/ros/humble/include/rclcpp/rclcpp/rclcpp.hpp:155[m[K,
[15.159s]                  from [01m[K/opt/ros/humble/include/nav2_util/costmap.hpp:21[m[K,
[15.159s]                  from [01m[K/home/andrea/tesi/ros2_mapf_cbs/project_1/src/my_nav2_planner/src/my_planner_server.cpp:29[m[K:
[15.159s] [01m[K/opt/ros/humble/include/rclcpp/rclcpp/logger.hpp:106:17:[m[K [01;36m[Knote: [m[Kâ€˜[01m[Krclcpp::get_logger[m[Kâ€™ declared here
[15.159s]   106 |   friend Logger [01;36m[Krclcpp[m[K::get_logger(const std::string & name);
[15.159s]       |                 [01;36m[K^~~~~~[m[K
[15.159s] In file included from [01m[K/opt/ros/humble/include/rclcpp/rclcpp/client.hpp:40[m[K,
[15.159s]                  from [01m[K/opt/ros/humble/include/rclcpp/rclcpp/callback_group.hpp:24[m[K,
[15.159s]                  from [01m[K/opt/ros/humble/include/rclcpp/rclcpp/any_executable.hpp:20[m[K,
[15.160s]                  from [01m[K/opt/ros/humble/include/rclcpp/rclcpp/memory_strategy.hpp:25[m[K,
[15.160s]                  from [01m[K/opt/ros/humble/include/rclcpp/rclcpp/memory_strategies.hpp:18[m[K,
[15.160s]                  from [01m[K/opt/ros/humble/include/rclcpp/rclcpp/executor_options.hpp:20[m[K,
[15.160s]                  from [01m[K/opt/ros/humble/include/rclcpp/rclcpp/executor.hpp:37[m[K,
[15.160s]                  from [01m[K/opt/ros/humble/include/rclcpp/rclcpp/executors/multi_threaded_executor.hpp:25[m[K,
[15.160s]                  from [01m[K/opt/ros/humble/include/rclcpp/rclcpp/executors.hpp:21[m[K,
[15.160s]                  from [01m[K/opt/ros/humble/include/rclcpp/rclcpp/rclcpp.hpp:155[m[K,
[15.160s]                  from [01m[K/opt/ros/humble/include/nav2_util/costmap.hpp:21[m[K,
[15.160s]                  from [01m[K/home/andrea/tesi/ros2_mapf_cbs/project_1/src/my_nav2_planner/src/my_planner_server.cpp:29[m[K:
[15.160s] [01m[K/home/andrea/tesi/ros2_mapf_cbs/project_1/src/my_nav2_planner/src/my_planner_server.cpp:505:7:[m[K [01;31m[Kerror: [m[Ktemplate argument 1 is invalid
[15.160s]   505 |       [01;31m[KRCLCPP_WARN[m[K(
[15.160s]       |       [01;31m[K^~~~~~~~~~~[m[K
[15.160s] [01m[K/home/andrea/tesi/ros2_mapf_cbs/project_1/src/my_nav2_planner/src/my_planner_server.cpp:505:7:[m[K [01;31m[Kerror: [m[Kâ€˜[01m[K<declaration error>[m[Kâ€™ is not a template [[01;31m[K]8;;https://gcc.gnu.org/onlinedocs/gcc/Warning-Options.html#index-fpermissive-fpermissive]8;;[m[K]
[15.160s]   505 |       [01;31m[KRCLCPP_WARN[m[K(
[15.160s]       |       [01;31m[K^~~~~~~~~~~[m[K
[15.160s] [01m[K/home/andrea/tesi/ros2_mapf_cbs/project_1/src/my_nav2_planner/src/my_planner_server.cpp:505:7:[m[K [01;31m[Kerror: [m[Ktemplate argument 1 is invalid
[15.160s]   505 |       [01;31m[KRCLCPP_WARN[m[K(
[15.160s]       |       [01;31m[K^~~~~~~~~~~[m[K
[15.160s] [01m[K/home/andrea/tesi/ros2_mapf_cbs/project_1/src/my_nav2_planner/src/my_planner_server.cpp:505:7:[m[K [01;31m[Kerror: [m[Kâ€˜[01m[K<declaration error>[m[Kâ€™ is not a template [[01;31m[K]8;;https://gcc.gnu.org/onlinedocs/gcc/Warning-Options.html#index-fpermissive-fpermissive]8;;[m[K]
[15.160s]   505 |       [01;31m[KRCLCPP_WARN[m[K(
[15.160s]       |       [01;31m[K^~~~~~~~~~~[m[K
[15.161s] [01m[K/home/andrea/tesi/ros2_mapf_cbs/project_1/src/my_nav2_planner/src/my_planner_server.cpp:505:7:[m[K [01;31m[Kerror: [m[Ktemplate argument 1 is invalid
[15.161s]   505 |       [01;31m[KRCLCPP_WARN[m[K(
[15.161s]       |       [01;31m[K^~~~~~~~~~~[m[K
[15.161s] [01m[K/home/andrea/tesi/ros2_mapf_cbs/project_1/src/my_nav2_planner/src/my_planner_server.cpp:514:7:[m[K [01;31m[Kerror: [m[Kâ€˜[01m[Kget_logger[m[Kâ€™ was not declared in this scope; did you mean â€˜[01m[Krclcpp::get_logger[m[Kâ€™?
[15.161s]   514 |       [01;31m[Kget_logger[m[K(), "%s plugin failed to plan calculation to (%.2f, %.2f): \"%s\"",
[15.161s]       |       [01;31m[K^~~~~~~~~~[m[K
[15.161s] In file included from [01m[K/opt/ros/humble/include/rclcpp/rclcpp/logging.hpp:23[m[K,
[15.161s]                  from [01m[K/opt/ros/humble/include/rclcpp/rclcpp/client.hpp:40[m[K,
[15.161s]                  from [01m[K/opt/ros/humble/include/rclcpp/rclcpp/callback_group.hpp:24[m[K,
[15.161s]                  from [01m[K/opt/ros/humble/include/rclcpp/rclcpp/any_executable.hpp:20[m[K,
[15.161s]                  from [01m[K/opt/ros/humble/include/rclcpp/rclcpp/memory_strategy.hpp:25[m[K,
[15.161s]                  from [01m[K/opt/ros/humble/include/rclcpp/rclcpp/memory_strategies.hpp:18[m[K,
[15.161s]                  from [01m[K/opt/ros/humble/include/rclcpp/rclcpp/executor_options.hpp:20[m[K,
[15.161s]                  from [01m[K/opt/ros/humble/include/rclcpp/rclcpp/executor.hpp:37[m[K,
[15.161s]                  from [01m[K/opt/ros/humble/include/rclcpp/rclcpp/executors/multi_threaded_executor.hpp:25[m[K,
[15.161s]                  from [01m[K/opt/ros/humble/include/rclcpp/rclcpp/executors.hpp:21[m[K,
[15.161s]                  from [01m[K/opt/ros/humble/include/rclcpp/rclcpp/rclcpp.hpp:155[m[K,
[15.161s]                  from [01m[K/opt/ros/humble/include/nav2_util/costmap.hpp:21[m[K,
[15.161s]                  from [01m[K/home/andrea/tesi/ros2_mapf_cbs/project_1/src/my_nav2_planner/src/my_planner_server.cpp:29[m[K:
[15.161s] [01m[K/opt/ros/humble/include/rclcpp/rclcpp/logger.hpp:106:17:[m[K [01;36m[Knote: [m[Kâ€˜[01m[Krclcpp::get_logger[m[Kâ€™ declared here
[15.161s]   106 |   friend Logger [01;36m[Krclcpp[m[K::get_logger(const std::string & name);
[15.161s]       |                 [01;36m[K^~~~~~[m[K
[15.161s] In file included from [01m[K/opt/ros/humble/include/rclcpp/rclcpp/client.hpp:40[m[K,
[15.161s]                  from [01m[K/opt/ros/humble/include/rclcpp/rclcpp/callback_group.hpp:24[m[K,
[15.161s]                  from [01m[K/opt/ros/humble/include/rclcpp/rclcpp/any_executable.hpp:20[m[K,
[15.161s]                  from [01m[K/opt/ros/humble/include/rclcpp/rclcpp/memory_strategy.hpp:25[m[K,
[15.162s]                  from [01m[K/opt/ros/humble/include/rclcpp/rclcpp/memory_strategies.hpp:18[m[K,
[15.162s]                  from [01m[K/opt/ros/humble/include/rclcpp/rclcpp/executor_options.hpp:20[m[K,
[15.162s]                  from [01m[K/opt/ros/humble/include/rclcpp/rclcpp/executor.hpp:37[m[K,
[15.162s]                  from [01m[K/opt/ros/humble/include/rclcpp/rclcpp/executors/multi_threaded_executor.hpp:25[m[K,
[15.162s]                  from [01m[K/opt/ros/humble/include/rclcpp/rclcpp/executors.hpp:21[m[K,
[15.162s]                  from [01m[K/opt/ros/humble/include/rclcpp/rclcpp/rclcpp.hpp:155[m[K,
[15.162s]                  from [01m[K/opt/ros/humble/include/nav2_util/costmap.hpp:21[m[K,
[15.162s]                  from [01m[K/home/andrea/tesi/ros2_mapf_cbs/project_1/src/my_nav2_planner/src/my_planner_server.cpp:29[m[K:
[15.162s] [01m[K/home/andrea/tesi/ros2_mapf_cbs/project_1/src/my_nav2_planner/src/my_planner_server.cpp:513:5:[m[K [01;31m[Kerror: [m[Ktemplate argument 1 is invalid
[15.162s]   513 |     [01;31m[KRCLCPP_WARN[m[K(
[15.162s]       |     [01;31m[K^~~~~~~~~~~[m[K
[15.162s] [01m[K/home/andrea/tesi/ros2_mapf_cbs/project_1/src/my_nav2_planner/src/my_planner_server.cpp:513:5:[m[K [01;31m[Kerror: [m[Kâ€˜[01m[K<declaration error>[m[Kâ€™ is not a template [[01;31m[K]8;;https://gcc.gnu.org/onlinedocs/gcc/Warning-Options.html#index-fpermissive-fpermissive]8;;[m[K]
[15.162s]   513 |     [01;31m[KRCLCPP_WARN[m[K(
[15.162s]       |     [01;31m[K^~~~~~~~~~~[m[K
[15.162s] [01m[K/home/andrea/tesi/ros2_mapf_cbs/project_1/src/my_nav2_planner/src/my_planner_server.cpp:513:5:[m[K [01;31m[Kerror: [m[Ktemplate argument 1 is invalid
[15.162s]   513 |     [01;31m[KRCLCPP_WARN[m[K(
[15.162s]       |     [01;31m[K^~~~~~~~~~~[m[K
[15.162s] [01m[K/home/andrea/tesi/ros2_mapf_cbs/project_1/src/my_nav2_planner/src/my_planner_server.cpp:513:5:[m[K [01;31m[Kerror: [m[Kâ€˜[01m[K<declaration error>[m[Kâ€™ is not a template [[01;31m[K]8;;https://gcc.gnu.org/onlinedocs/gcc/Warning-Options.html#index-fpermissive-fpermissive]8;;[m[K]
[15.162s]   513 |     [01;31m[KRCLCPP_WARN[m[K(
[15.162s]       |     [01;31m[K^~~~~~~~~~~[m[K
[15.162s] [01m[K/home/andrea/tesi/ros2_mapf_cbs/project_1/src/my_nav2_planner/src/my_planner_server.cpp:513:5:[m[K [01;31m[Kerror: [m[Ktemplate argument 1 is invalid
[15.162s]   513 |     [01;31m[KRCLCPP_WARN[m[K(
[15.162s]       |     [01;31m[K^~~~~~~~~~~[m[K
[15.162s] [01m[K/home/andrea/tesi/ros2_mapf_cbs/project_1/src/my_nav2_planner/src/my_planner_server.cpp:[m[K At global scope:
[15.162s] [01m[K/home/andrea/tesi/ros2_mapf_cbs/project_1/src/my_nav2_planner/src/my_planner_server.cpp:522:1:[m[K [01;31m[Kerror: [m[Kâ€˜[01m[KMyPlannerServer[m[Kâ€™ has not been declared
[15.162s]   522 | [01;31m[KMyPlannerServer[m[K::getPlan(
[15.162s]       | [01;31m[K^~~~~~~~~~~~~~~[m[K
[15.163s] In file included from [01m[K/opt/ros/humble/include/rclcpp/rclcpp/client.hpp:40[m[K,
[15.163s]                  from [01m[K/opt/ros/humble/include/rclcpp/rclcpp/callback_group.hpp:24[m[K,
[15.163s]                  from [01m[K/opt/ros/humble/include/rclcpp/rclcpp/any_executable.hpp:20[m[K,
[15.163s]                  from [01m[K/opt/ros/humble/include/rclcpp/rclcpp/memory_strategy.hpp:25[m[K,
[15.163s]                  from [01m[K/opt/ros/humble/include/rclcpp/rclcpp/memory_strategies.hpp:18[m[K,
[15.163s]                  from [01m[K/opt/ros/humble/include/rclcpp/rclcpp/executor_options.hpp:20[m[K,
[15.163s]                  from [01m[K/opt/ros/humble/include/rclcpp/rclcpp/executor.hpp:37[m[K,
[15.163s]                  from [01m[K/opt/ros/humble/include/rclcpp/rclcpp/executors/multi_threaded_executor.hpp:25[m[K,
[15.163s]                  from [01m[K/opt/ros/humble/include/rclcpp/rclcpp/executors.hpp:21[m[K,
[15.163s]                  from [01m[K/opt/ros/humble/include/rclcpp/rclcpp/rclcpp.hpp:155[m[K,
[15.163s]                  from [01m[K/opt/ros/humble/include/nav2_util/costmap.hpp:21[m[K,
[15.163s]                  from [01m[K/home/andrea/tesi/ros2_mapf_cbs/project_1/src/my_nav2_planner/src/my_planner_server.cpp:29[m[K:
[15.163s] [01m[K/home/andrea/tesi/ros2_mapf_cbs/project_1/src/my_nav2_planner/src/my_planner_server.cpp:[m[K In function â€˜[01m[Knav_msgs::msg::Path my_nav2_planner::getPlan(const PoseStamped&, const PoseStamped&, const string&)[m[Kâ€™:
[15.163s] [01m[K/home/andrea/tesi/ros2_mapf_cbs/project_1/src/my_nav2_planner/src/my_planner_server.cpp:528:5:[m[K [01;31m[Kerror: [m[Kâ€˜[01m[Kget_logger[m[Kâ€™ was not declared in this scope; did you mean â€˜[01m[Krclcpp::get_logger[m[Kâ€™?
[15.163s]   528 |     [01;31m[Kget_logger[m[K(), "Attempting to a find path from (%.2f, %.2f) to "
[15.163s]       |     [01;31m[K^~~~~~~~~~[m[K
[15.163s] In file included from [01m[K/opt/ros/humble/include/rclcpp/rclcpp/logging.hpp:23[m[K,
[15.163s]                  from [01m[K/opt/ros/humble/include/rclcpp/rclcpp/client.hpp:40[m[K,
[15.163s]                  from [01m[K/opt/ros/humble/include/rclcpp/rclcpp/callback_group.hpp:24[m[K,
[15.163s]                  from [01m[K/opt/ros/humble/include/rclcpp/rclcpp/any_executable.hpp:20[m[K,
[15.163s]                  from [01m[K/opt/ros/humble/include/rclcpp/rclcpp/memory_strategy.hpp:25[m[K,
[15.163s]                  from [01m[K/opt/ros/humble/include/rclcpp/rclcpp/memory_strategies.hpp:18[m[K,
[15.163s]                  from [01m[K/opt/ros/humble/include/rclcpp/rclcpp/executor_options.hpp:20[m[K,
[15.163s]                  from [01m[K/opt/ros/humble/include/rclcpp/rclcpp/executor.hpp:37[m[K,
[15.163s]                  from [01m[K/opt/ros/humble/include/rclcpp/rclcpp/executors/multi_threaded_executor.hpp:25[m[K,
[15.163s]                  from [01m[K/opt/ros/humble/include/rclcpp/rclcpp/executors.hpp:21[m[K,
[15.163s]                  from [01m[K/opt/ros/humble/include/rclcpp/rclcpp/rclcpp.hpp:155[m[K,
[15.164s]                  from [01m[K/opt/ros/humble/include/nav2_util/costmap.hpp:21[m[K,
[15.164s]                  from [01m[K/home/andrea/tesi/ros2_mapf_cbs/project_1/src/my_nav2_planner/src/my_planner_server.cpp:29[m[K:
[15.164s] [01m[K/opt/ros/humble/include/rclcpp/rclcpp/logger.hpp:106:17:[m[K [01;36m[Knote: [m[Kâ€˜[01m[Krclcpp::get_logger[m[Kâ€™ declared here
[15.164s]   106 |   friend Logger [01;36m[Krclcpp[m[K::get_logger(const std::string & name);
[15.164s]       |                 [01;36m[K^~~~~~[m[K
[15.164s] In file included from [01m[K/opt/ros/humble/include/rclcpp/rclcpp/client.hpp:40[m[K,
[15.164s]                  from [01m[K/opt/ros/humble/include/rclcpp/rclcpp/callback_group.hpp:24[m[K,
[15.164s]                  from [01m[K/opt/ros/humble/include/rclcpp/rclcpp/any_executable.hpp:20[m[K,
[15.164s]                  from [01m[K/opt/ros/humble/include/rclcpp/rclcpp/memory_strategy.hpp:25[m[K,
[15.164s]                  from [01m[K/opt/ros/humble/include/rclcpp/rclcpp/memory_strategies.hpp:18[m[K,
[15.164s]                  from [01m[K/opt/ros/humble/include/rclcpp/rclcpp/executor_options.hpp:20[m[K,
[15.164s]                  from [01m[K/opt/ros/humble/include/rclcpp/rclcpp/executor.hpp:37[m[K,
[15.164s]                  from [01m[K/opt/ros/humble/include/rclcpp/rclcpp/executors/multi_threaded_executor.hpp:25[m[K,
[15.164s]                  from [01m[K/opt/ros/humble/include/rclcpp/rclcpp/executors.hpp:21[m[K,
[15.164s]                  from [01m[K/opt/ros/humble/include/rclcpp/rclcpp/rclcpp.hpp:155[m[K,
[15.164s]                  from [01m[K/opt/ros/humble/include/nav2_util/costmap.hpp:21[m[K,
[15.164s]                  from [01m[K/home/andrea/tesi/ros2_mapf_cbs/project_1/src/my_nav2_planner/src/my_planner_server.cpp:29[m[K:
[15.164s] [01m[K/home/andrea/tesi/ros2_mapf_cbs/project_1/src/my_nav2_planner/src/my_planner_server.cpp:527:3:[m[K [01;31m[Kerror: [m[Ktemplate argument 1 is invalid
[15.164s]   527 |   [01;31m[KRCLCPP_DEBUG[m[K(
[15.164s]       |   [01;31m[K^~~~~~~~~~~~[m[K
[15.164s] [01m[K/home/andrea/tesi/ros2_mapf_cbs/project_1/src/my_nav2_planner/src/my_planner_server.cpp:527:3:[m[K [01;31m[Kerror: [m[Kâ€˜[01m[K<declaration error>[m[Kâ€™ is not a template [[01;31m[K]8;;https://gcc.gnu.org/onlinedocs/gcc/Warning-Options.html#index-fpermissive-fpermissive]8;;[m[K]
[15.164s]   527 |   [01;31m[KRCLCPP_DEBUG[m[K(
[15.164s]       |   [01;31m[K^~~~~~~~~~~~[m[K
[15.164s] [01m[K/home/andrea/tesi/ros2_mapf_cbs/project_1/src/my_nav2_planner/src/my_planner_server.cpp:527:3:[m[K [01;31m[Kerror: [m[Ktemplate argument 1 is invalid
[15.164s]   527 |   [01;31m[KRCLCPP_DEBUG[m[K(
[15.164s]       |   [01;31m[K^~~~~~~~~~~~[m[K
[15.165s] [01m[K/home/andrea/tesi/ros2_mapf_cbs/project_1/src/my_nav2_planner/src/my_planner_server.cpp:527:3:[m[K [01;31m[Kerror: [m[Kâ€˜[01m[K<declaration error>[m[Kâ€™ is not a template [[01;31m[K]8;;https://gcc.gnu.org/onlinedocs/gcc/Warning-Options.html#index-fpermissive-fpermissive]8;;[m[K]
[15.165s]   527 |   [01;31m[KRCLCPP_DEBUG[m[K(
[15.165s]       |   [01;31m[K^~~~~~~~~~~~[m[K
[15.165s] [01m[K/home/andrea/tesi/ros2_mapf_cbs/project_1/src/my_nav2_planner/src/my_planner_server.cpp:527:3:[m[K [01;31m[Kerror: [m[Ktemplate argument 1 is invalid
[15.165s]   527 |   [01;31m[KRCLCPP_DEBUG[m[K(
[15.165s]       |   [01;31m[K^~~~~~~~~~~~[m[K
[15.165s] [01m[K/home/andrea/tesi/ros2_mapf_cbs/project_1/src/my_nav2_planner/src/my_planner_server.cpp:532:7:[m[K [01;31m[Kerror: [m[Kâ€˜[01m[Kplanners_[m[Kâ€™ was not declared in this scope; did you mean â€˜[01m[Kplanner_id[m[Kâ€™?
[15.165s]   532 |   if ([01;31m[Kplanners_[m[K.find(planner_id) != planners_.end()) {
[15.165s]       |       [01;31m[K^~~~~~~~~[m[K
[15.165s]       |       [32m[Kplanner_id[m[K
[15.165s] In file included from [01m[K/opt/ros/humble/include/rclcpp/rclcpp/client.hpp:40[m[K,
[15.165s]                  from [01m[K/opt/ros/humble/include/rclcpp/rclcpp/callback_group.hpp:24[m[K,
[15.165s]                  from [01m[K/opt/ros/humble/include/rclcpp/rclcpp/any_executable.hpp:20[m[K,
[15.165s]                  from [01m[K/opt/ros/humble/include/rclcpp/rclcpp/memory_strategy.hpp:25[m[K,
[15.165s]                  from [01m[K/opt/ros/humble/include/rclcpp/rclcpp/memory_strategies.hpp:18[m[K,
[15.165s]                  from [01m[K/opt/ros/humble/include/rclcpp/rclcpp/executor_options.hpp:20[m[K,
[15.165s]                  from [01m[K/opt/ros/humble/include/rclcpp/rclcpp/executor.hpp:37[m[K,
[15.165s]                  from [01m[K/opt/ros/humble/include/rclcpp/rclcpp/executors/multi_threaded_executor.hpp:25[m[K,
[15.165s]                  from [01m[K/opt/ros/humble/include/rclcpp/rclcpp/executors.hpp:21[m[K,
[15.165s]                  from [01m[K/opt/ros/humble/include/rclcpp/rclcpp/rclcpp.hpp:155[m[K,
[15.165s]                  from [01m[K/opt/ros/humble/include/nav2_util/costmap.hpp:21[m[K,
[15.166s]                  from [01m[K/home/andrea/tesi/ros2_mapf_cbs/project_1/src/my_nav2_planner/src/my_planner_server.cpp:29[m[K:
[15.166s] [01m[K/home/andrea/tesi/ros2_mapf_cbs/project_1/src/my_nav2_planner/src/my_planner_server.cpp:537:9:[m[K [01;31m[Kerror: [m[Kâ€˜[01m[Kget_logger[m[Kâ€™ was not declared in this scope; did you mean â€˜[01m[Krclcpp::get_logger[m[Kâ€™?
[15.166s]   537 |         [01;31m[Kget_logger[m[K(), "No planners specified in action call. "
[15.166s]       |         [01;31m[K^~~~~~~~~~[m[K
[15.166s] In file included from [01m[K/opt/ros/humble/include/rclcpp/rclcpp/logging.hpp:23[m[K,
[15.166s]                  from [01m[K/opt/ros/humble/include/rclcpp/rclcpp/client.hpp:40[m[K,
[15.166s]                  from [01m[K/opt/ros/humble/include/rclcpp/rclcpp/callback_group.hpp:24[m[K,
[15.166s]                  from [01m[K/opt/ros/humble/include/rclcpp/rclcpp/any_executable.hpp:20[m[K,
[15.166s]                  from [01m[K/opt/ros/humble/include/rclcpp/rclcpp/memory_strategy.hpp:25[m[K,
[15.166s]                  from [01m[K/opt/ros/humble/include/rclcpp/rclcpp/memory_strategies.hpp:18[m[K,
[15.166s]                  from [01m[K/opt/ros/humble/include/rclcpp/rclcpp/executor_options.hpp:20[m[K,
[15.166s]                  from [01m[K/opt/ros/humble/include/rclcpp/rclcpp/executor.hpp:37[m[K,
[15.166s]                  from [01m[K/opt/ros/humble/include/rclcpp/rclcpp/executors/multi_threaded_executor.hpp:25[m[K,
[15.166s]                  from [01m[K/opt/ros/humble/include/rclcpp/rclcpp/executors.hpp:21[m[K,
[15.166s]                  from [01m[K/opt/ros/humble/include/rclcpp/rclcpp/rclcpp.hpp:155[m[K,
[15.166s]                  from [01m[K/opt/ros/humble/include/nav2_util/costmap.hpp:21[m[K,
[15.166s]                  from [01m[K/home/andrea/tesi/ros2_mapf_cbs/project_1/src/my_nav2_planner/src/my_planner_server.cpp:29[m[K:
[15.166s] [01m[K/opt/ros/humble/include/rclcpp/rclcpp/logger.hpp:106:17:[m[K [01;36m[Knote: [m[Kâ€˜[01m[Krclcpp::get_logger[m[Kâ€™ declared here
[15.166s]   106 |   friend Logger [01;36m[Krclcpp[m[K::get_logger(const std::string & name);
[15.166s]       |                 [01;36m[K^~~~~~[m[K
[15.166s] In file included from [01m[K/opt/ros/humble/include/rclcpp/rclcpp/client.hpp:40[m[K,
[15.166s]                  from [01m[K/opt/ros/humble/include/rclcpp/rclcpp/callback_group.hpp:24[m[K,
[15.166s]                  from [01m[K/opt/ros/humble/include/rclcpp/rclcpp/any_executable.hpp:20[m[K,
[15.166s]                  from [01m[K/opt/ros/humble/include/rclcpp/rclcpp/memory_strategy.hpp:25[m[K,
[15.166s]                  from [01m[K/opt/ros/humble/include/rclcpp/rclcpp/memory_strategies.hpp:18[m[K,
[15.166s]                  from [01m[K/opt/ros/humble/include/rclcpp/rclcpp/executor_options.hpp:20[m[K,
[15.166s]                  from [01m[K/opt/ros/humble/include/rclcpp/rclcpp/executor.hpp:37[m[K,
[15.167s]                  from [01m[K/opt/ros/humble/include/rclcpp/rclcpp/executors/multi_threaded_executor.hpp:25[m[K,
[15.167s]                  from [01m[K/opt/ros/humble/include/rclcpp/rclcpp/executors.hpp:21[m[K,
[15.167s]                  from [01m[K/opt/ros/humble/include/rclcpp/rclcpp/rclcpp.hpp:155[m[K,
[15.167s]                  from [01m[K/opt/ros/humble/include/nav2_util/costmap.hpp:21[m[K,
[15.167s]                  from [01m[K/home/andrea/tesi/ros2_mapf_cbs/project_1/src/my_nav2_planner/src/my_planner_server.cpp:29[m[K:
[15.167s] [01m[K/home/andrea/tesi/ros2_mapf_cbs/project_1/src/my_nav2_planner/src/my_planner_server.cpp:536:7:[m[K [01;31m[Kerror: [m[Ktemplate argument 1 is invalid
[15.167s]   536 |       [01;31m[KRCLCPP_WARN_ONCE[m[K(
[15.167s]       |       [01;31m[K^~~~~~~~~~~~~~~~[m[K
[15.167s] [01m[K/home/andrea/tesi/ros2_mapf_cbs/project_1/src/my_nav2_planner/src/my_planner_server.cpp:536:7:[m[K [01;31m[Kerror: [m[Kâ€˜[01m[K<declaration error>[m[Kâ€™ is not a template [[01;31m[K]8;;https://gcc.gnu.org/onlinedocs/gcc/Warning-Options.html#index-fpermissive-fpermissive]8;;[m[K]
[15.167s]   536 |       [01;31m[KRCLCPP_WARN_ONCE[m[K(
[15.167s]       |       [01;31m[K^~~~~~~~~~~~~~~~[m[K
[15.167s] [01m[K/home/andrea/tesi/ros2_mapf_cbs/project_1/src/my_nav2_planner/src/my_planner_server.cpp:536:7:[m[K [01;31m[Kerror: [m[Ktemplate argument 1 is invalid
[15.167s]   536 |       [01;31m[KRCLCPP_WARN_ONCE[m[K(
[15.167s]       |       [01;31m[K^~~~~~~~~~~~~~~~[m[K
[15.167s] [01m[K/home/andrea/tesi/ros2_mapf_cbs/project_1/src/my_nav2_planner/src/my_planner_server.cpp:536:7:[m[K [01;31m[Kerror: [m[Kâ€˜[01m[K<declaration error>[m[Kâ€™ is not a template [[01;31m[K]8;;https://gcc.gnu.org/onlinedocs/gcc/Warning-Options.html#index-fpermissive-fpermissive]8;;[m[K]
[15.167s]   536 |       [01;31m[KRCLCPP_WARN_ONCE[m[K(
[15.167s]       |       [01;31m[K^~~~~~~~~~~~~~~~[m[K
[15.167s] [01m[K/home/andrea/tesi/ros2_mapf_cbs/project_1/src/my_nav2_planner/src/my_planner_server.cpp:536:7:[m[K [01;31m[Kerror: [m[Ktemplate argument 1 is invalid
[15.167s]   536 |       [01;31m[KRCLCPP_WARN_ONCE[m[K(
[15.167s]       |       [01;31m[K^~~~~~~~~~~~~~~~[m[K
[15.172s] In file included from [01m[K/opt/ros/humble/include/rclcpp/rclcpp/logging.hpp:24[m[K,
[15.172s]                  from [01m[K/opt/ros/humble/include/rclcpp/rclcpp/client.hpp:40[m[K,
[15.172s]                  from [01m[K/opt/ros/humble/include/rclcpp/rclcpp/callback_group.hpp:24[m[K,
[15.172s]                  from [01m[K/opt/ros/humble/include/rclcpp/rclcpp/any_executable.hpp:20[m[K,
[15.172s]                  from [01m[K/opt/ros/humble/include/rclcpp/rclcpp/memory_strategy.hpp:25[m[K,
[15.172s]                  from [01m[K/opt/ros/humble/include/rclcpp/rclcpp/memory_strategies.hpp:18[m[K,
[15.172s]                  from [01m[K/opt/ros/humble/include/rclcpp/rclcpp/executor_options.hpp:20[m[K,
[15.172s]                  from [01m[K/opt/ros/humble/include/rclcpp/rclcpp/executor.hpp:37[m[K,
[15.172s]                  from [01m[K/opt/ros/humble/include/rclcpp/rclcpp/executors/multi_threaded_executor.hpp:25[m[K,
[15.172s]                  from [01m[K/opt/ros/humble/include/rclcpp/rclcpp/executors.hpp:21[m[K,
[15.172s]                  from [01m[K/opt/ros/humble/include/rclcpp/rclcpp/rclcpp.hpp:155[m[K,
[15.172s]                  from [01m[K/opt/ros/humble/include/nav2_util/costmap.hpp:21[m[K,
[15.172s]                  from [01m[K/home/andrea/tesi/ros2_mapf_cbs/project_1/src/my_nav2_planner/src/my_planner_server.cpp:29[m[K:
[15.173s] [01m[K/home/andrea/tesi/ros2_mapf_cbs/project_1/src/my_nav2_planner/src/my_planner_server.cpp:539:44:[m[K [01;31m[Kerror: [m[Kâ€˜[01m[Kplanner_ids_concat_[m[Kâ€™ was not declared in this scope
[15.173s]   539 |         " This warning will appear once.", [01;31m[Kplanner_ids_concat_[m[K.c_str());
[15.173s]       |                                            [01;31m[K^~~~~~~~~~~~~~~~~~~[m[K
[15.173s] In file included from [01m[K/opt/ros/humble/include/rclcpp/rclcpp/client.hpp:40[m[K,
[15.173s]                  from [01m[K/opt/ros/humble/include/rclcpp/rclcpp/callback_group.hpp:24[m[K,
[15.173s]                  from [01m[K/opt/ros/humble/include/rclcpp/rclcpp/any_executable.hpp:20[m[K,
[15.173s]                  from [01m[K/opt/ros/humble/include/rclcpp/rclcpp/memory_strategy.hpp:25[m[K,
[15.173s]                  from [01m[K/opt/ros/humble/include/rclcpp/rclcpp/memory_strategies.hpp:18[m[K,
[15.173s]                  from [01m[K/opt/ros/humble/include/rclcpp/rclcpp/executor_options.hpp:20[m[K,
[15.173s]                  from [01m[K/opt/ros/humble/include/rclcpp/rclcpp/executor.hpp:37[m[K,
[15.173s]                  from [01m[K/opt/ros/humble/include/rclcpp/rclcpp/executors/multi_threaded_executor.hpp:25[m[K,
[15.173s]                  from [01m[K/opt/ros/humble/include/rclcpp/rclcpp/executors.hpp:21[m[K,
[15.173s]                  from [01m[K/opt/ros/humble/include/rclcpp/rclcpp/rclcpp.hpp:155[m[K,
[15.173s]                  from [01m[K/opt/ros/humble/include/nav2_util/costmap.hpp:21[m[K,
[15.173s]                  from [01m[K/home/andrea/tesi/ros2_mapf_cbs/project_1/src/my_nav2_planner/src/my_planner_server.cpp:29[m[K:
[15.174s] [01m[K/home/andrea/tesi/ros2_mapf_cbs/project_1/src/my_nav2_planner/src/my_planner_server.cpp:543:9:[m[K [01;31m[Kerror: [m[Kâ€˜[01m[Kget_logger[m[Kâ€™ was not declared in this scope; did you mean â€˜[01m[Krclcpp::get_logger[m[Kâ€™?
[15.174s]   543 |         [01;31m[Kget_logger[m[K(), "planner %s is not a valid planner. "
[15.174s]       |         [01;31m[K^~~~~~~~~~[m[K
[15.174s] In file included from [01m[K/opt/ros/humble/include/rclcpp/rclcpp/logging.hpp:23[m[K,
[15.174s]                  from [01m[K/opt/ros/humble/include/rclcpp/rclcpp/client.hpp:40[m[K,
[15.174s]                  from [01m[K/opt/ros/humble/include/rclcpp/rclcpp/callback_group.hpp:24[m[K,
[15.174s]                  from [01m[K/opt/ros/humble/include/rclcpp/rclcpp/any_executable.hpp:20[m[K,
[15.174s]                  from [01m[K/opt/ros/humble/include/rclcpp/rclcpp/memory_strategy.hpp:25[m[K,
[15.174s]                  from [01m[K/opt/ros/humble/include/rclcpp/rclcpp/memory_strategies.hpp:18[m[K,
[15.174s]                  from [01m[K/opt/ros/humble/include/rclcpp/rclcpp/executor_options.hpp:20[m[K,
[15.174s]                  from [01m[K/opt/ros/humble/include/rclcpp/rclcpp/executor.hpp:37[m[K,
[15.174s]                  from [01m[K/opt/ros/humble/include/rclcpp/rclcpp/executors/multi_threaded_executor.hpp:25[m[K,
[15.174s]                  from [01m[K/opt/ros/humble/include/rclcpp/rclcpp/executors.hpp:21[m[K,
[15.174s]                  from [01m[K/opt/ros/humble/include/rclcpp/rclcpp/rclcpp.hpp:155[m[K,
[15.174s]                  from [01m[K/opt/ros/humble/include/nav2_util/costmap.hpp:21[m[K,
[15.174s]                  from [01m[K/home/andrea/tesi/ros2_mapf_cbs/project_1/src/my_nav2_planner/src/my_planner_server.cpp:29[m[K:
[15.174s] [01m[K/opt/ros/humble/include/rclcpp/rclcpp/logger.hpp:106:17:[m[K [01;36m[Knote: [m[Kâ€˜[01m[Krclcpp::get_logger[m[Kâ€™ declared here
[15.174s]   106 |   friend Logger [01;36m[Krclcpp[m[K::get_logger(const std::string & name);
[15.174s]       |                 [01;36m[K^~~~~~[m[K
[15.174s] In file included from [01m[K/opt/ros/humble/include/rclcpp/rclcpp/client.hpp:40[m[K,
[15.174s]                  from [01m[K/opt/ros/humble/include/rclcpp/rclcpp/callback_group.hpp:24[m[K,
[15.174s]                  from [01m[K/opt/ros/humble/include/rclcpp/rclcpp/any_executable.hpp:20[m[K,
[15.174s]                  from [01m[K/opt/ros/humble/include/rclcpp/rclcpp/memory_strategy.hpp:25[m[K,
[15.174s]                  from [01m[K/opt/ros/humble/include/rclcpp/rclcpp/memory_strategies.hpp:18[m[K,
[15.174s]                  from [01m[K/opt/ros/humble/include/rclcpp/rclcpp/executor_options.hpp:20[m[K,
[15.174s]                  from [01m[K/opt/ros/humble/include/rclcpp/rclcpp/executor.hpp:37[m[K,
[15.175s]                  from [01m[K/opt/ros/humble/include/rclcpp/rclcpp/executors/multi_threaded_executor.hpp:25[m[K,
[15.175s]                  from [01m[K/opt/ros/humble/include/rclcpp/rclcpp/executors.hpp:21[m[K,
[15.175s]                  from [01m[K/opt/ros/humble/include/rclcpp/rclcpp/rclcpp.hpp:155[m[K,
[15.175s]                  from [01m[K/opt/ros/humble/include/nav2_util/costmap.hpp:21[m[K,
[15.175s]                  from [01m[K/home/andrea/tesi/ros2_mapf_cbs/project_1/src/my_nav2_planner/src/my_planner_server.cpp:29[m[K:
[15.175s] [01m[K/home/andrea/tesi/ros2_mapf_cbs/project_1/src/my_nav2_planner/src/my_planner_server.cpp:542:7:[m[K [01;31m[Kerror: [m[Ktemplate argument 1 is invalid
[15.175s]   542 |       [01;31m[KRCLCPP_ERROR[m[K(
[15.175s]       |       [01;31m[K^~~~~~~~~~~~[m[K
[15.175s] [01m[K/home/andrea/tesi/ros2_mapf_cbs/project_1/src/my_nav2_planner/src/my_planner_server.cpp:542:7:[m[K [01;31m[Kerror: [m[Kâ€˜[01m[K<declaration error>[m[Kâ€™ is not a template [[01;31m[K]8;;https://gcc.gnu.org/onlinedocs/gcc/Warning-Options.html#index-fpermissive-fpermissive]8;;[m[K]
[15.175s]   542 |       [01;31m[KRCLCPP_ERROR[m[K(
[15.175s]       |       [01;31m[K^~~~~~~~~~~~[m[K
[15.175s] [01m[K/home/andrea/tesi/ros2_mapf_cbs/project_1/src/my_nav2_planner/src/my_planner_server.cpp:542:7:[m[K [01;31m[Kerror: [m[Ktemplate argument 1 is invalid
[15.175s]   542 |       [01;31m[KRCLCPP_ERROR[m[K(
[15.175s]       |       [01;31m[K^~~~~~~~~~~~[m[K
[15.175s] [01m[K/home/andrea/tesi/ros2_mapf_cbs/project_1/src/my_nav2_planner/src/my_planner_server.cpp:542:7:[m[K [01;31m[Kerror: [m[Kâ€˜[01m[K<declaration error>[m[Kâ€™ is not a template [[01;31m[K]8;;https://gcc.gnu.org/onlinedocs/gcc/Warning-Options.html#index-fpermissive-fpermissive]8;;[m[K]
[15.175s]   542 |       [01;31m[KRCLCPP_ERROR[m[K(
[15.175s]       |       [01;31m[K^~~~~~~~~~~~[m[K
[15.175s] [01m[K/home/andrea/tesi/ros2_mapf_cbs/project_1/src/my_nav2_planner/src/my_planner_server.cpp:542:7:[m[K [01;31m[Kerror: [m[Ktemplate argument 1 is invalid
[15.175s]   542 |       [01;31m[KRCLCPP_ERROR[m[K(
[15.175s]       |       [01;31m[K^~~~~~~~~~~~[m[K
[15.179s] In file included from [01m[K/opt/ros/humble/include/rclcpp/rclcpp/logging.hpp:24[m[K,
[15.179s]                  from [01m[K/opt/ros/humble/include/rclcpp/rclcpp/client.hpp:40[m[K,
[15.179s]                  from [01m[K/opt/ros/humble/include/rclcpp/rclcpp/callback_group.hpp:24[m[K,
[15.180s]                  from [01m[K/opt/ros/humble/include/rclcpp/rclcpp/any_executable.hpp:20[m[K,
[15.180s]                  from [01m[K/opt/ros/humble/include/rclcpp/rclcpp/memory_strategy.hpp:25[m[K,
[15.180s]                  from [01m[K/opt/ros/humble/include/rclcpp/rclcpp/memory_strategies.hpp:18[m[K,
[15.180s]                  from [01m[K/opt/ros/humble/include/rclcpp/rclcpp/executor_options.hpp:20[m[K,
[15.180s]                  from [01m[K/opt/ros/humble/include/rclcpp/rclcpp/executor.hpp:37[m[K,
[15.180s]                  from [01m[K/opt/ros/humble/include/rclcpp/rclcpp/executors/multi_threaded_executor.hpp:25[m[K,
[15.180s]                  from [01m[K/opt/ros/humble/include/rclcpp/rclcpp/executors.hpp:21[m[K,
[15.180s]                  from [01m[K/opt/ros/humble/include/rclcpp/rclcpp/rclcpp.hpp:155[m[K,
[15.180s]                  from [01m[K/opt/ros/humble/include/nav2_util/costmap.hpp:21[m[K,
[15.180s]                  from [01m[K/home/andrea/tesi/ros2_mapf_cbs/project_1/src/my_nav2_planner/src/my_planner_server.cpp:29[m[K:
[15.180s] [01m[K/home/andrea/tesi/ros2_mapf_cbs/project_1/src/my_nav2_planner/src/my_planner_server.cpp:545:9:[m[K [01;31m[Kerror: [m[Kâ€˜[01m[Kplanner_ids_concat_[m[Kâ€™ was not declared in this scope
[15.180s]   545 |         [01;31m[Kplanner_ids_concat_[m[K.c_str());
[15.180s]       |         [01;31m[K^~~~~~~~~~~~~~~~~~~[m[K
[15.180s] [01m[K/home/andrea/tesi/ros2_mapf_cbs/project_1/src/my_nav2_planner/src/my_planner_server.cpp:[m[K At global scope:
[15.180s] [01m[K/home/andrea/tesi/ros2_mapf_cbs/project_1/src/my_nav2_planner/src/my_planner_server.cpp:553:1:[m[K [01;31m[Kerror: [m[Kâ€˜[01m[KMyPlannerServer[m[Kâ€™ has not been declared
[15.180s]   553 | [01;31m[KMyPlannerServer[m[K::publishPlan(const nav_msgs::msg::Path & path)
[15.180s]       | [01;31m[K^~~~~~~~~~~~~~~[m[K
[15.190s] [01m[K/home/andrea/tesi/ros2_mapf_cbs/project_1/src/my_nav2_planner/src/my_planner_server.cpp:[m[K In function â€˜[01m[Kvoid my_nav2_planner::publishPlan(const Path&)[m[Kâ€™:
[15.190s] [01m[K/home/andrea/tesi/ros2_mapf_cbs/project_1/src/my_nav2_planner/src/my_planner_server.cpp:556:7:[m[K [01;31m[Kerror: [m[Kâ€˜[01m[Kplan_publisher_[m[Kâ€™ was not declared in this scope; did you mean â€˜[01m[Krmw_publisher_t[m[Kâ€™?
[15.190s]   556 |   if ([01;31m[Kplan_publisher_[m[K->is_activated() && plan_publisher_->get_subscription_count() > 0) {
[15.190s]       |       [01;31m[K^~~~~~~~~~~~~~~[m[K
[15.190s]       |       [32m[Krmw_publisher_t[m[K
[15.190s] [01m[K/home/andrea/tesi/ros2_mapf_cbs/project_1/src/my_nav2_planner/src/my_planner_server.cpp:[m[K At global scope:
[15.190s] [01m[K/home/andrea/tesi/ros2_mapf_cbs/project_1/src/my_nav2_planner/src/my_planner_server.cpp:561:6:[m[K [01;31m[Kerror: [m[Kâ€˜[01m[KMyPlannerServer[m[Kâ€™ has not been declared
[15.190s]   561 | void [01;31m[KMyPlannerServer[m[K::isPathValid(
[15.190s]       |      [01;31m[K^~~~~~~~~~~~~~~[m[K
[15.198s] [01m[K/home/andrea/tesi/ros2_mapf_cbs/project_1/src/my_nav2_planner/src/my_planner_server.cpp:[m[K In function â€˜[01m[Kvoid my_nav2_planner::isPathValid(std::shared_ptr<nav2_msgs::srv::IsPathValid_Request_<std::allocator<void> > >, std::shared_ptr<nav2_msgs::srv::IsPathValid_Response_<std::allocator<void> > >)[m[Kâ€™:
[15.198s] [01m[K/home/andrea/tesi/ros2_mapf_cbs/project_1/src/my_nav2_planner/src/my_planner_server.cpp:574:7:[m[K [01;31m[Kerror: [m[Kâ€˜[01m[Kcostmap_ros_[m[Kâ€™ was not declared in this scope
[15.198s]   574 |   if ([01;31m[Kcostmap_ros_[m[K->getRobotPose(current_pose)) {
[15.198s]       |       [01;31m[K^~~~~~~~~~~~[m[K
[15.202s] [01m[K/home/andrea/tesi/ros2_mapf_cbs/project_1/src/my_nav2_planner/src/my_planner_server.cpp:595:66:[m[K [01;31m[Kerror: [m[Kâ€˜[01m[Kcostmap_[m[Kâ€™ was not declared in this scope
[15.202s]   595 |     std::unique_lock<nav2_costmap_2d::Costmap2D::mutex_t> lock(*([01;31m[Kcostmap_[m[K->getMutex()));
[15.202s]       |                                                                  [01;31m[K^~~~~~~~[m[K
[15.202s] [01m[K/home/andrea/tesi/ros2_mapf_cbs/project_1/src/my_nav2_planner/src/my_planner_server.cpp:[m[K At global scope:
[15.202s] [01m[K/home/andrea/tesi/ros2_mapf_cbs/project_1/src/my_nav2_planner/src/my_planner_server.cpp:614:1:[m[K [01;31m[Kerror: [m[Kâ€˜[01m[KMyPlannerServer[m[Kâ€™ has not been declared
[15.202s]   614 | [01;31m[KMyPlannerServer[m[K::dynamicParametersCallback(std::vector<rclcpp::Parameter> parameters)
[15.202s]       | [01;31m[K^~~~~~~~~~~~~~~[m[K
[15.209s] [01m[K/home/andrea/tesi/ros2_mapf_cbs/project_1/src/my_nav2_planner/src/my_planner_server.cpp:[m[K In function â€˜[01m[Krcl_interfaces::msg::SetParametersResult my_nav2_planner::dynamicParametersCallback(std::vector<rclcpp::Parameter>)[m[Kâ€™:
[15.209s] [01m[K/home/andrea/tesi/ros2_mapf_cbs/project_1/src/my_nav2_planner/src/my_planner_server.cpp:616:36:[m[K [01;31m[Kerror: [m[Kâ€˜[01m[Kdynamic_params_lock_[m[Kâ€™ was not declared in this scope
[15.209s]   616 |   std::lock_guard<std::mutex> lock([01;31m[Kdynamic_params_lock_[m[K);
[15.209s]       |                                    [01;31m[K^~~~~~~~~~~~~~~~~~~~[m[K
[15.217s] [01m[K/home/andrea/tesi/ros2_mapf_cbs/project_1/src/my_nav2_planner/src/my_planner_server.cpp:626:11:[m[K [01;31m[Kerror: [m[Kâ€˜[01m[Kmax_planner_duration_[m[Kâ€™ was not declared in this scope
[15.217s]   626 |           [01;31m[Kmax_planner_duration_[m[K = 1 / parameter.as_double();
[15.217s]       |           [01;31m[K^~~~~~~~~~~~~~~~~~~~~[m[K
[15.218s] In file included from [01m[K/opt/ros/humble/include/rclcpp/rclcpp/client.hpp:40[m[K,
[15.218s]                  from [01m[K/opt/ros/humble/include/rclcpp/rclcpp/callback_group.hpp:24[m[K,
[15.218s]                  from [01m[K/opt/ros/humble/include/rclcpp/rclcpp/any_executable.hpp:20[m[K,
[15.218s]                  from [01m[K/opt/ros/humble/include/rclcpp/rclcpp/memory_strategy.hpp:25[m[K,
[15.218s]                  from [01m[K/opt/ros/humble/include/rclcpp/rclcpp/memory_strategies.hpp:18[m[K,
[15.218s]                  from [01m[K/opt/ros/humble/include/rclcpp/rclcpp/executor_options.hpp:20[m[K,
[15.218s]                  from [01m[K/opt/ros/humble/include/rclcpp/rclcpp/executor.hpp:37[m[K,
[15.218s]                  from [01m[K/opt/ros/humble/include/rclcpp/rclcpp/executors/multi_threaded_executor.hpp:25[m[K,
[15.218s]                  from [01m[K/opt/ros/humble/include/rclcpp/rclcpp/executors.hpp:21[m[K,
[15.218s]                  from [01m[K/opt/ros/humble/include/rclcpp/rclcpp/rclcpp.hpp:155[m[K,
[15.218s]                  from [01m[K/opt/ros/humble/include/nav2_util/costmap.hpp:21[m[K,
[15.218s]                  from [01m[K/home/andrea/tesi/ros2_mapf_cbs/project_1/src/my_nav2_planner/src/my_planner_server.cpp:29[m[K:
[15.218s] [01m[K/home/andrea/tesi/ros2_mapf_cbs/project_1/src/my_nav2_planner/src/my_planner_server.cpp:629:13:[m[K [01;31m[Kerror: [m[Kâ€˜[01m[Kget_logger[m[Kâ€™ was not declared in this scope; did you mean â€˜[01m[Krclcpp::get_logger[m[Kâ€™?
[15.218s]   629 |             [01;31m[Kget_logger[m[K(),
[15.218s]       |             [01;31m[K^~~~~~~~~~[m[K
[15.218s] In file included from [01m[K/opt/ros/humble/include/rclcpp/rclcpp/logging.hpp:23[m[K,
[15.218s]                  from [01m[K/opt/ros/humble/include/rclcpp/rclcpp/client.hpp:40[m[K,
[15.218s]                  from [01m[K/opt/ros/humble/include/rclcpp/rclcpp/callback_group.hpp:24[m[K,
[15.219s]                  from [01m[K/opt/ros/humble/include/rclcpp/rclcpp/any_executable.hpp:20[m[K,
[15.219s]                  from [01m[K/opt/ros/humble/include/rclcpp/rclcpp/memory_strategy.hpp:25[m[K,
[15.219s]                  from [01m[K/opt/ros/humble/include/rclcpp/rclcpp/memory_strategies.hpp:18[m[K,
[15.219s]                  from [01m[K/opt/ros/humble/include/rclcpp/rclcpp/executor_options.hpp:20[m[K,
[15.219s]                  from [01m[K/opt/ros/humble/include/rclcpp/rclcpp/executor.hpp:37[m[K,
[15.219s]                  from [01m[K/opt/ros/humble/include/rclcpp/rclcpp/executors/multi_threaded_executor.hpp:25[m[K,
[15.219s]                  from [01m[K/opt/ros/humble/include/rclcpp/rclcpp/executors.hpp:21[m[K,
[15.219s]                  from [01m[K/opt/ros/humble/include/rclcpp/rclcpp/rclcpp.hpp:155[m[K,
[15.219s]                  from [01m[K/opt/ros/humble/include/nav2_util/costmap.hpp:21[m[K,
[15.219s]                  from [01m[K/home/andrea/tesi/ros2_mapf_cbs/project_1/src/my_nav2_planner/src/my_planner_server.cpp:29[m[K:
[15.219s] [01m[K/opt/ros/humble/include/rclcpp/rclcpp/logger.hpp:106:17:[m[K [01;36m[Knote: [m[Kâ€˜[01m[Krclcpp::get_logger[m[Kâ€™ declared here
[15.219s]   106 |   friend Logger [01;36m[Krclcpp[m[K::get_logger(const std::string & name);
[15.219s]       |                 [01;36m[K^~~~~~[m[K
[15.219s] In file included from [01m[K/opt/ros/humble/include/rclcpp/rclcpp/client.hpp:40[m[K,
[15.219s]                  from [01m[K/opt/ros/humble/include/rclcpp/rclcpp/callback_group.hpp:24[m[K,
[15.219s]                  from [01m[K/opt/ros/humble/include/rclcpp/rclcpp/any_executable.hpp:20[m[K,
[15.219s]                  from [01m[K/opt/ros/humble/include/rclcpp/rclcpp/memory_strategy.hpp:25[m[K,
[15.219s]                  from [01m[K/opt/ros/humble/include/rclcpp/rclcpp/memory_strategies.hpp:18[m[K,
[15.219s]                  from [01m[K/opt/ros/humble/include/rclcpp/rclcpp/executor_options.hpp:20[m[K,
[15.219s]                  from [01m[K/opt/ros/humble/include/rclcpp/rclcpp/executor.hpp:37[m[K,
[15.219s]                  from [01m[K/opt/ros/humble/include/rclcpp/rclcpp/executors/multi_threaded_executor.hpp:25[m[K,
[15.219s]                  from [01m[K/opt/ros/humble/include/rclcpp/rclcpp/executors.hpp:21[m[K,
[15.219s]                  from [01m[K/opt/ros/humble/include/rclcpp/rclcpp/rclcpp.hpp:155[m[K,
[15.219s]                  from [01m[K/opt/ros/humble/include/nav2_util/costmap.hpp:21[m[K,
[15.219s]                  from [01m[K/home/andrea/tesi/ros2_mapf_cbs/project_1/src/my_nav2_planner/src/my_planner_server.cpp:29[m[K:
[15.219s] [01m[K/home/andrea/tesi/ros2_mapf_cbs/project_1/src/my_nav2_planner/src/my_planner_server.cpp:628:11:[m[K [01;31m[Kerror: [m[Ktemplate argument 1 is invalid
[15.220s]   628 |           [01;31m[KRCLCPP_WARN[m[K(
[15.220s]       |           [01;31m[K^~~~~~~~~~~[m[K
[15.220s] [01m[K/home/andrea/tesi/ros2_mapf_cbs/project_1/src/my_nav2_planner/src/my_planner_server.cpp:628:11:[m[K [01;31m[Kerror: [m[Kâ€˜[01m[K<declaration error>[m[Kâ€™ is not a template [[01;31m[K]8;;https://gcc.gnu.org/onlinedocs/gcc/Warning-Options.html#index-fpermissive-fpermissive]8;;[m[K]
[15.220s]   628 |           [01;31m[KRCLCPP_WARN[m[K(
[15.220s]       |           [01;31m[K^~~~~~~~~~~[m[K
[15.220s] [01m[K/home/andrea/tesi/ros2_mapf_cbs/project_1/src/my_nav2_planner/src/my_planner_server.cpp:628:11:[m[K [01;31m[Kerror: [m[Ktemplate argument 1 is invalid
[15.220s]   628 |           [01;31m[KRCLCPP_WARN[m[K(
[15.220s]       |           [01;31m[K^~~~~~~~~~~[m[K
[15.220s] [01m[K/home/andrea/tesi/ros2_mapf_cbs/project_1/src/my_nav2_planner/src/my_planner_server.cpp:628:11:[m[K [01;31m[Kerror: [m[Kâ€˜[01m[K<declaration error>[m[Kâ€™ is not a template [[01;31m[K]8;;https://gcc.gnu.org/onlinedocs/gcc/Warning-Options.html#index-fpermissive-fpermissive]8;;[m[K]
[15.220s]   628 |           [01;31m[KRCLCPP_WARN[m[K(
[15.220s]       |           [01;31m[K^~~~~~~~~~~[m[K
[15.220s] [01m[K/home/andrea/tesi/ros2_mapf_cbs/project_1/src/my_nav2_planner/src/my_planner_server.cpp:628:11:[m[K [01;31m[Kerror: [m[Ktemplate argument 1 is invalid
[15.220s]   628 |           [01;31m[KRCLCPP_WARN[m[K(
[15.220s]       |           [01;31m[K^~~~~~~~~~~[m[K
[15.225s] [01m[K/home/andrea/tesi/ros2_mapf_cbs/project_1/src/my_nav2_planner/src/my_planner_server.cpp:632:11:[m[K [01;31m[Kerror: [m[Kâ€˜[01m[Kmax_planner_duration_[m[Kâ€™ was not declared in this scope
[15.225s]   632 |           [01;31m[Kmax_planner_duration_[m[K = 0.0;
[15.225s]       |           [01;31m[K^~~~~~~~~~~~~~~~~~~~~[m[K
[15.228s] In file included from [01m[K/opt/ros/humble/include/class_loader/class_loader/class_loader.hpp:56[m[K,
[15.228s]                  from [01m[K/opt/ros/humble/include/class_loader/class_loader/multi_library_class_loader.hpp:52[m[K,
[15.228s]                  from [01m[K/opt/ros/humble/include/pluginlib/pluginlib/class_loader.hpp:38[m[K,
[15.228s]                  from [01m[K/opt/ros/humble/include/nav2_costmap_2d/costmap_2d_ros.hpp:54[m[K,
[15.228s]                  from [01m[K/home/andrea/tesi/ros2_mapf_cbs/project_1/src/my_nav2_planner/include/my_nav2_planner/my_planner_server.hpp:37[m[K,
[15.228s]                  from [01m[K/home/andrea/tesi/ros2_mapf_cbs/project_1/src/my_nav2_planner/src/my_planner_server.cpp:34[m[K:
[15.228s] [01m[K/home/andrea/tesi/ros2_mapf_cbs/project_1/src/my_nav2_planner/src/my_planner_server.cpp:[m[K At global scope:
[15.228s] [01m[K/home/andrea/tesi/ros2_mapf_cbs/project_1/src/my_nav2_planner/src/my_planner_server.cpp:649:50:[m[K [01;31m[Kerror: [m[Kâ€˜[01m[KMyPlannerServer[m[Kâ€™ is not a member of â€˜[01m[Kmy_nav2_planner[m[Kâ€™; did you mean â€˜[01m[KPlannerServer[m[Kâ€™?
[15.229s]   649 | RCLCPP_COMPONENTS_REGISTER_NODE(my_nav2_planner::[01;31m[KMyPlannerServer[m[K)
[15.229s]       |                                                  [01;31m[K^~~~~~~~~~~~~~~[m[K
[15.229s] [01m[K/home/andrea/tesi/ros2_mapf_cbs/project_1/src/my_nav2_planner/src/my_planner_server.cpp:649:1:[m[K [01;31m[Kerror: [m[Ktemplate argument 1 is invalid
[15.229s]   649 | [01;31m[KRCLCPP_COMPONENTS_REGISTER_NODE[m[K(my_nav2_planner::MyPlannerServer)
[15.229s]       | [01;31m[K^~~~~~~~~~~~~~~~~~~~~~~~~~~~~~~[m[K
[16.189s] In file included from [01m[K/opt/ros/humble/include/class_loader/class_loader/class_loader_core.hpp:57[m[K,
[16.189s]                  from [01m[K/opt/ros/humble/include/class_loader/class_loader/class_loader.hpp:55[m[K,
[16.190s]                  from [01m[K/opt/ros/humble/include/class_loader/class_loader/multi_library_class_loader.hpp:52[m[K,
[16.190s]                  from [01m[K/opt/ros/humble/include/pluginlib/pluginlib/class_loader.hpp:38[m[K,
[16.190s]                  from [01m[K/opt/ros/humble/include/nav2_costmap_2d/costmap_2d_ros.hpp:54[m[K,
[16.190s]                  from [01m[K/home/andrea/tesi/ros2_mapf_cbs/project_1/src/my_nav2_planner/include/my_nav2_planner/my_planner_server.hpp:37[m[K,
[16.190s]                  from [01m[K/home/andrea/tesi/ros2_mapf_cbs/project_1/src/my_nav2_planner/src/my_planner_server.cpp:34[m[K:
[16.190s] /opt/ros/humble/include/class_loader/class_loader/meta_object.hpp: In instantiation of â€˜[01m[KB* class_loader::impl::MetaObject<C, B>::create() const [with C = int; B = rclcpp_components::NodeFactory][m[Kâ€™:
[16.190s] [01m[K/opt/ros/humble/include/class_loader/class_loader/meta_object.hpp:216:7:[m[K   required from here
[16.190s] [01m[K/opt/ros/humble/include/class_loader/class_loader/meta_object.hpp:218:12:[m[K [01;31m[Kerror: [m[Kcannot convert â€˜[01m[Kint*[m[Kâ€™ to â€˜[01m[Krclcpp_components::NodeFactory*[m[Kâ€™ in return
[16.190s]   218 |     return [01;31m[Knew C[m[K;
[16.190s]       |            [01;31m[K^~~~~[m[K
[16.190s]       |            [01;31m[K|[m[K
[16.190s]       |            [01;31m[Kint*[m[K
[16.281s] cc1plus: all warnings being treated as errors
[16.299s] gmake[2]: *** [CMakeFiles/my_planner_server_core.dir/build.make:76: CMakeFiles/my_planner_server_core.dir/src/my_planner_server.cpp.o] Error 1
[16.299s] gmake[1]: *** [CMakeFiles/Makefile2:174: CMakeFiles/my_planner_server_core.dir/all] Error 2
[16.299s] gmake[1]: *** Waiting for unfinished jobs....
[17.880s] [ 50%] [32m[1mLinking CXX static library libgtest.a[0m
[17.932s] [ 50%] Built target gtest
[17.932s] gmake: *** [Makefile:146: all] Error 2
[17.935s] Invoked command in '/home/andrea/tesi/ros2_mapf_cbs/project_1/build/my_nav2_planner' returned '2': CMAKE_PREFIX_PATH=${CMAKE_PREFIX_PATH}:/home/andrea/tesi/ros2_mapf_cbs/project_1/install/my_package:/home/andrea/tesi/ros2_mapf_cbs/project_1/install/my_intermediate:/home/andrea/tesi/ros2_mapf_cbs/simple_example/install/my_py_pkg:/opt/ros/humble /usr/bin/cmake --build /home/andrea/tesi/ros2_mapf_cbs/project_1/build/my_nav2_planner -- -j8 -l8
