[01m[K/home/andrea/tesi/ros2_mapf_cbs/project_1/src/my_nav2_navfn_planner/src/navfn_planner.cpp:110:9:[m[K [01;31m[Kerror: [m[Kâ€˜[01m[Kmy_intermediate_interfaces[m[Kâ€™ does not name a type
  110 |   const [01;31m[Kmy_intermediate_interfaces[m[K::msg::VertexConstraint[] vertex_constraints,
      |         [01;31m[K^~~~~~~~~~~~~~~~~~~~~~~~~~[m[K
[01m[K/home/andrea/tesi/ros2_mapf_cbs/project_1/src/my_nav2_navfn_planner/src/navfn_planner.cpp:110:40:[m[K [01;31m[Kerror: [m[Kexpected unqualified-id before â€˜[01m[K::[m[Kâ€™ token
  110 |   const my_intermediate_interfaces::msg[01;31m[K::[m[KVertexConstraint[] vertex_constraints,
      |                                        [01;31m[K^~[m[K
[01m[K/home/andrea/tesi/ros2_mapf_cbs/project_1/src/my_nav2_navfn_planner/src/navfn_planner.cpp:110:40:[m[K [01;31m[Kerror: [m[Kexpected â€˜[01m[K)[m[Kâ€™ before â€˜[01m[K::[m[Kâ€™ token
  110 |   const my_intermediate_interfaces::msg[01;31m[K:[m[K[32m[K:[m[KVertexConstraint[] vertex_constraints,
      |                                        [01;31m[K^[m[K[32m[K~[m[K
      |                                        [32m[K)[m[K
[01m[K/home/andrea/tesi/ros2_mapf_cbs/project_1/src/my_nav2_navfn_planner/src/navfn_planner.cpp:107:45:[m[K [01;36m[Knote: [m[Kto match this â€˜[01m[K([m[Kâ€™
  107 | nav_msgs::msg::Path NavfnPlanner::createPlan[01;36m[K([m[K
      |                                             [01;36m[K^[m[K
[01m[K/home/andrea/tesi/ros2_mapf_cbs/project_1/src/my_nav2_navfn_planner/src/navfn_planner.cpp:110:40:[m[K [01;31m[Kerror: [m[Kexpected initializer before â€˜[01m[K::[m[Kâ€™ token
  110 |   const my_intermediate_interfaces::msg[01;31m[K::[m[KVertexConstraint[] vertex_constraints,
      |                                        [01;31m[K^~[m[K
gmake[2]: *** [CMakeFiles/my_nav2_navfn_planner.dir/build.make:76: CMakeFiles/my_nav2_navfn_planner.dir/src/navfn_planner.cpp.o] Error 1
gmake[1]: *** [CMakeFiles/Makefile2:137: CMakeFiles/my_nav2_navfn_planner.dir/all] Error 2
gmake: *** [Makefile:146: all] Error 2
