[35m[1mConsolidate compiler generated dependencies of target my_nav2_navfn_planner[0m
[ 33%] [32mBuilding CXX object CMakeFiles/my_nav2_navfn_planner.dir/src/my_navfn.cpp.o[0m
In file included from [01m[K/opt/ros/humble/include/rclcpp/rclcpp/client.hpp:40[m[K,
                 from [01m[K/opt/ros/humble/include/rclcpp/rclcpp/callback_group.hpp:24[m[K,
                 from [01m[K/opt/ros/humble/include/rclcpp/rclcpp/any_executable.hpp:20[m[K,
                 from [01m[K/opt/ros/humble/include/rclcpp/rclcpp/memory_strategy.hpp:25[m[K,
                 from [01m[K/opt/ros/humble/include/rclcpp/rclcpp/memory_strategies.hpp:18[m[K,
                 from [01m[K/opt/ros/humble/include/rclcpp/rclcpp/executor_options.hpp:20[m[K,
                 from [01m[K/opt/ros/humble/include/rclcpp/rclcpp/executor.hpp:37[m[K,
                 from [01m[K/opt/ros/humble/include/rclcpp/rclcpp/executors/multi_threaded_executor.hpp:25[m[K,
                 from [01m[K/opt/ros/humble/include/rclcpp/rclcpp/executors.hpp:21[m[K,
                 from [01m[K/opt/ros/humble/include/rclcpp/rclcpp/rclcpp.hpp:155[m[K,
                 from [01m[K/home/andrea/tesi/ros2_mapf_cbs/project_1/src/my_nav2_navfn_planner/src/my_navfn.cpp:47[m[K:
[01m[K/home/andrea/tesi/ros2_mapf_cbs/project_1/src/my_nav2_navfn_planner/src/my_navfn.cpp:[m[K In member function â€˜[01m[Kint my_nav2_navfn_planner::MyNavFn::calcPath(int, std::vector<std::map<std::__cxx11::basic_string<char>, int> >, std::vector<std::map<std::__cxx11::basic_string<char>, int> >, int*)[m[Kâ€™:
[01m[K/home/andrea/tesi/ros2_mapf_cbs/project_1/src/my_nav2_navfn_planner/src/my_navfn.cpp:738:21:[m[K [01;31m[Kerror: [m[Kâ€˜[01m[Klogger_[m[Kâ€™ was not declared in this scope
  738 |         RCLCPP_WARN([01;31m[Klogger_[m[K,"cell_value = %d, ts_value = %d, time_step = %d", cell_value, ts_value, time_step);
      |                     [01;31m[K^~~~~~~[m[K
[01m[K/home/andrea/tesi/ros2_mapf_cbs/project_1/src/my_nav2_navfn_planner/src/my_navfn.cpp:738:9:[m[K [01;31m[Kerror: [m[Ktemplate argument 1 is invalid
  738 |         [01;31m[KRCLCPP_WARN[m[K(logger_,"cell_value = %d, ts_value = %d, time_step = %d", cell_value, ts_value, time_step);
      |         [01;31m[K^~~~~~~~~~~[m[K
[01m[K/home/andrea/tesi/ros2_mapf_cbs/project_1/src/my_nav2_navfn_planner/src/my_navfn.cpp:738:9:[m[K [01;31m[Kerror: [m[Kâ€˜[01m[K<declaration error>[m[Kâ€™ is not a template [[01;31m[K]8;;https://gcc.gnu.org/onlinedocs/gcc/Warning-Options.html#index-fpermissive-fpermissive]8;;[m[K]
  738 |         [01;31m[KRCLCPP_WARN[m[K(logger_,"cell_value = %d, ts_value = %d, time_step = %d", cell_value, ts_value, time_step);
      |         [01;31m[K^~~~~~~~~~~[m[K
[01m[K/home/andrea/tesi/ros2_mapf_cbs/project_1/src/my_nav2_navfn_planner/src/my_navfn.cpp:738:9:[m[K [01;31m[Kerror: [m[Ktemplate argument 1 is invalid
  738 |         [01;31m[KRCLCPP_WARN[m[K(logger_,"cell_value = %d, ts_value = %d, time_step = %d", cell_value, ts_value, time_step);
      |         [01;31m[K^~~~~~~~~~~[m[K
[01m[K/home/andrea/tesi/ros2_mapf_cbs/project_1/src/my_nav2_navfn_planner/src/my_navfn.cpp:738:9:[m[K [01;31m[Kerror: [m[Kâ€˜[01m[K<declaration error>[m[Kâ€™ is not a template [[01;31m[K]8;;https://gcc.gnu.org/onlinedocs/gcc/Warning-Options.html#index-fpermissive-fpermissive]8;;[m[K]
  738 |         [01;31m[KRCLCPP_WARN[m[K(logger_,"cell_value = %d, ts_value = %d, time_step = %d", cell_value, ts_value, time_step);
      |         [01;31m[K^~~~~~~~~~~[m[K
[01m[K/home/andrea/tesi/ros2_mapf_cbs/project_1/src/my_nav2_navfn_planner/src/my_navfn.cpp:738:9:[m[K [01;31m[Kerror: [m[Ktemplate argument 1 is invalid
  738 |         [01;31m[KRCLCPP_WARN[m[K(logger_,"cell_value = %d, ts_value = %d, time_step = %d", cell_value, ts_value, time_step);
      |         [01;31m[K^~~~~~~~~~~[m[K
[01m[K/home/andrea/tesi/ros2_mapf_cbs/project_1/src/my_nav2_navfn_planner/src/my_navfn.cpp:746:21:[m[K [01;31m[Kerror: [m[Kâ€˜[01m[Klogger_[m[Kâ€™ was not declared in this scope
  746 |         RCLCPP_WARN([01;31m[Klogger_[m[K,"cell_from_value = %d, stc = %d, ts_value = %d, time_step = %d", cell_from_value, stc, ts_value, time_step);
      |                     [01;31m[K^~~~~~~[m[K
[01m[K/home/andrea/tesi/ros2_mapf_cbs/project_1/src/my_nav2_navfn_planner/src/my_navfn.cpp:746:9:[m[K [01;31m[Kerror: [m[Ktemplate argument 1 is invalid
  746 |         [01;31m[KRCLCPP_WARN[m[K(logger_,"cell_from_value = %d, stc = %d, ts_value = %d, time_step = %d", cell_from_value, stc, ts_value, time_step);
      |         [01;31m[K^~~~~~~~~~~[m[K
[01m[K/home/andrea/tesi/ros2_mapf_cbs/project_1/src/my_nav2_navfn_planner/src/my_navfn.cpp:746:9:[m[K [01;31m[Kerror: [m[Kâ€˜[01m[K<declaration error>[m[Kâ€™ is not a template [[01;31m[K]8;;https://gcc.gnu.org/onlinedocs/gcc/Warning-Options.html#index-fpermissive-fpermissive]8;;[m[K]
  746 |         [01;31m[KRCLCPP_WARN[m[K(logger_,"cell_from_value = %d, stc = %d, ts_value = %d, time_step = %d", cell_from_value, stc, ts_value, time_step);
      |         [01;31m[K^~~~~~~~~~~[m[K
[01m[K/home/andrea/tesi/ros2_mapf_cbs/project_1/src/my_nav2_navfn_planner/src/my_navfn.cpp:746:9:[m[K [01;31m[Kerror: [m[Ktemplate argument 1 is invalid
  746 |         [01;31m[KRCLCPP_WARN[m[K(logger_,"cell_from_value = %d, stc = %d, ts_value = %d, time_step = %d", cell_from_value, stc, ts_value, time_step);
      |         [01;31m[K^~~~~~~~~~~[m[K
[01m[K/home/andrea/tesi/ros2_mapf_cbs/project_1/src/my_nav2_navfn_planner/src/my_navfn.cpp:746:9:[m[K [01;31m[Kerror: [m[Kâ€˜[01m[K<declaration error>[m[Kâ€™ is not a template [[01;31m[K]8;;https://gcc.gnu.org/onlinedocs/gcc/Warning-Options.html#index-fpermissive-fpermissive]8;;[m[K]
  746 |         [01;31m[KRCLCPP_WARN[m[K(logger_,"cell_from_value = %d, stc = %d, ts_value = %d, time_step = %d", cell_from_value, stc, ts_value, time_step);
      |         [01;31m[K^~~~~~~~~~~[m[K
[01m[K/home/andrea/tesi/ros2_mapf_cbs/project_1/src/my_nav2_navfn_planner/src/my_navfn.cpp:746:9:[m[K [01;31m[Kerror: [m[Ktemplate argument 1 is invalid
  746 |         [01;31m[KRCLCPP_WARN[m[K(logger_,"cell_from_value = %d, stc = %d, ts_value = %d, time_step = %d", cell_from_value, stc, ts_value, time_step);
      |         [01;31m[K^~~~~~~~~~~[m[K
gmake[2]: *** [CMakeFiles/my_nav2_navfn_planner.dir/build.make:90: CMakeFiles/my_nav2_navfn_planner.dir/src/my_navfn.cpp.o] Error 1
gmake[1]: *** [CMakeFiles/Makefile2:137: CMakeFiles/my_nav2_navfn_planner.dir/all] Error 2
gmake: *** [Makefile:146: all] Error 2
