[0.061s] Invoking command in '/home/andrea/tesi/ros2_mapf_cbs/project_1/build/my_nav2_navfn_planner': AMENT_PREFIX_PATH=/home/andrea/tesi/ros2_mapf_cbs/project_1/install/my_nav2_core:${AMENT_PREFIX_PATH} CMAKE_PREFIX_PATH=/home/andrea/tesi/ros2_mapf_cbs/project_1/install/my_nav2_core:/home/andrea/tesi/ros2_mapf_cbs/project_1/install/my_intermediate_interfaces:/home/andrea/tesi/ros2_mapf_cbs/project_1/install/turtlebot3_multi_robot:/home/andrea/tesi/ros2_mapf_cbs/project_1/install/nav2_straightline_planner:/home/andrea/tesi/ros2_mapf_cbs/project_1/install/my_nav2_navfn_planner:/home/andrea/tesi/ros2_mapf_cbs/project_1/install/nav2_core:/home/andrea/tesi/ros2_mapf_cbs/project_1/install/my_try_bringup:/home/andrea/tesi/ros2_mapf_cbs/simple_example/install/my_robot_bringup:/home/andrea/tesi/ros2_mapf_cbs/simple_example/install/my_robot_interfaces:/home/andrea/tesi/ros2_mapf_cbs/project_1/install/my_package:/home/andrea/tesi/ros2_mapf_cbs/project_1/install/my_intermediate:/home/andrea/tesi/ros2_mapf_cbs/simple_example/install/my_py_pkg:/opt/ros/humble LD_LIBRARY_PATH=/home/andrea/tesi/ros2_mapf_cbs/project_1/install/my_intermediate_interfaces/lib:/home/andrea/tesi/ros2_mapf_cbs/project_1/install/nav2_straightline_planner/lib:/home/andrea/tesi/ros2_mapf_cbs/project_1/install/my_nav2_navfn_planner/lib:/home/andrea/tesi/ros2_mapf_cbs/simple_example/install/my_robot_interfaces/lib:/usr/lib/x86_64-linux-gnu/gazebo-11/plugins:/opt/ros/humble/opt/rviz_ogre_vendor/lib:/opt/ros/humble/lib/x86_64-linux-gnu:/opt/ros/humble/lib:/home/andrea/ws_online/build/ros2_bdi_on_litter_world /usr/bin/cmake --build /home/andrea/tesi/ros2_mapf_cbs/project_1/build/my_nav2_navfn_planner -- -j8 -l8
[0.096s] [35m[1mConsolidate compiler generated dependencies of target my_nav2_navfn_planner[0m
[0.116s] [ 66%] [32mBuilding CXX object CMakeFiles/my_nav2_navfn_planner.dir/src/navfn_planner.cpp.o[0m
[0.116s] [ 66%] [32mBuilding CXX object CMakeFiles/my_nav2_navfn_planner.dir/src/navfn.cpp.o[0m
[1.838s] [01m[K/home/andrea/tesi/ros2_mapf_cbs/project_1/src/my_nav2_navfn_planner/src/navfn.cpp:657:1:[m[K [01;31m[Kerror: [m[Kno declaration matches â€˜[01m[Kint my_nav2_navfn_planner::NavFn::calcPath(int, std::vector<std::map<std::__cxx11::basic_string<char>, int> >, std::vector<std::map<std::__cxx11::basic_string<char>, int> >, int*)[m[Kâ€™
[1.838s]   657 | [01;31m[KNavFn[m[K::calcPath(int n,
[1.838s]       | [01;31m[K^~~~~[m[K
[1.838s] In file included from [01m[K/home/andrea/tesi/ros2_mapf_cbs/project_1/src/my_nav2_navfn_planner/src/navfn.cpp:1[m[K:
[1.838s] [01m[K/home/andrea/tesi/ros2_mapf_cbs/project_1/src/my_nav2_navfn_planner/include/my_nav2_navfn_planner/navfn.hpp:260:7:[m[K [01;36m[Knote: [m[Kcandidate is: â€˜[01m[Kint my_nav2_navfn_planner::NavFn::calcPath(int, std::vector<my_intermediate_interfaces::msg::VertexConstraint_<std::allocator<void> > >, std::vector<my_intermediate_interfaces::msg::EdgeConstraint_<std::allocator<void> > >, int*)[m[Kâ€™
[1.838s]   260 |   int [01;36m[KcalcPath[m[K(int n,
[1.838s]       |       [01;36m[K^~~~~~~~[m[K
[1.838s] [01m[K/home/andrea/tesi/ros2_mapf_cbs/project_1/src/my_nav2_navfn_planner/include/my_nav2_navfn_planner/navfn.hpp:105:7:[m[K [01;36m[Knote: [m[Kâ€˜[01m[Kclass my_nav2_navfn_planner::NavFn[m[Kâ€™ defined here
[1.838s]   105 | class [01;36m[KNavFn[m[K
[1.838s]       |       [01;36m[K^~~~~[m[K
[2.161s] gmake[2]: *** [CMakeFiles/my_nav2_navfn_planner.dir/build.make:90: CMakeFiles/my_nav2_navfn_planner.dir/src/navfn.cpp.o] Error 1
[2.161s] gmake[2]: *** Waiting for unfinished jobs....
[2.515s] [01m[K/home/andrea/tesi/ros2_mapf_cbs/project_1/src/my_nav2_navfn_planner/src/navfn_planner.cpp:[m[K In member function â€˜[01m[Kbool my_nav2_navfn_planner::NavfnPlanner::getPlanFromPotential(const Pose&, std::vector<my_intermediate_interfaces::msg::VertexConstraint_<std::allocator<void> > >, std::vector<my_intermediate_interfaces::msg::EdgeConstraint_<std::allocator<void> > >, nav_msgs::msg::Path&)[m[Kâ€™:
[2.515s] [01m[K/home/andrea/tesi/ros2_mapf_cbs/project_1/src/my_nav2_navfn_planner/src/navfn_planner.cpp:403:49:[m[K [01;31m[Kerror: [m[Kcannot convert â€˜[01m[Kvector<[01;32m[Kstd::map<std::__cxx11::basic_string<char>, int>[m[K>[m[Kâ€™ to â€˜[01m[Kvector<[01;32m[Kmy_intermediate_interfaces::msg::VertexConstraint_<std::allocator<void> >[m[K>[m[Kâ€™
[2.515s]   403 |   int path_len = planner_->calcPath(max_cycles, [01;31m[Kvert_constr[m[K, edge_constr);
[2.516s]       |                                                 [01;31m[K^~~~~~~~~~~[m[K
[2.516s]       |                                                 [01;31m[K|[m[K
[2.516s]       |                                                 [01;31m[Kvector<std::map<std::__cxx11::basic_string<char>, int>>[m[K
[2.516s] In file included from [01m[K/home/andrea/tesi/ros2_mapf_cbs/project_1/src/my_nav2_navfn_planner/include/my_nav2_navfn_planner/navfn_planner.hpp:32[m[K,
[2.516s]                  from [01m[K/home/andrea/tesi/ros2_mapf_cbs/project_1/src/my_nav2_navfn_planner/src/navfn_planner.cpp:1[m[K:
[2.516s] [01m[K/home/andrea/tesi/ros2_mapf_cbs/project_1/src/my_nav2_navfn_planner/include/my_nav2_navfn_planner/navfn.hpp:261:84:[m[K [01;36m[Knote: [m[K  initializing argument 2 of â€˜[01m[Kint my_nav2_navfn_planner::NavFn::calcPath(int, std::vector<my_intermediate_interfaces::msg::VertexConstraint_<std::allocator<void> > >, std::vector<my_intermediate_interfaces::msg::EdgeConstraint_<std::allocator<void> > >, int*)[m[Kâ€™
[2.516s]   261 |               [01;36m[Kconst std::vector<my_intermediate_interfaces::msg::VertexConstraint> vertex_constraints[m[K,
[2.516s]       |               [01;36m[K~~~~~~~~~~~~~~~~~~~~~~~~~~~~~~~~~~~~~~~~~~~~~~~~~~~~~~~~~~~~~~~~~~~~~^~~~~~~~~~~~~~~~~~[m[K
[3.570s] gmake[2]: *** [CMakeFiles/my_nav2_navfn_planner.dir/build.make:76: CMakeFiles/my_nav2_navfn_planner.dir/src/navfn_planner.cpp.o] Error 1
[3.570s] gmake[1]: *** [CMakeFiles/Makefile2:137: CMakeFiles/my_nav2_navfn_planner.dir/all] Error 2
[3.571s] gmake: *** [Makefile:146: all] Error 2
[3.572s] Invoked command in '/home/andrea/tesi/ros2_mapf_cbs/project_1/build/my_nav2_navfn_planner' returned '2': AMENT_PREFIX_PATH=/home/andrea/tesi/ros2_mapf_cbs/project_1/install/my_nav2_core:${AMENT_PREFIX_PATH} CMAKE_PREFIX_PATH=/home/andrea/tesi/ros2_mapf_cbs/project_1/install/my_nav2_core:/home/andrea/tesi/ros2_mapf_cbs/project_1/install/my_intermediate_interfaces:/home/andrea/tesi/ros2_mapf_cbs/project_1/install/turtlebot3_multi_robot:/home/andrea/tesi/ros2_mapf_cbs/project_1/install/nav2_straightline_planner:/home/andrea/tesi/ros2_mapf_cbs/project_1/install/my_nav2_navfn_planner:/home/andrea/tesi/ros2_mapf_cbs/project_1/install/nav2_core:/home/andrea/tesi/ros2_mapf_cbs/project_1/install/my_try_bringup:/home/andrea/tesi/ros2_mapf_cbs/simple_example/install/my_robot_bringup:/home/andrea/tesi/ros2_mapf_cbs/simple_example/install/my_robot_interfaces:/home/andrea/tesi/ros2_mapf_cbs/project_1/install/my_package:/home/andrea/tesi/ros2_mapf_cbs/project_1/install/my_intermediate:/home/andrea/tesi/ros2_mapf_cbs/simple_example/install/my_py_pkg:/opt/ros/humble LD_LIBRARY_PATH=/home/andrea/tesi/ros2_mapf_cbs/project_1/install/my_intermediate_interfaces/lib:/home/andrea/tesi/ros2_mapf_cbs/project_1/install/nav2_straightline_planner/lib:/home/andrea/tesi/ros2_mapf_cbs/project_1/install/my_nav2_navfn_planner/lib:/home/andrea/tesi/ros2_mapf_cbs/simple_example/install/my_robot_interfaces/lib:/usr/lib/x86_64-linux-gnu/gazebo-11/plugins:/opt/ros/humble/opt/rviz_ogre_vendor/lib:/opt/ros/humble/lib/x86_64-linux-gnu:/opt/ros/humble/lib:/home/andrea/ws_online/build/ros2_bdi_on_litter_world /usr/bin/cmake --build /home/andrea/tesi/ros2_mapf_cbs/project_1/build/my_nav2_navfn_planner -- -j8 -l8
