[0.060s] Invoking command in '/home/andrea/tesi/ros2_mapf_cbs/project_1/build/my_nav2_navfn_planner': CMAKE_PREFIX_PATH=/home/andrea/tesi/ros2_mapf_cbs/project_1/install/my_nav2_core:/home/andrea/tesi/ros2_mapf_cbs/project_1/install/my_intermediate_interfaces:/home/andrea/tesi/ros2_mapf_cbs/project_1/install/turtlebot3_multi_robot:/home/andrea/tesi/ros2_mapf_cbs/project_1/install/nav2_straightline_planner:/home/andrea/tesi/ros2_mapf_cbs/project_1/install/my_try_bringup:/home/andrea/tesi/ros2_mapf_cbs/project_1/install/my_nav2_planner:/home/andrea/tesi/ros2_mapf_cbs/project_1/install/my_nav2_navfn_planner:/home/andrea/tesi/ros2_mapf_cbs/simple_example/install/my_robot_bringup:/home/andrea/tesi/ros2_mapf_cbs/simple_example/install/my_robot_interfaces:/home/andrea/tesi/ros2_mapf_cbs/project_1/install/my_package:/home/andrea/tesi/ros2_mapf_cbs/project_1/install/my_intermediate:/home/andrea/tesi/ros2_mapf_cbs/simple_example/install/my_py_pkg:/opt/ros/humble LD_LIBRARY_PATH=/home/andrea/tesi/ros2_mapf_cbs/project_1/install/my_intermediate_interfaces/lib:/home/andrea/tesi/ros2_mapf_cbs/project_1/install/nav2_straightline_planner/lib:/home/andrea/tesi/ros2_mapf_cbs/project_1/install/my_nav2_planner/lib:/home/andrea/tesi/ros2_mapf_cbs/project_1/install/my_nav2_navfn_planner/lib:/home/andrea/tesi/ros2_mapf_cbs/simple_example/install/my_robot_interfaces/lib:/usr/lib/x86_64-linux-gnu/gazebo-11/plugins:/opt/ros/humble/opt/rviz_ogre_vendor/lib:/opt/ros/humble/lib/x86_64-linux-gnu:/opt/ros/humble/lib:/home/andrea/ws_online/build/ros2_bdi_on_litter_world /usr/bin/cmake --build /home/andrea/tesi/ros2_mapf_cbs/project_1/build/my_nav2_navfn_planner -- -j8 -l8
[0.095s] [35m[1mConsolidate compiler generated dependencies of target my_nav2_navfn_planner[0m
[0.112s] [ 33%] [32mBuilding CXX object CMakeFiles/my_nav2_navfn_planner.dir/src/my_navfn.cpp.o[0m
[1.720s] [01m[K/home/andrea/tesi/ros2_mapf_cbs/project_1/src/my_nav2_navfn_planner/src/my_navfn.cpp:[m[K In member function â€˜[01m[Kvoid my_nav2_navfn_planner::MyNavFn::updateCellAstar(int, int, std::vector<std::map<std::__cxx11::basic_string<char>, int> >, std::vector<std::map<std::__cxx11::basic_string<char>, int> >)[m[Kâ€™:
[1.720s] [01m[K/home/andrea/tesi/ros2_mapf_cbs/project_1/src/my_nav2_navfn_planner/src/my_navfn.cpp:458:8:[m[K [01;31m[Kerror: [m[Kno match for â€˜[01m[Koperator=[m[Kâ€™ (operand types are â€˜[01m[Kstd::vector<std::map<std::__cxx11::basic_string<char>, int> >[m[Kâ€™ and â€˜[01m[Kstd::nullptr_t[m[Kâ€™)
[1.720s]   458 |   ec = [01;31m[Knullptr[m[K
[1.720s]       |        [01;31m[K^~~~~~~[m[K
[1.720s] In file included from [01m[K/usr/include/c++/11/vector:72[m[K,
[1.720s]                  from [01m[K/home/andrea/tesi/ros2_mapf_cbs/project_1/src/my_nav2_navfn_planner/include/my_nav2_navfn_planner/my_navfn.hpp:47[m[K,
[1.720s]                  from [01m[K/home/andrea/tesi/ros2_mapf_cbs/project_1/src/my_nav2_navfn_planner/src/my_navfn.cpp:44[m[K:
[1.720s] [01m[K/usr/include/c++/11/bits/vector.tcc:198:5:[m[K [01;36m[Knote: [m[Kcandidate: â€˜[01m[Kstd::vector<_Tp, _Alloc>& std::vector<_Tp, _Alloc>::operator=(const std::vector<_Tp, _Alloc>&) [with _Tp = std::map<std::__cxx11::basic_string<char>, int>; _Alloc = std::allocator<std::map<std::__cxx11::basic_string<char>, int> >][m[Kâ€™
[1.720s]   198 |     [01;36m[Kvector<_Tp, _Alloc>[m[K::
[1.720s]       |     [01;36m[K^~~~~~~~~~~~~~~~~~~[m[K
[1.720s] [01m[K/usr/include/c++/11/bits/vector.tcc:199:42:[m[K [01;36m[Knote: [m[K  no known conversion for argument 1 from â€˜[01m[Kstd::nullptr_t[m[Kâ€™ to â€˜[01m[Kconst std::vector<std::map<std::__cxx11::basic_string<char>, int> >&[m[Kâ€™
[1.720s]   199 |     operator=([01;36m[Kconst vector<_Tp, _Alloc>& __x[m[K)
[1.721s]       |               [01;36m[K~~~~~~~~~~~~~~~~~~~~~~~~~~~^~~[m[K
[1.721s] In file included from [01m[K/usr/include/c++/11/vector:67[m[K,
[1.721s]                  from [01m[K/home/andrea/tesi/ros2_mapf_cbs/project_1/src/my_nav2_navfn_planner/include/my_nav2_navfn_planner/my_navfn.hpp:47[m[K,
[1.721s]                  from [01m[K/home/andrea/tesi/ros2_mapf_cbs/project_1/src/my_nav2_navfn_planner/src/my_navfn.cpp:44[m[K:
[1.721s] [01m[K/usr/include/c++/11/bits/stl_vector.h:709:7:[m[K [01;36m[Knote: [m[Kcandidate: â€˜[01m[Kstd::vector<_Tp, _Alloc>& std::vector<_Tp, _Alloc>::operator=(std::vector<_Tp, _Alloc>&&) [with _Tp = std::map<std::__cxx11::basic_string<char>, int>; _Alloc = std::allocator<std::map<std::__cxx11::basic_string<char>, int> >][m[Kâ€™
[1.721s]   709 |       [01;36m[Koperator[m[K=(vector&& __x) noexcept(_Alloc_traits::_S_nothrow_move())
[1.721s]       |       [01;36m[K^~~~~~~~[m[K
[1.721s] [01m[K/usr/include/c++/11/bits/stl_vector.h:709:26:[m[K [01;36m[Knote: [m[K  no known conversion for argument 1 from â€˜[01m[Kstd::nullptr_t[m[Kâ€™ to â€˜[01m[Kstd::vector<std::map<std::__cxx11::basic_string<char>, int> >&&[m[Kâ€™
[1.721s]   709 |       operator=([01;36m[Kvector&& __x[m[K) noexcept(_Alloc_traits::_S_nothrow_move())
[1.721s]       |                 [01;36m[K~~~~~~~~~^~~[m[K
[1.721s] [01m[K/usr/include/c++/11/bits/stl_vector.h:730:7:[m[K [01;36m[Knote: [m[Kcandidate: â€˜[01m[Kstd::vector<_Tp, _Alloc>& std::vector<_Tp, _Alloc>::operator=(std::initializer_list<_Tp>) [with _Tp = std::map<std::__cxx11::basic_string<char>, int>; _Alloc = std::allocator<std::map<std::__cxx11::basic_string<char>, int> >][m[Kâ€™
[1.721s]   730 |       [01;36m[Koperator[m[K=(initializer_list<value_type> __l)
[1.721s]       |       [01;36m[K^~~~~~~~[m[K
[1.721s] [01m[K/usr/include/c++/11/bits/stl_vector.h:730:46:[m[K [01;36m[Knote: [m[K  no known conversion for argument 1 from â€˜[01m[Kstd::nullptr_t[m[Kâ€™ to â€˜[01m[Kstd::initializer_list<std::map<std::__cxx11::basic_string<char>, int> >[m[Kâ€™
[1.721s]   730 |       operator=([01;36m[Kinitializer_list<value_type> __l[m[K)
[1.722s]       |                 [01;36m[K~~~~~~~~~~~~~~~~~~~~~~~~~~~~~^~~[m[K
[1.723s] [01m[K/home/andrea/tesi/ros2_mapf_cbs/project_1/src/my_nav2_navfn_planner/src/my_navfn.cpp:466:15:[m[K [01;31m[Kerror: [m[Kâ€˜[01m[Ktc[m[Kâ€™ was not declared in this scope; did you mean â€˜[01m[Ktm[m[Kâ€™?
[1.723s]   466 |   if (l < r) {[01;31m[Ktc[m[K = l;} else {tc = r;}
[1.724s]       |               [01;31m[K^~[m[K
[1.724s]       |               [32m[Ktm[m[K
[1.727s] [01m[K/home/andrea/tesi/ros2_mapf_cbs/project_1/src/my_nav2_navfn_planner/src/my_navfn.cpp:466:30:[m[K [01;31m[Kerror: [m[Kâ€˜[01m[Ktc[m[Kâ€™ was not declared in this scope; did you mean â€˜[01m[Ktm[m[Kâ€™?
[1.735s]   466 |   if (l < r) {tc = l;} else {[01;31m[Ktc[m[K = r;}
[1.735s]       |                              [01;31m[K^~[m[K
[1.735s]       |                              [32m[Ktm[m[K
[1.735s] [01m[K/home/andrea/tesi/ros2_mapf_cbs/project_1/src/my_nav2_navfn_planner/src/my_navfn.cpp:467:15:[m[K [01;31m[Kerror: [m[Kâ€˜[01m[Kta[m[Kâ€™ was not declared in this scope; did you mean â€˜[01m[Ktm[m[Kâ€™?
[1.735s]   467 |   if (u < d) {[01;31m[Kta[m[K = u;} else {ta = d;}
[1.735s]       |               [01;31m[K^~[m[K
[1.735s]       |               [32m[Ktm[m[K
[1.735s] [01m[K/home/andrea/tesi/ros2_mapf_cbs/project_1/src/my_nav2_navfn_planner/src/my_navfn.cpp:467:30:[m[K [01;31m[Kerror: [m[Kâ€˜[01m[Kta[m[Kâ€™ was not declared in this scope; did you mean â€˜[01m[Ktm[m[Kâ€™?
[1.735s]   467 |   if (u < d) {ta = u;} else {[01;31m[Kta[m[K = d;}
[1.735s]       |                              [01;31m[K^~[m[K
[1.735s]       |                              [32m[Ktm[m[K
[1.735s] [01m[K/home/andrea/tesi/ros2_mapf_cbs/project_1/src/my_nav2_navfn_planner/src/my_navfn.cpp:472:16:[m[K [01;31m[Kerror: [m[Kâ€˜[01m[Ktc[m[Kâ€™ was not declared in this scope; did you mean â€˜[01m[Ktm[m[Kâ€™?
[1.736s]   472 |     float dc = [01;31m[Ktc[m[K - ta;  // relative cost between ta,tc
[1.736s]       |                [01;31m[K^~[m[K
[1.736s]       |                [32m[Ktm[m[K
[1.738s] [01m[K/home/andrea/tesi/ros2_mapf_cbs/project_1/src/my_nav2_navfn_planner/src/my_navfn.cpp:472:21:[m[K [01;31m[Kerror: [m[Kâ€˜[01m[Kta[m[Kâ€™ was not declared in this scope; did you mean â€˜[01m[Ktm[m[Kâ€™?
[1.738s]   472 |     float dc = tc - [01;31m[Kta[m[K;  // relative cost between ta,tc
[1.738s]       |                     [01;31m[K^~[m[K
[1.738s]       |                     [32m[Ktm[m[K
[2.048s] gmake[2]: *** [CMakeFiles/my_nav2_navfn_planner.dir/build.make:90: CMakeFiles/my_nav2_navfn_planner.dir/src/my_navfn.cpp.o] Error 1
[2.049s] gmake[1]: *** [CMakeFiles/Makefile2:137: CMakeFiles/my_nav2_navfn_planner.dir/all] Error 2
[2.049s] gmake: *** [Makefile:146: all] Error 2
[2.051s] Invoked command in '/home/andrea/tesi/ros2_mapf_cbs/project_1/build/my_nav2_navfn_planner' returned '2': CMAKE_PREFIX_PATH=/home/andrea/tesi/ros2_mapf_cbs/project_1/install/my_nav2_core:/home/andrea/tesi/ros2_mapf_cbs/project_1/install/my_intermediate_interfaces:/home/andrea/tesi/ros2_mapf_cbs/project_1/install/turtlebot3_multi_robot:/home/andrea/tesi/ros2_mapf_cbs/project_1/install/nav2_straightline_planner:/home/andrea/tesi/ros2_mapf_cbs/project_1/install/my_try_bringup:/home/andrea/tesi/ros2_mapf_cbs/project_1/install/my_nav2_planner:/home/andrea/tesi/ros2_mapf_cbs/project_1/install/my_nav2_navfn_planner:/home/andrea/tesi/ros2_mapf_cbs/simple_example/install/my_robot_bringup:/home/andrea/tesi/ros2_mapf_cbs/simple_example/install/my_robot_interfaces:/home/andrea/tesi/ros2_mapf_cbs/project_1/install/my_package:/home/andrea/tesi/ros2_mapf_cbs/project_1/install/my_intermediate:/home/andrea/tesi/ros2_mapf_cbs/simple_example/install/my_py_pkg:/opt/ros/humble LD_LIBRARY_PATH=/home/andrea/tesi/ros2_mapf_cbs/project_1/install/my_intermediate_interfaces/lib:/home/andrea/tesi/ros2_mapf_cbs/project_1/install/nav2_straightline_planner/lib:/home/andrea/tesi/ros2_mapf_cbs/project_1/install/my_nav2_planner/lib:/home/andrea/tesi/ros2_mapf_cbs/project_1/install/my_nav2_navfn_planner/lib:/home/andrea/tesi/ros2_mapf_cbs/simple_example/install/my_robot_interfaces/lib:/usr/lib/x86_64-linux-gnu/gazebo-11/plugins:/opt/ros/humble/opt/rviz_ogre_vendor/lib:/opt/ros/humble/lib/x86_64-linux-gnu:/opt/ros/humble/lib:/home/andrea/ws_online/build/ros2_bdi_on_litter_world /usr/bin/cmake --build /home/andrea/tesi/ros2_mapf_cbs/project_1/build/my_nav2_navfn_planner -- -j8 -l8
