[01m[K/home/andrea/tesi/ros2_mapf_cbs/project_1/src/my_nav2_smac_planner/src/node_2d.cpp:[m[K In member function â€˜[01m[Kbool my_nav2_smac_planner::Node2D::isNodeValid(const bool&, my_nav2_smac_planner::GridCollisionChecker*, int, int, std::vector<std::map<std::__cxx11::basic_string<char>, int> >, std::vector<std::map<std::__cxx11::basic_string<char>, int> >)[m[Kâ€™:
[01m[K/home/andrea/tesi/ros2_mapf_cbs/project_1/src/my_nav2_smac_planner/src/node_2d.cpp:81:19:[m[K [01;31m[Kerror: [m[Klvalue required as left operand of assignment
   81 |     if( [01;31m[Ktime_step + 1[m[K = ts_value ){
      |         [01;31m[K~~~~~~~~~~^~~[m[K
[01m[K/home/andrea/tesi/ros2_mapf_cbs/project_1/src/my_nav2_smac_planner/src/node_2d.cpp:106:23:[m[K [01;31m[Kerror: [m[Kassignment of read-only parameter â€˜[01m[Ktime_step[m[Kâ€™
  106 |         if( [01;31m[Ktime_step = ts_value[m[K ){
      |             [01;31m[K~~~~~~~~~~^~~~~~~~~~[m[K
gmake[2]: *** [CMakeFiles/my_nav2_smac_planner.dir/build.make:188: CMakeFiles/my_nav2_smac_planner.dir/src/node_2d.cpp.o] Error 1
gmake[2]: *** Waiting for unfinished jobs....
gmake[1]: *** [CMakeFiles/Makefile2:137: CMakeFiles/my_nav2_smac_planner.dir/all] Error 2
gmake: *** [Makefile:146: all] Error 2
