[0.000000] (-) TimerEvent: {}
[0.000335] (-) JobUnselected: {'identifier': 'my_intermediate'}
[0.000561] (-) JobUnselected: {'identifier': 'my_intermediate_interfaces'}
[0.000592] (-) JobUnselected: {'identifier': 'my_nav2_core'}
[0.000615] (-) JobUnselected: {'identifier': 'my_nav2_navfn_planner'}
[0.000625] (-) JobUnselected: {'identifier': 'my_package'}
[0.000636] (-) JobUnselected: {'identifier': 'my_try_bringup'}
[0.000647] (-) JobUnselected: {'identifier': 'nav2_straightline_planner'}
[0.000657] (-) JobUnselected: {'identifier': 'turtlebot3_multi_robot'}
[0.000670] (my_nav2_planner) JobQueued: {'identifier': 'my_nav2_planner', 'dependencies': OrderedDict()}
[0.000684] (my_nav2_planner) JobStarted: {'identifier': 'my_nav2_planner'}
[0.057022] (my_nav2_planner) JobProgress: {'identifier': 'my_nav2_planner', 'progress': 'cmake'}
[0.057722] (my_nav2_planner) JobProgress: {'identifier': 'my_nav2_planner', 'progress': 'build'}
[0.057784] (my_nav2_planner) Command: {'cmd': ['/usr/bin/cmake', '--build', '/home/andrea/tesi/ros2_mapf_cbs/project_1/build/my_nav2_planner', '--', '-j8', '-l8'], 'cwd': '/home/andrea/tesi/ros2_mapf_cbs/project_1/build/my_nav2_planner', 'env': OrderedDict([('LESSOPEN', '| /usr/bin/lesspipe %s'), ('USER', 'andrea'), ('LC_TIME', 'it_IT.UTF-8'), ('XDG_SESSION_TYPE', 'wayland'), ('SHLVL', '1'), ('LD_LIBRARY_PATH', '/home/andrea/tesi/ros2_mapf_cbs/project_1/install/nav2_straightline_planner/lib:/home/andrea/tesi/ros2_mapf_cbs/project_1/install/my_nav2_navfn_planner/lib:/home/andrea/tesi/ros2_mapf_cbs/project_1/install/my_intermediate_interfaces/lib:/home/andrea/tesi/ros2_mapf_cbs/simple_example/install/my_robot_interfaces/lib:/usr/lib/x86_64-linux-gnu/gazebo-11/plugins:/opt/ros/humble/opt/rviz_ogre_vendor/lib:/opt/ros/humble/lib/x86_64-linux-gnu:/opt/ros/humble/lib::/home/andrea/ws_online/build/ros2_bdi_on_litter_world:/home/andrea/ws_online/build/ros2_bdi_on_litter_world'), ('HOME', '/home/andrea'), ('OLDPWD', '/home/andrea/tesi/ros2_mapf_cbs/project_1/src'), ('DESKTOP_SESSION', 'ubuntu'), ('NVM_BIN', '/home/andrea/.nvm/versions/node/v18.15.0/bin'), ('NVM_INC', '/home/andrea/.nvm/versions/node/v18.15.0/include/node'), ('ROS_PYTHON_VERSION', '3'), ('GNOME_SHELL_SESSION_MODE', 'ubuntu'), ('GRADLE_HOME', '/opt/gradle/gradle-4.4.1'), ('GTK_MODULES', 'gail:atk-bridge'), ('LC_MONETARY', 'it_IT.UTF-8'), ('DBUS_STARTER_BUS_TYPE', 'session'), ('SYSTEMD_EXEC_PID', '1743'), ('DBUS_SESSION_BUS_ADDRESS', 'unix:path=/run/user/1000/bus,guid=5960175a28e93afe1d8592bb65363758'), ('COLORTERM', 'truecolor'), ('NVM_DIR', '/home/andrea/.nvm'), ('IM_CONFIG_PHASE', '1'), ('WAYLAND_DISPLAY', 'wayland-0'), ('COLCON_PREFIX_PATH', '/home/andrea/tesi/ros2_mapf_cbs/project_1/install:/home/andrea/tesi/ros2_mapf_cbs/simple_example/install'), ('ROS_DISTRO', 'humble'), ('LOGNAME', 'andrea'), ('_', '/usr/bin/colcon'), ('ROS_VERSION', '2'), ('XDG_SESSION_CLASS', 'user'), ('USERNAME', 'andrea'), ('TERM', 'xterm-256color'), ('GAZEBO_MODEL_PATH', '/home/andrea/tesi/ros2_mapf_cbs/project_1/install/turtlebot3_multi_robot/share/turtlebot3_multi_robot/models:/opt/ros/humble/share/turtlebot3_gazebo/models:/opt/ros/humble/share/turtlebot3_gazebo/models'), ('GNOME_DESKTOP_SESSION_ID', 'this-is-deprecated'), ('ROS_LOCALHOST_ONLY', '0'), ('PATH', '/home/andrea/.nvm/versions/node/v18.15.0/bin:/opt/ros/humble/bin:/home/andrea/.local/bin:/opt/gradle/gradle-4.4.1/bin:/usr/local/sbin:/usr/local/bin:/usr/sbin:/usr/bin:/sbin:/bin:/usr/games:/usr/local/games:/snap/bin:/snap/bin'), ('SESSION_MANAGER', 'local/andrea-IdeaPad-5-15ITL05:@/tmp/.ICE-unix/1743,unix/andrea-IdeaPad-5-15ITL05:/tmp/.ICE-unix/1743'), ('XDG_MENU_PREFIX', 'gnome-'), ('LC_ADDRESS', 'it_IT.UTF-8'), ('GNOME_TERMINAL_SCREEN', '/org/gnome/Terminal/screen/b0343687_ac05_4797_b70d_e3a455f902a5'), ('GNOME_SETUP_DISPLAY', ':1'), ('XDG_RUNTIME_DIR', '/run/user/1000'), ('DISPLAY', ':0'), ('LANG', 'en_US.UTF-8'), ('XDG_CURRENT_DESKTOP', 'ubuntu:GNOME'), ('LC_TELEPHONE', 'it_IT.UTF-8'), ('RMW_IMPLEMENTATION', 'rmw_cyclonedds_cpp'), ('XMODIFIERS', '@im=ibus'), ('XDG_SESSION_DESKTOP', 'ubuntu'), ('XAUTHORITY', '/run/user/1000/.mutter-Xwaylandauth.AHDFD2'), ('LS_COLORS', 'rs=0:di=01;34:ln=01;36:mh=00:pi=40;33:so=01;35:do=01;35:bd=40;33;01:cd=40;33;01:or=40;31;01:mi=00:su=37;41:sg=30;43:ca=30;41:tw=30;42:ow=34;42:st=37;44:ex=01;32:*.tar=01;31:*.tgz=01;31:*.arc=01;31:*.arj=01;31:*.taz=01;31:*.lha=01;31:*.lz4=01;31:*.lzh=01;31:*.lzma=01;31:*.tlz=01;31:*.txz=01;31:*.tzo=01;31:*.t7z=01;31:*.zip=01;31:*.z=01;31:*.dz=01;31:*.gz=01;31:*.lrz=01;31:*.lz=01;31:*.lzo=01;31:*.xz=01;31:*.zst=01;31:*.tzst=01;31:*.bz2=01;31:*.bz=01;31:*.tbz=01;31:*.tbz2=01;31:*.tz=01;31:*.deb=01;31:*.rpm=01;31:*.jar=01;31:*.war=01;31:*.ear=01;31:*.sar=01;31:*.rar=01;31:*.alz=01;31:*.ace=01;31:*.zoo=01;31:*.cpio=01;31:*.7z=01;31:*.rz=01;31:*.cab=01;31:*.wim=01;31:*.swm=01;31:*.dwm=01;31:*.esd=01;31:*.jpg=01;35:*.jpeg=01;35:*.mjpg=01;35:*.mjpeg=01;35:*.gif=01;35:*.bmp=01;35:*.pbm=01;35:*.pgm=01;35:*.ppm=01;35:*.tga=01;35:*.xbm=01;35:*.xpm=01;35:*.tif=01;35:*.tiff=01;35:*.png=01;35:*.svg=01;35:*.svgz=01;35:*.mng=01;35:*.pcx=01;35:*.mov=01;35:*.mpg=01;35:*.mpeg=01;35:*.m2v=01;35:*.mkv=01;35:*.webm=01;35:*.webp=01;35:*.ogm=01;35:*.mp4=01;35:*.m4v=01;35:*.mp4v=01;35:*.vob=01;35:*.qt=01;35:*.nuv=01;35:*.wmv=01;35:*.asf=01;35:*.rm=01;35:*.rmvb=01;35:*.flc=01;35:*.avi=01;35:*.fli=01;35:*.flv=01;35:*.gl=01;35:*.dl=01;35:*.xcf=01;35:*.xwd=01;35:*.yuv=01;35:*.cgm=01;35:*.emf=01;35:*.ogv=01;35:*.ogx=01;35:*.aac=00;36:*.au=00;36:*.flac=00;36:*.m4a=00;36:*.mid=00;36:*.midi=00;36:*.mka=00;36:*.mp3=00;36:*.mpc=00;36:*.ogg=00;36:*.ra=00;36:*.wav=00;36:*.oga=00;36:*.opus=00;36:*.spx=00;36:*.xspf=00;36:'), ('GNOME_TERMINAL_SERVICE', ':1.1369'), ('SSH_AGENT_LAUNCHER', 'gnome-keyring'), ('SSH_AUTH_SOCK', '/run/user/1000/keyring/ssh'), ('AMENT_PREFIX_PATH', '/home/andrea/tesi/ros2_mapf_cbs/project_1/install/turtlebot3_multi_robot:/home/andrea/tesi/ros2_mapf_cbs/project_1/install/nav2_straightline_planner:/home/andrea/tesi/ros2_mapf_cbs/project_1/install/my_nav2_navfn_planner:/home/andrea/tesi/ros2_mapf_cbs/project_1/install/nav2_core:/home/andrea/tesi/ros2_mapf_cbs/project_1/install/my_try_bringup:/home/andrea/tesi/ros2_mapf_cbs/project_1/install/my_package:/home/andrea/tesi/ros2_mapf_cbs/project_1/install/my_nav2_core:/home/andrea/tesi/ros2_mapf_cbs/project_1/install/my_intermediate_interfaces:/home/andrea/tesi/ros2_mapf_cbs/project_1/install/my_intermediate:/home/andrea/tesi/ros2_mapf_cbs/simple_example/install/my_robot_bringup:/home/andrea/tesi/ros2_mapf_cbs/simple_example/install/my_py_pkg:/home/andrea/tesi/ros2_mapf_cbs/simple_example/install/my_robot_interfaces:/opt/ros/humble'), ('SHELL', '/bin/bash'), ('LC_NAME', 'it_IT.UTF-8'), ('QT_ACCESSIBILITY', '1'), ('GDMSESSION', 'ubuntu'), ('LESSCLOSE', '/usr/bin/lesspipe %s %s'), ('LC_MEASUREMENT', 'it_IT.UTF-8'), ('LC_IDENTIFICATION', 'it_IT.UTF-8'), ('QT_IM_MODULE', 'ibus'), ('PWD', '/home/andrea/tesi/ros2_mapf_cbs/project_1/build/my_nav2_planner'), ('TURTLEBOT3_MODEL', 'waffle'), ('LC_ALL', 'en_US.UTF-8'), ('XDG_CONFIG_DIRS', '/etc/xdg/xdg-ubuntu:/etc/xdg'), ('NVM_CD_FLAGS', ''), ('DBUS_STARTER_ADDRESS', 'unix:path=/run/user/1000/bus,guid=5960175a28e93afe1d8592bb65363758'), ('XDG_DATA_DIRS', '/usr/share/ubuntu:/usr/local/share/:/usr/share/:/var/lib/snapd/desktop'), ('PYTHONPATH', '/home/andrea/tesi/ros2_mapf_cbs/project_1/install/my_package/lib/python3.10/site-packages:/home/andrea/tesi/ros2_mapf_cbs/project_1/install/my_intermediate_interfaces/local/lib/python3.10/dist-packages:/home/andrea/tesi/ros2_mapf_cbs/project_1/install/my_intermediate/lib/python3.10/site-packages:/home/andrea/tesi/ros2_mapf_cbs/simple_example/build/my_py_pkg:/home/andrea/tesi/ros2_mapf_cbs/simple_example/install/my_py_pkg/lib/python3.10/site-packages:/home/andrea/tesi/ros2_mapf_cbs/simple_example/install/my_robot_interfaces/local/lib/python3.10/dist-packages:/opt/ros/humble/lib/python3.10/site-packages:/opt/ros/humble/local/lib/python3.10/dist-packages'), ('LC_NUMERIC', 'it_IT.UTF-8'), ('LC_PAPER', 'it_IT.UTF-8'), ('COLCON', '1'), ('VTE_VERSION', '6800'), ('CMAKE_PREFIX_PATH', '/home/andrea/tesi/ros2_mapf_cbs/project_1/install/turtlebot3_multi_robot:/home/andrea/tesi/ros2_mapf_cbs/project_1/install/nav2_straightline_planner:/home/andrea/tesi/ros2_mapf_cbs/project_1/install/my_nav2_navfn_planner:/home/andrea/tesi/ros2_mapf_cbs/project_1/install/nav2_core:/home/andrea/tesi/ros2_mapf_cbs/project_1/install/my_try_bringup:/home/andrea/tesi/ros2_mapf_cbs/project_1/install/my_nav2_core:/home/andrea/tesi/ros2_mapf_cbs/project_1/install/my_intermediate_interfaces:/home/andrea/tesi/ros2_mapf_cbs/simple_example/install/my_robot_bringup:/home/andrea/tesi/ros2_mapf_cbs/simple_example/install/my_robot_interfaces:/home/andrea/tesi/ros2_mapf_cbs/project_1/install/my_package:/home/andrea/tesi/ros2_mapf_cbs/project_1/install/my_intermediate:/home/andrea/tesi/ros2_mapf_cbs/simple_example/install/my_py_pkg:/opt/ros/humble')]), 'shell': False}
[0.093558] (my_nav2_planner) StdoutLine: {'line': b'\x1b[35m\x1b[1mConsolidate compiler generated dependencies of target my_planner_server_core\x1b[0m\n'}
[0.099848] (-) TimerEvent: {}
[0.100457] (my_nav2_planner) StdoutLine: {'line': b'[ 40%] Built target gtest_main\n'}
[0.100639] (my_nav2_planner) StdoutLine: {'line': b'[ 40%] Built target gtest\n'}
[0.110176] (my_nav2_planner) StdoutLine: {'line': b'[ 50%] \x1b[32mBuilding CXX object CMakeFiles/my_planner_server_core.dir/src/my_planner_server.cpp.o\x1b[0m\n'}
[0.200032] (-) TimerEvent: {}
[0.300337] (-) TimerEvent: {}
[0.400695] (-) TimerEvent: {}
[0.500975] (-) TimerEvent: {}
[0.601344] (-) TimerEvent: {}
[0.701709] (-) TimerEvent: {}
[0.802003] (-) TimerEvent: {}
[0.902340] (-) TimerEvent: {}
[1.002754] (-) TimerEvent: {}
[1.103142] (-) TimerEvent: {}
[1.203563] (-) TimerEvent: {}
[1.303963] (-) TimerEvent: {}
[1.404392] (-) TimerEvent: {}
[1.504780] (-) TimerEvent: {}
[1.605153] (-) TimerEvent: {}
[1.705461] (-) TimerEvent: {}
[1.805840] (-) TimerEvent: {}
[1.906209] (-) TimerEvent: {}
[2.006572] (-) TimerEvent: {}
[2.106948] (-) TimerEvent: {}
[2.207340] (-) TimerEvent: {}
[2.307725] (-) TimerEvent: {}
[2.408120] (-) TimerEvent: {}
[2.508583] (-) TimerEvent: {}
[2.582705] (my_nav2_planner) StderrLine: {'line': b'\x1b[01m\x1b[K/home/andrea/tesi/ros2_mapf_cbs/project_1/src/my_nav2_planner/src/my_planner_server.cpp:\x1b[m\x1b[K In member function \xe2\x80\x98\x1b[01m\x1b[Kvoid my_nav2_planner::MyPlannerServer::computePlanThroughPoses()\x1b[m\x1b[K\xe2\x80\x99:\n'}
[2.583125] (my_nav2_planner) StderrLine: {'line': b'\x1b[01m\x1b[K/home/andrea/tesi/ros2_mapf_cbs/project_1/src/my_nav2_planner/src/my_planner_server.cpp:449:13:\x1b[m\x1b[K \x1b[01;31m\x1b[Kerror: \x1b[m\x1b[K\xe2\x80\x98\x1b[01m\x1b[Kusing element_type = struct nav2_msgs::action::ComputePathThroughPoses_Result_<std::allocator<void> >\x1b[m\x1b[K\xe2\x80\x99 {aka \xe2\x80\x98\x1b[01m\x1b[Kstruct nav2_msgs::action::ComputePathThroughPoses_Result_<std::allocator<void> >\x1b[m\x1b[K\xe2\x80\x99} has no member named \xe2\x80\x98\x1b[01m\x1b[Kerror_code\x1b[m\x1b[K\xe2\x80\x99\n'}
[2.583188] (my_nav2_planner) StderrLine: {'line': b'  449 |     result->\x1b[01;31m\x1b[Kerror_code\x1b[m\x1b[K = ActionThroughPosesResult::INVALID_PLANNER;\n'}
[2.583235] (my_nav2_planner) StderrLine: {'line': b'      |             \x1b[01;31m\x1b[K^~~~~~~~~~\x1b[m\x1b[K\n'}
[2.583279] (my_nav2_planner) StderrLine: {'line': b'\x1b[01m\x1b[K/home/andrea/tesi/ros2_mapf_cbs/project_1/src/my_nav2_planner/src/my_planner_server.cpp:449:52:\x1b[m\x1b[K \x1b[01;31m\x1b[Kerror: \x1b[m\x1b[K\xe2\x80\x98\x1b[01m\x1b[KINVALID_PLANNER\x1b[m\x1b[K\xe2\x80\x99 is not a member of \xe2\x80\x98\x1b[01m\x1b[Kmy_nav2_planner::MyPlannerServer::ActionThroughPosesResult\x1b[m\x1b[K\xe2\x80\x99 {aka \xe2\x80\x98\x1b[01m\x1b[Knav2_msgs::action::ComputePathThroughPoses_Result_<std::allocator<void> >\x1b[m\x1b[K\xe2\x80\x99}\n'}
[2.583324] (my_nav2_planner) StderrLine: {'line': b'  449 |     result->error_code = ActionThroughPosesResult::\x1b[01;31m\x1b[KINVALID_PLANNER\x1b[m\x1b[K;\n'}
[2.583366] (my_nav2_planner) StderrLine: {'line': b'      |                                                    \x1b[01;31m\x1b[K^~~~~~~~~~~~~~~\x1b[m\x1b[K\n'}
[2.583407] (my_nav2_planner) StderrLine: {'line': b'\x1b[01m\x1b[K/home/andrea/tesi/ros2_mapf_cbs/project_1/src/my_nav2_planner/src/my_planner_server.cpp:453:13:\x1b[m\x1b[K \x1b[01;31m\x1b[Kerror: \x1b[m\x1b[K\xe2\x80\x98\x1b[01m\x1b[Kusing element_type = struct nav2_msgs::action::ComputePathThroughPoses_Result_<std::allocator<void> >\x1b[m\x1b[K\xe2\x80\x99 {aka \xe2\x80\x98\x1b[01m\x1b[Kstruct nav2_msgs::action::ComputePathThroughPoses_Result_<std::allocator<void> >\x1b[m\x1b[K\xe2\x80\x99} has no member named \xe2\x80\x98\x1b[01m\x1b[Kerror_code\x1b[m\x1b[K\xe2\x80\x99\n'}
[2.583476] (my_nav2_planner) StderrLine: {'line': b'  453 |     result->\x1b[01;31m\x1b[Kerror_code\x1b[m\x1b[K = ActionThroughPosesResult::START_OCCUPIED;\n'}
[2.583518] (my_nav2_planner) StderrLine: {'line': b'      |             \x1b[01;31m\x1b[K^~~~~~~~~~\x1b[m\x1b[K\n'}
[2.583560] (my_nav2_planner) StderrLine: {'line': b'\x1b[01m\x1b[K/home/andrea/tesi/ros2_mapf_cbs/project_1/src/my_nav2_planner/src/my_planner_server.cpp:453:52:\x1b[m\x1b[K \x1b[01;31m\x1b[Kerror: \x1b[m\x1b[K\xe2\x80\x98\x1b[01m\x1b[KSTART_OCCUPIED\x1b[m\x1b[K\xe2\x80\x99 is not a member of \xe2\x80\x98\x1b[01m\x1b[Kmy_nav2_planner::MyPlannerServer::ActionThroughPosesResult\x1b[m\x1b[K\xe2\x80\x99 {aka \xe2\x80\x98\x1b[01m\x1b[Knav2_msgs::action::ComputePathThroughPoses_Result_<std::allocator<void> >\x1b[m\x1b[K\xe2\x80\x99}\n'}
[2.583602] (my_nav2_planner) StderrLine: {'line': b'  453 |     result->error_code = ActionThroughPosesResult::\x1b[01;31m\x1b[KSTART_OCCUPIED\x1b[m\x1b[K;\n'}
[2.583643] (my_nav2_planner) StderrLine: {'line': b'      |                                                    \x1b[01;31m\x1b[K^~~~~~~~~~~~~~\x1b[m\x1b[K\n'}
[2.583684] (my_nav2_planner) StderrLine: {'line': b'\x1b[01m\x1b[K/home/andrea/tesi/ros2_mapf_cbs/project_1/src/my_nav2_planner/src/my_planner_server.cpp:457:13:\x1b[m\x1b[K \x1b[01;31m\x1b[Kerror: \x1b[m\x1b[K\xe2\x80\x98\x1b[01m\x1b[Kusing element_type = struct nav2_msgs::action::ComputePathThroughPoses_Result_<std::allocator<void> >\x1b[m\x1b[K\xe2\x80\x99 {aka \xe2\x80\x98\x1b[01m\x1b[Kstruct nav2_msgs::action::ComputePathThroughPoses_Result_<std::allocator<void> >\x1b[m\x1b[K\xe2\x80\x99} has no member named \xe2\x80\x98\x1b[01m\x1b[Kerror_code\x1b[m\x1b[K\xe2\x80\x99\n'}
[2.583727] (my_nav2_planner) StderrLine: {'line': b'  457 |     result->\x1b[01;31m\x1b[Kerror_code\x1b[m\x1b[K = ActionThroughPosesResult::GOAL_OCCUPIED;\n'}
[2.583767] (my_nav2_planner) StderrLine: {'line': b'      |             \x1b[01;31m\x1b[K^~~~~~~~~~\x1b[m\x1b[K\n'}
[2.583808] (my_nav2_planner) StderrLine: {'line': b'\x1b[01m\x1b[K/home/andrea/tesi/ros2_mapf_cbs/project_1/src/my_nav2_planner/src/my_planner_server.cpp:457:52:\x1b[m\x1b[K \x1b[01;31m\x1b[Kerror: \x1b[m\x1b[K\xe2\x80\x98\x1b[01m\x1b[KGOAL_OCCUPIED\x1b[m\x1b[K\xe2\x80\x99 is not a member of \xe2\x80\x98\x1b[01m\x1b[Kmy_nav2_planner::MyPlannerServer::ActionThroughPosesResult\x1b[m\x1b[K\xe2\x80\x99 {aka \xe2\x80\x98\x1b[01m\x1b[Knav2_msgs::action::ComputePathThroughPoses_Result_<std::allocator<void> >\x1b[m\x1b[K\xe2\x80\x99}\n'}
[2.583904] (my_nav2_planner) StderrLine: {'line': b'  457 |     result->error_code = ActionThroughPosesResult::\x1b[01;31m\x1b[KGOAL_OCCUPIED\x1b[m\x1b[K;\n'}
[2.583944] (my_nav2_planner) StderrLine: {'line': b'      |                                                    \x1b[01;31m\x1b[K^~~~~~~~~~~~~\x1b[m\x1b[K\n'}
[2.583982] (my_nav2_planner) StderrLine: {'line': b'\x1b[01m\x1b[K/home/andrea/tesi/ros2_mapf_cbs/project_1/src/my_nav2_planner/src/my_planner_server.cpp:461:13:\x1b[m\x1b[K \x1b[01;31m\x1b[Kerror: \x1b[m\x1b[K\xe2\x80\x98\x1b[01m\x1b[Kusing element_type = struct nav2_msgs::action::ComputePathThroughPoses_Result_<std::allocator<void> >\x1b[m\x1b[K\xe2\x80\x99 {aka \xe2\x80\x98\x1b[01m\x1b[Kstruct nav2_msgs::action::ComputePathThroughPoses_Result_<std::allocator<void> >\x1b[m\x1b[K\xe2\x80\x99} has no member named \xe2\x80\x98\x1b[01m\x1b[Kerror_code\x1b[m\x1b[K\xe2\x80\x99\n'}
[2.584026] (my_nav2_planner) StderrLine: {'line': b'  461 |     result->\x1b[01;31m\x1b[Kerror_code\x1b[m\x1b[K = ActionThroughPosesResult::NO_VALID_PATH;\n'}
[2.584067] (my_nav2_planner) StderrLine: {'line': b'      |             \x1b[01;31m\x1b[K^~~~~~~~~~\x1b[m\x1b[K\n'}
[2.584111] (my_nav2_planner) StderrLine: {'line': b'\x1b[01m\x1b[K/home/andrea/tesi/ros2_mapf_cbs/project_1/src/my_nav2_planner/src/my_planner_server.cpp:461:52:\x1b[m\x1b[K \x1b[01;31m\x1b[Kerror: \x1b[m\x1b[K\xe2\x80\x98\x1b[01m\x1b[KNO_VALID_PATH\x1b[m\x1b[K\xe2\x80\x99 is not a member of \xe2\x80\x98\x1b[01m\x1b[Kmy_nav2_planner::MyPlannerServer::ActionThroughPosesResult\x1b[m\x1b[K\xe2\x80\x99 {aka \xe2\x80\x98\x1b[01m\x1b[Knav2_msgs::action::ComputePathThroughPoses_Result_<std::allocator<void> >\x1b[m\x1b[K\xe2\x80\x99}\n'}
[2.584159] (my_nav2_planner) StderrLine: {'line': b'  461 |     result->error_code = ActionThroughPosesResult::\x1b[01;31m\x1b[KNO_VALID_PATH\x1b[m\x1b[K;\n'}
[2.584197] (my_nav2_planner) StderrLine: {'line': b'      |                                                    \x1b[01;31m\x1b[K^~~~~~~~~~~~~\x1b[m\x1b[K\n'}
[2.584235] (my_nav2_planner) StderrLine: {'line': b'\x1b[01m\x1b[K/home/andrea/tesi/ros2_mapf_cbs/project_1/src/my_nav2_planner/src/my_planner_server.cpp:465:13:\x1b[m\x1b[K \x1b[01;31m\x1b[Kerror: \x1b[m\x1b[K\xe2\x80\x98\x1b[01m\x1b[Kusing element_type = struct nav2_msgs::action::ComputePathThroughPoses_Result_<std::allocator<void> >\x1b[m\x1b[K\xe2\x80\x99 {aka \xe2\x80\x98\x1b[01m\x1b[Kstruct nav2_msgs::action::ComputePathThroughPoses_Result_<std::allocator<void> >\x1b[m\x1b[K\xe2\x80\x99} has no member named \xe2\x80\x98\x1b[01m\x1b[Kerror_code\x1b[m\x1b[K\xe2\x80\x99\n'}
[2.584278] (my_nav2_planner) StderrLine: {'line': b'  465 |     result->\x1b[01;31m\x1b[Kerror_code\x1b[m\x1b[K = ActionThroughPosesResult::TIMEOUT;\n'}
[2.584318] (my_nav2_planner) StderrLine: {'line': b'      |             \x1b[01;31m\x1b[K^~~~~~~~~~\x1b[m\x1b[K\n'}
[2.584355] (my_nav2_planner) StderrLine: {'line': b'\x1b[01m\x1b[K/home/andrea/tesi/ros2_mapf_cbs/project_1/src/my_nav2_planner/src/my_planner_server.cpp:465:52:\x1b[m\x1b[K \x1b[01;31m\x1b[Kerror: \x1b[m\x1b[K\xe2\x80\x98\x1b[01m\x1b[KTIMEOUT\x1b[m\x1b[K\xe2\x80\x99 is not a member of \xe2\x80\x98\x1b[01m\x1b[Kmy_nav2_planner::MyPlannerServer::ActionThroughPosesResult\x1b[m\x1b[K\xe2\x80\x99 {aka \xe2\x80\x98\x1b[01m\x1b[Knav2_msgs::action::ComputePathThroughPoses_Result_<std::allocator<void> >\x1b[m\x1b[K\xe2\x80\x99}\n'}
[2.584396] (my_nav2_planner) StderrLine: {'line': b'  465 |     result->error_code = ActionThroughPosesResult::\x1b[01;31m\x1b[KTIMEOUT\x1b[m\x1b[K;\n'}
[2.584434] (my_nav2_planner) StderrLine: {'line': b'      |                                                    \x1b[01;31m\x1b[K^~~~~~~\x1b[m\x1b[K\n'}
[2.584473] (my_nav2_planner) StderrLine: {'line': b'\x1b[01m\x1b[K/home/andrea/tesi/ros2_mapf_cbs/project_1/src/my_nav2_planner/src/my_planner_server.cpp:469:13:\x1b[m\x1b[K \x1b[01;31m\x1b[Kerror: \x1b[m\x1b[K\xe2\x80\x98\x1b[01m\x1b[Kusing element_type = struct nav2_msgs::action::ComputePathThroughPoses_Result_<std::allocator<void> >\x1b[m\x1b[K\xe2\x80\x99 {aka \xe2\x80\x98\x1b[01m\x1b[Kstruct nav2_msgs::action::ComputePathThroughPoses_Result_<std::allocator<void> >\x1b[m\x1b[K\xe2\x80\x99} has no member named \xe2\x80\x98\x1b[01m\x1b[Kerror_code\x1b[m\x1b[K\xe2\x80\x99\n'}
[2.584513] (my_nav2_planner) StderrLine: {'line': b'  469 |     result->\x1b[01;31m\x1b[Kerror_code\x1b[m\x1b[K = ActionThroughPosesResult::START_OUTSIDE_MAP;\n'}
[2.584551] (my_nav2_planner) StderrLine: {'line': b'      |             \x1b[01;31m\x1b[K^~~~~~~~~~\x1b[m\x1b[K\n'}
[2.584589] (my_nav2_planner) StderrLine: {'line': b'\x1b[01m\x1b[K/home/andrea/tesi/ros2_mapf_cbs/project_1/src/my_nav2_planner/src/my_planner_server.cpp:469:52:\x1b[m\x1b[K \x1b[01;31m\x1b[Kerror: \x1b[m\x1b[K\xe2\x80\x98\x1b[01m\x1b[KSTART_OUTSIDE_MAP\x1b[m\x1b[K\xe2\x80\x99 is not a member of \xe2\x80\x98\x1b[01m\x1b[Kmy_nav2_planner::MyPlannerServer::ActionThroughPosesResult\x1b[m\x1b[K\xe2\x80\x99 {aka \xe2\x80\x98\x1b[01m\x1b[Knav2_msgs::action::ComputePathThroughPoses_Result_<std::allocator<void> >\x1b[m\x1b[K\xe2\x80\x99}\n'}
[2.584631] (my_nav2_planner) StderrLine: {'line': b'  469 |     result->error_code = ActionThroughPosesResult::\x1b[01;31m\x1b[KSTART_OUTSIDE_MAP\x1b[m\x1b[K;\n'}
[2.584672] (my_nav2_planner) StderrLine: {'line': b'      |                                                    \x1b[01;31m\x1b[K^~~~~~~~~~~~~~~~~\x1b[m\x1b[K\n'}
[2.584709] (my_nav2_planner) StderrLine: {'line': b'\x1b[01m\x1b[K/home/andrea/tesi/ros2_mapf_cbs/project_1/src/my_nav2_planner/src/my_planner_server.cpp:473:13:\x1b[m\x1b[K \x1b[01;31m\x1b[Kerror: \x1b[m\x1b[K\xe2\x80\x98\x1b[01m\x1b[Kusing element_type = struct nav2_msgs::action::ComputePathThroughPoses_Result_<std::allocator<void> >\x1b[m\x1b[K\xe2\x80\x99 {aka \xe2\x80\x98\x1b[01m\x1b[Kstruct nav2_msgs::action::ComputePathThroughPoses_Result_<std::allocator<void> >\x1b[m\x1b[K\xe2\x80\x99} has no member named \xe2\x80\x98\x1b[01m\x1b[Kerror_code\x1b[m\x1b[K\xe2\x80\x99\n'}
[2.584753] (my_nav2_planner) StderrLine: {'line': b'  473 |     result->\x1b[01;31m\x1b[Kerror_code\x1b[m\x1b[K = ActionThroughPosesResult::GOAL_OUTSIDE_MAP;\n'}
[2.584793] (my_nav2_planner) StderrLine: {'line': b'      |             \x1b[01;31m\x1b[K^~~~~~~~~~\x1b[m\x1b[K\n'}
[2.584832] (my_nav2_planner) StderrLine: {'line': b'\x1b[01m\x1b[K/home/andrea/tesi/ros2_mapf_cbs/project_1/src/my_nav2_planner/src/my_planner_server.cpp:473:52:\x1b[m\x1b[K \x1b[01;31m\x1b[Kerror: \x1b[m\x1b[K\xe2\x80\x98\x1b[01m\x1b[KGOAL_OUTSIDE_MAP\x1b[m\x1b[K\xe2\x80\x99 is not a member of \xe2\x80\x98\x1b[01m\x1b[Kmy_nav2_planner::MyPlannerServer::ActionThroughPosesResult\x1b[m\x1b[K\xe2\x80\x99 {aka \xe2\x80\x98\x1b[01m\x1b[Knav2_msgs::action::ComputePathThroughPoses_Result_<std::allocator<void> >\x1b[m\x1b[K\xe2\x80\x99}\n'}
[2.584872] (my_nav2_planner) StderrLine: {'line': b'  473 |     result->error_code = ActionThroughPosesResult::\x1b[01;31m\x1b[KGOAL_OUTSIDE_MAP\x1b[m\x1b[K;\n'}
[2.584909] (my_nav2_planner) StderrLine: {'line': b'      |                                                    \x1b[01;31m\x1b[K^~~~~~~~~~~~~~~~\x1b[m\x1b[K\n'}
[2.584947] (my_nav2_planner) StderrLine: {'line': b'\x1b[01m\x1b[K/home/andrea/tesi/ros2_mapf_cbs/project_1/src/my_nav2_planner/src/my_planner_server.cpp:477:13:\x1b[m\x1b[K \x1b[01;31m\x1b[Kerror: \x1b[m\x1b[K\xe2\x80\x98\x1b[01m\x1b[Kusing element_type = struct nav2_msgs::action::ComputePathThroughPoses_Result_<std::allocator<void> >\x1b[m\x1b[K\xe2\x80\x99 {aka \xe2\x80\x98\x1b[01m\x1b[Kstruct nav2_msgs::action::ComputePathThroughPoses_Result_<std::allocator<void> >\x1b[m\x1b[K\xe2\x80\x99} has no member named \xe2\x80\x98\x1b[01m\x1b[Kerror_code\x1b[m\x1b[K\xe2\x80\x99\n'}
[2.584994] (my_nav2_planner) StderrLine: {'line': b'  477 |     result->\x1b[01;31m\x1b[Kerror_code\x1b[m\x1b[K = ActionThroughPosesResult::TF_ERROR;\n'}
[2.585034] (my_nav2_planner) StderrLine: {'line': b'      |             \x1b[01;31m\x1b[K^~~~~~~~~~\x1b[m\x1b[K\n'}
[2.585073] (my_nav2_planner) StderrLine: {'line': b'\x1b[01m\x1b[K/home/andrea/tesi/ros2_mapf_cbs/project_1/src/my_nav2_planner/src/my_planner_server.cpp:477:52:\x1b[m\x1b[K \x1b[01;31m\x1b[Kerror: \x1b[m\x1b[K\xe2\x80\x98\x1b[01m\x1b[KTF_ERROR\x1b[m\x1b[K\xe2\x80\x99 is not a member of \xe2\x80\x98\x1b[01m\x1b[Kmy_nav2_planner::MyPlannerServer::ActionThroughPosesResult\x1b[m\x1b[K\xe2\x80\x99 {aka \xe2\x80\x98\x1b[01m\x1b[Knav2_msgs::action::ComputePathThroughPoses_Result_<std::allocator<void> >\x1b[m\x1b[K\xe2\x80\x99}\n'}
[2.585114] (my_nav2_planner) StderrLine: {'line': b'  477 |     result->error_code = ActionThroughPosesResult::\x1b[01;31m\x1b[KTF_ERROR\x1b[m\x1b[K;\n'}
[2.585152] (my_nav2_planner) StderrLine: {'line': b'      |                                                    \x1b[01;31m\x1b[K^~~~~~~~\x1b[m\x1b[K\n'}
[2.585190] (my_nav2_planner) StderrLine: {'line': b'\x1b[01m\x1b[K/home/andrea/tesi/ros2_mapf_cbs/project_1/src/my_nav2_planner/src/my_planner_server.cpp:481:13:\x1b[m\x1b[K \x1b[01;31m\x1b[Kerror: \x1b[m\x1b[K\xe2\x80\x98\x1b[01m\x1b[Kusing element_type = struct nav2_msgs::action::ComputePathThroughPoses_Result_<std::allocator<void> >\x1b[m\x1b[K\xe2\x80\x99 {aka \xe2\x80\x98\x1b[01m\x1b[Kstruct nav2_msgs::action::ComputePathThroughPoses_Result_<std::allocator<void> >\x1b[m\x1b[K\xe2\x80\x99} has no member named \xe2\x80\x98\x1b[01m\x1b[Kerror_code\x1b[m\x1b[K\xe2\x80\x99\n'}
[2.585233] (my_nav2_planner) StderrLine: {'line': b'  481 |     result->\x1b[01;31m\x1b[Kerror_code\x1b[m\x1b[K = ActionThroughPosesResult::NO_VIAPOINTS_GIVEN;\n'}
[2.585271] (my_nav2_planner) StderrLine: {'line': b'      |             \x1b[01;31m\x1b[K^~~~~~~~~~\x1b[m\x1b[K\n'}
[2.585310] (my_nav2_planner) StderrLine: {'line': b'\x1b[01m\x1b[K/home/andrea/tesi/ros2_mapf_cbs/project_1/src/my_nav2_planner/src/my_planner_server.cpp:481:52:\x1b[m\x1b[K \x1b[01;31m\x1b[Kerror: \x1b[m\x1b[K\xe2\x80\x98\x1b[01m\x1b[KNO_VIAPOINTS_GIVEN\x1b[m\x1b[K\xe2\x80\x99 is not a member of \xe2\x80\x98\x1b[01m\x1b[Kmy_nav2_planner::MyPlannerServer::ActionThroughPosesResult\x1b[m\x1b[K\xe2\x80\x99 {aka \xe2\x80\x98\x1b[01m\x1b[Knav2_msgs::action::ComputePathThroughPoses_Result_<std::allocator<void> >\x1b[m\x1b[K\xe2\x80\x99}\n'}
[2.585351] (my_nav2_planner) StderrLine: {'line': b'  481 |     result->error_code = ActionThroughPosesResult::\x1b[01;31m\x1b[KNO_VIAPOINTS_GIVEN\x1b[m\x1b[K;\n'}
[2.585390] (my_nav2_planner) StderrLine: {'line': b'      |                                                    \x1b[01;31m\x1b[K^~~~~~~~~~~~~~~~~~\x1b[m\x1b[K\n'}
[2.585430] (my_nav2_planner) StderrLine: {'line': b'\x1b[01m\x1b[K/home/andrea/tesi/ros2_mapf_cbs/project_1/src/my_nav2_planner/src/my_planner_server.cpp:485:13:\x1b[m\x1b[K \x1b[01;31m\x1b[Kerror: \x1b[m\x1b[K\xe2\x80\x98\x1b[01m\x1b[Kusing element_type = struct nav2_msgs::action::ComputePathThroughPoses_Result_<std::allocator<void> >\x1b[m\x1b[K\xe2\x80\x99 {aka \xe2\x80\x98\x1b[01m\x1b[Kstruct nav2_msgs::action::ComputePathThroughPoses_Result_<std::allocator<void> >\x1b[m\x1b[K\xe2\x80\x99} has no member named \xe2\x80\x98\x1b[01m\x1b[Kerror_code\x1b[m\x1b[K\xe2\x80\x99\n'}
[2.585472] (my_nav2_planner) StderrLine: {'line': b'  485 |     result->\x1b[01;31m\x1b[Kerror_code\x1b[m\x1b[K = ActionThroughPosesResult::UNKNOWN;\n'}
[2.585510] (my_nav2_planner) StderrLine: {'line': b'      |             \x1b[01;31m\x1b[K^~~~~~~~~~\x1b[m\x1b[K\n'}
[2.585548] (my_nav2_planner) StderrLine: {'line': b'\x1b[01m\x1b[K/home/andrea/tesi/ros2_mapf_cbs/project_1/src/my_nav2_planner/src/my_planner_server.cpp:485:52:\x1b[m\x1b[K \x1b[01;31m\x1b[Kerror: \x1b[m\x1b[K\xe2\x80\x98\x1b[01m\x1b[KUNKNOWN\x1b[m\x1b[K\xe2\x80\x99 is not a member of \xe2\x80\x98\x1b[01m\x1b[Kmy_nav2_planner::MyPlannerServer::ActionThroughPosesResult\x1b[m\x1b[K\xe2\x80\x99 {aka \xe2\x80\x98\x1b[01m\x1b[Knav2_msgs::action::ComputePathThroughPoses_Result_<std::allocator<void> >\x1b[m\x1b[K\xe2\x80\x99}\n'}
[2.585600] (my_nav2_planner) StderrLine: {'line': b'  485 |     result->error_code = ActionThroughPosesResult::\x1b[01;31m\x1b[KUNKNOWN\x1b[m\x1b[K;\n'}
[2.585663] (my_nav2_planner) StderrLine: {'line': b'      |                                                    \x1b[01;31m\x1b[K^~~~~~~\x1b[m\x1b[K\n'}
[2.589828] (my_nav2_planner) StderrLine: {'line': b'\x1b[01m\x1b[K/home/andrea/tesi/ros2_mapf_cbs/project_1/src/my_nav2_planner/src/my_planner_server.cpp:\x1b[m\x1b[K In member function \xe2\x80\x98\x1b[01m\x1b[Kvoid my_nav2_planner::MyPlannerServer::computePlan()\x1b[m\x1b[K\xe2\x80\x99:\n'}
[2.589931] (my_nav2_planner) StderrLine: {'line': b'\x1b[01m\x1b[K/home/andrea/tesi/ros2_mapf_cbs/project_1/src/my_nav2_planner/src/my_planner_server.cpp:543:13:\x1b[m\x1b[K \x1b[01;31m\x1b[Kerror: \x1b[m\x1b[K\xe2\x80\x98\x1b[01m\x1b[Kusing element_type = struct nav2_msgs::action::ComputePathToPose_Result_<std::allocator<void> >\x1b[m\x1b[K\xe2\x80\x99 {aka \xe2\x80\x98\x1b[01m\x1b[Kstruct nav2_msgs::action::ComputePathToPose_Result_<std::allocator<void> >\x1b[m\x1b[K\xe2\x80\x99} has no member named \xe2\x80\x98\x1b[01m\x1b[Kerror_code\x1b[m\x1b[K\xe2\x80\x99\n'}
[2.589982] (my_nav2_planner) StderrLine: {'line': b'  543 |     result->\x1b[01;31m\x1b[Kerror_code\x1b[m\x1b[K = ActionToPoseResult::INVALID_PLANNER;\n'}
[2.590023] (my_nav2_planner) StderrLine: {'line': b'      |             \x1b[01;31m\x1b[K^~~~~~~~~~\x1b[m\x1b[K\n'}
[2.590093] (my_nav2_planner) StderrLine: {'line': b'\x1b[01m\x1b[K/home/andrea/tesi/ros2_mapf_cbs/project_1/src/my_nav2_planner/src/my_planner_server.cpp:543:46:\x1b[m\x1b[K \x1b[01;31m\x1b[Kerror: \x1b[m\x1b[K\xe2\x80\x98\x1b[01m\x1b[KINVALID_PLANNER\x1b[m\x1b[K\xe2\x80\x99 is not a member of \xe2\x80\x98\x1b[01m\x1b[Kmy_nav2_planner::MyPlannerServer::ActionToPoseResult\x1b[m\x1b[K\xe2\x80\x99 {aka \xe2\x80\x98\x1b[01m\x1b[Knav2_msgs::action::ComputePathToPose_Result_<std::allocator<void> >\x1b[m\x1b[K\xe2\x80\x99}\n'}
[2.590242] (my_nav2_planner) StderrLine: {'line': b'  543 |     result->error_code = ActionToPoseResult::\x1b[01;31m\x1b[KINVALID_PLANNER\x1b[m\x1b[K;\n'}
[2.590284] (my_nav2_planner) StderrLine: {'line': b'      |                                              \x1b[01;31m\x1b[K^~~~~~~~~~~~~~~\x1b[m\x1b[K\n'}
[2.590328] (my_nav2_planner) StderrLine: {'line': b'\x1b[01m\x1b[K/home/andrea/tesi/ros2_mapf_cbs/project_1/src/my_nav2_planner/src/my_planner_server.cpp:547:13:\x1b[m\x1b[K \x1b[01;31m\x1b[Kerror: \x1b[m\x1b[K\xe2\x80\x98\x1b[01m\x1b[Kusing element_type = struct nav2_msgs::action::ComputePathToPose_Result_<std::allocator<void> >\x1b[m\x1b[K\xe2\x80\x99 {aka \xe2\x80\x98\x1b[01m\x1b[Kstruct nav2_msgs::action::ComputePathToPose_Result_<std::allocator<void> >\x1b[m\x1b[K\xe2\x80\x99} has no member named \xe2\x80\x98\x1b[01m\x1b[Kerror_code\x1b[m\x1b[K\xe2\x80\x99\n'}
[2.590376] (my_nav2_planner) StderrLine: {'line': b'  547 |     result->\x1b[01;31m\x1b[Kerror_code\x1b[m\x1b[K = ActionToPoseResult::START_OCCUPIED;\n'}
[2.590421] (my_nav2_planner) StderrLine: {'line': b'      |             \x1b[01;31m\x1b[K^~~~~~~~~~\x1b[m\x1b[K\n'}
[2.590462] (my_nav2_planner) StderrLine: {'line': b'\x1b[01m\x1b[K/home/andrea/tesi/ros2_mapf_cbs/project_1/src/my_nav2_planner/src/my_planner_server.cpp:547:46:\x1b[m\x1b[K \x1b[01;31m\x1b[Kerror: \x1b[m\x1b[K\xe2\x80\x98\x1b[01m\x1b[KSTART_OCCUPIED\x1b[m\x1b[K\xe2\x80\x99 is not a member of \xe2\x80\x98\x1b[01m\x1b[Kmy_nav2_planner::MyPlannerServer::ActionToPoseResult\x1b[m\x1b[K\xe2\x80\x99 {aka \xe2\x80\x98\x1b[01m\x1b[Knav2_msgs::action::ComputePathToPose_Result_<std::allocator<void> >\x1b[m\x1b[K\xe2\x80\x99}\n'}
[2.590509] (my_nav2_planner) StderrLine: {'line': b'  547 |     result->error_code = ActionToPoseResult::\x1b[01;31m\x1b[KSTART_OCCUPIED\x1b[m\x1b[K;\n'}
[2.590551] (my_nav2_planner) StderrLine: {'line': b'      |                                              \x1b[01;31m\x1b[K^~~~~~~~~~~~~~\x1b[m\x1b[K\n'}
[2.590591] (my_nav2_planner) StderrLine: {'line': b'\x1b[01m\x1b[K/home/andrea/tesi/ros2_mapf_cbs/project_1/src/my_nav2_planner/src/my_planner_server.cpp:551:13:\x1b[m\x1b[K \x1b[01;31m\x1b[Kerror: \x1b[m\x1b[K\xe2\x80\x98\x1b[01m\x1b[Kusing element_type = struct nav2_msgs::action::ComputePathToPose_Result_<std::allocator<void> >\x1b[m\x1b[K\xe2\x80\x99 {aka \xe2\x80\x98\x1b[01m\x1b[Kstruct nav2_msgs::action::ComputePathToPose_Result_<std::allocator<void> >\x1b[m\x1b[K\xe2\x80\x99} has no member named \xe2\x80\x98\x1b[01m\x1b[Kerror_code\x1b[m\x1b[K\xe2\x80\x99\n'}
[2.590632] (my_nav2_planner) StderrLine: {'line': b'  551 |     result->\x1b[01;31m\x1b[Kerror_code\x1b[m\x1b[K = ActionToPoseResult::GOAL_OCCUPIED;\n'}
[2.590672] (my_nav2_planner) StderrLine: {'line': b'      |             \x1b[01;31m\x1b[K^~~~~~~~~~\x1b[m\x1b[K\n'}
[2.590714] (my_nav2_planner) StderrLine: {'line': b'\x1b[01m\x1b[K/home/andrea/tesi/ros2_mapf_cbs/project_1/src/my_nav2_planner/src/my_planner_server.cpp:551:46:\x1b[m\x1b[K \x1b[01;31m\x1b[Kerror: \x1b[m\x1b[K\xe2\x80\x98\x1b[01m\x1b[KGOAL_OCCUPIED\x1b[m\x1b[K\xe2\x80\x99 is not a member of \xe2\x80\x98\x1b[01m\x1b[Kmy_nav2_planner::MyPlannerServer::ActionToPoseResult\x1b[m\x1b[K\xe2\x80\x99 {aka \xe2\x80\x98\x1b[01m\x1b[Knav2_msgs::action::ComputePathToPose_Result_<std::allocator<void> >\x1b[m\x1b[K\xe2\x80\x99}\n'}
[2.590758] (my_nav2_planner) StderrLine: {'line': b'  551 |     result->error_code = ActionToPoseResult::\x1b[01;31m\x1b[KGOAL_OCCUPIED\x1b[m\x1b[K;\n'}
[2.590823] (my_nav2_planner) StderrLine: {'line': b'      |                                              \x1b[01;31m\x1b[K^~~~~~~~~~~~~\x1b[m\x1b[K\n'}
[2.590863] (my_nav2_planner) StderrLine: {'line': b'\x1b[01m\x1b[K/home/andrea/tesi/ros2_mapf_cbs/project_1/src/my_nav2_planner/src/my_planner_server.cpp:555:13:\x1b[m\x1b[K \x1b[01;31m\x1b[Kerror: \x1b[m\x1b[K\xe2\x80\x98\x1b[01m\x1b[Kusing element_type = struct nav2_msgs::action::ComputePathToPose_Result_<std::allocator<void> >\x1b[m\x1b[K\xe2\x80\x99 {aka \xe2\x80\x98\x1b[01m\x1b[Kstruct nav2_msgs::action::ComputePathToPose_Result_<std::allocator<void> >\x1b[m\x1b[K\xe2\x80\x99} has no member named \xe2\x80\x98\x1b[01m\x1b[Kerror_code\x1b[m\x1b[K\xe2\x80\x99\n'}
[2.590992] (my_nav2_planner) StderrLine: {'line': b'  555 |     result->\x1b[01;31m\x1b[Kerror_code\x1b[m\x1b[K = ActionToPoseResult::NO_VALID_PATH;\n'}
[2.591032] (my_nav2_planner) StderrLine: {'line': b'      |             \x1b[01;31m\x1b[K^~~~~~~~~~\x1b[m\x1b[K\n'}
[2.591070] (my_nav2_planner) StderrLine: {'line': b'\x1b[01m\x1b[K/home/andrea/tesi/ros2_mapf_cbs/project_1/src/my_nav2_planner/src/my_planner_server.cpp:555:46:\x1b[m\x1b[K \x1b[01;31m\x1b[Kerror: \x1b[m\x1b[K\xe2\x80\x98\x1b[01m\x1b[KNO_VALID_PATH\x1b[m\x1b[K\xe2\x80\x99 is not a member of \xe2\x80\x98\x1b[01m\x1b[Kmy_nav2_planner::MyPlannerServer::ActionToPoseResult\x1b[m\x1b[K\xe2\x80\x99 {aka \xe2\x80\x98\x1b[01m\x1b[Knav2_msgs::action::ComputePathToPose_Result_<std::allocator<void> >\x1b[m\x1b[K\xe2\x80\x99}\n'}
[2.591111] (my_nav2_planner) StderrLine: {'line': b'  555 |     result->error_code = ActionToPoseResult::\x1b[01;31m\x1b[KNO_VALID_PATH\x1b[m\x1b[K;\n'}
[2.591149] (my_nav2_planner) StderrLine: {'line': b'      |                                              \x1b[01;31m\x1b[K^~~~~~~~~~~~~\x1b[m\x1b[K\n'}
[2.591187] (my_nav2_planner) StderrLine: {'line': b'\x1b[01m\x1b[K/home/andrea/tesi/ros2_mapf_cbs/project_1/src/my_nav2_planner/src/my_planner_server.cpp:559:13:\x1b[m\x1b[K \x1b[01;31m\x1b[Kerror: \x1b[m\x1b[K\xe2\x80\x98\x1b[01m\x1b[Kusing element_type = struct nav2_msgs::action::ComputePathToPose_Result_<std::allocator<void> >\x1b[m\x1b[K\xe2\x80\x99 {aka \xe2\x80\x98\x1b[01m\x1b[Kstruct nav2_msgs::action::ComputePathToPose_Result_<std::allocator<void> >\x1b[m\x1b[K\xe2\x80\x99} has no member named \xe2\x80\x98\x1b[01m\x1b[Kerror_code\x1b[m\x1b[K\xe2\x80\x99\n'}
[2.591227] (my_nav2_planner) StderrLine: {'line': b'  559 |     result->\x1b[01;31m\x1b[Kerror_code\x1b[m\x1b[K = ActionToPoseResult::TIMEOUT;\n'}
[2.591265] (my_nav2_planner) StderrLine: {'line': b'      |             \x1b[01;31m\x1b[K^~~~~~~~~~\x1b[m\x1b[K\n'}
[2.591306] (my_nav2_planner) StderrLine: {'line': b'\x1b[01m\x1b[K/home/andrea/tesi/ros2_mapf_cbs/project_1/src/my_nav2_planner/src/my_planner_server.cpp:559:46:\x1b[m\x1b[K \x1b[01;31m\x1b[Kerror: \x1b[m\x1b[K\xe2\x80\x98\x1b[01m\x1b[KTIMEOUT\x1b[m\x1b[K\xe2\x80\x99 is not a member of \xe2\x80\x98\x1b[01m\x1b[Kmy_nav2_planner::MyPlannerServer::ActionToPoseResult\x1b[m\x1b[K\xe2\x80\x99 {aka \xe2\x80\x98\x1b[01m\x1b[Knav2_msgs::action::ComputePathToPose_Result_<std::allocator<void> >\x1b[m\x1b[K\xe2\x80\x99}\n'}
[2.591349] (my_nav2_planner) StderrLine: {'line': b'  559 |     result->error_code = ActionToPoseResult::\x1b[01;31m\x1b[KTIMEOUT\x1b[m\x1b[K;\n'}
[2.591387] (my_nav2_planner) StderrLine: {'line': b'      |                                              \x1b[01;31m\x1b[K^~~~~~~\x1b[m\x1b[K\n'}
[2.591426] (my_nav2_planner) StderrLine: {'line': b'\x1b[01m\x1b[K/home/andrea/tesi/ros2_mapf_cbs/project_1/src/my_nav2_planner/src/my_planner_server.cpp:563:13:\x1b[m\x1b[K \x1b[01;31m\x1b[Kerror: \x1b[m\x1b[K\xe2\x80\x98\x1b[01m\x1b[Kusing element_type = struct nav2_msgs::action::ComputePathToPose_Result_<std::allocator<void> >\x1b[m\x1b[K\xe2\x80\x99 {aka \xe2\x80\x98\x1b[01m\x1b[Kstruct nav2_msgs::action::ComputePathToPose_Result_<std::allocator<void> >\x1b[m\x1b[K\xe2\x80\x99} has no member named \xe2\x80\x98\x1b[01m\x1b[Kerror_code\x1b[m\x1b[K\xe2\x80\x99\n'}
[2.591467] (my_nav2_planner) StderrLine: {'line': b'  563 |     result->\x1b[01;31m\x1b[Kerror_code\x1b[m\x1b[K = ActionToPoseResult::START_OUTSIDE_MAP;\n'}
[2.591509] (my_nav2_planner) StderrLine: {'line': b'      |             \x1b[01;31m\x1b[K^~~~~~~~~~\x1b[m\x1b[K\n'}
[2.591547] (my_nav2_planner) StderrLine: {'line': b'\x1b[01m\x1b[K/home/andrea/tesi/ros2_mapf_cbs/project_1/src/my_nav2_planner/src/my_planner_server.cpp:563:46:\x1b[m\x1b[K \x1b[01;31m\x1b[Kerror: \x1b[m\x1b[K\xe2\x80\x98\x1b[01m\x1b[KSTART_OUTSIDE_MAP\x1b[m\x1b[K\xe2\x80\x99 is not a member of \xe2\x80\x98\x1b[01m\x1b[Kmy_nav2_planner::MyPlannerServer::ActionToPoseResult\x1b[m\x1b[K\xe2\x80\x99 {aka \xe2\x80\x98\x1b[01m\x1b[Knav2_msgs::action::ComputePathToPose_Result_<std::allocator<void> >\x1b[m\x1b[K\xe2\x80\x99}\n'}
[2.591589] (my_nav2_planner) StderrLine: {'line': b'  563 |     result->error_code = ActionToPoseResult::\x1b[01;31m\x1b[KSTART_OUTSIDE_MAP\x1b[m\x1b[K;\n'}
[2.591628] (my_nav2_planner) StderrLine: {'line': b'      |                                              \x1b[01;31m\x1b[K^~~~~~~~~~~~~~~~~\x1b[m\x1b[K\n'}
[2.591666] (my_nav2_planner) StderrLine: {'line': b'\x1b[01m\x1b[K/home/andrea/tesi/ros2_mapf_cbs/project_1/src/my_nav2_planner/src/my_planner_server.cpp:567:13:\x1b[m\x1b[K \x1b[01;31m\x1b[Kerror: \x1b[m\x1b[K\xe2\x80\x98\x1b[01m\x1b[Kusing element_type = struct nav2_msgs::action::ComputePathToPose_Result_<std::allocator<void> >\x1b[m\x1b[K\xe2\x80\x99 {aka \xe2\x80\x98\x1b[01m\x1b[Kstruct nav2_msgs::action::ComputePathToPose_Result_<std::allocator<void> >\x1b[m\x1b[K\xe2\x80\x99} has no member named \xe2\x80\x98\x1b[01m\x1b[Kerror_code\x1b[m\x1b[K\xe2\x80\x99\n'}
[2.591706] (my_nav2_planner) StderrLine: {'line': b'  567 |     result->\x1b[01;31m\x1b[Kerror_code\x1b[m\x1b[K = ActionToPoseResult::GOAL_OUTSIDE_MAP;\n'}
[2.591747] (my_nav2_planner) StderrLine: {'line': b'      |             \x1b[01;31m\x1b[K^~~~~~~~~~\x1b[m\x1b[K\n'}
[2.591785] (my_nav2_planner) StderrLine: {'line': b'\x1b[01m\x1b[K/home/andrea/tesi/ros2_mapf_cbs/project_1/src/my_nav2_planner/src/my_planner_server.cpp:567:46:\x1b[m\x1b[K \x1b[01;31m\x1b[Kerror: \x1b[m\x1b[K\xe2\x80\x98\x1b[01m\x1b[KGOAL_OUTSIDE_MAP\x1b[m\x1b[K\xe2\x80\x99 is not a member of \xe2\x80\x98\x1b[01m\x1b[Kmy_nav2_planner::MyPlannerServer::ActionToPoseResult\x1b[m\x1b[K\xe2\x80\x99 {aka \xe2\x80\x98\x1b[01m\x1b[Knav2_msgs::action::ComputePathToPose_Result_<std::allocator<void> >\x1b[m\x1b[K\xe2\x80\x99}\n'}
[2.591824] (my_nav2_planner) StderrLine: {'line': b'  567 |     result->error_code = ActionToPoseResult::\x1b[01;31m\x1b[KGOAL_OUTSIDE_MAP\x1b[m\x1b[K;\n'}
[2.591862] (my_nav2_planner) StderrLine: {'line': b'      |                                              \x1b[01;31m\x1b[K^~~~~~~~~~~~~~~~\x1b[m\x1b[K\n'}
[2.591900] (my_nav2_planner) StderrLine: {'line': b'\x1b[01m\x1b[K/home/andrea/tesi/ros2_mapf_cbs/project_1/src/my_nav2_planner/src/my_planner_server.cpp:571:13:\x1b[m\x1b[K \x1b[01;31m\x1b[Kerror: \x1b[m\x1b[K\xe2\x80\x98\x1b[01m\x1b[Kusing element_type = struct nav2_msgs::action::ComputePathToPose_Result_<std::allocator<void> >\x1b[m\x1b[K\xe2\x80\x99 {aka \xe2\x80\x98\x1b[01m\x1b[Kstruct nav2_msgs::action::ComputePathToPose_Result_<std::allocator<void> >\x1b[m\x1b[K\xe2\x80\x99} has no member named \xe2\x80\x98\x1b[01m\x1b[Kerror_code\x1b[m\x1b[K\xe2\x80\x99\n'}
[2.591942] (my_nav2_planner) StderrLine: {'line': b'  571 |     result->\x1b[01;31m\x1b[Kerror_code\x1b[m\x1b[K = ActionToPoseResult::TF_ERROR;\n'}
[2.591979] (my_nav2_planner) StderrLine: {'line': b'      |             \x1b[01;31m\x1b[K^~~~~~~~~~\x1b[m\x1b[K\n'}
[2.592018] (my_nav2_planner) StderrLine: {'line': b'\x1b[01m\x1b[K/home/andrea/tesi/ros2_mapf_cbs/project_1/src/my_nav2_planner/src/my_planner_server.cpp:571:46:\x1b[m\x1b[K \x1b[01;31m\x1b[Kerror: \x1b[m\x1b[K\xe2\x80\x98\x1b[01m\x1b[KTF_ERROR\x1b[m\x1b[K\xe2\x80\x99 is not a member of \xe2\x80\x98\x1b[01m\x1b[Kmy_nav2_planner::MyPlannerServer::ActionToPoseResult\x1b[m\x1b[K\xe2\x80\x99 {aka \xe2\x80\x98\x1b[01m\x1b[Knav2_msgs::action::ComputePathToPose_Result_<std::allocator<void> >\x1b[m\x1b[K\xe2\x80\x99}\n'}
[2.592060] (my_nav2_planner) StderrLine: {'line': b'  571 |     result->error_code = ActionToPoseResult::\x1b[01;31m\x1b[KTF_ERROR\x1b[m\x1b[K;\n'}
[2.592098] (my_nav2_planner) StderrLine: {'line': b'      |                                              \x1b[01;31m\x1b[K^~~~~~~~\x1b[m\x1b[K\n'}
[2.592145] (my_nav2_planner) StderrLine: {'line': b'\x1b[01m\x1b[K/home/andrea/tesi/ros2_mapf_cbs/project_1/src/my_nav2_planner/src/my_planner_server.cpp:575:13:\x1b[m\x1b[K \x1b[01;31m\x1b[Kerror: \x1b[m\x1b[K\xe2\x80\x98\x1b[01m\x1b[Kusing element_type = struct nav2_msgs::action::ComputePathToPose_Result_<std::allocator<void> >\x1b[m\x1b[K\xe2\x80\x99 {aka \xe2\x80\x98\x1b[01m\x1b[Kstruct nav2_msgs::action::ComputePathToPose_Result_<std::allocator<void> >\x1b[m\x1b[K\xe2\x80\x99} has no member named \xe2\x80\x98\x1b[01m\x1b[Kerror_code\x1b[m\x1b[K\xe2\x80\x99\n'}
[2.592262] (my_nav2_planner) StderrLine: {'line': b'  575 |     result->\x1b[01;31m\x1b[Kerror_code\x1b[m\x1b[K = ActionToPoseResult::UNKNOWN;\n'}
[2.592302] (my_nav2_planner) StderrLine: {'line': b'      |             \x1b[01;31m\x1b[K^~~~~~~~~~\x1b[m\x1b[K\n'}
[2.592339] (my_nav2_planner) StderrLine: {'line': b'\x1b[01m\x1b[K/home/andrea/tesi/ros2_mapf_cbs/project_1/src/my_nav2_planner/src/my_planner_server.cpp:575:46:\x1b[m\x1b[K \x1b[01;31m\x1b[Kerror: \x1b[m\x1b[K\xe2\x80\x98\x1b[01m\x1b[KUNKNOWN\x1b[m\x1b[K\xe2\x80\x99 is not a member of \xe2\x80\x98\x1b[01m\x1b[Kmy_nav2_planner::MyPlannerServer::ActionToPoseResult\x1b[m\x1b[K\xe2\x80\x99 {aka \xe2\x80\x98\x1b[01m\x1b[Knav2_msgs::action::ComputePathToPose_Result_<std::allocator<void> >\x1b[m\x1b[K\xe2\x80\x99}\n'}
[2.592383] (my_nav2_planner) StderrLine: {'line': b'  575 |     result->error_code = ActionToPoseResult::\x1b[01;31m\x1b[KUNKNOWN\x1b[m\x1b[K;\n'}
[2.592420] (my_nav2_planner) StderrLine: {'line': b'      |                                              \x1b[01;31m\x1b[K^~~~~~~\x1b[m\x1b[K\n'}
[2.608770] (-) TimerEvent: {}
[2.709113] (-) TimerEvent: {}
[2.809473] (-) TimerEvent: {}
[2.909836] (-) TimerEvent: {}
[3.010198] (-) TimerEvent: {}
[3.110566] (-) TimerEvent: {}
[3.210936] (-) TimerEvent: {}
[3.311300] (-) TimerEvent: {}
[3.411666] (-) TimerEvent: {}
[3.512023] (-) TimerEvent: {}
[3.612404] (-) TimerEvent: {}
[3.634792] (my_nav2_planner) StderrLine: {'line': b'In file included from \x1b[01m\x1b[K/usr/include/x86_64-linux-gnu/c++/11/bits/c++allocator.h:33\x1b[m\x1b[K,\n'}
[3.634942] (my_nav2_planner) StderrLine: {'line': b'                 from \x1b[01m\x1b[K/usr/include/c++/11/bits/allocator.h:46\x1b[m\x1b[K,\n'}
[3.634989] (my_nav2_planner) StderrLine: {'line': b'                 from \x1b[01m\x1b[K/usr/include/c++/11/string:41\x1b[m\x1b[K,\n'}
[3.635030] (my_nav2_planner) StderrLine: {'line': b'                 from \x1b[01m\x1b[K/usr/include/c++/11/bits/locale_classes.h:40\x1b[m\x1b[K,\n'}
[3.635070] (my_nav2_planner) StderrLine: {'line': b'                 from \x1b[01m\x1b[K/usr/include/c++/11/bits/ios_base.h:41\x1b[m\x1b[K,\n'}
[3.635108] (my_nav2_planner) StderrLine: {'line': b'                 from \x1b[01m\x1b[K/usr/include/c++/11/iomanip:40\x1b[m\x1b[K,\n'}
[3.635146] (my_nav2_planner) StderrLine: {'line': b'                 from \x1b[01m\x1b[K/home/andrea/tesi/ros2_mapf_cbs/project_1/src/my_nav2_planner/src/my_planner_server.cpp:18\x1b[m\x1b[K:\n'}
[3.635185] (my_nav2_planner) StderrLine: {'line': b'/usr/include/c++/11/ext/new_allocator.h: In instantiation of \xe2\x80\x98\x1b[01m\x1b[Kvoid __gnu_cxx::new_allocator<_Tp>::construct(_Up*, _Args&& ...) [with _Up = nav2_costmap_2d::Costmap2DROS; _Args = {const char (&)[15], std::__cxx11::basic_string<char, std::char_traits<char>, std::allocator<char> >, const char (&)[15], bool}; _Tp = nav2_costmap_2d::Costmap2DROS]\x1b[m\x1b[K\xe2\x80\x99:\n'}
[3.635226] (my_nav2_planner) StderrLine: {'line': b'\x1b[01m\x1b[K/usr/include/c++/11/bits/alloc_traits.h:516:17:\x1b[m\x1b[K   required from \xe2\x80\x98\x1b[01m\x1b[Kstatic void std::allocator_traits<std::allocator<_CharT> >::construct(std::allocator_traits<std::allocator<_CharT> >::allocator_type&, _Up*, _Args&& ...) [with _Up = nav2_costmap_2d::Costmap2DROS; _Args = {const char (&)[15], std::__cxx11::basic_string<char, std::char_traits<char>, std::allocator<char> >, const char (&)[15], bool}; _Tp = nav2_costmap_2d::Costmap2DROS; std::allocator_traits<std::allocator<_CharT> >::allocator_type = std::allocator<nav2_costmap_2d::Costmap2DROS>]\x1b[m\x1b[K\xe2\x80\x99\n'}
[3.635278] (my_nav2_planner) StderrLine: {'line': b'\x1b[01m\x1b[K/usr/include/c++/11/bits/shared_ptr_base.h:519:39:\x1b[m\x1b[K   required from \xe2\x80\x98\x1b[01m\x1b[Kstd::_Sp_counted_ptr_inplace<_Tp, _Alloc, _Lp>::_Sp_counted_ptr_inplace(_Alloc, _Args&& ...) [with _Args = {const char (&)[15], std::__cxx11::basic_string<char, std::char_traits<char>, std::allocator<char> >, const char (&)[15], bool}; _Tp = nav2_costmap_2d::Costmap2DROS; _Alloc = std::allocator<nav2_costmap_2d::Costmap2DROS>; __gnu_cxx::_Lock_policy _Lp = __gnu_cxx::_S_atomic]\x1b[m\x1b[K\xe2\x80\x99\n'}
[3.635322] (my_nav2_planner) StderrLine: {'line': b'\x1b[01m\x1b[K/usr/include/c++/11/bits/shared_ptr_base.h:650:16:\x1b[m\x1b[K   required from \xe2\x80\x98\x1b[01m\x1b[Kstd::__shared_count<_Lp>::__shared_count(_Tp*&, std::_Sp_alloc_shared_tag<_Alloc>, _Args&& ...) [with _Tp = nav2_costmap_2d::Costmap2DROS; _Alloc = std::allocator<nav2_costmap_2d::Costmap2DROS>; _Args = {const char (&)[15], std::__cxx11::basic_string<char, std::char_traits<char>, std::allocator<char> >, const char (&)[15], bool}; __gnu_cxx::_Lock_policy _Lp = __gnu_cxx::_S_atomic]\x1b[m\x1b[K\xe2\x80\x99\n'}
[3.635363] (my_nav2_planner) StderrLine: {'line': b'\x1b[01m\x1b[K/usr/include/c++/11/bits/shared_ptr_base.h:1342:14:\x1b[m\x1b[K   required from \xe2\x80\x98\x1b[01m\x1b[Kstd::__shared_ptr<_Tp, _Lp>::__shared_ptr(std::_Sp_alloc_shared_tag<_Tp>, _Args&& ...) [with _Alloc = std::allocator<nav2_costmap_2d::Costmap2DROS>; _Args = {const char (&)[15], std::__cxx11::basic_string<char, std::char_traits<char>, std::allocator<char> >, const char (&)[15], bool}; _Tp = nav2_costmap_2d::Costmap2DROS; __gnu_cxx::_Lock_policy _Lp = __gnu_cxx::_S_atomic]\x1b[m\x1b[K\xe2\x80\x99\n'}
[3.635403] (my_nav2_planner) StderrLine: {'line': b'\x1b[01m\x1b[K/usr/include/c++/11/bits/shared_ptr.h:409:59:\x1b[m\x1b[K   required from \xe2\x80\x98\x1b[01m\x1b[Kstd::shared_ptr<_Tp>::shared_ptr(std::_Sp_alloc_shared_tag<_Tp>, _Args&& ...) [with _Alloc = std::allocator<nav2_costmap_2d::Costmap2DROS>; _Args = {const char (&)[15], std::__cxx11::basic_string<char, std::char_traits<char>, std::allocator<char> >, const char (&)[15], bool}; _Tp = nav2_costmap_2d::Costmap2DROS]\x1b[m\x1b[K\xe2\x80\x99\n'}
[3.635444] (my_nav2_planner) StderrLine: {'line': b'\x1b[01m\x1b[K/usr/include/c++/11/bits/shared_ptr.h:862:14:\x1b[m\x1b[K   required from \xe2\x80\x98\x1b[01m\x1b[Kstd::shared_ptr<_Tp> std::allocate_shared(const _Alloc&, _Args&& ...) [with _Tp = nav2_costmap_2d::Costmap2DROS; _Alloc = std::allocator<nav2_costmap_2d::Costmap2DROS>; _Args = {const char (&)[15], std::__cxx11::basic_string<char, std::char_traits<char>, std::allocator<char> >, const char (&)[15], bool}]\x1b[m\x1b[K\xe2\x80\x99\n'}
[3.635489] (my_nav2_planner) StderrLine: {'line': b'\x1b[01m\x1b[K/usr/include/c++/11/bits/shared_ptr.h:878:39:\x1b[m\x1b[K   required from \xe2\x80\x98\x1b[01m\x1b[Kstd::shared_ptr<_Tp> std::make_shared(_Args&& ...) [with _Tp = nav2_costmap_2d::Costmap2DROS; _Args = {const char (&)[15], std::__cxx11::basic_string<char, std::char_traits<char>, std::allocator<char> >, const char (&)[15], bool}]\x1b[m\x1b[K\xe2\x80\x99\n'}
[3.635528] (my_nav2_planner) StderrLine: {'line': b'\x1b[01m\x1b[K/home/andrea/tesi/ros2_mapf_cbs/project_1/src/my_nav2_planner/src/my_planner_server.cpp:66:65:\x1b[m\x1b[K   required from here\n'}
[3.635566] (my_nav2_planner) StderrLine: {'line': b'\x1b[01m\x1b[K/usr/include/c++/11/ext/new_allocator.h:162:11:\x1b[m\x1b[K \x1b[01;31m\x1b[Kerror: \x1b[m\x1b[Kno matching function for call to \xe2\x80\x98\x1b[01m\x1b[Knav2_costmap_2d::Costmap2DROS::Costmap2DROS(const char [15], std::__cxx11::basic_string<char>, const char [15], bool)\x1b[m\x1b[K\xe2\x80\x99\n'}
[3.635608] (my_nav2_planner) StderrLine: {'line': b'  162 |         { \x1b[01;31m\x1b[K::new((void *)__p) _Up(std::forward<_Args>(__args)...)\x1b[m\x1b[K; }\n'}
[3.635648] (my_nav2_planner) StderrLine: {'line': b'      |           \x1b[01;31m\x1b[K^~~~~~~~~~~~~~~~~~~~~~~~~~~~~~~~~~~~~~~~~~~~~~~~~~~~~~\x1b[m\x1b[K\n'}
[3.635686] (my_nav2_planner) StderrLine: {'line': b'In file included from \x1b[01m\x1b[K/home/andrea/tesi/ros2_mapf_cbs/project_1/src/my_nav2_planner/include/my_nav2_planner/my_planner_server.hpp:37\x1b[m\x1b[K,\n'}
[3.635725] (my_nav2_planner) StderrLine: {'line': b'                 from \x1b[01m\x1b[K/home/andrea/tesi/ros2_mapf_cbs/project_1/src/my_nav2_planner/src/my_planner_server.cpp:34\x1b[m\x1b[K:\n'}
[3.635763] (my_nav2_planner) StderrLine: {'line': b'\x1b[01m\x1b[K/opt/ros/humble/include/nav2_costmap_2d/costmap_2d_ros.hpp:89:12:\x1b[m\x1b[K \x1b[01;36m\x1b[Knote: \x1b[m\x1b[Kcandidate: \xe2\x80\x98\x1b[01m\x1b[Knav2_costmap_2d::Costmap2DROS::Costmap2DROS(const string&, const string&, const string&)\x1b[m\x1b[K\xe2\x80\x99\n'}
[3.635803] (my_nav2_planner) StderrLine: {'line': b'   89 |   explicit \x1b[01;36m\x1b[KCostmap2DROS\x1b[m\x1b[K(\n'}
[3.635842] (my_nav2_planner) StderrLine: {'line': b'      |            \x1b[01;36m\x1b[K^~~~~~~~~~~~\x1b[m\x1b[K\n'}
[3.635879] (my_nav2_planner) StderrLine: {'line': b'\x1b[01m\x1b[K/opt/ros/humble/include/nav2_costmap_2d/costmap_2d_ros.hpp:89:12:\x1b[m\x1b[K \x1b[01;36m\x1b[Knote: \x1b[m\x1b[K  candidate expects 3 arguments, 4 provided\n'}
[3.635918] (my_nav2_planner) StderrLine: {'line': b'\x1b[01m\x1b[K/opt/ros/humble/include/nav2_costmap_2d/costmap_2d_ros.hpp:81:12:\x1b[m\x1b[K \x1b[01;36m\x1b[Knote: \x1b[m\x1b[Kcandidate: \xe2\x80\x98\x1b[01m\x1b[Knav2_costmap_2d::Costmap2DROS::Costmap2DROS(const string&)\x1b[m\x1b[K\xe2\x80\x99\n'}
[3.635956] (my_nav2_planner) StderrLine: {'line': b'   81 |   explicit \x1b[01;36m\x1b[KCostmap2DROS\x1b[m\x1b[K(const std::string & name);\n'}
[3.635995] (my_nav2_planner) StderrLine: {'line': b'      |            \x1b[01;36m\x1b[K^~~~~~~~~~~~\x1b[m\x1b[K\n'}
[3.636032] (my_nav2_planner) StderrLine: {'line': b'\x1b[01m\x1b[K/opt/ros/humble/include/nav2_costmap_2d/costmap_2d_ros.hpp:81:12:\x1b[m\x1b[K \x1b[01;36m\x1b[Knote: \x1b[m\x1b[K  candidate expects 1 argument, 4 provided\n'}
[3.712498] (-) TimerEvent: {}
[3.812788] (-) TimerEvent: {}
[3.913058] (-) TimerEvent: {}
[4.013425] (-) TimerEvent: {}
[4.113822] (-) TimerEvent: {}
[4.214242] (-) TimerEvent: {}
[4.314624] (-) TimerEvent: {}
[4.415035] (-) TimerEvent: {}
[4.515483] (-) TimerEvent: {}
[4.522657] (my_nav2_planner) StderrLine: {'line': b'gmake[2]: *** [CMakeFiles/my_planner_server_core.dir/build.make:76: CMakeFiles/my_planner_server_core.dir/src/my_planner_server.cpp.o] Error 1\n'}
[4.522887] (my_nav2_planner) StderrLine: {'line': b'gmake[1]: *** [CMakeFiles/Makefile2:174: CMakeFiles/my_planner_server_core.dir/all] Error 2\n'}
[4.523056] (my_nav2_planner) StderrLine: {'line': b'gmake: *** [Makefile:146: all] Error 2\n'}
[4.525417] (my_nav2_planner) CommandEnded: {'returncode': 2}
[4.588055] (my_nav2_planner) JobEnded: {'identifier': 'my_nav2_planner', 'rc': 2}
[4.598675] (-) EventReactorShutdown: {}
