[0.225s] Invoking command in '/home/andrea/tesi/ros2_mapf_cbs/project_1/build/my_nav2_planner': CMAKE_PREFIX_PATH=/home/andrea/tesi/ros2_mapf_cbs/project_1/install/my_nav2_core:/home/andrea/tesi/ros2_mapf_cbs/project_1/install/my_intermediate_interfaces:/home/andrea/tesi/ros2_mapf_cbs/project_1/install/turtlebot3_multi_robot:/home/andrea/tesi/ros2_mapf_cbs/project_1/install/nav2_straightline_planner:/home/andrea/tesi/ros2_mapf_cbs/project_1/install/my_nav2_navfn_planner:/home/andrea/tesi/ros2_mapf_cbs/project_1/install/nav2_core:/home/andrea/tesi/ros2_mapf_cbs/project_1/install/my_try_bringup:/home/andrea/tesi/ros2_mapf_cbs/simple_example/install/my_robot_bringup:/home/andrea/tesi/ros2_mapf_cbs/simple_example/install/my_robot_interfaces:/home/andrea/tesi/ros2_mapf_cbs/project_1/install/my_package:/home/andrea/tesi/ros2_mapf_cbs/project_1/install/my_intermediate:/home/andrea/tesi/ros2_mapf_cbs/simple_example/install/my_py_pkg:/opt/ros/humble LD_LIBRARY_PATH=/home/andrea/tesi/ros2_mapf_cbs/project_1/install/my_intermediate_interfaces/lib:/home/andrea/tesi/ros2_mapf_cbs/project_1/install/nav2_straightline_planner/lib:/home/andrea/tesi/ros2_mapf_cbs/project_1/install/my_nav2_navfn_planner/lib:/home/andrea/tesi/ros2_mapf_cbs/simple_example/install/my_robot_interfaces/lib:/usr/lib/x86_64-linux-gnu/gazebo-11/plugins:/opt/ros/humble/opt/rviz_ogre_vendor/lib:/opt/ros/humble/lib/x86_64-linux-gnu:/opt/ros/humble/lib:/home/andrea/ws_online/build/ros2_bdi_on_litter_world:/home/andrea/ws_online/build/ros2_bdi_on_litter_world /usr/bin/cmake --build /home/andrea/tesi/ros2_mapf_cbs/project_1/build/my_nav2_planner -- -j8 -l8
[0.245s] -- Found ament_cmake: 1.3.5 (/opt/ros/humble/share/ament_cmake/cmake)
[0.362s] -- Found nav2_common: 1.1.12 (/opt/ros/humble/share/nav2_common/cmake)
[0.363s] -- Found rclcpp: 16.0.6 (/opt/ros/humble/share/rclcpp/cmake)
[0.385s] -- Found rosidl_generator_c: 3.1.5 (/opt/ros/humble/share/rosidl_generator_c/cmake)
[0.387s] -- Found rosidl_adapter: 3.1.5 (/opt/ros/humble/share/rosidl_adapter/cmake)
[0.391s] -- Found rosidl_generator_cpp: 3.1.5 (/opt/ros/humble/share/rosidl_generator_cpp/cmake)
[0.402s] -- Using all available rosidl_typesupport_c: rosidl_typesupport_fastrtps_c;rosidl_typesupport_introspection_c
[0.413s] -- Using all available rosidl_typesupport_cpp: rosidl_typesupport_fastrtps_cpp;rosidl_typesupport_introspection_cpp
[0.456s] -- Found rmw_implementation_cmake: 6.1.1 (/opt/ros/humble/share/rmw_implementation_cmake/cmake)
[0.458s] -- Found rmw_cyclonedds_cpp: 1.3.4 (/opt/ros/humble/share/rmw_cyclonedds_cpp/cmake)
[0.480s] -- Using RMW implementation 'rmw_cyclonedds_cpp' as default
[0.591s] -- Found rclcpp_action: 16.0.6 (/opt/ros/humble/share/rclcpp_action/cmake)
[0.649s] -- Found rclcpp_lifecycle: 16.0.6 (/opt/ros/humble/share/rclcpp_lifecycle/cmake)
[0.678s] -- Found rclcpp_components: 16.0.6 (/opt/ros/humble/share/rclcpp_components/cmake)
[0.715s] -- Found visualization_msgs: 4.2.3 (/opt/ros/humble/share/visualization_msgs/cmake)
[0.891s] -- Found nav2_util: 1.1.12 (/opt/ros/humble/share/nav2_util/cmake)
[1.214s] -- Found eigen3_cmake_module: 0.1.1 (/opt/ros/humble/share/eigen3_cmake_module/cmake)
[1.215s] -- Ensuring Eigen3 include directory is part of orocos-kdl CMake target
[1.344s] -- Found my_intermediate_interfaces: 0.0.0 (/home/andrea/tesi/ros2_mapf_cbs/project_1/install/my_intermediate_interfaces/share/my_intermediate_interfaces/cmake)
[1.420s] -- Found nav2_costmap_2d: 1.1.12 (/opt/ros/humble/share/nav2_costmap_2d/cmake)
[2.005s] -- Found nav2_core: 1.2.0 (/home/andrea/tesi/ros2_mapf_cbs/project_1/install/nav2_core/share/nav2_core/cmake)
[4.137s] -- Found my_nav2_core: 1.2.0 (/home/andrea/tesi/ros2_mapf_cbs/project_1/install/my_nav2_core/share/my_nav2_core/cmake)
[20.137s] -- Found ament_lint_auto: 0.12.8 (/opt/ros/humble/share/ament_lint_auto/cmake)
[20.138s] -- Found ament_cmake_gtest: 1.3.5 (/opt/ros/humble/share/ament_cmake_gtest/cmake)
[20.196s] -- Added test 'copyright' to check source files copyright and LICENSE
[20.197s] -- Added test 'cppcheck' to perform static code analysis on C / C++ code
[20.197s] -- Configured cppcheck include dirs: /home/andrea/tesi/ros2_mapf_cbs/project_1/src/my_nav2_planner/include
[20.198s] -- Configured cppcheck exclude dirs and/or files: 
[20.198s] -- Added test 'cpplint' to check C / C++ code against the Google style
[20.198s] -- Configured cpplint exclude dirs and/or files: 
[20.198s] -- Added test 'lint_cmake' to check CMake code style
[20.199s] -- Added test 'uncrustify' to check C / C++ code style
[20.199s] -- Configured uncrustify additional arguments: 
[20.199s] -- Added test 'xmllint' to check XML markup files
[20.201s] -- Configuring done
[20.260s] -- Generating done
[20.262s] -- Build files have been written to: /home/andrea/tesi/ros2_mapf_cbs/project_1/build/my_nav2_planner
[20.284s] [35m[1mConsolidate compiler generated dependencies of target my_planner_server_core[0m
[20.301s] [ 25%] [32mBuilding CXX object CMakeFiles/my_planner_server_core.dir/src/my_planner_server.cpp.o[0m
[22.651s] In file included from [01m[K/home/andrea/tesi/ros2_mapf_cbs/project_1/src/my_nav2_planner/src/my_planner_server.cpp:34[m[K:
[22.651s] [01m[K/home/andrea/tesi/ros2_mapf_cbs/project_1/src/my_nav2_planner/include/my_nav2_planner/my_planner_server.hpp:65:68:[m[K [01;31m[Kerror: [m[Kâ€˜[01m[KMyGlobalPlanner[m[Kâ€™ is not a member of â€˜[01m[Kmy_nav2_core[m[Kâ€™
[22.651s]    65 |   using PlannerMap = std::unordered_map<std::string, my_nav2_core::[01;31m[KMyGlobalPlanner[m[K::Ptr>;
[22.651s]       |                                                                    [01;31m[K^~~~~~~~~~~~~~~[m[K
[22.651s] [01m[K/home/andrea/tesi/ros2_mapf_cbs/project_1/src/my_nav2_planner/include/my_nav2_planner/my_planner_server.hpp:65:88:[m[K [01;31m[Kerror: [m[Ktemplate argument 2 is invalid
[22.651s]    65 |   using PlannerMap = std::unordered_map<std::string, my_nav2_core::MyGlobalPlanner::Ptr[01;31m[K>[m[K;
[22.651s]       |                                                                                        [01;31m[K^[m[K
[22.651s] [01m[K/home/andrea/tesi/ros2_mapf_cbs/project_1/src/my_nav2_planner/include/my_nav2_planner/my_planner_server.hpp:65:88:[m[K [01;31m[Kerror: [m[Ktemplate argument 5 is invalid
[22.662s] [01m[K/home/andrea/tesi/ros2_mapf_cbs/project_1/src/my_nav2_planner/include/my_nav2_planner/my_planner_server.hpp:249:3:[m[K [01;31m[Kerror: [m[Kâ€˜[01m[KPlannerMap[m[Kâ€™ does not name a type
[22.662s]   249 |   [01;31m[KPlannerMap[m[K planners_;
[22.662s]       |   [01;31m[K^~~~~~~~~~[m[K
[22.662s] [01m[K/home/andrea/tesi/ros2_mapf_cbs/project_1/src/my_nav2_planner/include/my_nav2_planner/my_planner_server.hpp:250:40:[m[K [01;31m[Kerror: [m[Kâ€˜[01m[KMyGlobalPlanner[m[Kâ€™ is not a member of â€˜[01m[Kmy_nav2_core[m[Kâ€™
[22.663s]   250 |   pluginlib::ClassLoader<my_nav2_core::[01;31m[KMyGlobalPlanner[m[K> gp_loader_;
[22.663s]       |                                        [01;31m[K^~~~~~~~~~~~~~~[m[K
[22.663s] [01m[K/home/andrea/tesi/ros2_mapf_cbs/project_1/src/my_nav2_planner/include/my_nav2_planner/my_planner_server.hpp:250:55:[m[K [01;31m[Kerror: [m[Ktemplate argument 1 is invalid
[22.663s]   250 |   pluginlib::ClassLoader<my_nav2_core::MyGlobalPlanner[01;31m[K>[m[K gp_loader_;
[22.663s]       |                                                       [01;31m[K^[m[K
[22.680s] [01m[K/home/andrea/tesi/ros2_mapf_cbs/project_1/src/my_nav2_planner/src/my_planner_server.cpp:[m[K In constructor â€˜[01m[Kmy_nav2_planner::MyPlannerServer::MyPlannerServer(const rclcpp::NodeOptions&)[m[Kâ€™:
[22.680s] [01m[K/home/andrea/tesi/ros2_mapf_cbs/project_1/src/my_nav2_planner/src/my_planner_server.cpp:45:3:[m[K [01;31m[Kerror: [m[Kexpression list treated as compound expression in mem-initializer [[01;31m[K]8;;https://gcc.gnu.org/onlinedocs/gcc/Warning-Options.html#index-fpermissive-fpermissive]8;;[m[K]
[22.680s]    45 |   [01;31m[Kgp_loader_("my_nav2_core", "my_nav2_core::MultiAgentGlobalPlanner")[m[K,
[22.680s]       |   [01;31m[K^~~~~~~~~~~~~~~~~~~~~~~~~~~~~~~~~~~~~~~~~~~~~~~~~~~~~~~~~~~~~~~~~~~[m[K
[22.680s] [01m[K/home/andrea/tesi/ros2_mapf_cbs/project_1/src/my_nav2_planner/src/my_planner_server.cpp:45:14:[m[K [01;31m[Kerror: [m[Kleft operand of comma operator has no effect [[01;31m[K]8;;https://gcc.gnu.org/onlinedocs/gcc/Warning-Options.html#index-Wunused-value-Werror=unused-value]8;;[m[K]
[22.680s]    45 |   gp_loader_([01;31m[K"my_nav2_core"[m[K, "my_nav2_core::MultiAgentGlobalPlanner"),
[22.680s]       |              [01;31m[K^~~~~~~~~~~~~~[m[K
[22.680s] [01m[K/home/andrea/tesi/ros2_mapf_cbs/project_1/src/my_nav2_planner/src/my_planner_server.cpp:45:3:[m[K [01;31m[Kerror: [m[Kinvalid conversion from â€˜[01m[Kconst char*[m[Kâ€™ to â€˜[01m[Kint[m[Kâ€™ [[01;31m[K]8;;https://gcc.gnu.org/onlinedocs/gcc/Warning-Options.html#index-fpermissive-fpermissive]8;;[m[K]
[22.680s]    45 |   [01;31m[Kgp_loader_("my_nav2_core", "my_nav2_core::MultiAgentGlobalPlanner")[m[K,
[22.680s]       |   [01;31m[K^~~~~~~~~~~~~~~~~~~~~~~~~~~~~~~~~~~~~~~~~~~~~~~~~~~~~~~~~~~~~~~~~~~[m[K
[22.680s]       |   [01;31m[K|[m[K
[22.680s]       |   [01;31m[Kconst char*[m[K
[22.689s] [01m[K/home/andrea/tesi/ros2_mapf_cbs/project_1/src/my_nav2_planner/src/my_planner_server.cpp:[m[K In destructor â€˜[01m[Kvirtual my_nav2_planner::MyPlannerServer::~MyPlannerServer()[m[Kâ€™:
[22.689s] [01m[K/home/andrea/tesi/ros2_mapf_cbs/project_1/src/my_nav2_planner/src/my_planner_server.cpp:77:3:[m[K [01;31m[Kerror: [m[Kâ€˜[01m[Kplanners_[m[Kâ€™ was not declared in this scope; did you mean â€˜[01m[Kplanner_ids_[m[Kâ€™?
[22.689s]    77 |   [01;31m[Kplanners_[m[K.clear();
[22.689s]       |   [01;31m[K^~~~~~~~~[m[K
[22.689s]       |   [32m[Kplanner_ids_[m[K
[22.691s] [01m[K/home/andrea/tesi/ros2_mapf_cbs/project_1/src/my_nav2_planner/src/my_planner_server.cpp:[m[K In member function â€˜[01m[Kvirtual nav2_util::CallbackReturn my_nav2_planner::MyPlannerServer::on_configure(const rclcpp_lifecycle::State&)[m[Kâ€™:
[22.691s] [01m[K/home/andrea/tesi/ros2_mapf_cbs/project_1/src/my_nav2_planner/src/my_planner_server.cpp:106:21:[m[K [01;31m[Kerror: [m[Kâ€˜[01m[Kmy_nav2_core::MyGlobalPlanner[m[Kâ€™ has not been declared
[22.691s]   106 |       my_nav2_core::[01;31m[KMyGlobalPlanner[m[K::Ptr planner =
[22.691s]       |                     [01;31m[K^~~~~~~~~~~~~~~[m[K
[22.697s] [01m[K/home/andrea/tesi/ros2_mapf_cbs/project_1/src/my_nav2_planner/src/my_planner_server.cpp:111:7:[m[K [01;31m[Kerror: [m[Kâ€˜[01m[Kplanner[m[Kâ€™ was not declared in this scope
[22.697s]   111 |       [01;31m[Kplanner[m[K->configure(node, planner_ids_[i], tf_, costmap_ros_);
[22.697s]       |       [01;31m[K^~~~~~~[m[K
[22.701s] [01m[K/home/andrea/tesi/ros2_mapf_cbs/project_1/src/my_nav2_planner/src/my_planner_server.cpp:112:7:[m[K [01;31m[Kerror: [m[Kâ€˜[01m[Kplanners_[m[Kâ€™ was not declared in this scope; did you mean â€˜[01m[Kplanner_ids_[m[Kâ€™?
[22.701s]   112 |       [01;31m[Kplanners_[m[K.insert({planner_ids_[i], planner});
[22.701s]       |       [01;31m[K^~~~~~~~~[m[K
[22.702s]       |       [32m[Kplanner_ids_[m[K
[22.734s] [01m[K/home/andrea/tesi/ros2_mapf_cbs/project_1/src/my_nav2_planner/src/my_planner_server.cpp:[m[K In member function â€˜[01m[Kvirtual nav2_util::CallbackReturn my_nav2_planner::MyPlannerServer::on_activate(const rclcpp_lifecycle::State&)[m[Kâ€™:
[22.734s] [01m[K/home/andrea/tesi/ros2_mapf_cbs/project_1/src/my_nav2_planner/src/my_planner_server.cpp:182:3:[m[K [01;31m[Kerror: [m[Kâ€˜[01m[KPlannerMap[m[Kâ€™ has not been declared
[22.734s]   182 |   [01;31m[KPlannerMap[m[K::iterator it;
[22.735s]       |   [01;31m[K^~~~~~~~~~[m[K
[22.739s] [01m[K/home/andrea/tesi/ros2_mapf_cbs/project_1/src/my_nav2_planner/src/my_planner_server.cpp:183:8:[m[K [01;31m[Kerror: [m[Kâ€˜[01m[Kit[m[Kâ€™ was not declared in this scope; did you mean â€˜[01m[Kint[m[Kâ€™?
[22.739s]   183 |   for ([01;31m[Kit[m[K = planners_.begin(); it != planners_.end(); ++it) {
[22.739s]       |        [01;31m[K^~[m[K
[22.739s]       |        [32m[Kint[m[K
[22.744s] [01m[K/home/andrea/tesi/ros2_mapf_cbs/project_1/src/my_nav2_planner/src/my_planner_server.cpp:183:13:[m[K [01;31m[Kerror: [m[Kâ€˜[01m[Kplanners_[m[Kâ€™ was not declared in this scope; did you mean â€˜[01m[Kplanner_ids_[m[Kâ€™?
[22.744s]   183 |   for (it = [01;31m[Kplanners_[m[K.begin(); it != planners_.end(); ++it) {
[22.744s]       |             [01;31m[K^~~~~~~~~[m[K
[22.744s]       |             [32m[Kplanner_ids_[m[K
[22.798s] [01m[K/home/andrea/tesi/ros2_mapf_cbs/project_1/src/my_nav2_planner/src/my_planner_server.cpp:[m[K In member function â€˜[01m[Kvirtual nav2_util::CallbackReturn my_nav2_planner::MyPlannerServer::on_deactivate(const rclcpp_lifecycle::State&)[m[Kâ€™:
[22.798s] [01m[K/home/andrea/tesi/ros2_mapf_cbs/project_1/src/my_nav2_planner/src/my_planner_server.cpp:227:3:[m[K [01;31m[Kerror: [m[Kâ€˜[01m[KPlannerMap[m[Kâ€™ has not been declared
[22.798s]   227 |   [01;31m[KPlannerMap[m[K::iterator it;
[22.798s]       |   [01;31m[K^~~~~~~~~~[m[K
[22.802s] [01m[K/home/andrea/tesi/ros2_mapf_cbs/project_1/src/my_nav2_planner/src/my_planner_server.cpp:228:8:[m[K [01;31m[Kerror: [m[Kâ€˜[01m[Kit[m[Kâ€™ was not declared in this scope; did you mean â€˜[01m[Kint[m[Kâ€™?
[22.802s]   228 |   for ([01;31m[Kit[m[K = planners_.begin(); it != planners_.end(); ++it) {
[22.802s]       |        [01;31m[K^~[m[K
[22.802s]       |        [32m[Kint[m[K
[22.807s] [01m[K/home/andrea/tesi/ros2_mapf_cbs/project_1/src/my_nav2_planner/src/my_planner_server.cpp:228:13:[m[K [01;31m[Kerror: [m[Kâ€˜[01m[Kplanners_[m[Kâ€™ was not declared in this scope; did you mean â€˜[01m[Kplanner_ids_[m[Kâ€™?
[22.807s]   228 |   for (it = [01;31m[Kplanners_[m[K.begin(); it != planners_.end(); ++it) {
[22.807s]       |             [01;31m[K^~~~~~~~~[m[K
[22.807s]       |             [32m[Kplanner_ids_[m[K
[22.808s] [01m[K/home/andrea/tesi/ros2_mapf_cbs/project_1/src/my_nav2_planner/src/my_planner_server.cpp:[m[K In member function â€˜[01m[Kvirtual nav2_util::CallbackReturn my_nav2_planner::MyPlannerServer::on_cleanup(const rclcpp_lifecycle::State&)[m[Kâ€™:
[22.808s] [01m[K/home/andrea/tesi/ros2_mapf_cbs/project_1/src/my_nav2_planner/src/my_planner_server.cpp:260:3:[m[K [01;31m[Kerror: [m[Kâ€˜[01m[KPlannerMap[m[Kâ€™ has not been declared
[22.808s]   260 |   [01;31m[KPlannerMap[m[K::iterator it;
[22.808s]       |   [01;31m[K^~~~~~~~~~[m[K
[22.812s] [01m[K/home/andrea/tesi/ros2_mapf_cbs/project_1/src/my_nav2_planner/src/my_planner_server.cpp:261:8:[m[K [01;31m[Kerror: [m[Kâ€˜[01m[Kit[m[Kâ€™ was not declared in this scope; did you mean â€˜[01m[Kint[m[Kâ€™?
[22.812s]   261 |   for ([01;31m[Kit[m[K = planners_.begin(); it != planners_.end(); ++it) {
[22.812s]       |        [01;31m[K^~[m[K
[22.812s]       |        [32m[Kint[m[K
[22.817s] [01m[K/home/andrea/tesi/ros2_mapf_cbs/project_1/src/my_nav2_planner/src/my_planner_server.cpp:261:13:[m[K [01;31m[Kerror: [m[Kâ€˜[01m[Kplanners_[m[Kâ€™ was not declared in this scope; did you mean â€˜[01m[Kplanner_ids_[m[Kâ€™?
[22.817s]   261 |   for (it = [01;31m[Kplanners_[m[K.begin(); it != planners_.end(); ++it) {
[22.817s]       |             [01;31m[K^~~~~~~~~[m[K
[22.817s]       |             [32m[Kplanner_ids_[m[K
[22.822s] [01m[K/home/andrea/tesi/ros2_mapf_cbs/project_1/src/my_nav2_planner/src/my_planner_server.cpp:265:3:[m[K [01;31m[Kerror: [m[Kâ€˜[01m[Kplanners_[m[Kâ€™ was not declared in this scope; did you mean â€˜[01m[Kplanner_ids_[m[Kâ€™?
[22.822s]   265 |   [01;31m[Kplanners_[m[K.clear();
[22.822s]       |   [01;31m[K^~~~~~~~~[m[K
[22.822s]       |   [32m[Kplanner_ids_[m[K
[22.844s] [01m[K/home/andrea/tesi/ros2_mapf_cbs/project_1/src/my_nav2_planner/src/my_planner_server.cpp:[m[K In member function â€˜[01m[Knav_msgs::msg::Path my_nav2_planner::MyPlannerServer::getPlan(const PoseStamped&, const PoseStamped&, std::vector<my_intermediate_interfaces::msg::VertexConstraint_<std::allocator<void> >, std::allocator<my_intermediate_interfaces::msg::VertexConstraint_<std::allocator<void> > > >, std::vector<my_intermediate_interfaces::msg::EdgeConstraint_<std::allocator<void> >, std::allocator<my_intermediate_interfaces::msg::EdgeConstraint_<std::allocator<void> > > >, const string&)[m[Kâ€™:
[22.844s] [01m[K/home/andrea/tesi/ros2_mapf_cbs/project_1/src/my_nav2_planner/src/my_planner_server.cpp:594:7:[m[K [01;31m[Kerror: [m[Kâ€˜[01m[Kplanners_[m[Kâ€™ was not declared in this scope; did you mean â€˜[01m[Kplanner_ids_[m[Kâ€™?
[22.844s]   594 |   if ([01;31m[Kplanners_[m[K.find(planner_id) != planners_.end()) {
[22.844s]       |       [01;31m[K^~~~~~~~~[m[K
[22.844s]       |       [32m[Kplanner_ids_[m[K
[24.604s] cc1plus: all warnings being treated as errors
[24.624s] gmake[2]: *** [CMakeFiles/my_planner_server_core.dir/build.make:76: CMakeFiles/my_planner_server_core.dir/src/my_planner_server.cpp.o] Error 1
[24.624s] gmake[1]: *** [CMakeFiles/Makefile2:139: CMakeFiles/my_planner_server_core.dir/all] Error 2
[24.625s] gmake: *** [Makefile:146: all] Error 2
[24.627s] Invoked command in '/home/andrea/tesi/ros2_mapf_cbs/project_1/build/my_nav2_planner' returned '2': CMAKE_PREFIX_PATH=/home/andrea/tesi/ros2_mapf_cbs/project_1/install/my_nav2_core:/home/andrea/tesi/ros2_mapf_cbs/project_1/install/my_intermediate_interfaces:/home/andrea/tesi/ros2_mapf_cbs/project_1/install/turtlebot3_multi_robot:/home/andrea/tesi/ros2_mapf_cbs/project_1/install/nav2_straightline_planner:/home/andrea/tesi/ros2_mapf_cbs/project_1/install/my_nav2_navfn_planner:/home/andrea/tesi/ros2_mapf_cbs/project_1/install/nav2_core:/home/andrea/tesi/ros2_mapf_cbs/project_1/install/my_try_bringup:/home/andrea/tesi/ros2_mapf_cbs/simple_example/install/my_robot_bringup:/home/andrea/tesi/ros2_mapf_cbs/simple_example/install/my_robot_interfaces:/home/andrea/tesi/ros2_mapf_cbs/project_1/install/my_package:/home/andrea/tesi/ros2_mapf_cbs/project_1/install/my_intermediate:/home/andrea/tesi/ros2_mapf_cbs/simple_example/install/my_py_pkg:/opt/ros/humble LD_LIBRARY_PATH=/home/andrea/tesi/ros2_mapf_cbs/project_1/install/my_intermediate_interfaces/lib:/home/andrea/tesi/ros2_mapf_cbs/project_1/install/nav2_straightline_planner/lib:/home/andrea/tesi/ros2_mapf_cbs/project_1/install/my_nav2_navfn_planner/lib:/home/andrea/tesi/ros2_mapf_cbs/simple_example/install/my_robot_interfaces/lib:/usr/lib/x86_64-linux-gnu/gazebo-11/plugins:/opt/ros/humble/opt/rviz_ogre_vendor/lib:/opt/ros/humble/lib/x86_64-linux-gnu:/opt/ros/humble/lib:/home/andrea/ws_online/build/ros2_bdi_on_litter_world:/home/andrea/ws_online/build/ros2_bdi_on_litter_world /usr/bin/cmake --build /home/andrea/tesi/ros2_mapf_cbs/project_1/build/my_nav2_planner -- -j8 -l8
