[35m[1mConsolidate compiler generated dependencies of target my_nav2_navfn_planner[0m
[ 33%] [32mBuilding CXX object CMakeFiles/my_nav2_navfn_planner.dir/src/navfn_planner.cpp.o[0m
[01m[K/home/andrea/tesi/ros2_mapf_cbs/project_1/src/my_nav2_navfn_planner/src/navfn_planner.cpp:[m[K In member function â€˜[01m[Knav_msgs::msg::Path my_nav2_navfn_planner::NavfnPlanner::createPlan(const PoseStamped&, const PoseStamped&, std::vector<my_intermediate_interfaces::msg::VertexConstraint_<std::allocator<void> > >, std::vector<my_intermediate_interfaces::msg::EdgeConstraint_<std::allocator<void> > >)[m[Kâ€™:
[01m[K/home/andrea/tesi/ros2_mapf_cbs/project_1/src/my_nav2_navfn_planner/src/navfn_planner.cpp:118:24:[m[K [01;31m[Kerror: [m[Kno match for â€˜[01m[Koperator=[m[Kâ€™ (operand types are â€˜[01m[Kconst std::vector<my_intermediate_interfaces::msg::VertexConstraint_<std::allocator<void> > >[m[Kâ€™ and â€˜[01m[Kstd::nullptr_t[m[Kâ€™)
  118 |   vertex_constraints = [01;31m[Knullptr[m[K
      |                        [01;31m[K^~~~~~~[m[K
In file included from [01m[K/usr/include/c++/11/vector:72[m[K,
                 from [01m[K/home/andrea/tesi/ros2_mapf_cbs/project_1/src/my_nav2_navfn_planner/include/my_nav2_navfn_planner/navfn_planner.hpp:23[m[K,
                 from [01m[K/home/andrea/tesi/ros2_mapf_cbs/project_1/src/my_nav2_navfn_planner/src/navfn_planner.cpp:1[m[K:
[01m[K/usr/include/c++/11/bits/vector.tcc:198:5:[m[K [01;36m[Knote: [m[Kcandidate: â€˜[01m[Kstd::vector<_Tp, _Alloc>& std::vector<_Tp, _Alloc>::operator=(const std::vector<_Tp, _Alloc>&) [with _Tp = my_intermediate_interfaces::msg::VertexConstraint_<std::allocator<void> >; _Alloc = std::allocator<my_intermediate_interfaces::msg::VertexConstraint_<std::allocator<void> > >][m[Kâ€™
  198 |     [01;36m[Kvector<_Tp, _Alloc>[m[K::
      |     [01;36m[K^~~~~~~~~~~~~~~~~~~[m[K
[01m[K/usr/include/c++/11/bits/vector.tcc:199:42:[m[K [01;36m[Knote: [m[K  no known conversion for argument 1 from â€˜[01m[Kstd::nullptr_t[m[Kâ€™ to â€˜[01m[Kconst std::vector<my_intermediate_interfaces::msg::VertexConstraint_<std::allocator<void> > >&[m[Kâ€™
  199 |     operator=([01;36m[Kconst vector<_Tp, _Alloc>& __x[m[K)
      |               [01;36m[K~~~~~~~~~~~~~~~~~~~~~~~~~~~^~~[m[K
In file included from [01m[K/usr/include/c++/11/vector:67[m[K,
                 from [01m[K/home/andrea/tesi/ros2_mapf_cbs/project_1/src/my_nav2_navfn_planner/include/my_nav2_navfn_planner/navfn_planner.hpp:23[m[K,
                 from [01m[K/home/andrea/tesi/ros2_mapf_cbs/project_1/src/my_nav2_navfn_planner/src/navfn_planner.cpp:1[m[K:
[01m[K/usr/include/c++/11/bits/stl_vector.h:709:7:[m[K [01;36m[Knote: [m[Kcandidate: â€˜[01m[Kstd::vector<_Tp, _Alloc>& std::vector<_Tp, _Alloc>::operator=(std::vector<_Tp, _Alloc>&&) [with _Tp = my_intermediate_interfaces::msg::VertexConstraint_<std::allocator<void> >; _Alloc = std::allocator<my_intermediate_interfaces::msg::VertexConstraint_<std::allocator<void> > >][m[Kâ€™
  709 |       [01;36m[Koperator[m[K=(vector&& __x) noexcept(_Alloc_traits::_S_nothrow_move())
      |       [01;36m[K^~~~~~~~[m[K
[01m[K/usr/include/c++/11/bits/stl_vector.h:709:26:[m[K [01;36m[Knote: [m[K  no known conversion for argument 1 from â€˜[01m[Kstd::nullptr_t[m[Kâ€™ to â€˜[01m[Kstd::vector<my_intermediate_interfaces::msg::VertexConstraint_<std::allocator<void> > >&&[m[Kâ€™
  709 |       operator=([01;36m[Kvector&& __x[m[K) noexcept(_Alloc_traits::_S_nothrow_move())
      |                 [01;36m[K~~~~~~~~~^~~[m[K
[01m[K/usr/include/c++/11/bits/stl_vector.h:730:7:[m[K [01;36m[Knote: [m[Kcandidate: â€˜[01m[Kstd::vector<_Tp, _Alloc>& std::vector<_Tp, _Alloc>::operator=(std::initializer_list<_Tp>) [with _Tp = my_intermediate_interfaces::msg::VertexConstraint_<std::allocator<void> >; _Alloc = std::allocator<my_intermediate_interfaces::msg::VertexConstraint_<std::allocator<void> > >][m[Kâ€™
  730 |       [01;36m[Koperator[m[K=(initializer_list<value_type> __l)
      |       [01;36m[K^~~~~~~~[m[K
[01m[K/usr/include/c++/11/bits/stl_vector.h:730:46:[m[K [01;36m[Knote: [m[K  no known conversion for argument 1 from â€˜[01m[Kstd::nullptr_t[m[Kâ€™ to â€˜[01m[Kstd::initializer_list<my_intermediate_interfaces::msg::VertexConstraint_<std::allocator<void> > >[m[Kâ€™
  730 |       operator=([01;36m[Kinitializer_list<value_type> __l[m[K)
      |                 [01;36m[K~~~~~~~~~~~~~~~~~~~~~~~~~~~~~^~~[m[K
[01m[K/home/andrea/tesi/ros2_mapf_cbs/project_1/src/my_nav2_navfn_planner/src/navfn_planner.cpp:121:75:[m[K [01;31m[Kerror: [m[Kâ€˜[01m[Kmx_start[m[Kâ€™ was not declared in this scope; did you mean â€˜[01m[Kva_start[m[Kâ€™?
  121 |   if (!costmap_->worldToMap(start.pose.position.x, start.pose.position.y, [01;31m[Kmx_start[m[K, my_start)) {
      |                                                                           [01;31m[K^~~~~~~~[m[K
      |                                                                           [32m[Kva_start[m[K
[01m[K/home/andrea/tesi/ros2_mapf_cbs/project_1/src/my_nav2_navfn_planner/src/navfn_planner.cpp:121:85:[m[K [01;31m[Kerror: [m[Kâ€˜[01m[Kmy_start[m[Kâ€™ was not declared in this scope; did you mean â€˜[01m[Kva_start[m[Kâ€™?
  121 |   if (!costmap_->worldToMap(start.pose.position.x, start.pose.position.y, mx_start, [01;31m[Kmy_start[m[K)) {
      |                                                                                     [01;31m[K^~~~~~~~[m[K
      |                                                                                     [32m[Kva_start[m[K
[01m[K/home/andrea/tesi/ros2_mapf_cbs/project_1/src/my_nav2_navfn_planner/src/navfn_planner.cpp:127:73:[m[K [01;31m[Kerror: [m[Kâ€˜[01m[Kmx_goal[m[Kâ€™ was not declared in this scope; did you mean â€˜[01m[Kgoal[m[Kâ€™?
  127 |   if (!costmap_->worldToMap(goal.pose.position.x, goal.pose.position.y, [01;31m[Kmx_goal[m[K, my_goal)) {
      |                                                                         [01;31m[K^~~~~~~[m[K
      |                                                                         [32m[Kgoal[m[K
[01m[K/home/andrea/tesi/ros2_mapf_cbs/project_1/src/my_nav2_navfn_planner/src/navfn_planner.cpp:127:82:[m[K [01;31m[Kerror: [m[Kâ€˜[01m[Kmy_goal[m[Kâ€™ was not declared in this scope; did you mean â€˜[01m[Kgoal[m[Kâ€™?
  127 |   if (!costmap_->worldToMap(goal.pose.position.x, goal.pose.position.y, mx_goal, [01;31m[Kmy_goal[m[K)) {
      |                                                                                  [01;31m[K^~~~~~~[m[K
      |                                                                                  [32m[Kgoal[m[K
[01m[K/home/andrea/tesi/ros2_mapf_cbs/project_1/src/my_nav2_navfn_planner/src/navfn_planner.cpp:133:25:[m[K [01;31m[Kerror: [m[Kâ€˜[01m[Kmx_start[m[Kâ€™ was not declared in this scope; did you mean â€˜[01m[Kva_start[m[Kâ€™?
  133 |   if (costmap_->getCost([01;31m[Kmx_start[m[K, my_start) == nav2_costmap_2d::LETHAL_OBSTACLE) {
      |                         [01;31m[K^~~~~~~~[m[K
      |                         [32m[Kva_start[m[K
[01m[K/home/andrea/tesi/ros2_mapf_cbs/project_1/src/my_nav2_navfn_planner/src/navfn_planner.cpp:133:35:[m[K [01;31m[Kerror: [m[Kâ€˜[01m[Kmy_start[m[Kâ€™ was not declared in this scope; did you mean â€˜[01m[Kva_start[m[Kâ€™?
  133 |   if (costmap_->getCost(mx_start, [01;31m[Kmy_start[m[K) == nav2_costmap_2d::LETHAL_OBSTACLE) {
      |                                   [01;31m[K^~~~~~~~[m[K
      |                                   [32m[Kva_start[m[K
[01m[K/home/andrea/tesi/ros2_mapf_cbs/project_1/src/my_nav2_navfn_planner/src/navfn_planner.cpp:139:44:[m[K [01;31m[Kerror: [m[Kâ€˜[01m[Kmx_goal[m[Kâ€™ was not declared in this scope; did you mean â€˜[01m[Kgoal[m[Kâ€™?
  139 |   if (tolerance_ == 0 && costmap_->getCost([01;31m[Kmx_goal[m[K, my_goal) == nav2_costmap_2d::LETHAL_OBSTACLE) {
      |                                            [01;31m[K^~~~~~~[m[K
      |                                            [32m[Kgoal[m[K
[01m[K/home/andrea/tesi/ros2_mapf_cbs/project_1/src/my_nav2_navfn_planner/src/navfn_planner.cpp:139:53:[m[K [01;31m[Kerror: [m[Kâ€˜[01m[Kmy_goal[m[Kâ€™ was not declared in this scope; did you mean â€˜[01m[Kgoal[m[Kâ€™?
  139 |   if (tolerance_ == 0 && costmap_->getCost(mx_goal, [01;31m[Kmy_goal[m[K) == nav2_costmap_2d::LETHAL_OBSTACLE) {
      |                                                     [01;31m[K^~~~~~~[m[K
      |                                                     [32m[Kgoal[m[K
[01m[K/home/andrea/tesi/ros2_mapf_cbs/project_1/src/my_nav2_navfn_planner/src/navfn_planner.cpp:111:70:[m[K [01;31m[Kerror: [m[Kunused parameter â€˜[01m[Kedge_constraints[m[Kâ€™ [[01;31m[K]8;;https://gcc.gnu.org/onlinedocs/gcc/Warning-Options.html#index-Wunused-parameter-Werror=unused-parameter]8;;[m[K]
  111 |   [01;31m[Kconst std::vector<my_intermediate_interfaces::msg::EdgeConstraint> edge_constraints[m[K)
      |   [01;31m[K~~~~~~~~~~~~~~~~~~~~~~~~~~~~~~~~~~~~~~~~~~~~~~~~~~~~~~~~~~~~~~~~~~~^~~~~~~~~~~~~~~~[m[K
In file included from [01m[K/opt/ros/humble/include/class_loader/class_loader/class_loader_core.hpp:57[m[K,
                 from [01m[K/opt/ros/humble/include/class_loader/class_loader/class_loader.hpp:55[m[K,
                 from [01m[K/opt/ros/humble/include/class_loader/class_loader/multi_library_class_loader.hpp:52[m[K,
                 from [01m[K/opt/ros/humble/include/pluginlib/pluginlib/class_loader.hpp:38[m[K,
                 from [01m[K/opt/ros/humble/include/nav2_costmap_2d/costmap_2d_ros.hpp:54[m[K,
                 from [01m[K/opt/ros/humble/include/nav2_core/global_planner.hpp:21[m[K,
                 from [01m[K/home/andrea/tesi/ros2_mapf_cbs/project_1/src/my_nav2_navfn_planner/include/my_nav2_navfn_planner/navfn_planner.hpp:29[m[K,
                 from [01m[K/home/andrea/tesi/ros2_mapf_cbs/project_1/src/my_nav2_navfn_planner/src/navfn_planner.cpp:1[m[K:
/opt/ros/humble/include/class_loader/class_loader/meta_object.hpp: In instantiation of â€˜[01m[KB* class_loader::impl::MetaObject<C, B>::create() const [with C = my_nav2_navfn_planner::NavfnPlanner; B = nav2_core::GlobalPlanner][m[Kâ€™:
[01m[K/opt/ros/humble/include/class_loader/class_loader/meta_object.hpp:216:7:[m[K   required from here
[01m[K/opt/ros/humble/include/class_loader/class_loader/meta_object.hpp:218:12:[m[K [01;31m[Kerror: [m[Kinvalid new-expression of abstract class type â€˜[01m[Kmy_nav2_navfn_planner::NavfnPlanner[m[Kâ€™
  218 |     return [01;31m[Knew C[m[K;
      |            [01;31m[K^~~~~[m[K
In file included from [01m[K/home/andrea/tesi/ros2_mapf_cbs/project_1/src/my_nav2_navfn_planner/src/navfn_planner.cpp:1[m[K:
[01m[K/home/andrea/tesi/ros2_mapf_cbs/project_1/src/my_nav2_navfn_planner/include/my_nav2_navfn_planner/navfn_planner.hpp:42:7:[m[K [01;36m[Knote: [m[K  because the following virtual functions are pure within â€˜[01m[Kmy_nav2_navfn_planner::NavfnPlanner[m[Kâ€™:
   42 | class [01;36m[KNavfnPlanner[m[K : public nav2_core::GlobalPlanner
      |       [01;36m[K^~~~~~~~~~~~[m[K
In file included from [01m[K/home/andrea/tesi/ros2_mapf_cbs/project_1/src/my_nav2_navfn_planner/include/my_nav2_navfn_planner/navfn_planner.hpp:29[m[K,
                 from [01m[K/home/andrea/tesi/ros2_mapf_cbs/project_1/src/my_nav2_navfn_planner/src/navfn_planner.cpp:1[m[K:
[01m[K/opt/ros/humble/include/nav2_core/global_planner.hpp:76:31:[m[K [01;36m[Knote: [m[K    â€˜[01m[Kvirtual nav_msgs::msg::Path nav2_core::GlobalPlanner::createPlan(const PoseStamped&, const PoseStamped&)[m[Kâ€™
   76 |   virtual nav_msgs::msg::Path [01;36m[KcreatePlan[m[K(
      |                               [01;36m[K^~~~~~~~~~[m[K
cc1plus: all warnings being treated as errors
gmake[2]: *** [CMakeFiles/my_nav2_navfn_planner.dir/build.make:76: CMakeFiles/my_nav2_navfn_planner.dir/src/navfn_planner.cpp.o] Error 1
gmake[1]: *** [CMakeFiles/Makefile2:137: CMakeFiles/my_nav2_navfn_planner.dir/all] Error 2
gmake: *** [Makefile:146: all] Error 2
