-- Found ament_cmake: 1.3.5 (/opt/ros/humble/share/ament_cmake/cmake)
-- Override CMake install command with custom implementation using symlinks instead of copying resources
-- Found nav2_common: 1.1.12 (/opt/ros/humble/share/nav2_common/cmake)
-- Found rclcpp: 16.0.6 (/opt/ros/humble/share/rclcpp/cmake)
-- Found rosidl_generator_c: 3.1.5 (/opt/ros/humble/share/rosidl_generator_c/cmake)
-- Found rosidl_adapter: 3.1.5 (/opt/ros/humble/share/rosidl_adapter/cmake)
-- Found rosidl_generator_cpp: 3.1.5 (/opt/ros/humble/share/rosidl_generator_cpp/cmake)
-- Using all available rosidl_typesupport_c: rosidl_typesupport_fastrtps_c;rosidl_typesupport_introspection_c
-- Using all available rosidl_typesupport_cpp: rosidl_typesupport_fastrtps_cpp;rosidl_typesupport_introspection_cpp
-- Found rmw_implementation_cmake: 6.1.1 (/opt/ros/humble/share/rmw_implementation_cmake/cmake)
-- Found rmw_cyclonedds_cpp: 1.3.4 (/opt/ros/humble/share/rmw_cyclonedds_cpp/cmake)
-- Using RMW implementation 'rmw_cyclonedds_cpp' as default
-- Found rclcpp_action: 16.0.6 (/opt/ros/humble/share/rclcpp_action/cmake)
-- Found rclcpp_lifecycle: 16.0.6 (/opt/ros/humble/share/rclcpp_lifecycle/cmake)
-- Found rclcpp_components: 16.0.6 (/opt/ros/humble/share/rclcpp_components/cmake)
-- Found visualization_msgs: 4.2.3 (/opt/ros/humble/share/visualization_msgs/cmake)
-- Found nav2_util: 1.1.12 (/opt/ros/humble/share/nav2_util/cmake)
-- Found eigen3_cmake_module: 0.1.1 (/opt/ros/humble/share/eigen3_cmake_module/cmake)
-- Ensuring Eigen3 include directory is part of orocos-kdl CMake target
-- Found nav2_costmap_2d: 1.1.12 (/opt/ros/humble/share/nav2_costmap_2d/cmake)
-- Found my_nav2_navfn_planner: 1.1.12 (/home/andrea/tesi/ros2_mapf_cbs/project_1/install/my_nav2_navfn_planner/share/my_nav2_navfn_planner/cmake)
-- Found ament_lint_auto: 0.12.8 (/opt/ros/humble/share/ament_lint_auto/cmake)
-- Found ament_cmake_gtest: 1.3.5 (/opt/ros/humble/share/ament_cmake_gtest/cmake)
-- Added test 'copyright' to check source files copyright and LICENSE
-- Added test 'cppcheck' to perform static code analysis on C / C++ code
-- Configured cppcheck include dirs: /home/andrea/tesi/ros2_mapf_cbs/project_1/src/my_nav2_planner/include
-- Configured cppcheck exclude dirs and/or files: 
-- Added test 'cpplint' to check C / C++ code against the Google style
-- Configured cpplint exclude dirs and/or files: 
-- Added test 'lint_cmake' to check CMake code style
-- Added test 'uncrustify' to check C / C++ code style
-- Configured uncrustify additional arguments: 
-- Added test 'xmllint' to check XML markup files
-- Configuring done
-- Generating done
-- Build files have been written to: /home/andrea/tesi/ros2_mapf_cbs/project_1/build/my_nav2_planner
[35m[1mConsolidate compiler generated dependencies of target my_planner_server_core[0m
[ 25%] [32mBuilding CXX object CMakeFiles/my_planner_server_core.dir/src/my_planner_server.cpp.o[0m
In file included from [01m[K/home/andrea/tesi/ros2_mapf_cbs/project_1/src/my_nav2_planner/src/my_planner_server.cpp:34[m[K:
[01m[K/home/andrea/tesi/ros2_mapf_cbs/project_1/src/my_nav2_planner/include/my_nav2_planner/my_planner_server.hpp:108:43:[m[K [01;31m[Kerror: [m[Kâ€˜[01m[KMyComputePathToPose[m[Kâ€™ in namespace â€˜[01m[Knav2_msgs::action[m[Kâ€™ does not name a type; did you mean â€˜[01m[KComputePathToPose[m[Kâ€™?
  108 |   using ActionToPose = nav2_msgs::action::[01;31m[KMyComputePathToPose[m[K;
      |                                           [01;31m[K^~~~~~~~~~~~~~~~~~~[m[K
      |                                           [32m[KComputePathToPose[m[K
[01m[K/home/andrea/tesi/ros2_mapf_cbs/project_1/src/my_nav2_planner/include/my_nav2_planner/my_planner_server.hpp:110:60:[m[K [01;31m[Kerror: [m[Kâ€˜[01m[KActionToPose[m[Kâ€™ was not declared in this scope
  110 |   using ActionServerToPose = nav2_util::SimpleActionServer<[01;31m[KActionToPose[m[K>;
      |                                                            [01;31m[K^~~~~~~~~~~~[m[K
[01m[K/home/andrea/tesi/ros2_mapf_cbs/project_1/src/my_nav2_planner/include/my_nav2_planner/my_planner_server.hpp:110:72:[m[K [01;31m[Kerror: [m[Ktemplate argument 1 is invalid
  110 |   using ActionServerToPose = nav2_util::SimpleActionServer<ActionToPose[01;31m[K>[m[K;
      |                                                                        [01;31m[K^[m[K
[01m[K/home/andrea/tesi/ros2_mapf_cbs/project_1/src/my_nav2_planner/include/my_nav2_planner/my_planner_server.hpp:189:19:[m[K [01;31m[Kerror: [m[Kâ€˜[01m[KActionServerToPose[m[Kâ€™ was not declared in this scope; did you mean â€˜[01m[KActionServerThroughPoses[m[Kâ€™?
  189 |   std::unique_ptr<[01;31m[KActionServerToPose[m[K> action_server_pose_;
      |                   [01;31m[K^~~~~~~~~~~~~~~~~~[m[K
      |                   [32m[KActionServerThroughPoses[m[K
[01m[K/home/andrea/tesi/ros2_mapf_cbs/project_1/src/my_nav2_planner/include/my_nav2_planner/my_planner_server.hpp:189:37:[m[K [01;31m[Kerror: [m[Ktemplate argument 1 is invalid
  189 |   std::unique_ptr<ActionServerToPose[01;31m[K>[m[K action_server_pose_;
      |                                     [01;31m[K^[m[K
[01m[K/home/andrea/tesi/ros2_mapf_cbs/project_1/src/my_nav2_planner/include/my_nav2_planner/my_planner_server.hpp:189:37:[m[K [01;31m[Kerror: [m[Ktemplate argument 2 is invalid
[01m[K/home/andrea/tesi/ros2_mapf_cbs/project_1/src/my_nav2_planner/src/my_planner_server.cpp:[m[K In member function â€˜[01m[Kvirtual nav2_util::CallbackReturn my_nav2_planner::MyPlannerServer::on_configure(const rclcpp_lifecycle::State&)[m[Kâ€™:
[01m[K/home/andrea/tesi/ros2_mapf_cbs/project_1/src/my_nav2_planner/src/my_planner_server.cpp:142:42:[m[K [01;31m[Kerror: [m[Kâ€˜[01m[KActionServerToPose[m[Kâ€™ was not declared in this scope; did you mean â€˜[01m[Kaction_server_pose_[m[Kâ€™?
  142 |   action_server_pose_ = std::make_unique<[01;31m[KActionServerToPose[m[K>(
      |                                          [01;31m[K^~~~~~~~~~~~~~~~~~[m[K
      |                                          [32m[Kaction_server_pose_[m[K
[01m[K/home/andrea/tesi/ros2_mapf_cbs/project_1/src/my_nav2_planner/src/my_planner_server.cpp:142:61:[m[K [01;31m[Kerror: [m[Kno matching function for call to â€˜[01m[Kmake_unique<<expression error> >(std::shared_ptr<nav2_util::LifecycleNode>, const char [21], std::_Bind_helper<false, void (my_nav2_planner::MyPlannerServer::*)(), my_nav2_planner::MyPlannerServer*>::type, std::nullptr_t, std::chrono::milliseconds, bool)[m[Kâ€™
  142 |   action_server_pose_ = [01;31m[Kstd::make_unique<ActionServerToPose>([m[K
      |                         [01;31m[K~~~~~~~~~~~~~~~~~~~~~~~~~~~~~~~~~~~~^[m[K
  143 | [01;31m[K    shared_from_this(),[m[K
      |     [01;31m[K~~~~~~~~~~~~~~~~~~~[m[K                                      
  144 | [01;31m[K    "compute_path_to_pose",[m[K
      |     [01;31m[K~~~~~~~~~~~~~~~~~~~~~~~[m[K                                  
  145 | [01;31m[K    std::bind(&MyPlannerServer::computePlan, this),[m[K
      |     [01;31m[K~~~~~~~~~~~~~~~~~~~~~~~~~~~~~~~~~~~~~~~~~~~~~~~[m[K          
  146 | [01;31m[K    nullptr,[m[K
      |     [01;31m[K~~~~~~~~[m[K                                                 
  147 | [01;31m[K    std::chrono::milliseconds(500),[m[K
      |     [01;31m[K~~~~~~~~~~~~~~~~~~~~~~~~~~~~~~~[m[K                          
  148 | [01;31m[K    true)[m[K;
      |     [01;31m[K~~~~~[m[K                                                    
In file included from [01m[K/usr/include/c++/11/bits/locale_conv.h:41[m[K,
                 from [01m[K/usr/include/c++/11/locale:43[m[K,
                 from [01m[K/usr/include/c++/11/iomanip:43[m[K,
                 from [01m[K/home/andrea/tesi/ros2_mapf_cbs/project_1/src/my_nav2_planner/src/my_planner_server.cpp:18[m[K:
[01m[K/usr/include/c++/11/bits/unique_ptr.h:961:5:[m[K [01;36m[Knote: [m[Kcandidate: â€˜[01m[Ktemplate<class _Tp, class ... _Args> typename std::_MakeUniq<_Tp>::__single_object std::make_unique(_Args&& ...)[m[Kâ€™
  961 |     [01;36m[Kmake_unique[m[K(_Args&&... __args)
      |     [01;36m[K^~~~~~~~~~~[m[K
[01m[K/usr/include/c++/11/bits/unique_ptr.h:961:5:[m[K [01;36m[Knote: [m[K  template argument deduction/substitution failed:
[01m[K/home/andrea/tesi/ros2_mapf_cbs/project_1/src/my_nav2_planner/src/my_planner_server.cpp:142:61:[m[K [01;31m[Kerror: [m[Ktemplate argument 1 is invalid
  142 |   action_server_pose_ = [01;31m[Kstd::make_unique<ActionServerToPose>([m[K
      |                         [01;31m[K~~~~~~~~~~~~~~~~~~~~~~~~~~~~~~~~~~~~^[m[K
  143 | [01;31m[K    shared_from_this(),[m[K
      |     [01;31m[K~~~~~~~~~~~~~~~~~~~[m[K                                      
  144 | [01;31m[K    "compute_path_to_pose",[m[K
      |     [01;31m[K~~~~~~~~~~~~~~~~~~~~~~~[m[K                                  
  145 | [01;31m[K    std::bind(&MyPlannerServer::computePlan, this),[m[K
      |     [01;31m[K~~~~~~~~~~~~~~~~~~~~~~~~~~~~~~~~~~~~~~~~~~~~~~~[m[K          
  146 | [01;31m[K    nullptr,[m[K
      |     [01;31m[K~~~~~~~~[m[K                                                 
  147 | [01;31m[K    std::chrono::milliseconds(500),[m[K
      |     [01;31m[K~~~~~~~~~~~~~~~~~~~~~~~~~~~~~~~[m[K                          
  148 | [01;31m[K    true)[m[K;
      |     [01;31m[K~~~~~[m[K                                                    
In file included from [01m[K/usr/include/c++/11/bits/locale_conv.h:41[m[K,
                 from [01m[K/usr/include/c++/11/locale:43[m[K,
                 from [01m[K/usr/include/c++/11/iomanip:43[m[K,
                 from [01m[K/home/andrea/tesi/ros2_mapf_cbs/project_1/src/my_nav2_planner/src/my_planner_server.cpp:18[m[K:
[01m[K/usr/include/c++/11/bits/unique_ptr.h:967:5:[m[K [01;36m[Knote: [m[Kcandidate: â€˜[01m[Ktemplate<class _Tp> typename std::_MakeUniq<_Tp>::__array std::make_unique(std::size_t)[m[Kâ€™
  967 |     [01;36m[Kmake_unique[m[K(size_t __num)
      |     [01;36m[K^~~~~~~~~~~[m[K
[01m[K/usr/include/c++/11/bits/unique_ptr.h:967:5:[m[K [01;36m[Knote: [m[K  template argument deduction/substitution failed:
[01m[K/home/andrea/tesi/ros2_mapf_cbs/project_1/src/my_nav2_planner/src/my_planner_server.cpp:142:61:[m[K [01;31m[Kerror: [m[Ktemplate argument 1 is invalid
  142 |   action_server_pose_ = [01;31m[Kstd::make_unique<ActionServerToPose>([m[K
      |                         [01;31m[K~~~~~~~~~~~~~~~~~~~~~~~~~~~~~~~~~~~~^[m[K
  143 | [01;31m[K    shared_from_this(),[m[K
      |     [01;31m[K~~~~~~~~~~~~~~~~~~~[m[K                                      
  144 | [01;31m[K    "compute_path_to_pose",[m[K
      |     [01;31m[K~~~~~~~~~~~~~~~~~~~~~~~[m[K                                  
  145 | [01;31m[K    std::bind(&MyPlannerServer::computePlan, this),[m[K
      |     [01;31m[K~~~~~~~~~~~~~~~~~~~~~~~~~~~~~~~~~~~~~~~~~~~~~~~[m[K          
  146 | [01;31m[K    nullptr,[m[K
      |     [01;31m[K~~~~~~~~[m[K                                                 
  147 | [01;31m[K    std::chrono::milliseconds(500),[m[K
      |     [01;31m[K~~~~~~~~~~~~~~~~~~~~~~~~~~~~~~~[m[K                          
  148 | [01;31m[K    true)[m[K;
      |     [01;31m[K~~~~~[m[K                                                    
In file included from [01m[K/usr/include/c++/11/bits/locale_conv.h:41[m[K,
                 from [01m[K/usr/include/c++/11/locale:43[m[K,
                 from [01m[K/usr/include/c++/11/iomanip:43[m[K,
                 from [01m[K/home/andrea/tesi/ros2_mapf_cbs/project_1/src/my_nav2_planner/src/my_planner_server.cpp:18[m[K:
[01m[K/usr/include/c++/11/bits/unique_ptr.h:973:5:[m[K [01;36m[Knote: [m[Kcandidate: â€˜[01m[Ktemplate<class _Tp, class ... _Args> typename std::_MakeUniq<_Tp>::__invalid_type std::make_unique(_Args&& ...)[m[Kâ€™ (deleted)
  973 |     [01;36m[Kmake_unique[m[K(_Args&&...) = delete;
      |     [01;36m[K^~~~~~~~~~~[m[K
[01m[K/usr/include/c++/11/bits/unique_ptr.h:973:5:[m[K [01;36m[Knote: [m[K  template argument deduction/substitution failed:
[01m[K/home/andrea/tesi/ros2_mapf_cbs/project_1/src/my_nav2_planner/src/my_planner_server.cpp:142:61:[m[K [01;31m[Kerror: [m[Ktemplate argument 1 is invalid
  142 |   action_server_pose_ = [01;31m[Kstd::make_unique<ActionServerToPose>([m[K
      |                         [01;31m[K~~~~~~~~~~~~~~~~~~~~~~~~~~~~~~~~~~~~^[m[K
  143 | [01;31m[K    shared_from_this(),[m[K
      |     [01;31m[K~~~~~~~~~~~~~~~~~~~[m[K                                      
  144 | [01;31m[K    "compute_path_to_pose",[m[K
      |     [01;31m[K~~~~~~~~~~~~~~~~~~~~~~~[m[K                                  
  145 | [01;31m[K    std::bind(&MyPlannerServer::computePlan, this),[m[K
      |     [01;31m[K~~~~~~~~~~~~~~~~~~~~~~~~~~~~~~~~~~~~~~~~~~~~~~~[m[K          
  146 | [01;31m[K    nullptr,[m[K
      |     [01;31m[K~~~~~~~~[m[K                                                 
  147 | [01;31m[K    std::chrono::milliseconds(500),[m[K
      |     [01;31m[K~~~~~~~~~~~~~~~~~~~~~~~~~~~~~~~[m[K                          
  148 | [01;31m[K    true)[m[K;
      |     [01;31m[K~~~~~[m[K                                                    
[01m[K/home/andrea/tesi/ros2_mapf_cbs/project_1/src/my_nav2_planner/src/my_planner_server.cpp:[m[K In member function â€˜[01m[Kvirtual nav2_util::CallbackReturn my_nav2_planner::MyPlannerServer::on_activate(const rclcpp_lifecycle::State&)[m[Kâ€™:
[01m[K/home/andrea/tesi/ros2_mapf_cbs/project_1/src/my_nav2_planner/src/my_planner_server.cpp:167:22:[m[K [01;31m[Kerror: [m[Kbase operand of â€˜[01m[K->[m[Kâ€™ is not a pointer
  167 |   action_server_pose_[01;31m[K->[m[Kactivate();
      |                      [01;31m[K^~[m[K
[01m[K/home/andrea/tesi/ros2_mapf_cbs/project_1/src/my_nav2_planner/src/my_planner_server.cpp:[m[K In member function â€˜[01m[Kvirtual nav2_util::CallbackReturn my_nav2_planner::MyPlannerServer::on_deactivate(const rclcpp_lifecycle::State&)[m[Kâ€™:
[01m[K/home/andrea/tesi/ros2_mapf_cbs/project_1/src/my_nav2_planner/src/my_planner_server.cpp:199:22:[m[K [01;31m[Kerror: [m[Kbase operand of â€˜[01m[K->[m[Kâ€™ is not a pointer
  199 |   action_server_pose_[01;31m[K->[m[Kdeactivate();
      |                      [01;31m[K^~[m[K
[01m[K/home/andrea/tesi/ros2_mapf_cbs/project_1/src/my_nav2_planner/src/my_planner_server.cpp:[m[K In member function â€˜[01m[Kvirtual nav2_util::CallbackReturn my_nav2_planner::MyPlannerServer::on_cleanup(const rclcpp_lifecycle::State&)[m[Kâ€™:
[01m[K/home/andrea/tesi/ros2_mapf_cbs/project_1/src/my_nav2_planner/src/my_planner_server.cpp:234:23:[m[K [01;31m[Kerror: [m[Krequest for member â€˜[01m[Kreset[m[Kâ€™ in â€˜[01m[K((my_nav2_planner::MyPlannerServer*)this)->my_nav2_planner::MyPlannerServer::action_server_pose_[m[Kâ€™, which is of non-class type â€˜[01m[Kint[m[Kâ€™
  234 |   action_server_pose_.[01;31m[Kreset[m[K();
      |                       [01;31m[K^~~~~[m[K
[01m[K/home/andrea/tesi/ros2_mapf_cbs/project_1/src/my_nav2_planner/src/my_planner_server.cpp:[m[K In member function â€˜[01m[Kvoid my_nav2_planner::MyPlannerServer::computePlan()[m[Kâ€™:
[01m[K/home/andrea/tesi/ros2_mapf_cbs/project_1/src/my_nav2_planner/src/my_planner_server.cpp:468:34:[m[K [01;31m[Kerror: [m[Kbase operand of â€˜[01m[K->[m[Kâ€™ is not a pointer
  468 |   auto goal = action_server_pose_[01;31m[K->[m[Kget_current_goal();
      |                                  [01;31m[K^~[m[K
[01m[K/home/andrea/tesi/ros2_mapf_cbs/project_1/src/my_nav2_planner/src/my_planner_server.cpp:469:34:[m[K [01;31m[Kerror: [m[Kâ€˜[01m[KActionToPose[m[Kâ€™ was not declared in this scope
  469 |   auto result = std::make_shared<[01;31m[KActionToPose[m[K::Result>();
      |                                  [01;31m[K^~~~~~~~~~~~[m[K
[01m[K/home/andrea/tesi/ros2_mapf_cbs/project_1/src/my_nav2_planner/src/my_planner_server.cpp:469:22:[m[K [01;31m[Kerror: [m[Kparse error in template argument list
  469 |   auto result = std::[01;31m[Kmake_shared<ActionToPose::Result>[m[K();
      |                      [01;31m[K^~~~~~~~~~~~~~~~~~~~~~~~~~~~~~~~~[m[K
[01m[K/home/andrea/tesi/ros2_mapf_cbs/project_1/src/my_nav2_planner/src/my_planner_server.cpp:469:55:[m[K [01;31m[Kerror: [m[Kno matching function for call to â€˜[01m[Kmake_shared<<expression error> >()[m[Kâ€™
  469 |   auto result = [01;31m[Kstd::make_shared<ActionToPose::Result>()[m[K;
      |                 [01;31m[K~~~~~~~~~~~~~~~~~~~~~~~~~~~~~~~~~~~~~~^~[m[K
In file included from [01m[K/usr/include/c++/11/memory:77[m[K,
                 from [01m[K/home/andrea/tesi/ros2_mapf_cbs/project_1/src/my_nav2_planner/src/my_planner_server.cpp:22[m[K:
[01m[K/usr/include/c++/11/bits/shared_ptr.h:875:5:[m[K [01;36m[Knote: [m[Kcandidate: â€˜[01m[Ktemplate<class _Tp, class ... _Args> std::shared_ptr<_Tp> std::make_shared(_Args&& ...)[m[Kâ€™
  875 |     [01;36m[Kmake_shared[m[K(_Args&&... __args)
      |     [01;36m[K^~~~~~~~~~~[m[K
[01m[K/usr/include/c++/11/bits/shared_ptr.h:875:5:[m[K [01;36m[Knote: [m[K  template argument deduction/substitution failed:
[01m[K/home/andrea/tesi/ros2_mapf_cbs/project_1/src/my_nav2_planner/src/my_planner_server.cpp:469:55:[m[K [01;31m[Kerror: [m[Ktemplate argument 1 is invalid
  469 |   auto result = [01;31m[Kstd::make_shared<ActionToPose::Result>()[m[K;
      |                 [01;31m[K~~~~~~~~~~~~~~~~~~~~~~~~~~~~~~~~~~~~~~^~[m[K
[01m[K/home/andrea/tesi/ros2_mapf_cbs/project_1/src/my_nav2_planner/src/my_planner_server.cpp:472:25:[m[K [01;31m[Kerror: [m[Kno matching function for call to â€˜[01m[Kmy_nav2_planner::MyPlannerServer::isServerInactive(int&)[m[Kâ€™
  472 |     if ([01;31m[KisServerInactive(action_server_pose_)[m[K || isCancelRequested(action_server_pose_)) {
      |         [01;31m[K~~~~~~~~~~~~~~~~^~~~~~~~~~~~~~~~~~~~~[m[K
[01m[K/home/andrea/tesi/ros2_mapf_cbs/project_1/src/my_nav2_planner/src/my_planner_server.cpp:268:6:[m[K [01;36m[Knote: [m[Kcandidate: â€˜[01m[Ktemplate<class T> bool my_nav2_planner::MyPlannerServer::isServerInactive(std::unique_ptr<nav2_util::SimpleActionServer<T> >&)[m[Kâ€™
  268 | bool [01;36m[KMyPlannerServer[m[K::isServerInactive(
      |      [01;36m[K^~~~~~~~~~~~~~~[m[K
[01m[K/home/andrea/tesi/ros2_mapf_cbs/project_1/src/my_nav2_planner/src/my_planner_server.cpp:268:6:[m[K [01;36m[Knote: [m[K  template argument deduction/substitution failed:
[01m[K/home/andrea/tesi/ros2_mapf_cbs/project_1/src/my_nav2_planner/src/my_planner_server.cpp:472:25:[m[K [01;36m[Knote: [m[K  mismatched types â€˜[01m[Kstd::unique_ptr<nav2_util::SimpleActionServer<T> >[m[Kâ€™ and â€˜[01m[Kint[m[Kâ€™
  472 |     if ([01;36m[KisServerInactive(action_server_pose_)[m[K || isCancelRequested(action_server_pose_)) {
      |         [01;36m[K~~~~~~~~~~~~~~~~^~~~~~~~~~~~~~~~~~~~~[m[K
[01m[K/home/andrea/tesi/ros2_mapf_cbs/project_1/src/my_nav2_planner/src/my_planner_server.cpp:472:67:[m[K [01;31m[Kerror: [m[Kno matching function for call to â€˜[01m[Kmy_nav2_planner::MyPlannerServer::isCancelRequested(int&)[m[Kâ€™
  472 |     if (isServerInactive(action_server_pose_) || [01;31m[KisCancelRequested(action_server_pose_)[m[K) {
      |                                                  [01;31m[K~~~~~~~~~~~~~~~~~^~~~~~~~~~~~~~~~~~~~~[m[K
[01m[K/home/andrea/tesi/ros2_mapf_cbs/project_1/src/my_nav2_planner/src/my_planner_server.cpp:289:6:[m[K [01;36m[Knote: [m[Kcandidate: â€˜[01m[Ktemplate<class T> bool my_nav2_planner::MyPlannerServer::isCancelRequested(std::unique_ptr<nav2_util::SimpleActionServer<T> >&)[m[Kâ€™
  289 | bool [01;36m[KMyPlannerServer[m[K::isCancelRequested(
      |      [01;36m[K^~~~~~~~~~~~~~~[m[K
[01m[K/home/andrea/tesi/ros2_mapf_cbs/project_1/src/my_nav2_planner/src/my_planner_server.cpp:289:6:[m[K [01;36m[Knote: [m[K  template argument deduction/substitution failed:
[01m[K/home/andrea/tesi/ros2_mapf_cbs/project_1/src/my_nav2_planner/src/my_planner_server.cpp:472:67:[m[K [01;36m[Knote: [m[K  mismatched types â€˜[01m[Kstd::unique_ptr<nav2_util::SimpleActionServer<T> >[m[Kâ€™ and â€˜[01m[Kint[m[Kâ€™
  472 |     if (isServerInactive(action_server_pose_) || [01;36m[KisCancelRequested(action_server_pose_)[m[K) {
      |                                                  [01;36m[K~~~~~~~~~~~~~~~~~^~~~~~~~~~~~~~~~~~~~~[m[K
[01m[K/home/andrea/tesi/ros2_mapf_cbs/project_1/src/my_nav2_planner/src/my_planner_server.cpp:488:37:[m[K [01;31m[Kerror: [m[Kno matching function for call to â€˜[01m[Kmy_nav2_planner::MyPlannerServer::transformPosesToGlobalFrame(int&, geometry_msgs::msg::PoseStamped&, geometry_msgs::msg::PoseStamped&)[m[Kâ€™
  488 |     if (![01;31m[KtransformPosesToGlobalFrame(action_server_pose_, start, goal_pose)[m[K) {
      |          [01;31m[K~~~~~~~~~~~~~~~~~~~~~~~~~~~^~~~~~~~~~~~~~~~~~~~~~~~~~~~~~~~~~~~~~~[m[K
[01m[K/home/andrea/tesi/ros2_mapf_cbs/project_1/src/my_nav2_planner/src/my_planner_server.cpp:328:6:[m[K [01;36m[Knote: [m[Kcandidate: â€˜[01m[Ktemplate<class T> bool my_nav2_planner::MyPlannerServer::transformPosesToGlobalFrame(std::unique_ptr<nav2_util::SimpleActionServer<T> >&, geometry_msgs::msg::PoseStamped&, geometry_msgs::msg::PoseStamped&)[m[Kâ€™
  328 | bool [01;36m[KMyPlannerServer[m[K::transformPosesToGlobalFrame(
      |      [01;36m[K^~~~~~~~~~~~~~~[m[K
[01m[K/home/andrea/tesi/ros2_mapf_cbs/project_1/src/my_nav2_planner/src/my_planner_server.cpp:328:6:[m[K [01;36m[Knote: [m[K  template argument deduction/substitution failed:
[01m[K/home/andrea/tesi/ros2_mapf_cbs/project_1/src/my_nav2_planner/src/my_planner_server.cpp:488:37:[m[K [01;36m[Knote: [m[K  mismatched types â€˜[01m[Kstd::unique_ptr<nav2_util::SimpleActionServer<T> >[m[Kâ€™ and â€˜[01m[Kint[m[Kâ€™
  488 |     if (![01;36m[KtransformPosesToGlobalFrame(action_server_pose_, start, goal_pose)[m[K) {
      |          [01;36m[K~~~~~~~~~~~~~~~~~~~~~~~~~~~^~~~~~~~~~~~~~~~~~~~~~~~~~~~~~~~~~~~~~~[m[K
[01m[K/home/andrea/tesi/ros2_mapf_cbs/project_1/src/my_nav2_planner/src/my_planner_server.cpp:511:24:[m[K [01;31m[Kerror: [m[Kbase operand of â€˜[01m[K->[m[Kâ€™ is not a pointer
  511 |     action_server_pose_[01;31m[K->[m[Ksucceeded_current(result);
      |                        [01;31m[K^~[m[K
[01m[K/home/andrea/tesi/ros2_mapf_cbs/project_1/src/my_nav2_planner/src/my_planner_server.cpp:517:24:[m[K [01;31m[Kerror: [m[Kbase operand of â€˜[01m[K->[m[Kâ€™ is not a pointer
  517 |     action_server_pose_[01;31m[K->[m[Kterminate_current();
      |                        [01;31m[K^~[m[K
gmake[2]: *** [CMakeFiles/my_planner_server_core.dir/build.make:76: CMakeFiles/my_planner_server_core.dir/src/my_planner_server.cpp.o] Error 1
gmake[1]: *** [CMakeFiles/Makefile2:139: CMakeFiles/my_planner_server_core.dir/all] Error 2
gmake: *** [Makefile:146: all] Error 2
