[0.062s] Invoking command in '/home/andrea/tesi/ros2_mapf_cbs/project_1/build/my_nav2_planner': CMAKE_PREFIX_PATH=/home/andrea/tesi/ros2_mapf_cbs/project_1/install/my_nav2_navfn_planner:/home/andrea/tesi/ros2_mapf_cbs/project_1/install/my_nav2_core:/home/andrea/tesi/ros2_mapf_cbs/project_1/install/my_intermediate_interfaces:/home/andrea/tesi/ros2_mapf_cbs/project_1/install/turtlebot3_multi_robot:/home/andrea/tesi/ros2_mapf_cbs/project_1/install/nav2_straightline_planner:/home/andrea/tesi/ros2_mapf_cbs/project_1/install/my_try_bringup:/home/andrea/tesi/ros2_mapf_cbs/project_1/install/my_nav2_planner:/home/andrea/tesi/ros2_mapf_cbs/simple_example/install/my_robot_bringup:/home/andrea/tesi/ros2_mapf_cbs/simple_example/install/my_robot_interfaces:/home/andrea/tesi/ros2_mapf_cbs/project_1/install/my_package:/home/andrea/tesi/ros2_mapf_cbs/project_1/install/my_intermediate:/home/andrea/tesi/ros2_mapf_cbs/simple_example/install/my_py_pkg:/opt/ros/humble LD_LIBRARY_PATH=/home/andrea/tesi/ros2_mapf_cbs/project_1/install/my_nav2_navfn_planner/lib:/home/andrea/tesi/ros2_mapf_cbs/project_1/install/my_intermediate_interfaces/lib:/home/andrea/tesi/ros2_mapf_cbs/project_1/install/nav2_straightline_planner/lib:/home/andrea/tesi/ros2_mapf_cbs/project_1/install/my_nav2_planner/lib:/home/andrea/tesi/ros2_mapf_cbs/simple_example/install/my_robot_interfaces/lib:/usr/lib/x86_64-linux-gnu/gazebo-11/plugins:/opt/ros/humble/opt/rviz_ogre_vendor/lib:/opt/ros/humble/lib/x86_64-linux-gnu:/opt/ros/humble/lib:/home/andrea/ws_online/build/ros2_bdi_on_litter_world /usr/bin/cmake /home/andrea/tesi/ros2_mapf_cbs/project_1/src/my_nav2_planner -DCMAKE_INSTALL_PREFIX=/home/andrea/tesi/ros2_mapf_cbs/project_1/install/my_nav2_planner
[0.071s] -- Found ament_cmake: 1.3.5 (/opt/ros/humble/share/ament_cmake/cmake)
[0.186s] -- Override CMake install command with custom implementation using symlinks instead of copying resources
[0.192s] -- Found nav2_common: 1.1.12 (/opt/ros/humble/share/nav2_common/cmake)
[0.192s] -- Found rclcpp: 16.0.6 (/opt/ros/humble/share/rclcpp/cmake)
[0.216s] -- Found rosidl_generator_c: 3.1.5 (/opt/ros/humble/share/rosidl_generator_c/cmake)
[0.217s] -- Found rosidl_adapter: 3.1.5 (/opt/ros/humble/share/rosidl_adapter/cmake)
[0.221s] -- Found rosidl_generator_cpp: 3.1.5 (/opt/ros/humble/share/rosidl_generator_cpp/cmake)
[0.230s] -- Using all available rosidl_typesupport_c: rosidl_typesupport_fastrtps_c;rosidl_typesupport_introspection_c
[0.243s] -- Using all available rosidl_typesupport_cpp: rosidl_typesupport_fastrtps_cpp;rosidl_typesupport_introspection_cpp
[0.283s] -- Found rmw_implementation_cmake: 6.1.1 (/opt/ros/humble/share/rmw_implementation_cmake/cmake)
[0.285s] -- Found rmw_cyclonedds_cpp: 1.3.4 (/opt/ros/humble/share/rmw_cyclonedds_cpp/cmake)
[0.304s] -- Using RMW implementation 'rmw_cyclonedds_cpp' as default
[0.409s] -- Found rclcpp_action: 16.0.6 (/opt/ros/humble/share/rclcpp_action/cmake)
[0.477s] -- Found rclcpp_lifecycle: 16.0.6 (/opt/ros/humble/share/rclcpp_lifecycle/cmake)
[0.505s] -- Found rclcpp_components: 16.0.6 (/opt/ros/humble/share/rclcpp_components/cmake)
[0.549s] -- Found visualization_msgs: 4.2.3 (/opt/ros/humble/share/visualization_msgs/cmake)
[0.749s] -- Found nav2_util: 1.1.12 (/opt/ros/humble/share/nav2_util/cmake)
[1.067s] -- Found eigen3_cmake_module: 0.1.1 (/opt/ros/humble/share/eigen3_cmake_module/cmake)
[1.068s] -- Ensuring Eigen3 include directory is part of orocos-kdl CMake target
[1.192s] -- Found nav2_costmap_2d: 1.1.12 (/opt/ros/humble/share/nav2_costmap_2d/cmake)
[1.816s] -- Found my_nav2_navfn_planner: 1.1.12 (/home/andrea/tesi/ros2_mapf_cbs/project_1/install/my_nav2_navfn_planner/share/my_nav2_navfn_planner/cmake)
[22.635s] -- Found ament_lint_auto: 0.12.8 (/opt/ros/humble/share/ament_lint_auto/cmake)
[22.635s] -- Found ament_cmake_gtest: 1.3.5 (/opt/ros/humble/share/ament_cmake_gtest/cmake)
[22.685s] -- Added test 'copyright' to check source files copyright and LICENSE
[22.686s] -- Added test 'cppcheck' to perform static code analysis on C / C++ code
[22.687s] -- Configured cppcheck include dirs: /home/andrea/tesi/ros2_mapf_cbs/project_1/src/my_nav2_planner/include
[22.687s] -- Configured cppcheck exclude dirs and/or files: 
[22.687s] -- Added test 'cpplint' to check C / C++ code against the Google style
[22.687s] -- Configured cpplint exclude dirs and/or files: 
[22.687s] -- Added test 'lint_cmake' to check CMake code style
[22.688s] -- Added test 'uncrustify' to check C / C++ code style
[22.688s] -- Configured uncrustify additional arguments: 
[22.688s] -- Added test 'xmllint' to check XML markup files
[22.689s] -- Configuring done
[22.733s] -- Generating done
[22.735s] -- Build files have been written to: /home/andrea/tesi/ros2_mapf_cbs/project_1/build/my_nav2_planner
[22.743s] Invoked command in '/home/andrea/tesi/ros2_mapf_cbs/project_1/build/my_nav2_planner' returned '0': CMAKE_PREFIX_PATH=/home/andrea/tesi/ros2_mapf_cbs/project_1/install/my_nav2_navfn_planner:/home/andrea/tesi/ros2_mapf_cbs/project_1/install/my_nav2_core:/home/andrea/tesi/ros2_mapf_cbs/project_1/install/my_intermediate_interfaces:/home/andrea/tesi/ros2_mapf_cbs/project_1/install/turtlebot3_multi_robot:/home/andrea/tesi/ros2_mapf_cbs/project_1/install/nav2_straightline_planner:/home/andrea/tesi/ros2_mapf_cbs/project_1/install/my_try_bringup:/home/andrea/tesi/ros2_mapf_cbs/project_1/install/my_nav2_planner:/home/andrea/tesi/ros2_mapf_cbs/simple_example/install/my_robot_bringup:/home/andrea/tesi/ros2_mapf_cbs/simple_example/install/my_robot_interfaces:/home/andrea/tesi/ros2_mapf_cbs/project_1/install/my_package:/home/andrea/tesi/ros2_mapf_cbs/project_1/install/my_intermediate:/home/andrea/tesi/ros2_mapf_cbs/simple_example/install/my_py_pkg:/opt/ros/humble LD_LIBRARY_PATH=/home/andrea/tesi/ros2_mapf_cbs/project_1/install/my_nav2_navfn_planner/lib:/home/andrea/tesi/ros2_mapf_cbs/project_1/install/my_intermediate_interfaces/lib:/home/andrea/tesi/ros2_mapf_cbs/project_1/install/nav2_straightline_planner/lib:/home/andrea/tesi/ros2_mapf_cbs/project_1/install/my_nav2_planner/lib:/home/andrea/tesi/ros2_mapf_cbs/simple_example/install/my_robot_interfaces/lib:/usr/lib/x86_64-linux-gnu/gazebo-11/plugins:/opt/ros/humble/opt/rviz_ogre_vendor/lib:/opt/ros/humble/lib/x86_64-linux-gnu:/opt/ros/humble/lib:/home/andrea/ws_online/build/ros2_bdi_on_litter_world /usr/bin/cmake /home/andrea/tesi/ros2_mapf_cbs/project_1/src/my_nav2_planner -DCMAKE_INSTALL_PREFIX=/home/andrea/tesi/ros2_mapf_cbs/project_1/install/my_nav2_planner
[22.743s] Invoking command in '/home/andrea/tesi/ros2_mapf_cbs/project_1/build/my_nav2_planner': CMAKE_PREFIX_PATH=/home/andrea/tesi/ros2_mapf_cbs/project_1/install/my_nav2_navfn_planner:/home/andrea/tesi/ros2_mapf_cbs/project_1/install/my_nav2_core:/home/andrea/tesi/ros2_mapf_cbs/project_1/install/my_intermediate_interfaces:/home/andrea/tesi/ros2_mapf_cbs/project_1/install/turtlebot3_multi_robot:/home/andrea/tesi/ros2_mapf_cbs/project_1/install/nav2_straightline_planner:/home/andrea/tesi/ros2_mapf_cbs/project_1/install/my_try_bringup:/home/andrea/tesi/ros2_mapf_cbs/project_1/install/my_nav2_planner:/home/andrea/tesi/ros2_mapf_cbs/simple_example/install/my_robot_bringup:/home/andrea/tesi/ros2_mapf_cbs/simple_example/install/my_robot_interfaces:/home/andrea/tesi/ros2_mapf_cbs/project_1/install/my_package:/home/andrea/tesi/ros2_mapf_cbs/project_1/install/my_intermediate:/home/andrea/tesi/ros2_mapf_cbs/simple_example/install/my_py_pkg:/opt/ros/humble LD_LIBRARY_PATH=/home/andrea/tesi/ros2_mapf_cbs/project_1/install/my_nav2_navfn_planner/lib:/home/andrea/tesi/ros2_mapf_cbs/project_1/install/my_intermediate_interfaces/lib:/home/andrea/tesi/ros2_mapf_cbs/project_1/install/nav2_straightline_planner/lib:/home/andrea/tesi/ros2_mapf_cbs/project_1/install/my_nav2_planner/lib:/home/andrea/tesi/ros2_mapf_cbs/simple_example/install/my_robot_interfaces/lib:/usr/lib/x86_64-linux-gnu/gazebo-11/plugins:/opt/ros/humble/opt/rviz_ogre_vendor/lib:/opt/ros/humble/lib/x86_64-linux-gnu:/opt/ros/humble/lib:/home/andrea/ws_online/build/ros2_bdi_on_litter_world /usr/bin/cmake --build /home/andrea/tesi/ros2_mapf_cbs/project_1/build/my_nav2_planner -- -j8 -l8
[22.774s] [35m[1mConsolidate compiler generated dependencies of target my_planner_server_core[0m
[22.791s] [ 25%] [32mBuilding CXX object CMakeFiles/my_planner_server_core.dir/src/my_planner_server.cpp.o[0m
[25.307s] In file included from [01m[K/home/andrea/tesi/ros2_mapf_cbs/project_1/src/my_nav2_planner/src/my_planner_server.cpp:34[m[K:
[25.308s] [01m[K/home/andrea/tesi/ros2_mapf_cbs/project_1/src/my_nav2_planner/include/my_nav2_planner/my_planner_server.hpp:108:43:[m[K [01;31m[Kerror: [m[Kâ€˜[01m[KMyComputePathToPose[m[Kâ€™ in namespace â€˜[01m[Knav2_msgs::action[m[Kâ€™ does not name a type; did you mean â€˜[01m[KComputePathToPose[m[Kâ€™?
[25.308s]   108 |   using ActionToPose = nav2_msgs::action::[01;31m[KMyComputePathToPose[m[K;
[25.308s]       |                                           [01;31m[K^~~~~~~~~~~~~~~~~~~[m[K
[25.308s]       |                                           [32m[KComputePathToPose[m[K
[25.314s] [01m[K/home/andrea/tesi/ros2_mapf_cbs/project_1/src/my_nav2_planner/include/my_nav2_planner/my_planner_server.hpp:110:60:[m[K [01;31m[Kerror: [m[Kâ€˜[01m[KActionToPose[m[Kâ€™ was not declared in this scope
[25.314s]   110 |   using ActionServerToPose = nav2_util::SimpleActionServer<[01;31m[KActionToPose[m[K>;
[25.314s]       |                                                            [01;31m[K^~~~~~~~~~~~[m[K
[25.314s] [01m[K/home/andrea/tesi/ros2_mapf_cbs/project_1/src/my_nav2_planner/include/my_nav2_planner/my_planner_server.hpp:110:72:[m[K [01;31m[Kerror: [m[Ktemplate argument 1 is invalid
[25.314s]   110 |   using ActionServerToPose = nav2_util::SimpleActionServer<ActionToPose[01;31m[K>[m[K;
[25.314s]       |                                                                        [01;31m[K^[m[K
[25.323s] [01m[K/home/andrea/tesi/ros2_mapf_cbs/project_1/src/my_nav2_planner/include/my_nav2_planner/my_planner_server.hpp:189:19:[m[K [01;31m[Kerror: [m[Kâ€˜[01m[KActionServerToPose[m[Kâ€™ was not declared in this scope; did you mean â€˜[01m[KActionServerThroughPoses[m[Kâ€™?
[25.323s]   189 |   std::unique_ptr<[01;31m[KActionServerToPose[m[K> action_server_pose_;
[25.323s]       |                   [01;31m[K^~~~~~~~~~~~~~~~~~[m[K
[25.323s]       |                   [32m[KActionServerThroughPoses[m[K
[25.323s] [01m[K/home/andrea/tesi/ros2_mapf_cbs/project_1/src/my_nav2_planner/include/my_nav2_planner/my_planner_server.hpp:189:37:[m[K [01;31m[Kerror: [m[Ktemplate argument 1 is invalid
[25.323s]   189 |   std::unique_ptr<ActionServerToPose[01;31m[K>[m[K action_server_pose_;
[25.323s]       |                                     [01;31m[K^[m[K
[25.323s] [01m[K/home/andrea/tesi/ros2_mapf_cbs/project_1/src/my_nav2_planner/include/my_nav2_planner/my_planner_server.hpp:189:37:[m[K [01;31m[Kerror: [m[Ktemplate argument 2 is invalid
[25.384s] [01m[K/home/andrea/tesi/ros2_mapf_cbs/project_1/src/my_nav2_planner/src/my_planner_server.cpp:[m[K In member function â€˜[01m[Kvirtual nav2_util::CallbackReturn my_nav2_planner::MyPlannerServer::on_configure(const rclcpp_lifecycle::State&)[m[Kâ€™:
[25.384s] [01m[K/home/andrea/tesi/ros2_mapf_cbs/project_1/src/my_nav2_planner/src/my_planner_server.cpp:142:42:[m[K [01;31m[Kerror: [m[Kâ€˜[01m[KActionServerToPose[m[Kâ€™ was not declared in this scope; did you mean â€˜[01m[Kaction_server_pose_[m[Kâ€™?
[25.384s]   142 |   action_server_pose_ = std::make_unique<[01;31m[KActionServerToPose[m[K>(
[25.384s]       |                                          [01;31m[K^~~~~~~~~~~~~~~~~~[m[K
[25.384s]       |                                          [32m[Kaction_server_pose_[m[K
[25.387s] [01m[K/home/andrea/tesi/ros2_mapf_cbs/project_1/src/my_nav2_planner/src/my_planner_server.cpp:142:61:[m[K [01;31m[Kerror: [m[Kno matching function for call to â€˜[01m[Kmake_unique<<expression error> >(std::shared_ptr<nav2_util::LifecycleNode>, const char [21], std::_Bind_helper<false, void (my_nav2_planner::MyPlannerServer::*)(), my_nav2_planner::MyPlannerServer*>::type, std::nullptr_t, std::chrono::milliseconds, bool)[m[Kâ€™
[25.387s]   142 |   action_server_pose_ = [01;31m[Kstd::make_unique<ActionServerToPose>([m[K
[25.387s]       |                         [01;31m[K~~~~~~~~~~~~~~~~~~~~~~~~~~~~~~~~~~~~^[m[K
[25.387s]   143 | [01;31m[K    shared_from_this(),[m[K
[25.387s]       |     [01;31m[K~~~~~~~~~~~~~~~~~~~[m[K                                      
[25.387s]   144 | [01;31m[K    "compute_path_to_pose",[m[K
[25.387s]       |     [01;31m[K~~~~~~~~~~~~~~~~~~~~~~~[m[K                                  
[25.387s]   145 | [01;31m[K    std::bind(&MyPlannerServer::computePlan, this),[m[K
[25.387s]       |     [01;31m[K~~~~~~~~~~~~~~~~~~~~~~~~~~~~~~~~~~~~~~~~~~~~~~~[m[K          
[25.387s]   146 | [01;31m[K    nullptr,[m[K
[25.387s]       |     [01;31m[K~~~~~~~~[m[K                                                 
[25.388s]   147 | [01;31m[K    std::chrono::milliseconds(500),[m[K
[25.388s]       |     [01;31m[K~~~~~~~~~~~~~~~~~~~~~~~~~~~~~~~[m[K                          
[25.388s]   148 | [01;31m[K    true)[m[K;
[25.388s]       |     [01;31m[K~~~~~[m[K                                                    
[25.388s] In file included from [01m[K/usr/include/c++/11/bits/locale_conv.h:41[m[K,
[25.388s]                  from [01m[K/usr/include/c++/11/locale:43[m[K,
[25.388s]                  from [01m[K/usr/include/c++/11/iomanip:43[m[K,
[25.388s]                  from [01m[K/home/andrea/tesi/ros2_mapf_cbs/project_1/src/my_nav2_planner/src/my_planner_server.cpp:18[m[K:
[25.388s] [01m[K/usr/include/c++/11/bits/unique_ptr.h:961:5:[m[K [01;36m[Knote: [m[Kcandidate: â€˜[01m[Ktemplate<class _Tp, class ... _Args> typename std::_MakeUniq<_Tp>::__single_object std::make_unique(_Args&& ...)[m[Kâ€™
[25.388s]   961 |     [01;36m[Kmake_unique[m[K(_Args&&... __args)
[25.388s]       |     [01;36m[K^~~~~~~~~~~[m[K
[25.388s] [01m[K/usr/include/c++/11/bits/unique_ptr.h:961:5:[m[K [01;36m[Knote: [m[K  template argument deduction/substitution failed:
[25.388s] [01m[K/home/andrea/tesi/ros2_mapf_cbs/project_1/src/my_nav2_planner/src/my_planner_server.cpp:142:61:[m[K [01;31m[Kerror: [m[Ktemplate argument 1 is invalid
[25.388s]   142 |   action_server_pose_ = [01;31m[Kstd::make_unique<ActionServerToPose>([m[K
[25.388s]       |                         [01;31m[K~~~~~~~~~~~~~~~~~~~~~~~~~~~~~~~~~~~~^[m[K
[25.388s]   143 | [01;31m[K    shared_from_this(),[m[K
[25.388s]       |     [01;31m[K~~~~~~~~~~~~~~~~~~~[m[K                                      
[25.388s]   144 | [01;31m[K    "compute_path_to_pose",[m[K
[25.388s]       |     [01;31m[K~~~~~~~~~~~~~~~~~~~~~~~[m[K                                  
[25.388s]   145 | [01;31m[K    std::bind(&MyPlannerServer::computePlan, this),[m[K
[25.388s]       |     [01;31m[K~~~~~~~~~~~~~~~~~~~~~~~~~~~~~~~~~~~~~~~~~~~~~~~[m[K          
[25.388s]   146 | [01;31m[K    nullptr,[m[K
[25.388s]       |     [01;31m[K~~~~~~~~[m[K                                                 
[25.389s]   147 | [01;31m[K    std::chrono::milliseconds(500),[m[K
[25.389s]       |     [01;31m[K~~~~~~~~~~~~~~~~~~~~~~~~~~~~~~~[m[K                          
[25.389s]   148 | [01;31m[K    true)[m[K;
[25.389s]       |     [01;31m[K~~~~~[m[K                                                    
[25.389s] In file included from [01m[K/usr/include/c++/11/bits/locale_conv.h:41[m[K,
[25.389s]                  from [01m[K/usr/include/c++/11/locale:43[m[K,
[25.389s]                  from [01m[K/usr/include/c++/11/iomanip:43[m[K,
[25.389s]                  from [01m[K/home/andrea/tesi/ros2_mapf_cbs/project_1/src/my_nav2_planner/src/my_planner_server.cpp:18[m[K:
[25.389s] [01m[K/usr/include/c++/11/bits/unique_ptr.h:967:5:[m[K [01;36m[Knote: [m[Kcandidate: â€˜[01m[Ktemplate<class _Tp> typename std::_MakeUniq<_Tp>::__array std::make_unique(std::size_t)[m[Kâ€™
[25.389s]   967 |     [01;36m[Kmake_unique[m[K(size_t __num)
[25.389s]       |     [01;36m[K^~~~~~~~~~~[m[K
[25.389s] [01m[K/usr/include/c++/11/bits/unique_ptr.h:967:5:[m[K [01;36m[Knote: [m[K  template argument deduction/substitution failed:
[25.389s] [01m[K/home/andrea/tesi/ros2_mapf_cbs/project_1/src/my_nav2_planner/src/my_planner_server.cpp:142:61:[m[K [01;31m[Kerror: [m[Ktemplate argument 1 is invalid
[25.389s]   142 |   action_server_pose_ = [01;31m[Kstd::make_unique<ActionServerToPose>([m[K
[25.389s]       |                         [01;31m[K~~~~~~~~~~~~~~~~~~~~~~~~~~~~~~~~~~~~^[m[K
[25.389s]   143 | [01;31m[K    shared_from_this(),[m[K
[25.389s]       |     [01;31m[K~~~~~~~~~~~~~~~~~~~[m[K                                      
[25.389s]   144 | [01;31m[K    "compute_path_to_pose",[m[K
[25.389s]       |     [01;31m[K~~~~~~~~~~~~~~~~~~~~~~~[m[K                                  
[25.389s]   145 | [01;31m[K    std::bind(&MyPlannerServer::computePlan, this),[m[K
[25.389s]       |     [01;31m[K~~~~~~~~~~~~~~~~~~~~~~~~~~~~~~~~~~~~~~~~~~~~~~~[m[K          
[25.389s]   146 | [01;31m[K    nullptr,[m[K
[25.389s]       |     [01;31m[K~~~~~~~~[m[K                                                 
[25.389s]   147 | [01;31m[K    std::chrono::milliseconds(500),[m[K
[25.389s]       |     [01;31m[K~~~~~~~~~~~~~~~~~~~~~~~~~~~~~~~[m[K                          
[25.389s]   148 | [01;31m[K    true)[m[K;
[25.390s]       |     [01;31m[K~~~~~[m[K                                                    
[25.390s] In file included from [01m[K/usr/include/c++/11/bits/locale_conv.h:41[m[K,
[25.390s]                  from [01m[K/usr/include/c++/11/locale:43[m[K,
[25.390s]                  from [01m[K/usr/include/c++/11/iomanip:43[m[K,
[25.390s]                  from [01m[K/home/andrea/tesi/ros2_mapf_cbs/project_1/src/my_nav2_planner/src/my_planner_server.cpp:18[m[K:
[25.390s] [01m[K/usr/include/c++/11/bits/unique_ptr.h:973:5:[m[K [01;36m[Knote: [m[Kcandidate: â€˜[01m[Ktemplate<class _Tp, class ... _Args> typename std::_MakeUniq<_Tp>::__invalid_type std::make_unique(_Args&& ...)[m[Kâ€™ (deleted)
[25.390s]   973 |     [01;36m[Kmake_unique[m[K(_Args&&...) = delete;
[25.390s]       |     [01;36m[K^~~~~~~~~~~[m[K
[25.390s] [01m[K/usr/include/c++/11/bits/unique_ptr.h:973:5:[m[K [01;36m[Knote: [m[K  template argument deduction/substitution failed:
[25.390s] [01m[K/home/andrea/tesi/ros2_mapf_cbs/project_1/src/my_nav2_planner/src/my_planner_server.cpp:142:61:[m[K [01;31m[Kerror: [m[Ktemplate argument 1 is invalid
[25.390s]   142 |   action_server_pose_ = [01;31m[Kstd::make_unique<ActionServerToPose>([m[K
[25.390s]       |                         [01;31m[K~~~~~~~~~~~~~~~~~~~~~~~~~~~~~~~~~~~~^[m[K
[25.390s]   143 | [01;31m[K    shared_from_this(),[m[K
[25.390s]       |     [01;31m[K~~~~~~~~~~~~~~~~~~~[m[K                                      
[25.390s]   144 | [01;31m[K    "compute_path_to_pose",[m[K
[25.390s]       |     [01;31m[K~~~~~~~~~~~~~~~~~~~~~~~[m[K                                  
[25.390s]   145 | [01;31m[K    std::bind(&MyPlannerServer::computePlan, this),[m[K
[25.390s]       |     [01;31m[K~~~~~~~~~~~~~~~~~~~~~~~~~~~~~~~~~~~~~~~~~~~~~~~[m[K          
[25.390s]   146 | [01;31m[K    nullptr,[m[K
[25.391s]       |     [01;31m[K~~~~~~~~[m[K                                                 
[25.391s]   147 | [01;31m[K    std::chrono::milliseconds(500),[m[K
[25.391s]       |     [01;31m[K~~~~~~~~~~~~~~~~~~~~~~~~~~~~~~~[m[K                          
[25.391s]   148 | [01;31m[K    true)[m[K;
[25.391s]       |     [01;31m[K~~~~~[m[K                                                    
[25.391s] [01m[K/home/andrea/tesi/ros2_mapf_cbs/project_1/src/my_nav2_planner/src/my_planner_server.cpp:[m[K In member function â€˜[01m[Kvirtual nav2_util::CallbackReturn my_nav2_planner::MyPlannerServer::on_activate(const rclcpp_lifecycle::State&)[m[Kâ€™:
[25.391s] [01m[K/home/andrea/tesi/ros2_mapf_cbs/project_1/src/my_nav2_planner/src/my_planner_server.cpp:167:22:[m[K [01;31m[Kerror: [m[Kbase operand of â€˜[01m[K->[m[Kâ€™ is not a pointer
[25.391s]   167 |   action_server_pose_[01;31m[K->[m[Kactivate();
[25.391s]       |                      [01;31m[K^~[m[K
[25.473s] [01m[K/home/andrea/tesi/ros2_mapf_cbs/project_1/src/my_nav2_planner/src/my_planner_server.cpp:[m[K In member function â€˜[01m[Kvirtual nav2_util::CallbackReturn my_nav2_planner::MyPlannerServer::on_deactivate(const rclcpp_lifecycle::State&)[m[Kâ€™:
[25.473s] [01m[K/home/andrea/tesi/ros2_mapf_cbs/project_1/src/my_nav2_planner/src/my_planner_server.cpp:199:22:[m[K [01;31m[Kerror: [m[Kbase operand of â€˜[01m[K->[m[Kâ€™ is not a pointer
[25.473s]   199 |   action_server_pose_[01;31m[K->[m[Kdeactivate();
[25.473s]       |                      [01;31m[K^~[m[K
[25.473s] [01m[K/home/andrea/tesi/ros2_mapf_cbs/project_1/src/my_nav2_planner/src/my_planner_server.cpp:[m[K In member function â€˜[01m[Kvirtual nav2_util::CallbackReturn my_nav2_planner::MyPlannerServer::on_cleanup(const rclcpp_lifecycle::State&)[m[Kâ€™:
[25.473s] [01m[K/home/andrea/tesi/ros2_mapf_cbs/project_1/src/my_nav2_planner/src/my_planner_server.cpp:234:23:[m[K [01;31m[Kerror: [m[Krequest for member â€˜[01m[Kreset[m[Kâ€™ in â€˜[01m[K((my_nav2_planner::MyPlannerServer*)this)->my_nav2_planner::MyPlannerServer::action_server_pose_[m[Kâ€™, which is of non-class type â€˜[01m[Kint[m[Kâ€™
[25.473s]   234 |   action_server_pose_.[01;31m[Kreset[m[K();
[25.473s]       |                       [01;31m[K^~~~~[m[K
[25.483s] [01m[K/home/andrea/tesi/ros2_mapf_cbs/project_1/src/my_nav2_planner/src/my_planner_server.cpp:[m[K In member function â€˜[01m[Kvoid my_nav2_planner::MyPlannerServer::computePlan()[m[Kâ€™:
[25.483s] [01m[K/home/andrea/tesi/ros2_mapf_cbs/project_1/src/my_nav2_planner/src/my_planner_server.cpp:468:34:[m[K [01;31m[Kerror: [m[Kbase operand of â€˜[01m[K->[m[Kâ€™ is not a pointer
[25.483s]   468 |   auto goal = action_server_pose_[01;31m[K->[m[Kget_current_goal();
[25.483s]       |                                  [01;31m[K^~[m[K
[25.490s] [01m[K/home/andrea/tesi/ros2_mapf_cbs/project_1/src/my_nav2_planner/src/my_planner_server.cpp:469:34:[m[K [01;31m[Kerror: [m[Kâ€˜[01m[KActionToPose[m[Kâ€™ was not declared in this scope
[25.490s]   469 |   auto result = std::make_shared<[01;31m[KActionToPose[m[K::Result>();
[25.490s]       |                                  [01;31m[K^~~~~~~~~~~~[m[K
[25.490s] [01m[K/home/andrea/tesi/ros2_mapf_cbs/project_1/src/my_nav2_planner/src/my_planner_server.cpp:469:22:[m[K [01;31m[Kerror: [m[Kparse error in template argument list
[25.490s]   469 |   auto result = std::[01;31m[Kmake_shared<ActionToPose::Result>[m[K();
[25.490s]       |                      [01;31m[K^~~~~~~~~~~~~~~~~~~~~~~~~~~~~~~~~[m[K
[25.490s] [01m[K/home/andrea/tesi/ros2_mapf_cbs/project_1/src/my_nav2_planner/src/my_planner_server.cpp:469:55:[m[K [01;31m[Kerror: [m[Kno matching function for call to â€˜[01m[Kmake_shared<<expression error> >()[m[Kâ€™
[25.491s]   469 |   auto result = [01;31m[Kstd::make_shared<ActionToPose::Result>()[m[K;
[25.491s]       |                 [01;31m[K~~~~~~~~~~~~~~~~~~~~~~~~~~~~~~~~~~~~~~^~[m[K
[25.491s] In file included from [01m[K/usr/include/c++/11/memory:77[m[K,
[25.491s]                  from [01m[K/home/andrea/tesi/ros2_mapf_cbs/project_1/src/my_nav2_planner/src/my_planner_server.cpp:22[m[K:
[25.491s] [01m[K/usr/include/c++/11/bits/shared_ptr.h:875:5:[m[K [01;36m[Knote: [m[Kcandidate: â€˜[01m[Ktemplate<class _Tp, class ... _Args> std::shared_ptr<_Tp> std::make_shared(_Args&& ...)[m[Kâ€™
[25.491s]   875 |     [01;36m[Kmake_shared[m[K(_Args&&... __args)
[25.491s]       |     [01;36m[K^~~~~~~~~~~[m[K
[25.491s] [01m[K/usr/include/c++/11/bits/shared_ptr.h:875:5:[m[K [01;36m[Knote: [m[K  template argument deduction/substitution failed:
[25.491s] [01m[K/home/andrea/tesi/ros2_mapf_cbs/project_1/src/my_nav2_planner/src/my_planner_server.cpp:469:55:[m[K [01;31m[Kerror: [m[Ktemplate argument 1 is invalid
[25.491s]   469 |   auto result = [01;31m[Kstd::make_shared<ActionToPose::Result>()[m[K;
[25.491s]       |                 [01;31m[K~~~~~~~~~~~~~~~~~~~~~~~~~~~~~~~~~~~~~~^~[m[K
[25.491s] [01m[K/home/andrea/tesi/ros2_mapf_cbs/project_1/src/my_nav2_planner/src/my_planner_server.cpp:472:25:[m[K [01;31m[Kerror: [m[Kno matching function for call to â€˜[01m[Kmy_nav2_planner::MyPlannerServer::isServerInactive(int&)[m[Kâ€™
[25.491s]   472 |     if ([01;31m[KisServerInactive(action_server_pose_)[m[K || isCancelRequested(action_server_pose_)) {
[25.491s]       |         [01;31m[K~~~~~~~~~~~~~~~~^~~~~~~~~~~~~~~~~~~~~[m[K
[25.491s] [01m[K/home/andrea/tesi/ros2_mapf_cbs/project_1/src/my_nav2_planner/src/my_planner_server.cpp:268:6:[m[K [01;36m[Knote: [m[Kcandidate: â€˜[01m[Ktemplate<class T> bool my_nav2_planner::MyPlannerServer::isServerInactive(std::unique_ptr<nav2_util::SimpleActionServer<T> >&)[m[Kâ€™
[25.491s]   268 | bool [01;36m[KMyPlannerServer[m[K::isServerInactive(
[25.491s]       |      [01;36m[K^~~~~~~~~~~~~~~[m[K
[25.491s] [01m[K/home/andrea/tesi/ros2_mapf_cbs/project_1/src/my_nav2_planner/src/my_planner_server.cpp:268:6:[m[K [01;36m[Knote: [m[K  template argument deduction/substitution failed:
[25.491s] [01m[K/home/andrea/tesi/ros2_mapf_cbs/project_1/src/my_nav2_planner/src/my_planner_server.cpp:472:25:[m[K [01;36m[Knote: [m[K  mismatched types â€˜[01m[Kstd::unique_ptr<nav2_util::SimpleActionServer<T> >[m[Kâ€™ and â€˜[01m[Kint[m[Kâ€™
[25.492s]   472 |     if ([01;36m[KisServerInactive(action_server_pose_)[m[K || isCancelRequested(action_server_pose_)) {
[25.492s]       |         [01;36m[K~~~~~~~~~~~~~~~~^~~~~~~~~~~~~~~~~~~~~[m[K
[25.492s] [01m[K/home/andrea/tesi/ros2_mapf_cbs/project_1/src/my_nav2_planner/src/my_planner_server.cpp:472:67:[m[K [01;31m[Kerror: [m[Kno matching function for call to â€˜[01m[Kmy_nav2_planner::MyPlannerServer::isCancelRequested(int&)[m[Kâ€™
[25.492s]   472 |     if (isServerInactive(action_server_pose_) || [01;31m[KisCancelRequested(action_server_pose_)[m[K) {
[25.492s]       |                                                  [01;31m[K~~~~~~~~~~~~~~~~~^~~~~~~~~~~~~~~~~~~~~[m[K
[25.492s] [01m[K/home/andrea/tesi/ros2_mapf_cbs/project_1/src/my_nav2_planner/src/my_planner_server.cpp:289:6:[m[K [01;36m[Knote: [m[Kcandidate: â€˜[01m[Ktemplate<class T> bool my_nav2_planner::MyPlannerServer::isCancelRequested(std::unique_ptr<nav2_util::SimpleActionServer<T> >&)[m[Kâ€™
[25.492s]   289 | bool [01;36m[KMyPlannerServer[m[K::isCancelRequested(
[25.492s]       |      [01;36m[K^~~~~~~~~~~~~~~[m[K
[25.492s] [01m[K/home/andrea/tesi/ros2_mapf_cbs/project_1/src/my_nav2_planner/src/my_planner_server.cpp:289:6:[m[K [01;36m[Knote: [m[K  template argument deduction/substitution failed:
[25.492s] [01m[K/home/andrea/tesi/ros2_mapf_cbs/project_1/src/my_nav2_planner/src/my_planner_server.cpp:472:67:[m[K [01;36m[Knote: [m[K  mismatched types â€˜[01m[Kstd::unique_ptr<nav2_util::SimpleActionServer<T> >[m[Kâ€™ and â€˜[01m[Kint[m[Kâ€™
[25.492s]   472 |     if (isServerInactive(action_server_pose_) || [01;36m[KisCancelRequested(action_server_pose_)[m[K) {
[25.492s]       |                                                  [01;36m[K~~~~~~~~~~~~~~~~~^~~~~~~~~~~~~~~~~~~~~[m[K
[25.492s] [01m[K/home/andrea/tesi/ros2_mapf_cbs/project_1/src/my_nav2_planner/src/my_planner_server.cpp:488:37:[m[K [01;31m[Kerror: [m[Kno matching function for call to â€˜[01m[Kmy_nav2_planner::MyPlannerServer::transformPosesToGlobalFrame(int&, geometry_msgs::msg::PoseStamped&, geometry_msgs::msg::PoseStamped&)[m[Kâ€™
[25.492s]   488 |     if (![01;31m[KtransformPosesToGlobalFrame(action_server_pose_, start, goal_pose)[m[K) {
[25.492s]       |          [01;31m[K~~~~~~~~~~~~~~~~~~~~~~~~~~~^~~~~~~~~~~~~~~~~~~~~~~~~~~~~~~~~~~~~~~[m[K
[25.492s] [01m[K/home/andrea/tesi/ros2_mapf_cbs/project_1/src/my_nav2_planner/src/my_planner_server.cpp:328:6:[m[K [01;36m[Knote: [m[Kcandidate: â€˜[01m[Ktemplate<class T> bool my_nav2_planner::MyPlannerServer::transformPosesToGlobalFrame(std::unique_ptr<nav2_util::SimpleActionServer<T> >&, geometry_msgs::msg::PoseStamped&, geometry_msgs::msg::PoseStamped&)[m[Kâ€™
[25.492s]   328 | bool [01;36m[KMyPlannerServer[m[K::transformPosesToGlobalFrame(
[25.492s]       |      [01;36m[K^~~~~~~~~~~~~~~[m[K
[25.492s] [01m[K/home/andrea/tesi/ros2_mapf_cbs/project_1/src/my_nav2_planner/src/my_planner_server.cpp:328:6:[m[K [01;36m[Knote: [m[K  template argument deduction/substitution failed:
[25.492s] [01m[K/home/andrea/tesi/ros2_mapf_cbs/project_1/src/my_nav2_planner/src/my_planner_server.cpp:488:37:[m[K [01;36m[Knote: [m[K  mismatched types â€˜[01m[Kstd::unique_ptr<nav2_util::SimpleActionServer<T> >[m[Kâ€™ and â€˜[01m[Kint[m[Kâ€™
[25.492s]   488 |     if (![01;36m[KtransformPosesToGlobalFrame(action_server_pose_, start, goal_pose)[m[K) {
[25.492s]       |          [01;36m[K~~~~~~~~~~~~~~~~~~~~~~~~~~~^~~~~~~~~~~~~~~~~~~~~~~~~~~~~~~~~~~~~~~[m[K
[25.492s] [01m[K/home/andrea/tesi/ros2_mapf_cbs/project_1/src/my_nav2_planner/src/my_planner_server.cpp:511:24:[m[K [01;31m[Kerror: [m[Kbase operand of â€˜[01m[K->[m[Kâ€™ is not a pointer
[25.492s]   511 |     action_server_pose_[01;31m[K->[m[Ksucceeded_current(result);
[25.492s]       |                        [01;31m[K^~[m[K
[25.492s] [01m[K/home/andrea/tesi/ros2_mapf_cbs/project_1/src/my_nav2_planner/src/my_planner_server.cpp:517:24:[m[K [01;31m[Kerror: [m[Kbase operand of â€˜[01m[K->[m[Kâ€™ is not a pointer
[25.493s]   517 |     action_server_pose_[01;31m[K->[m[Kterminate_current();
[25.493s]       |                        [01;31m[K^~[m[K
[27.458s] gmake[2]: *** [CMakeFiles/my_planner_server_core.dir/build.make:76: CMakeFiles/my_planner_server_core.dir/src/my_planner_server.cpp.o] Error 1
[27.459s] gmake[1]: *** [CMakeFiles/Makefile2:139: CMakeFiles/my_planner_server_core.dir/all] Error 2
[27.459s] gmake: *** [Makefile:146: all] Error 2
[27.460s] Invoked command in '/home/andrea/tesi/ros2_mapf_cbs/project_1/build/my_nav2_planner' returned '2': CMAKE_PREFIX_PATH=/home/andrea/tesi/ros2_mapf_cbs/project_1/install/my_nav2_navfn_planner:/home/andrea/tesi/ros2_mapf_cbs/project_1/install/my_nav2_core:/home/andrea/tesi/ros2_mapf_cbs/project_1/install/my_intermediate_interfaces:/home/andrea/tesi/ros2_mapf_cbs/project_1/install/turtlebot3_multi_robot:/home/andrea/tesi/ros2_mapf_cbs/project_1/install/nav2_straightline_planner:/home/andrea/tesi/ros2_mapf_cbs/project_1/install/my_try_bringup:/home/andrea/tesi/ros2_mapf_cbs/project_1/install/my_nav2_planner:/home/andrea/tesi/ros2_mapf_cbs/simple_example/install/my_robot_bringup:/home/andrea/tesi/ros2_mapf_cbs/simple_example/install/my_robot_interfaces:/home/andrea/tesi/ros2_mapf_cbs/project_1/install/my_package:/home/andrea/tesi/ros2_mapf_cbs/project_1/install/my_intermediate:/home/andrea/tesi/ros2_mapf_cbs/simple_example/install/my_py_pkg:/opt/ros/humble LD_LIBRARY_PATH=/home/andrea/tesi/ros2_mapf_cbs/project_1/install/my_nav2_navfn_planner/lib:/home/andrea/tesi/ros2_mapf_cbs/project_1/install/my_intermediate_interfaces/lib:/home/andrea/tesi/ros2_mapf_cbs/project_1/install/nav2_straightline_planner/lib:/home/andrea/tesi/ros2_mapf_cbs/project_1/install/my_nav2_planner/lib:/home/andrea/tesi/ros2_mapf_cbs/simple_example/install/my_robot_interfaces/lib:/usr/lib/x86_64-linux-gnu/gazebo-11/plugins:/opt/ros/humble/opt/rviz_ogre_vendor/lib:/opt/ros/humble/lib/x86_64-linux-gnu:/opt/ros/humble/lib:/home/andrea/ws_online/build/ros2_bdi_on_litter_world /usr/bin/cmake --build /home/andrea/tesi/ros2_mapf_cbs/project_1/build/my_nav2_planner -- -j8 -l8
