[01m[K/home/andrea/tesi/ros2_mapf_cbs/project_1/src/my_nav2_navfn_planner/src/navfn_planner.cpp:[m[K In member function â€˜[01m[Kbool my_nav2_navfn_planner::NavfnPlanner::getPlanFromPotential(const Pose&, std::vector<my_intermediate_interfaces::msg::VertexConstraint_<std::allocator<void> > >, std::vector<my_intermediate_interfaces::msg::EdgeConstraint_<std::allocator<void> > >, nav_msgs::msg::Path&)[m[Kâ€™:
[01m[K/home/andrea/tesi/ros2_mapf_cbs/project_1/src/my_nav2_navfn_planner/src/navfn_planner.cpp:396:94:[m[K [01;31m[Kerror: [m[Kâ€˜[01m[Kj[m[Kâ€™ was not declared in this scope; did you mean â€˜[01m[Kjn[m[Kâ€™?
  396 |       std::map<std::string, int> object = {{"cell", index}, {"time_step", vertex_constraints[[01;31m[Kj[m[K].time_step}};
      |                                                                                              [01;31m[K^[m[K
      |                                                                                              [32m[Kjn[m[K
[01m[K/home/andrea/tesi/ros2_mapf_cbs/project_1/src/my_nav2_navfn_planner/src/navfn_planner.cpp:396:107:[m[K [01;31m[Kerror: [m[Kcould not convert â€˜[01m[K{{"cell", index}, {"time_step", <expression error>}}[m[Kâ€™ from â€˜[01m[K<brace-enclosed initializer list>[m[Kâ€™ to â€˜[01m[Kstd::map<std::__cxx11::basic_string<char>, int>[m[Kâ€™
  396 |       std::map<std::string, int> object = {{"cell", index}, {"time_step", vertex_constraints[j].time_step}[01;31m[K}[m[K;
      |                                                                                                           [01;31m[K^[m[K
      |                                                                                                           [01;31m[K|[m[K
      |                                                                                                           [01;31m[K<brace-enclosed initializer list>[m[K
[01m[K/home/andrea/tesi/ros2_mapf_cbs/project_1/src/my_nav2_navfn_planner/src/navfn_planner.cpp:395:11:[m[K [01;31m[Kerror: [m[Kunused variable â€˜[01m[Kidx[m[Kâ€™ [[01;31m[K]8;;https://gcc.gnu.org/onlinedocs/gcc/Warning-Options.html#index-Wunused-variable-Werror=unused-variable]8;;[m[K]
  395 |       int [01;31m[Kidx[m[K = cy * planner_->nx + cx;
      |           [01;31m[K^~~[m[K
[01m[K/home/andrea/tesi/ros2_mapf_cbs/project_1/src/my_nav2_navfn_planner/src/navfn_planner.cpp:410:115:[m[K [01;31m[Kerror: [m[Kâ€˜[01m[Kj[m[Kâ€™ was not declared in this scope; did you mean â€˜[01m[Kjn[m[Kâ€™?
  410 |       std::map<std::string, int> object = {{"cell_from", idx1}, {"cell_to", idx2}, {"time_step", edge_constraints[[01;31m[Kj[m[K].time_step}};
      |                                                                                                                   [01;31m[K^[m[K
      |                                                                                                                   [32m[Kjn[m[K
[01m[K/home/andrea/tesi/ros2_mapf_cbs/project_1/src/my_nav2_navfn_planner/src/navfn_planner.cpp:410:128:[m[K [01;31m[Kerror: [m[Kcould not convert â€˜[01m[K{{"cell_from", idx1}, {"cell_to", idx2}, {"time_step", <expression error>}}[m[Kâ€™ from â€˜[01m[K<brace-enclosed initializer list>[m[Kâ€™ to â€˜[01m[Kstd::map<std::__cxx11::basic_string<char>, int>[m[Kâ€™
  410 |       std::map<std::string, int> object = {{"cell_from", idx1}, {"cell_to", idx2}, {"time_step", edge_constraints[j].time_step}[01;31m[K}[m[K;
      |                                                                                                                                [01;31m[K^[m[K
      |                                                                                                                                [01;31m[K|[m[K
      |                                                                                                                                [01;31m[K<brace-enclosed initializer list>[m[K
cc1plus: all warnings being treated as errors
gmake[2]: *** [CMakeFiles/my_nav2_navfn_planner.dir/build.make:76: CMakeFiles/my_nav2_navfn_planner.dir/src/navfn_planner.cpp.o] Error 1
gmake[1]: *** [CMakeFiles/Makefile2:137: CMakeFiles/my_nav2_navfn_planner.dir/all] Error 2
gmake: *** [Makefile:146: all] Error 2
