[0.060s] Invoking command in '/home/andrea/tesi/ros2_mapf_cbs/project_1/build/my_nav2_navfn_planner': CMAKE_PREFIX_PATH=/home/andrea/tesi/ros2_mapf_cbs/project_1/install/my_nav2_core:/home/andrea/tesi/ros2_mapf_cbs/project_1/install/my_intermediate_interfaces:/home/andrea/tesi/ros2_mapf_cbs/project_1/install/turtlebot3_multi_robot:/home/andrea/tesi/ros2_mapf_cbs/project_1/install/nav2_straightline_planner:/home/andrea/tesi/ros2_mapf_cbs/project_1/install/my_try_bringup:/home/andrea/tesi/ros2_mapf_cbs/project_1/install/my_nav2_planner:/home/andrea/tesi/ros2_mapf_cbs/project_1/install/my_nav2_navfn_planner:/home/andrea/tesi/ros2_mapf_cbs/simple_example/install/my_robot_bringup:/home/andrea/tesi/ros2_mapf_cbs/simple_example/install/my_robot_interfaces:/home/andrea/tesi/ros2_mapf_cbs/project_1/install/my_package:/home/andrea/tesi/ros2_mapf_cbs/project_1/install/my_intermediate:/home/andrea/tesi/ros2_mapf_cbs/simple_example/install/my_py_pkg:/opt/ros/humble LD_LIBRARY_PATH=/home/andrea/tesi/ros2_mapf_cbs/project_1/install/my_intermediate_interfaces/lib:/home/andrea/tesi/ros2_mapf_cbs/project_1/install/nav2_straightline_planner/lib:/home/andrea/tesi/ros2_mapf_cbs/project_1/install/my_nav2_planner/lib:/home/andrea/tesi/ros2_mapf_cbs/project_1/install/my_nav2_navfn_planner/lib:/home/andrea/tesi/ros2_mapf_cbs/simple_example/install/my_robot_interfaces/lib:/usr/lib/x86_64-linux-gnu/gazebo-11/plugins:/opt/ros/humble/opt/rviz_ogre_vendor/lib:/opt/ros/humble/lib/x86_64-linux-gnu:/opt/ros/humble/lib:/home/andrea/ws_online/build/ros2_bdi_on_litter_world /usr/bin/cmake --build /home/andrea/tesi/ros2_mapf_cbs/project_1/build/my_nav2_navfn_planner -- -j8 -l8
[0.095s] [35m[1mConsolidate compiler generated dependencies of target my_nav2_navfn_planner[0m
[0.112s] [ 33%] [32mBuilding CXX object CMakeFiles/my_nav2_navfn_planner.dir/src/my_navfn_planner.cpp.o[0m
[0.113s] [ 66%] [32mBuilding CXX object CMakeFiles/my_nav2_navfn_planner.dir/src/my_navfn.cpp.o[0m
[0.441s] In file included from [01m[K/home/andrea/tesi/ros2_mapf_cbs/project_1/src/my_nav2_navfn_planner/src/my_navfn.cpp:44[m[K:
[0.441s] [01m[K/home/andrea/tesi/ros2_mapf_cbs/project_1/src/my_nav2_navfn_planner/include/my_nav2_navfn_planner/my_navfn.hpp:263:76:[m[K [01;31m[Kerror: [m[Kcould not convert â€˜[01m[Knullptr[m[Kâ€™ from â€˜[01m[Kstd::nullptr_t[m[Kâ€™ to â€˜[01m[Kstd::vector<std::map<std::__cxx11::basic_string<char>, int> >[m[Kâ€™
[0.441s]   263 |               std::vector<std::map<std::string, int>> vertex_constraints = [01;31m[Knullptr[m[K,
[0.441s]       |                                                                            [01;31m[K^~~~~~~[m[K
[0.441s]       |                                                                            [01;31m[K|[m[K
[0.442s]       |                                                                            [01;31m[Kstd::nullptr_t[m[K
[0.442s] [01m[K/home/andrea/tesi/ros2_mapf_cbs/project_1/src/my_nav2_navfn_planner/include/my_nav2_navfn_planner/my_navfn.hpp:264:74:[m[K [01;31m[Kerror: [m[Kcould not convert â€˜[01m[Knullptr[m[Kâ€™ from â€˜[01m[Kstd::nullptr_t[m[Kâ€™ to â€˜[01m[Kstd::vector<std::map<std::__cxx11::basic_string<char>, int> >[m[Kâ€™
[0.442s]   264 |               std::vector<std::map<std::string, int>> edge_constraints = [01;31m[Knullptr[m[K,
[0.442s]       |                                                                          [01;31m[K^~~~~~~[m[K
[0.442s]       |                                                                          [01;31m[K|[m[K
[0.442s]       |                                                                          [01;31m[Kstd::nullptr_t[m[K
[2.188s] gmake[2]: *** [CMakeFiles/my_nav2_navfn_planner.dir/build.make:90: CMakeFiles/my_nav2_navfn_planner.dir/src/my_navfn.cpp.o] Error 1
[2.188s] gmake[2]: *** Waiting for unfinished jobs....
[2.460s] In file included from [01m[K/home/andrea/tesi/ros2_mapf_cbs/project_1/src/my_nav2_navfn_planner/include/my_nav2_navfn_planner/my_navfn_planner.hpp:31[m[K,
[2.460s]                  from [01m[K/home/andrea/tesi/ros2_mapf_cbs/project_1/src/my_nav2_navfn_planner/src/my_navfn_planner.cpp:24[m[K:
[2.460s] [01m[K/home/andrea/tesi/ros2_mapf_cbs/project_1/src/my_nav2_navfn_planner/include/my_nav2_navfn_planner/my_navfn.hpp:263:76:[m[K [01;31m[Kerror: [m[Kcould not convert â€˜[01m[Knullptr[m[Kâ€™ from â€˜[01m[Kstd::nullptr_t[m[Kâ€™ to â€˜[01m[Kstd::vector<std::map<std::__cxx11::basic_string<char>, int> >[m[Kâ€™
[2.460s]   263 |               std::vector<std::map<std::string, int>> vertex_constraints = [01;31m[Knullptr[m[K,
[2.460s]       |                                                                            [01;31m[K^~~~~~~[m[K
[2.460s]       |                                                                            [01;31m[K|[m[K
[2.460s]       |                                                                            [01;31m[Kstd::nullptr_t[m[K
[2.461s] [01m[K/home/andrea/tesi/ros2_mapf_cbs/project_1/src/my_nav2_navfn_planner/include/my_nav2_navfn_planner/my_navfn.hpp:264:74:[m[K [01;31m[Kerror: [m[Kcould not convert â€˜[01m[Knullptr[m[Kâ€™ from â€˜[01m[Kstd::nullptr_t[m[Kâ€™ to â€˜[01m[Kstd::vector<std::map<std::__cxx11::basic_string<char>, int> >[m[Kâ€™
[2.461s]   264 |               std::vector<std::map<std::string, int>> edge_constraints = [01;31m[Knullptr[m[K,
[2.461s]       |                                                                          [01;31m[K^~~~~~~[m[K
[2.461s]       |                                                                          [01;31m[K|[m[K
[2.461s]       |                                                                          [01;31m[Kstd::nullptr_t[m[K
[2.472s] In file included from [01m[K/home/andrea/tesi/ros2_mapf_cbs/project_1/src/my_nav2_navfn_planner/src/my_navfn_planner.cpp:24[m[K:
[2.473s] [01m[K/home/andrea/tesi/ros2_mapf_cbs/project_1/src/my_nav2_navfn_planner/include/my_nav2_navfn_planner/my_navfn_planner.hpp:111:95:[m[K [01;31m[Kerror: [m[Kcould not convert â€˜[01m[Knullptr[m[Kâ€™ from â€˜[01m[Kstd::nullptr_t[m[Kâ€™ to â€˜[01m[Kstd::vector<my_intermediate_interfaces::msg::VertexConstraint_<std::allocator<void> > >[m[Kâ€™
[2.473s]   111 | st std::vector<my_intermediate_interfaces::msg::VertexConstraint> vertex_constraints = [01;31m[Knullptr[m[K,
[2.473s]       |                                                                                        [01;31m[K^~~~~~~[m[K
[2.473s]       |                                                                                        [01;31m[K|[m[K
[2.473s]       |                                                                                        [01;31m[Kstd::nullptr_t[m[K
[2.473s] 
[2.474s] [01m[K/home/andrea/tesi/ros2_mapf_cbs/project_1/src/my_nav2_navfn_planner/include/my_nav2_navfn_planner/my_navfn_planner.hpp:112:91:[m[K [01;31m[Kerror: [m[Kcould not convert â€˜[01m[Knullptr[m[Kâ€™ from â€˜[01m[Kstd::nullptr_t[m[Kâ€™ to â€˜[01m[Kstd::vector<my_intermediate_interfaces::msg::EdgeConstraint_<std::allocator<void> > >[m[Kâ€™
[2.474s]   112 | const std::vector<my_intermediate_interfaces::msg::EdgeConstraint> edge_constraints = [01;31m[Knullptr[m[K);
[2.474s]       |                                                                                       [01;31m[K^~~~~~~[m[K
[2.474s]       |                                                                                       [01;31m[K|[m[K
[2.474s]       |                                                                                       [01;31m[Kstd::nullptr_t[m[K
[2.474s] 
[2.474s] [01m[K/home/andrea/tesi/ros2_mapf_cbs/project_1/src/my_nav2_navfn_planner/include/my_nav2_navfn_planner/my_navfn_planner.hpp:130:95:[m[K [01;31m[Kerror: [m[Kcould not convert â€˜[01m[Knullptr[m[Kâ€™ from â€˜[01m[Kstd::nullptr_t[m[Kâ€™ to â€˜[01m[Kstd::vector<my_intermediate_interfaces::msg::VertexConstraint_<std::allocator<void> > >[m[Kâ€™
[2.474s]   130 | st std::vector<my_intermediate_interfaces::msg::VertexConstraint> vertex_constraints = [01;31m[Knullptr[m[K,
[2.474s]       |                                                                                        [01;31m[K^~~~~~~[m[K
[2.474s]       |                                                                                        [01;31m[K|[m[K
[2.474s]       |                                                                                        [01;31m[Kstd::nullptr_t[m[K
[2.474s] 
[2.474s] [01m[K/home/andrea/tesi/ros2_mapf_cbs/project_1/src/my_nav2_navfn_planner/include/my_nav2_navfn_planner/my_navfn_planner.hpp:131:91:[m[K [01;31m[Kerror: [m[Kcould not convert â€˜[01m[Knullptr[m[Kâ€™ from â€˜[01m[Kstd::nullptr_t[m[Kâ€™ to â€˜[01m[Kstd::vector<my_intermediate_interfaces::msg::EdgeConstraint_<std::allocator<void> > >[m[Kâ€™
[2.474s]   131 | const std::vector<my_intermediate_interfaces::msg::EdgeConstraint> edge_constraints = [01;31m[Knullptr[m[K);
[2.474s]       |                                                                                       [01;31m[K^~~~~~~[m[K
[2.475s]       |                                                                                       [01;31m[K|[m[K
[2.475s]       |                                                                                       [01;31m[Kstd::nullptr_t[m[K
[2.475s] 
[2.515s] [01m[K/home/andrea/tesi/ros2_mapf_cbs/project_1/src/my_nav2_navfn_planner/src/my_navfn_planner.cpp:[m[K In member function â€˜[01m[Kvirtual nav_msgs::msg::Path my_nav2_navfn_planner::MyNavfnPlanner::createPlan(const PoseStamped&, const PoseStamped&)[m[Kâ€™:
[2.515s] [01m[K/home/andrea/tesi/ros2_mapf_cbs/project_1/src/my_nav2_navfn_planner/src/my_navfn_planner.cpp:234:16:[m[K [01;31m[Kerror: [m[Kcould not convert â€˜[01m[Knullptr[m[Kâ€™ from â€˜[01m[Kstd::nullptr_t[m[Kâ€™ to â€˜[01m[Kstd::vector<my_intermediate_interfaces::msg::VertexConstraint_<std::allocator<void> > >[m[Kâ€™
[2.515s]   234 |   if (![01;31m[KmakePlan(start.pose, goal.pose, tolerance_, path)[m[K) {
[2.515s]       |        [01;31m[K~~~~~~~~^~~~~~~~~~~~~~~~~~~~~~~~~~~~~~~~~~~~~~~~~[m[K
[2.515s]       |                [01;31m[K|[m[K
[2.515s]       |                [01;31m[Kstd::nullptr_t[m[K
[3.499s] In file included from [01m[K/opt/ros/humble/include/class_loader/class_loader/class_loader_core.hpp:57[m[K,
[3.499s]                  from [01m[K/opt/ros/humble/include/class_loader/class_loader/class_loader.hpp:55[m[K,
[3.499s]                  from [01m[K/opt/ros/humble/include/class_loader/class_loader/multi_library_class_loader.hpp:52[m[K,
[3.499s]                  from [01m[K/opt/ros/humble/include/pluginlib/pluginlib/class_loader.hpp:38[m[K,
[3.500s]                  from [01m[K/opt/ros/humble/include/nav2_costmap_2d/costmap_2d_ros.hpp:54[m[K,
[3.500s]                  from [01m[K/home/andrea/tesi/ros2_mapf_cbs/project_1/install/my_nav2_core/include/my_nav2_core/multi_agent_global_planner.hpp:21[m[K,
[3.500s]                  from [01m[K/home/andrea/tesi/ros2_mapf_cbs/project_1/src/my_nav2_navfn_planner/include/my_nav2_navfn_planner/my_navfn_planner.hpp:29[m[K,
[3.500s]                  from [01m[K/home/andrea/tesi/ros2_mapf_cbs/project_1/src/my_nav2_navfn_planner/src/my_navfn_planner.cpp:24[m[K:
[3.500s] /opt/ros/humble/include/class_loader/class_loader/meta_object.hpp: In instantiation of â€˜[01m[KB* class_loader::impl::MetaObject<C, B>::create() const [with C = my_nav2_navfn_planner::MyNavfnPlanner; B = my_nav2_core::MultiAgentGlobalPlanner][m[Kâ€™:
[3.500s] [01m[K/opt/ros/humble/include/class_loader/class_loader/meta_object.hpp:216:7:[m[K   required from here
[3.500s] [01m[K/opt/ros/humble/include/class_loader/class_loader/meta_object.hpp:218:12:[m[K [01;31m[Kerror: [m[Kinvalid new-expression of abstract class type â€˜[01m[Kmy_nav2_navfn_planner::MyNavfnPlanner[m[Kâ€™
[3.500s]   218 |     return [01;31m[Knew C[m[K;
[3.500s]       |            [01;31m[K^~~~~[m[K
[3.500s] In file included from [01m[K/home/andrea/tesi/ros2_mapf_cbs/project_1/src/my_nav2_navfn_planner/src/my_navfn_planner.cpp:24[m[K:
[3.500s] [01m[K/home/andrea/tesi/ros2_mapf_cbs/project_1/src/my_nav2_navfn_planner/include/my_nav2_navfn_planner/my_navfn_planner.hpp:40:7:[m[K [01;36m[Knote: [m[K  because the following virtual functions are pure within â€˜[01m[Kmy_nav2_navfn_planner::MyNavfnPlanner[m[Kâ€™:
[3.500s]    40 | class [01;36m[KMyNavfnPlanner[m[K : public my_nav2_core::MultiAgentGlobalPlanner
[3.500s]       |       [01;36m[K^~~~~~~~~~~~~~[m[K
[3.500s] [01m[K/home/andrea/tesi/ros2_mapf_cbs/project_1/src/my_nav2_navfn_planner/src/my_navfn_planner.cpp:191:21:[m[K [01;36m[Knote: [m[K    â€˜[01m[Kvirtual nav_msgs::msg::Path my_nav2_navfn_planner::MyNavfnPlanner::createPlan(const PoseStamped&, const PoseStamped&)[m[Kâ€™
[3.500s]   191 | nav_msgs::msg::Path [01;36m[KMyNavfnPlanner[m[K::createPlan(
[3.500s]       |                     [01;36m[K^~~~~~~~~~~~~~[m[K
[3.626s] gmake[2]: *** [CMakeFiles/my_nav2_navfn_planner.dir/build.make:76: CMakeFiles/my_nav2_navfn_planner.dir/src/my_navfn_planner.cpp.o] Error 1
[3.627s] gmake[1]: *** [CMakeFiles/Makefile2:137: CMakeFiles/my_nav2_navfn_planner.dir/all] Error 2
[3.627s] gmake: *** [Makefile:146: all] Error 2
[3.629s] Invoked command in '/home/andrea/tesi/ros2_mapf_cbs/project_1/build/my_nav2_navfn_planner' returned '2': CMAKE_PREFIX_PATH=/home/andrea/tesi/ros2_mapf_cbs/project_1/install/my_nav2_core:/home/andrea/tesi/ros2_mapf_cbs/project_1/install/my_intermediate_interfaces:/home/andrea/tesi/ros2_mapf_cbs/project_1/install/turtlebot3_multi_robot:/home/andrea/tesi/ros2_mapf_cbs/project_1/install/nav2_straightline_planner:/home/andrea/tesi/ros2_mapf_cbs/project_1/install/my_try_bringup:/home/andrea/tesi/ros2_mapf_cbs/project_1/install/my_nav2_planner:/home/andrea/tesi/ros2_mapf_cbs/project_1/install/my_nav2_navfn_planner:/home/andrea/tesi/ros2_mapf_cbs/simple_example/install/my_robot_bringup:/home/andrea/tesi/ros2_mapf_cbs/simple_example/install/my_robot_interfaces:/home/andrea/tesi/ros2_mapf_cbs/project_1/install/my_package:/home/andrea/tesi/ros2_mapf_cbs/project_1/install/my_intermediate:/home/andrea/tesi/ros2_mapf_cbs/simple_example/install/my_py_pkg:/opt/ros/humble LD_LIBRARY_PATH=/home/andrea/tesi/ros2_mapf_cbs/project_1/install/my_intermediate_interfaces/lib:/home/andrea/tesi/ros2_mapf_cbs/project_1/install/nav2_straightline_planner/lib:/home/andrea/tesi/ros2_mapf_cbs/project_1/install/my_nav2_planner/lib:/home/andrea/tesi/ros2_mapf_cbs/project_1/install/my_nav2_navfn_planner/lib:/home/andrea/tesi/ros2_mapf_cbs/simple_example/install/my_robot_interfaces/lib:/usr/lib/x86_64-linux-gnu/gazebo-11/plugins:/opt/ros/humble/opt/rviz_ogre_vendor/lib:/opt/ros/humble/lib/x86_64-linux-gnu:/opt/ros/humble/lib:/home/andrea/ws_online/build/ros2_bdi_on_litter_world /usr/bin/cmake --build /home/andrea/tesi/ros2_mapf_cbs/project_1/build/my_nav2_navfn_planner -- -j8 -l8
