[0.063s] Invoking command in '/home/andrea/tesi/ros2_mapf_cbs/project_1/build/my_nav2_smac_planner': CMAKE_PREFIX_PATH=/home/andrea/tesi/ros2_mapf_cbs/project_1/install/my_nav2_core:/home/andrea/tesi/ros2_mapf_cbs/project_1/install/my_intermediate_interfaces:/home/andrea/tesi/ros2_mapf_cbs/project_1/install/turtlebot3_multi_robot:/home/andrea/tesi/ros2_mapf_cbs/project_1/install/my_try_bringup:/home/andrea/tesi/ros2_mapf_cbs/project_1/install/my_nav2_planner:/home/andrea/tesi/ros2_mapf_cbs/project_1/install/my_nav2_smac_planner:/home/andrea/tesi/ros2_mapf_cbs/project_1/install/my_nav2_navfn_planner:/home/andrea/tesi/ros2_mapf_cbs/simple_example/install/my_robot_bringup:/home/andrea/tesi/ros2_mapf_cbs/simple_example/install/my_robot_interfaces:/home/andrea/tesi/ros2_mapf_cbs/project_1/install/my_package:/home/andrea/tesi/ros2_mapf_cbs/project_1/install/my_intermediate:/home/andrea/tesi/ros2_mapf_cbs/simple_example/install/my_py_pkg:/opt/ros/humble LD_LIBRARY_PATH=/home/andrea/tesi/ros2_mapf_cbs/project_1/install/my_intermediate_interfaces/lib:/home/andrea/tesi/ros2_mapf_cbs/project_1/install/my_nav2_planner/lib:/home/andrea/tesi/ros2_mapf_cbs/project_1/install/my_nav2_smac_planner/lib:/home/andrea/tesi/ros2_mapf_cbs/project_1/install/my_nav2_navfn_planner/lib:/home/andrea/tesi/ros2_mapf_cbs/simple_example/install/my_robot_interfaces/lib:/usr/lib/x86_64-linux-gnu/gazebo-11/plugins:/opt/ros/humble/opt/rviz_ogre_vendor/lib:/opt/ros/humble/lib/x86_64-linux-gnu:/opt/ros/humble/lib:/home/andrea/ws_online/build/ros2_bdi_on_litter_world /usr/bin/cmake --build /home/andrea/tesi/ros2_mapf_cbs/project_1/build/my_nav2_smac_planner -- -j8 -l8
[0.118s] [35m[1mConsolidate compiler generated dependencies of target my_nav2_smac_planner[0m
[0.170s] [  9%] [32mBuilding CXX object CMakeFiles/my_nav2_smac_planner.dir/src/smac_planner_2d.cpp.o[0m
[0.174s] [ 18%] [32mBuilding CXX object CMakeFiles/my_nav2_smac_planner.dir/src/a_star.cpp.o[0m
[0.174s] [ 27%] [32mBuilding CXX object CMakeFiles/my_nav2_smac_planner.dir/src/node_2d.cpp.o[0m
[3.585s] [01m[K/home/andrea/tesi/ros2_mapf_cbs/project_1/src/my_nav2_smac_planner/src/node_2d.cpp:54:6:[m[K [01;31m[Kerror: [m[Kno declaration matches â€˜[01m[Kbool my_nav2_smac_planner::Node2D::isNodeValid(const bool&, my_nav2_smac_planner::GridCollisionChecker*, int, int, std::vector<std::map<std::__cxx11::basic_string<char>, int> >, std::vector<std::map<std::__cxx11::basic_string<char>, int> >)[m[Kâ€™
[3.585s]    54 | bool [01;31m[KNode2D[m[K::isNodeValid(
[3.585s]       |      [01;31m[K^~~~~~[m[K
[3.585s] In file included from [01m[K/home/andrea/tesi/ros2_mapf_cbs/project_1/src/my_nav2_smac_planner/src/node_2d.cpp:16[m[K:
[3.585s] [01m[K/home/andrea/tesi/ros2_mapf_cbs/project_1/src/my_nav2_smac_planner/include/my_nav2_smac_planner/node_2d.hpp:180:8:[m[K [01;36m[Knote: [m[Kcandidate is: â€˜[01m[Kbool my_nav2_smac_planner::Node2D::isNodeValid(const bool&, my_nav2_smac_planner::GridCollisionChecker*, int, int, int, std::vector<std::map<std::__cxx11::basic_string<char>, int> >, std::vector<std::map<std::__cxx11::basic_string<char>, int> >)[m[Kâ€™
[3.586s]   180 |   bool [01;36m[KisNodeValid[m[K(const bool & traverse_unknown, GridCollisionChecker * collision_checker, const int time_step = -1,
[3.586s]       |        [01;36m[K^~~~~~~~~~~[m[K
[3.586s] [01m[K/home/andrea/tesi/ros2_mapf_cbs/project_1/src/my_nav2_smac_planner/include/my_nav2_smac_planner/node_2d.hpp:39:7:[m[K [01;36m[Knote: [m[Kâ€˜[01m[Kclass my_nav2_smac_planner::Node2D[m[Kâ€™ defined here
[3.586s]    39 | class [01;36m[KNode2D[m[K
[3.586s]       |       [01;36m[K^~~~~~[m[K
[3.588s] [01m[K/home/andrea/tesi/ros2_mapf_cbs/project_1/src/my_nav2_smac_planner/src/node_2d.cpp:[m[K In member function â€˜[01m[Kvoid my_nav2_smac_planner::Node2D::getNeighbors(std::function<bool(const unsigned int&, my_nav2_smac_planner::Node2D*&)>&, my_nav2_smac_planner::GridCollisionChecker*, const bool&, my_nav2_smac_planner::Node2D::NodeVector&, std::vector<std::map<std::__cxx11::basic_string<char>, int> >, std::vector<std::map<std::__cxx11::basic_string<char>, int> >)[m[Kâ€™:
[3.588s] [01m[K/home/andrea/tesi/ros2_mapf_cbs/project_1/src/my_nav2_smac_planner/src/node_2d.cpp:202:99:[m[K [01;31m[Kerror: [m[Kcannot convert â€˜[01m[Kconst std::vector<std::map<std::__cxx11::basic_string<char>, int> >[m[Kâ€™ to â€˜[01m[Kint[m[Kâ€™
[3.588s]   202 |       if (neighbor->isNodeValid(traverse_unknown, collision_checker, this->getTimeStep(), node_i, [01;31m[Kvertex_constraints[m[K, edge_constraints)
[3.588s]       |                                                                                                   [01;31m[K^~~~~~~~~~~~~~~~~~[m[K
[3.588s]       |                                                                                                   [01;31m[K|[m[K
[3.588s]       |                                                                                                   [01;31m[Kconst std::vector<std::map<std::__cxx11::basic_string<char>, int> >[m[K
[3.588s] In file included from [01m[K/home/andrea/tesi/ros2_mapf_cbs/project_1/src/my_nav2_smac_planner/src/node_2d.cpp:16[m[K:
[3.588s] [01m[K/home/andrea/tesi/ros2_mapf_cbs/project_1/src/my_nav2_smac_planner/include/my_nav2_smac_planner/node_2d.hpp:181:58:[m[K [01;36m[Knote: [m[K  initializing argument 5 of â€˜[01m[Kbool my_nav2_smac_planner::Node2D::isNodeValid(const bool&, my_nav2_smac_planner::GridCollisionChecker*, int, int, int, std::vector<std::map<std::__cxx11::basic_string<char>, int> >, std::vector<std::map<std::__cxx11::basic_string<char>, int> >)[m[Kâ€™
[3.588s]   181 |                   const int parent_index = -1, [01;36m[Kconst int x_size = 0[m[K,
[3.589s]       |                                                [01;36m[K~~~~~~~~~~^~~~~~~~~~[m[K
[4.077s] /home/andrea/tesi/ros2_mapf_cbs/project_1/src/my_nav2_smac_planner/src/a_star.cpp: In instantiation of â€˜[01m[Kbool my_nav2_smac_planner::AStarAlgorithm<NodeT>::createPath(my_nav2_smac_planner::AStarAlgorithm<NodeT>::CoordinateVector&, int&, const float&, std::vector<std::map<std::__cxx11::basic_string<char>, int> >, std::vector<std::map<std::__cxx11::basic_string<char>, int> >) [with NodeT = my_nav2_smac_planner::Node2D; my_nav2_smac_planner::AStarAlgorithm<NodeT>::CoordinateVector = std::vector<my_nav2_smac_planner::Node2D::Coordinates>][m[Kâ€™:
[4.077s] [01m[K/home/andrea/tesi/ros2_mapf_cbs/project_1/src/my_nav2_smac_planner/src/a_star.cpp:450:16:[m[K   required from here
[4.077s] [01m[K/home/andrea/tesi/ros2_mapf_cbs/project_1/src/my_nav2_smac_planner/src/a_star.cpp:316:31:[m[K [01;31m[Kerror: [m[Kno matching function for call to â€˜[01m[Kmy_nav2_smac_planner::Node2D::getNeighbors(my_nav2_smac_planner::AStarAlgorithm<my_nav2_smac_planner::Node2D>::NodeGetter&, my_nav2_smac_planner::GridCollisionChecker*&, bool&, my_nav2_smac_planner::AStarAlgorithm<my_nav2_smac_planner::Node2D>::NodeVector&, unsigned int&, const std::vector<std::map<std::__cxx11::basic_string<char>, int> >&, const std::vector<std::map<std::__cxx11::basic_string<char>, int> >&)[m[Kâ€™
[4.077s]   316 |     [01;31m[Kcurrent_node->getNeighbors(neighborGetter, _collision_checker, _traverse_unknown, neighbors, getSizeX(), vc, ec)[m[K;
[4.077s]       |     [01;31m[K~~~~~~~~~~~~~~~~~~~~~~~~~~^~~~~~~~~~~~~~~~~~~~~~~~~~~~~~~~~~~~~~~~~~~~~~~~~~~~~~~~~~~~~~~~~~~~~~~~~~~~~~~~~~~~~~[m[K
[4.077s] In file included from [01m[K/home/andrea/tesi/ros2_mapf_cbs/project_1/src/my_nav2_smac_planner/include/my_nav2_smac_planner/analytic_expansion.hpp:23[m[K,
[4.077s]                  from [01m[K/home/andrea/tesi/ros2_mapf_cbs/project_1/src/my_nav2_smac_planner/include/my_nav2_smac_planner/a_star.hpp:30[m[K,
[4.077s]                  from [01m[K/home/andrea/tesi/ros2_mapf_cbs/project_1/src/my_nav2_smac_planner/src/a_star.cpp:28[m[K:
[4.077s] [01m[K/home/andrea/tesi/ros2_mapf_cbs/project_1/src/my_nav2_smac_planner/include/my_nav2_smac_planner/node_2d.hpp:268:8:[m[K [01;36m[Knote: [m[Kcandidate: â€˜[01m[Kvoid my_nav2_smac_planner::Node2D::getNeighbors(std::function<bool(const unsigned int&, my_nav2_smac_planner::Node2D*&)>&, my_nav2_smac_planner::GridCollisionChecker*, const bool&, my_nav2_smac_planner::Node2D::NodeVector&, std::vector<std::map<std::__cxx11::basic_string<char>, int> >, std::vector<std::map<std::__cxx11::basic_string<char>, int> >)[m[Kâ€™
[4.077s]   268 |   void [01;36m[KgetNeighbors[m[K(
[4.077s]       |        [01;36m[K^~~~~~~~~~~~[m[K
[4.077s] [01m[K/home/andrea/tesi/ros2_mapf_cbs/project_1/src/my_nav2_smac_planner/include/my_nav2_smac_planner/node_2d.hpp:268:8:[m[K [01;36m[Knote: [m[K  candidate expects 6 arguments, 7 provided
[4.458s] gmake[2]: *** [CMakeFiles/my_nav2_smac_planner.dir/build.make:188: CMakeFiles/my_nav2_smac_planner.dir/src/node_2d.cpp.o] Error 1
[4.458s] gmake[2]: *** Waiting for unfinished jobs....
[5.025s] gmake[2]: *** [CMakeFiles/my_nav2_smac_planner.dir/build.make:90: CMakeFiles/my_nav2_smac_planner.dir/src/a_star.cpp.o] Error 1
[8.122s] gmake[1]: *** [CMakeFiles/Makefile2:137: CMakeFiles/my_nav2_smac_planner.dir/all] Error 2
[8.122s] gmake: *** [Makefile:146: all] Error 2
[8.146s] Invoked command in '/home/andrea/tesi/ros2_mapf_cbs/project_1/build/my_nav2_smac_planner' returned '2': CMAKE_PREFIX_PATH=/home/andrea/tesi/ros2_mapf_cbs/project_1/install/my_nav2_core:/home/andrea/tesi/ros2_mapf_cbs/project_1/install/my_intermediate_interfaces:/home/andrea/tesi/ros2_mapf_cbs/project_1/install/turtlebot3_multi_robot:/home/andrea/tesi/ros2_mapf_cbs/project_1/install/my_try_bringup:/home/andrea/tesi/ros2_mapf_cbs/project_1/install/my_nav2_planner:/home/andrea/tesi/ros2_mapf_cbs/project_1/install/my_nav2_smac_planner:/home/andrea/tesi/ros2_mapf_cbs/project_1/install/my_nav2_navfn_planner:/home/andrea/tesi/ros2_mapf_cbs/simple_example/install/my_robot_bringup:/home/andrea/tesi/ros2_mapf_cbs/simple_example/install/my_robot_interfaces:/home/andrea/tesi/ros2_mapf_cbs/project_1/install/my_package:/home/andrea/tesi/ros2_mapf_cbs/project_1/install/my_intermediate:/home/andrea/tesi/ros2_mapf_cbs/simple_example/install/my_py_pkg:/opt/ros/humble LD_LIBRARY_PATH=/home/andrea/tesi/ros2_mapf_cbs/project_1/install/my_intermediate_interfaces/lib:/home/andrea/tesi/ros2_mapf_cbs/project_1/install/my_nav2_planner/lib:/home/andrea/tesi/ros2_mapf_cbs/project_1/install/my_nav2_smac_planner/lib:/home/andrea/tesi/ros2_mapf_cbs/project_1/install/my_nav2_navfn_planner/lib:/home/andrea/tesi/ros2_mapf_cbs/simple_example/install/my_robot_interfaces/lib:/usr/lib/x86_64-linux-gnu/gazebo-11/plugins:/opt/ros/humble/opt/rviz_ogre_vendor/lib:/opt/ros/humble/lib/x86_64-linux-gnu:/opt/ros/humble/lib:/home/andrea/ws_online/build/ros2_bdi_on_litter_world /usr/bin/cmake --build /home/andrea/tesi/ros2_mapf_cbs/project_1/build/my_nav2_smac_planner -- -j8 -l8
