[0.443s] Invoking command in '/home/andrea/tesi/ros2_mapf_cbs/project_1/build/my_intermediate_interfaces': CMAKE_PREFIX_PATH=${CMAKE_PREFIX_PATH}:/home/andrea/tesi/ros2_mapf_cbs/project_1/install/my_package:/home/andrea/tesi/ros2_mapf_cbs/project_1/install/my_intermediate:/home/andrea/tesi/ros2_mapf_cbs/simple_example/install/my_py_pkg:/opt/ros/humble /usr/bin/cmake --build /home/andrea/tesi/ros2_mapf_cbs/project_1/build/my_intermediate_interfaces -- -j8 -l8
[0.724s] -- Found std_srvs: 4.2.3 (/opt/ros/humble/share/std_srvs/cmake)
[0.724s] -- Override CMake install command with custom implementation using symlinks instead of copying resources
[0.724s] -- Found rosidl_generator_c: 3.1.5 (/opt/ros/humble/share/rosidl_generator_c/cmake)
[0.724s] -- Found rosidl_adapter: 3.1.5 (/opt/ros/humble/share/rosidl_adapter/cmake)
[0.724s] -- Found rosidl_generator_cpp: 3.1.5 (/opt/ros/humble/share/rosidl_generator_cpp/cmake)
[0.724s] -- Using all available rosidl_typesupport_c: rosidl_typesupport_fastrtps_c;rosidl_typesupport_introspection_c
[0.724s] -- Using all available rosidl_typesupport_cpp: rosidl_typesupport_fastrtps_cpp;rosidl_typesupport_introspection_cpp
[0.724s] -- Found nav_msgs: 4.2.3 (/opt/ros/humble/share/nav_msgs/cmake)
[0.816s] -- Found rosidl_default_generators: 1.2.0 (/opt/ros/humble/share/rosidl_default_generators/cmake)
[1.066s] -- Found ament_cmake_ros: 0.10.0 (/opt/ros/humble/share/ament_cmake_ros/cmake)
[1.391s] -- Using all available rosidl_typesupport_c: rosidl_typesupport_fastrtps_c;rosidl_typesupport_introspection_c
[1.525s] -- Using all available rosidl_typesupport_cpp: rosidl_typesupport_fastrtps_cpp;rosidl_typesupport_introspection_cpp
[1.542s] -- Found python_cmake_module: 0.10.0 (/opt/ros/humble/share/python_cmake_module/cmake)
[1.563s] -- Using PYTHON_EXECUTABLE: /usr/bin/python3
[1.563s] -- Using PYTHON_INCLUDE_DIRS: /usr/include/python3.10
[1.563s] -- Using PYTHON_LIBRARIES: /usr/lib/x86_64-linux-gnu/libpython3.10.so
[1.616s] -- Configuring done
[1.653s] -- Generating done
[1.655s] -- Build files have been written to: /home/andrea/tesi/ros2_mapf_cbs/project_1/build/my_intermediate_interfaces
[1.674s] [35m[1mConsolidate compiler generated dependencies of target my_intermediate_interfaces__rosidl_generator_c[0m
[1.681s] [  2%] [32mBuilding C object CMakeFiles/my_intermediate_interfaces__rosidl_generator_c.dir/rosidl_generator_c/my_intermediate_interfaces/srv/detail/start_goal_posed_stamped__functions.c.o[0m
[1.681s] [  5%] Built target my_intermediate_interfaces__cpp
[1.687s] [  5%] Built target ament_cmake_python_symlink_my_intermediate_interfaces
[1.690s] [35m[1mConsolidate compiler generated dependencies of target my_intermediate_interfaces__rosidl_typesupport_fastrtps_cpp[0m
[1.691s] [35m[1mConsolidate compiler generated dependencies of target my_intermediate_interfaces__rosidl_typesupport_cpp[0m
[1.691s] [35m[1mConsolidate compiler generated dependencies of target my_intermediate_interfaces__rosidl_typesupport_introspection_cpp[0m
[1.695s] In file included from [01m[K/home/andrea/tesi/ros2_mapf_cbs/project_1/build/my_intermediate_interfaces/rosidl_generator_c/my_intermediate_interfaces/srv/detail/start_goal_posed_stamped__functions.h:19[m[K,
[1.695s]                  from [01m[K/home/andrea/tesi/ros2_mapf_cbs/project_1/build/my_intermediate_interfaces/rosidl_generator_c/my_intermediate_interfaces/srv/detail/start_goal_posed_stamped__functions.c:4[m[K:
[1.695s] [01m[K/home/andrea/tesi/ros2_mapf_cbs/project_1/build/my_intermediate_interfaces/rosidl_generator_c/my_intermediate_interfaces/srv/detail/start_goal_posed_stamped__struct.h:23:10:[m[K [01;31m[Kfatal error: [m[Kgeometry_msgs/msg/detail/posed_stamped__struct.h: No such file or directory
[1.696s]    23 | #include [01;31m[K"geometry_msgs/msg/detail/posed_stamped__struct.h"[m[K
[1.696s]       |          [01;31m[K^~~~~~~~~~~~~~~~~~~~~~~~~~~~~~~~~~~~~~~~~~~~~~~~~~[m[K
[1.696s] compilation terminated.
[1.696s] gmake[2]: *** [CMakeFiles/my_intermediate_interfaces__rosidl_generator_c.dir/build.make:205: CMakeFiles/my_intermediate_interfaces__rosidl_generator_c.dir/rosidl_generator_c/my_intermediate_interfaces/srv/detail/start_goal_posed_stamped__functions.c.o] Error 1
[1.696s] gmake[1]: *** [CMakeFiles/Makefile2:213: CMakeFiles/my_intermediate_interfaces__rosidl_generator_c.dir/all] Error 2
[1.696s] gmake[1]: *** Waiting for unfinished jobs....
[1.700s] [  7%] [32mBuilding CXX object CMakeFiles/my_intermediate_interfaces__rosidl_typesupport_fastrtps_cpp.dir/rosidl_typesupport_fastrtps_cpp/my_intermediate_interfaces/srv/detail/dds_fastrtps/start_goal_posed_stamped__type_support.cpp.o[0m
[1.701s] [ 10%] [32mBuilding CXX object CMakeFiles/my_intermediate_interfaces__rosidl_typesupport_introspection_cpp.dir/rosidl_typesupport_introspection_cpp/my_intermediate_interfaces/srv/detail/start_goal_posed_stamped__type_support.cpp.o[0m
[1.704s] [ 12%] [32mBuilding CXX object CMakeFiles/my_intermediate_interfaces__rosidl_typesupport_cpp.dir/rosidl_typesupport_cpp/my_intermediate_interfaces/srv/start_goal_posed_stamped__type_support.cpp.o[0m
[1.748s] In file included from [01m[K/home/andrea/tesi/ros2_mapf_cbs/project_1/build/my_intermediate_interfaces/rosidl_typesupport_introspection_cpp/my_intermediate_interfaces/srv/detail/start_goal_posed_stamped__type_support.cpp:12[m[K:
[1.748s] [01m[K/home/andrea/tesi/ros2_mapf_cbs/project_1/build/my_intermediate_interfaces/rosidl_generator_cpp/my_intermediate_interfaces/srv/detail/start_goal_posed_stamped__struct.hpp:21:10:[m[K [01;31m[Kfatal error: [m[Kgeometry_msgs/msg/detail/posed_stamped__struct.hpp: No such file or directory
[1.748s]    21 | #include [01;31m[K"geometry_msgs/msg/detail/posed_stamped__struct.hpp"[m[K
[1.748s]       |          [01;31m[K^~~~~~~~~~~~~~~~~~~~~~~~~~~~~~~~~~~~~~~~~~~~~~~~~~~~[m[K
[1.748s] compilation terminated.
[1.750s] gmake[2]: *** [CMakeFiles/my_intermediate_interfaces__rosidl_typesupport_introspection_cpp.dir/build.make:182: CMakeFiles/my_intermediate_interfaces__rosidl_typesupport_introspection_cpp.dir/rosidl_typesupport_introspection_cpp/my_intermediate_interfaces/srv/detail/start_goal_posed_stamped__type_support.cpp.o] Error 1
[1.750s] gmake[1]: *** [CMakeFiles/Makefile2:369: CMakeFiles/my_intermediate_interfaces__rosidl_typesupport_introspection_cpp.dir/all] Error 2
[1.760s] In file included from [01m[K/home/andrea/tesi/ros2_mapf_cbs/project_1/build/my_intermediate_interfaces/rosidl_typesupport_fastrtps_cpp/my_intermediate_interfaces/srv/detail/start_goal_posed_stamped__rosidl_typesupport_fastrtps_cpp.hpp:11[m[K,
[1.760s]                  from [01m[K/home/andrea/tesi/ros2_mapf_cbs/project_1/build/my_intermediate_interfaces/rosidl_typesupport_fastrtps_cpp/my_intermediate_interfaces/srv/detail/dds_fastrtps/start_goal_posed_stamped__type_support.cpp:4[m[K:
[1.760s] [01m[K/home/andrea/tesi/ros2_mapf_cbs/project_1/build/my_intermediate_interfaces/rosidl_generator_cpp/my_intermediate_interfaces/srv/detail/start_goal_posed_stamped__struct.hpp:21:10:[m[K [01;31m[Kfatal error: [m[Kgeometry_msgs/msg/detail/posed_stamped__struct.hpp: No such file or directory
[1.760s]    21 | #include [01;31m[K"geometry_msgs/msg/detail/posed_stamped__struct.hpp"[m[K
[1.761s]       |          [01;31m[K^~~~~~~~~~~~~~~~~~~~~~~~~~~~~~~~~~~~~~~~~~~~~~~~~~~~[m[K
[1.761s] compilation terminated.
[1.761s] gmake[2]: *** [CMakeFiles/my_intermediate_interfaces__rosidl_typesupport_fastrtps_cpp.dir/build.make:182: CMakeFiles/my_intermediate_interfaces__rosidl_typesupport_fastrtps_cpp.dir/rosidl_typesupport_fastrtps_cpp/my_intermediate_interfaces/srv/detail/dds_fastrtps/start_goal_posed_stamped__type_support.cpp.o] Error 1
[1.762s] gmake[1]: *** [CMakeFiles/Makefile2:291: CMakeFiles/my_intermediate_interfaces__rosidl_typesupport_fastrtps_cpp.dir/all] Error 2
[1.765s] In file included from [01m[K/home/andrea/tesi/ros2_mapf_cbs/project_1/build/my_intermediate_interfaces/rosidl_typesupport_cpp/my_intermediate_interfaces/srv/start_goal_posed_stamped__type_support.cpp:7[m[K:
[1.765s] [01m[K/home/andrea/tesi/ros2_mapf_cbs/project_1/build/my_intermediate_interfaces/rosidl_generator_cpp/my_intermediate_interfaces/srv/detail/start_goal_posed_stamped__struct.hpp:21:10:[m[K [01;31m[Kfatal error: [m[Kgeometry_msgs/msg/detail/posed_stamped__struct.hpp: No such file or directory
[1.765s]    21 | #include [01;31m[K"geometry_msgs/msg/detail/posed_stamped__struct.hpp"[m[K
[1.765s]       |          [01;31m[K^~~~~~~~~~~~~~~~~~~~~~~~~~~~~~~~~~~~~~~~~~~~~~~~~~~~[m[K
[1.765s] compilation terminated.
[1.766s] gmake[2]: *** [CMakeFiles/my_intermediate_interfaces__rosidl_typesupport_cpp.dir/build.make:174: CMakeFiles/my_intermediate_interfaces__rosidl_typesupport_cpp.dir/rosidl_typesupport_cpp/my_intermediate_interfaces/srv/start_goal_posed_stamped__type_support.cpp.o] Error 1
[1.766s] gmake[1]: *** [CMakeFiles/Makefile2:395: CMakeFiles/my_intermediate_interfaces__rosidl_typesupport_cpp.dir/all] Error 2
[1.880s] running egg_info
[1.880s] writing my_intermediate_interfaces.egg-info/PKG-INFO
[1.880s] writing dependency_links to my_intermediate_interfaces.egg-info/dependency_links.txt
[1.880s] writing top-level names to my_intermediate_interfaces.egg-info/top_level.txt
[1.882s] reading manifest file 'my_intermediate_interfaces.egg-info/SOURCES.txt'
[1.882s] writing manifest file 'my_intermediate_interfaces.egg-info/SOURCES.txt'
[1.900s] [ 12%] Built target ament_cmake_python_build_my_intermediate_interfaces_egg
[1.901s] gmake: *** [Makefile:146: all] Error 2
[1.903s] Invoked command in '/home/andrea/tesi/ros2_mapf_cbs/project_1/build/my_intermediate_interfaces' returned '2': CMAKE_PREFIX_PATH=${CMAKE_PREFIX_PATH}:/home/andrea/tesi/ros2_mapf_cbs/project_1/install/my_package:/home/andrea/tesi/ros2_mapf_cbs/project_1/install/my_intermediate:/home/andrea/tesi/ros2_mapf_cbs/simple_example/install/my_py_pkg:/opt/ros/humble /usr/bin/cmake --build /home/andrea/tesi/ros2_mapf_cbs/project_1/build/my_intermediate_interfaces -- -j8 -l8
