[01m[K/home/andrea/tesi/ros2_mapf_cbs/project_1/src/my_nav2_planner/src/my_planner_server.cpp:[m[K In member function â€˜[01m[Kvoid my_nav2_planner::MyPlannerServer::computePlanThroughPoses()[m[Kâ€™:
[01m[K/home/andrea/tesi/ros2_mapf_cbs/project_1/src/my_nav2_planner/src/my_planner_server.cpp:380:30:[m[K [01;31m[Kerror: [m[Kâ€˜[01m[Kusing element_type = const struct nav2_msgs::action::ComputePathThroughPoses_Goal_<std::allocator<void> >[m[Kâ€™ {aka â€˜[01m[Kconst struct nav2_msgs::action::ComputePathThroughPoses_Goal_<std::allocator<void> >[m[Kâ€™} has no member named â€˜[01m[Kvertex_constraints[m[Kâ€™
  380 |   auto vertex_constr = goal->[01;31m[Kvertex_constraints[m[K;
      |                              [01;31m[K^~~~~~~~~~~~~~~~~~[m[K
[01m[K/home/andrea/tesi/ros2_mapf_cbs/project_1/src/my_nav2_planner/src/my_planner_server.cpp:381:28:[m[K [01;31m[Kerror: [m[Kâ€˜[01m[Kusing element_type = const struct nav2_msgs::action::ComputePathThroughPoses_Goal_<std::allocator<void> >[m[Kâ€™ {aka â€˜[01m[Kconst struct nav2_msgs::action::ComputePathThroughPoses_Goal_<std::allocator<void> >[m[Kâ€™} has no member named â€˜[01m[Kedge_constraints[m[Kâ€™
  381 |   auto edge_constr = goal->[01;31m[Kedge_constraints[m[K;
      |                            [01;31m[K^~~~~~~~~~~~~~~~[m[K
[01m[K/home/andrea/tesi/ros2_mapf_cbs/project_1/src/my_nav2_planner/src/my_planner_server.cpp:422:70:[m[K [01;31m[Kerror: [m[Kâ€˜[01m[Kvertex_constraints[m[Kâ€™ was not declared in this scope
  422 |       nav_msgs::msg::Path curr_path = getPlan(curr_start, curr_goal, [01;31m[Kvertex_constraints[m[K, edge_constraints, goal->planner_id);
      |                                                                      [01;31m[K^~~~~~~~~~~~~~~~~~[m[K
[01m[K/home/andrea/tesi/ros2_mapf_cbs/project_1/src/my_nav2_planner/src/my_planner_server.cpp:422:90:[m[K [01;31m[Kerror: [m[Kâ€˜[01m[Kedge_constraints[m[Kâ€™ was not declared in this scope
  422 |       nav_msgs::msg::Path curr_path = getPlan(curr_start, curr_goal, vertex_constraints, [01;31m[Kedge_constraints[m[K, goal->planner_id);
      |                                                                                          [01;31m[K^~~~~~~~~~~~~~~~[m[K
[01m[K/home/andrea/tesi/ros2_mapf_cbs/project_1/src/my_nav2_planner/src/my_planner_server.cpp:[m[K In member function â€˜[01m[Knav_msgs::msg::Path my_nav2_planner::MyPlannerServer::getPlan(const PoseStamped&, const PoseStamped&, std::vector<my_intermediate_interfaces::msg::VertexConstraint_<std::allocator<void> >, std::allocator<my_intermediate_interfaces::msg::VertexConstraint_<std::allocator<void> > > >, std::vector<my_intermediate_interfaces::msg::EdgeConstraint_<std::allocator<void> >, std::allocator<my_intermediate_interfaces::msg::EdgeConstraint_<std::allocator<void> > > >, const string&)[m[Kâ€™:
[01m[K/home/andrea/tesi/ros2_mapf_cbs/project_1/src/my_nav2_planner/src/my_planner_server.cpp:597:45:[m[K [01;31m[Kerror: [m[Kno matching function for call to â€˜[01m[Knav2_core::GlobalPlanner::createPlan(const PoseStamped&, const PoseStamped&, const std::vector<my_intermediate_interfaces::msg::VertexConstraint_<std::allocator<void> >, std::allocator<my_intermediate_interfaces::msg::VertexConstraint_<std::allocator<void> > > >&, const std::vector<my_intermediate_interfaces::msg::EdgeConstraint_<std::allocator<void> >, std::allocator<my_intermediate_interfaces::msg::EdgeConstraint_<std::allocator<void> > > >&)[m[Kâ€™
  597 |     return [01;31m[Kplanners_[planner_id]->createPlan(start, goal, vertex_constraints, edge_constraints)[m[K;
      |            [01;31m[K~~~~~~~~~~~~~~~~~~~~~~~~~~~~~~~~~^~~~~~~~~~~~~~~~~~~~~~~~~~~~~~~~~~~~~~~~~~~~~~~~~~~[m[K
In file included from [01m[K/home/andrea/tesi/ros2_mapf_cbs/project_1/src/my_nav2_planner/include/my_nav2_planner/my_planner_server.hpp:41[m[K,
                 from [01m[K/home/andrea/tesi/ros2_mapf_cbs/project_1/src/my_nav2_planner/src/my_planner_server.cpp:34[m[K:
[01m[K/opt/ros/humble/include/nav2_core/global_planner.hpp:76:31:[m[K [01;36m[Knote: [m[Kcandidate: â€˜[01m[Kvirtual nav_msgs::msg::Path nav2_core::GlobalPlanner::createPlan(const PoseStamped&, const PoseStamped&)[m[Kâ€™
   76 |   virtual nav_msgs::msg::Path [01;36m[KcreatePlan[m[K(
      |                               [01;36m[K^~~~~~~~~~[m[K
[01m[K/opt/ros/humble/include/nav2_core/global_planner.hpp:76:31:[m[K [01;36m[Knote: [m[K  candidate expects 2 arguments, 4 provided
gmake[2]: *** [CMakeFiles/my_planner_server_core.dir/build.make:76: CMakeFiles/my_planner_server_core.dir/src/my_planner_server.cpp.o] Error 1
gmake[1]: *** [CMakeFiles/Makefile2:139: CMakeFiles/my_planner_server_core.dir/all] Error 2
gmake: *** [Makefile:146: all] Error 2
