[0.434s] Invoking command in '/home/andrea/tesi/ros2_mapf_cbs/project_1/build/my_intermediate_interfaces': CMAKE_PREFIX_PATH=${CMAKE_PREFIX_PATH}:/home/andrea/tesi/ros2_mapf_cbs/project_1/install/my_package:/home/andrea/tesi/ros2_mapf_cbs/project_1/install/my_intermediate:/home/andrea/tesi/ros2_mapf_cbs/simple_example/install/my_py_pkg:/opt/ros/humble /usr/bin/cmake /home/andrea/tesi/ros2_mapf_cbs/project_1/src/my_intermediate_interfaces -DCMAKE_INSTALL_PREFIX=/home/andrea/tesi/ros2_mapf_cbs/project_1/install/my_intermediate_interfaces
[0.709s] -- Found std_srvs: 4.2.3 (/opt/ros/humble/share/std_srvs/cmake)
[0.709s] -- Override CMake install command with custom implementation using symlinks instead of copying resources
[0.709s] -- Found rosidl_generator_c: 3.1.5 (/opt/ros/humble/share/rosidl_generator_c/cmake)
[0.709s] -- Found rosidl_adapter: 3.1.5 (/opt/ros/humble/share/rosidl_adapter/cmake)
[0.710s] -- Found rosidl_generator_cpp: 3.1.5 (/opt/ros/humble/share/rosidl_generator_cpp/cmake)
[0.710s] -- Using all available rosidl_typesupport_c: rosidl_typesupport_fastrtps_c;rosidl_typesupport_introspection_c
[0.710s] -- Using all available rosidl_typesupport_cpp: rosidl_typesupport_fastrtps_cpp;rosidl_typesupport_introspection_cpp
[0.710s] -- Found nav_msgs: 4.2.3 (/opt/ros/humble/share/nav_msgs/cmake)
[0.878s] -- Found rosidl_default_generators: 1.2.0 (/opt/ros/humble/share/rosidl_default_generators/cmake)
[1.150s] -- Found ament_cmake_ros: 0.10.0 (/opt/ros/humble/share/ament_cmake_ros/cmake)
[1.482s] -- Using all available rosidl_typesupport_c: rosidl_typesupport_fastrtps_c;rosidl_typesupport_introspection_c
[1.612s] -- Using all available rosidl_typesupport_cpp: rosidl_typesupport_fastrtps_cpp;rosidl_typesupport_introspection_cpp
[1.633s] -- Found python_cmake_module: 0.10.0 (/opt/ros/humble/share/python_cmake_module/cmake)
[1.651s] -- Using PYTHON_EXECUTABLE: /usr/bin/python3
[1.652s] -- Using PYTHON_INCLUDE_DIRS: /usr/include/python3.10
[1.652s] -- Using PYTHON_LIBRARIES: /usr/lib/x86_64-linux-gnu/libpython3.10.so
[1.704s] -- Configuring done
[1.746s] -- Generating done
[1.748s] -- Build files have been written to: /home/andrea/tesi/ros2_mapf_cbs/project_1/build/my_intermediate_interfaces
[1.845s] Invoked command in '/home/andrea/tesi/ros2_mapf_cbs/project_1/build/my_intermediate_interfaces' returned '0': CMAKE_PREFIX_PATH=${CMAKE_PREFIX_PATH}:/home/andrea/tesi/ros2_mapf_cbs/project_1/install/my_package:/home/andrea/tesi/ros2_mapf_cbs/project_1/install/my_intermediate:/home/andrea/tesi/ros2_mapf_cbs/simple_example/install/my_py_pkg:/opt/ros/humble /usr/bin/cmake /home/andrea/tesi/ros2_mapf_cbs/project_1/src/my_intermediate_interfaces -DCMAKE_INSTALL_PREFIX=/home/andrea/tesi/ros2_mapf_cbs/project_1/install/my_intermediate_interfaces
[1.846s] Invoking command in '/home/andrea/tesi/ros2_mapf_cbs/project_1/build/my_intermediate_interfaces': CMAKE_PREFIX_PATH=${CMAKE_PREFIX_PATH}:/home/andrea/tesi/ros2_mapf_cbs/project_1/install/my_package:/home/andrea/tesi/ros2_mapf_cbs/project_1/install/my_intermediate:/home/andrea/tesi/ros2_mapf_cbs/simple_example/install/my_py_pkg:/opt/ros/humble /usr/bin/cmake --build /home/andrea/tesi/ros2_mapf_cbs/project_1/build/my_intermediate_interfaces -- -j8 -l8
[1.884s] [  2%] [34m[1mGenerating C code for ROS interfaces[0m
[1.885s] [  5%] [34m[1mGenerating C++ code for ROS interfaces[0m
[1.886s] [  5%] Built target ament_cmake_python_symlink_my_intermediate_interfaces
[2.085s] running egg_info
[2.085s] writing my_intermediate_interfaces.egg-info/PKG-INFO
[2.085s] writing dependency_links to my_intermediate_interfaces.egg-info/dependency_links.txt
[2.086s] writing top-level names to my_intermediate_interfaces.egg-info/top_level.txt
[2.087s] reading manifest file 'my_intermediate_interfaces.egg-info/SOURCES.txt'
[2.088s] writing manifest file 'my_intermediate_interfaces.egg-info/SOURCES.txt'
[2.109s] [  5%] Built target ament_cmake_python_build_my_intermediate_interfaces_egg
[2.187s] [  5%] Built target my_intermediate_interfaces__cpp
[2.195s] [  7%] [34m[1mGenerating C++ type support dispatch for ROS interfaces[0m
[2.197s] [ 10%] [34m[1mGenerating C++ type support for eProsima Fast-RTPS[0m
[2.203s] [ 12%] [34m[1mGenerating C++ introspection for ROS interfaces[0m
[2.259s] [35m[1mConsolidate compiler generated dependencies of target my_intermediate_interfaces__rosidl_generator_c[0m
[2.274s] [ 15%] [32mBuilding C object CMakeFiles/my_intermediate_interfaces__rosidl_generator_c.dir/rosidl_generator_c/my_intermediate_interfaces/srv/detail/computed_plans__functions.c.o[0m
[2.278s] [ 17%] [32mBuilding C object CMakeFiles/my_intermediate_interfaces__rosidl_generator_c.dir/rosidl_generator_c/my_intermediate_interfaces/srv/detail/start_goal_posed_stamped__functions.c.o[0m
[2.311s] In file included from [01m[K/home/andrea/tesi/ros2_mapf_cbs/project_1/build/my_intermediate_interfaces/rosidl_generator_c/my_intermediate_interfaces/srv/detail/start_goal_posed_stamped__functions.h:19[m[K,
[2.312s]                  from [01m[K/home/andrea/tesi/ros2_mapf_cbs/project_1/build/my_intermediate_interfaces/rosidl_generator_c/my_intermediate_interfaces/srv/detail/start_goal_posed_stamped__functions.c:4[m[K:
[2.313s] [01m[K/home/andrea/tesi/ros2_mapf_cbs/project_1/build/my_intermediate_interfaces/rosidl_generator_c/my_intermediate_interfaces/srv/detail/start_goal_posed_stamped__struct.h:23:10:[m[K [01;31m[Kfatal error: [m[Kgeometry_msgs/msg/detail/posed_stamped__struct.h: No such file or directory
[2.313s]    23 | #include [01;31m[K"geometry_msgs/msg/detail/posed_stamped__struct.h"[m[K
[2.314s]       |          [01;31m[K^~~~~~~~~~~~~~~~~~~~~~~~~~~~~~~~~~~~~~~~~~~~~~~~~~[m[K
[2.315s] compilation terminated.
[2.318s] gmake[2]: *** [CMakeFiles/my_intermediate_interfaces__rosidl_generator_c.dir/build.make:205: CMakeFiles/my_intermediate_interfaces__rosidl_generator_c.dir/rosidl_generator_c/my_intermediate_interfaces/srv/detail/start_goal_posed_stamped__functions.c.o] Error 1
[2.318s] gmake[2]: *** Waiting for unfinished jobs....
[2.389s] gmake[1]: *** [CMakeFiles/Makefile2:213: CMakeFiles/my_intermediate_interfaces__rosidl_generator_c.dir/all] Error 2
[2.389s] gmake[1]: *** Waiting for unfinished jobs....
[2.532s] [35m[1mConsolidate compiler generated dependencies of target my_intermediate_interfaces__rosidl_typesupport_introspection_cpp[0m
[2.550s] [ 20%] [32mBuilding CXX object CMakeFiles/my_intermediate_interfaces__rosidl_typesupport_introspection_cpp.dir/rosidl_typesupport_introspection_cpp/my_intermediate_interfaces/srv/detail/computed_plans__type_support.cpp.o[0m
[2.551s] [ 23%] [32mBuilding CXX object CMakeFiles/my_intermediate_interfaces__rosidl_typesupport_introspection_cpp.dir/rosidl_typesupport_introspection_cpp/my_intermediate_interfaces/srv/detail/start_goal_posed_stamped__type_support.cpp.o[0m
[2.569s] [35m[1mConsolidate compiler generated dependencies of target my_intermediate_interfaces__rosidl_typesupport_cpp[0m
[2.582s] [ 28%] [32mBuilding CXX object CMakeFiles/my_intermediate_interfaces__rosidl_typesupport_cpp.dir/rosidl_typesupport_cpp/my_intermediate_interfaces/srv/start_goal_posed_stamped__type_support.cpp.o[0m
[2.582s] [ 28%] [32mBuilding CXX object CMakeFiles/my_intermediate_interfaces__rosidl_typesupport_cpp.dir/rosidl_typesupport_cpp/my_intermediate_interfaces/srv/computed_plans__type_support.cpp.o[0m
[2.649s] In file included from [01m[K/home/andrea/tesi/ros2_mapf_cbs/project_1/build/my_intermediate_interfaces/rosidl_typesupport_cpp/my_intermediate_interfaces/srv/start_goal_posed_stamped__type_support.cpp:7[m[K:
[2.649s] [01m[K/home/andrea/tesi/ros2_mapf_cbs/project_1/build/my_intermediate_interfaces/rosidl_generator_cpp/my_intermediate_interfaces/srv/detail/start_goal_posed_stamped__struct.hpp:21:10:[m[K [01;31m[Kfatal error: [m[Kgeometry_msgs/msg/detail/posed_stamped__struct.hpp: No such file or directory
[2.649s]    21 | #include [01;31m[K"geometry_msgs/msg/detail/posed_stamped__struct.hpp"[m[K
[2.649s]       |          [01;31m[K^~~~~~~~~~~~~~~~~~~~~~~~~~~~~~~~~~~~~~~~~~~~~~~~~~~~[m[K
[2.649s] compilation terminated.
[2.651s] gmake[2]: *** [CMakeFiles/my_intermediate_interfaces__rosidl_typesupport_cpp.dir/build.make:174: CMakeFiles/my_intermediate_interfaces__rosidl_typesupport_cpp.dir/rosidl_typesupport_cpp/my_intermediate_interfaces/srv/start_goal_posed_stamped__type_support.cpp.o] Error 1
[2.651s] gmake[2]: *** Waiting for unfinished jobs....
[2.652s] [35m[1mConsolidate compiler generated dependencies of target my_intermediate_interfaces__rosidl_typesupport_fastrtps_cpp[0m
[2.655s] In file included from [01m[K/home/andrea/tesi/ros2_mapf_cbs/project_1/build/my_intermediate_interfaces/rosidl_typesupport_introspection_cpp/my_intermediate_interfaces/srv/detail/start_goal_posed_stamped__type_support.cpp:12[m[K:
[2.655s] [01m[K/home/andrea/tesi/ros2_mapf_cbs/project_1/build/my_intermediate_interfaces/rosidl_generator_cpp/my_intermediate_interfaces/srv/detail/start_goal_posed_stamped__struct.hpp:21:10:[m[K [01;31m[Kfatal error: [m[Kgeometry_msgs/msg/detail/posed_stamped__struct.hpp: No such file or directory
[2.655s]    21 | #include [01;31m[K"geometry_msgs/msg/detail/posed_stamped__struct.hpp"[m[K
[2.655s]       |          [01;31m[K^~~~~~~~~~~~~~~~~~~~~~~~~~~~~~~~~~~~~~~~~~~~~~~~~~~~[m[K
[2.655s] compilation terminated.
[2.656s] gmake[2]: *** [CMakeFiles/my_intermediate_interfaces__rosidl_typesupport_introspection_cpp.dir/build.make:182: CMakeFiles/my_intermediate_interfaces__rosidl_typesupport_introspection_cpp.dir/rosidl_typesupport_introspection_cpp/my_intermediate_interfaces/srv/detail/start_goal_posed_stamped__type_support.cpp.o] Error 1
[2.656s] gmake[2]: *** Waiting for unfinished jobs....
[2.666s] [ 30%] [32mBuilding CXX object CMakeFiles/my_intermediate_interfaces__rosidl_typesupport_fastrtps_cpp.dir/rosidl_typesupport_fastrtps_cpp/my_intermediate_interfaces/srv/detail/dds_fastrtps/computed_plans__type_support.cpp.o[0m
[2.666s] [ 33%] [32mBuilding CXX object CMakeFiles/my_intermediate_interfaces__rosidl_typesupport_fastrtps_cpp.dir/rosidl_typesupport_fastrtps_cpp/my_intermediate_interfaces/srv/detail/dds_fastrtps/start_goal_posed_stamped__type_support.cpp.o[0m
[2.726s] In file included from [01m[K/home/andrea/tesi/ros2_mapf_cbs/project_1/build/my_intermediate_interfaces/rosidl_typesupport_fastrtps_cpp/my_intermediate_interfaces/srv/detail/start_goal_posed_stamped__rosidl_typesupport_fastrtps_cpp.hpp:11[m[K,
[2.726s]                  from [01m[K/home/andrea/tesi/ros2_mapf_cbs/project_1/build/my_intermediate_interfaces/rosidl_typesupport_fastrtps_cpp/my_intermediate_interfaces/srv/detail/dds_fastrtps/start_goal_posed_stamped__type_support.cpp:4[m[K:
[2.727s] [01m[K/home/andrea/tesi/ros2_mapf_cbs/project_1/build/my_intermediate_interfaces/rosidl_generator_cpp/my_intermediate_interfaces/srv/detail/start_goal_posed_stamped__struct.hpp:21:10:[m[K [01;31m[Kfatal error: [m[Kgeometry_msgs/msg/detail/posed_stamped__struct.hpp: No such file or directory
[2.727s]    21 | #include [01;31m[K"geometry_msgs/msg/detail/posed_stamped__struct.hpp"[m[K
[2.727s]       |          [01;31m[K^~~~~~~~~~~~~~~~~~~~~~~~~~~~~~~~~~~~~~~~~~~~~~~~~~~~[m[K
[2.727s] compilation terminated.
[2.727s] gmake[2]: *** [CMakeFiles/my_intermediate_interfaces__rosidl_typesupport_fastrtps_cpp.dir/build.make:182: CMakeFiles/my_intermediate_interfaces__rosidl_typesupport_fastrtps_cpp.dir/rosidl_typesupport_fastrtps_cpp/my_intermediate_interfaces/srv/detail/dds_fastrtps/start_goal_posed_stamped__type_support.cpp.o] Error 1
[2.727s] gmake[2]: *** Waiting for unfinished jobs....
[2.872s] gmake[1]: *** [CMakeFiles/Makefile2:395: CMakeFiles/my_intermediate_interfaces__rosidl_typesupport_cpp.dir/all] Error 2
[3.029s] gmake[1]: *** [CMakeFiles/Makefile2:369: CMakeFiles/my_intermediate_interfaces__rosidl_typesupport_introspection_cpp.dir/all] Error 2
[3.115s] gmake[1]: *** [CMakeFiles/Makefile2:291: CMakeFiles/my_intermediate_interfaces__rosidl_typesupport_fastrtps_cpp.dir/all] Error 2
[3.115s] gmake: *** [Makefile:146: all] Error 2
[3.117s] Invoked command in '/home/andrea/tesi/ros2_mapf_cbs/project_1/build/my_intermediate_interfaces' returned '2': CMAKE_PREFIX_PATH=${CMAKE_PREFIX_PATH}:/home/andrea/tesi/ros2_mapf_cbs/project_1/install/my_package:/home/andrea/tesi/ros2_mapf_cbs/project_1/install/my_intermediate:/home/andrea/tesi/ros2_mapf_cbs/simple_example/install/my_py_pkg:/opt/ros/humble /usr/bin/cmake --build /home/andrea/tesi/ros2_mapf_cbs/project_1/build/my_intermediate_interfaces -- -j8 -l8
