[0.000000] (-) TimerEvent: {}
[0.000226] (-) JobUnselected: {'identifier': 'my_intermediate'}
[0.000262] (-) JobUnselected: {'identifier': 'my_intermediate_interfaces'}
[0.000275] (-) JobUnselected: {'identifier': 'my_nav2_core'}
[0.000287] (-) JobUnselected: {'identifier': 'my_nav2_navfn_planner'}
[0.000298] (-) JobUnselected: {'identifier': 'my_package'}
[0.000309] (-) JobUnselected: {'identifier': 'my_try_bringup'}
[0.000320] (-) JobUnselected: {'identifier': 'nav2_straightline_planner'}
[0.000330] (-) JobUnselected: {'identifier': 'turtlebot3_multi_robot'}
[0.000343] (nav2_planner) JobQueued: {'identifier': 'nav2_planner', 'dependencies': OrderedDict()}
[0.000357] (nav2_planner) JobStarted: {'identifier': 'nav2_planner'}
[0.057793] (nav2_planner) JobProgress: {'identifier': 'nav2_planner', 'progress': 'cmake'}
[0.063608] (nav2_planner) JobProgress: {'identifier': 'nav2_planner', 'progress': 'build'}
[0.063920] (nav2_planner) Command: {'cmd': ['/usr/bin/cmake', '--build', '/home/andrea/tesi/ros2_mapf_cbs/project_1/build/nav2_planner', '--', '-j8', '-l8'], 'cwd': '/home/andrea/tesi/ros2_mapf_cbs/project_1/build/nav2_planner', 'env': OrderedDict([('LESSOPEN', '| /usr/bin/lesspipe %s'), ('USER', 'andrea'), ('LC_TIME', 'it_IT.UTF-8'), ('XDG_SESSION_TYPE', 'wayland'), ('SHLVL', '1'), ('LD_LIBRARY_PATH', '/home/andrea/tesi/ros2_mapf_cbs/project_1/install/nav2_straightline_planner/lib:/home/andrea/tesi/ros2_mapf_cbs/project_1/install/my_nav2_navfn_planner/lib:/home/andrea/tesi/ros2_mapf_cbs/project_1/install/my_intermediate_interfaces/lib:/home/andrea/tesi/ros2_mapf_cbs/simple_example/install/my_robot_interfaces/lib:/usr/lib/x86_64-linux-gnu/gazebo-11/plugins:/opt/ros/humble/opt/rviz_ogre_vendor/lib:/opt/ros/humble/lib/x86_64-linux-gnu:/opt/ros/humble/lib::/home/andrea/ws_online/build/ros2_bdi_on_litter_world:/home/andrea/ws_online/build/ros2_bdi_on_litter_world'), ('HOME', '/home/andrea'), ('OLDPWD', '/home/andrea/tesi/ros2_mapf_cbs/project_1/src'), ('DESKTOP_SESSION', 'ubuntu'), ('NVM_BIN', '/home/andrea/.nvm/versions/node/v18.15.0/bin'), ('NVM_INC', '/home/andrea/.nvm/versions/node/v18.15.0/include/node'), ('ROS_PYTHON_VERSION', '3'), ('GNOME_SHELL_SESSION_MODE', 'ubuntu'), ('GRADLE_HOME', '/opt/gradle/gradle-4.4.1'), ('GTK_MODULES', 'gail:atk-bridge'), ('LC_MONETARY', 'it_IT.UTF-8'), ('DBUS_STARTER_BUS_TYPE', 'session'), ('SYSTEMD_EXEC_PID', '1743'), ('DBUS_SESSION_BUS_ADDRESS', 'unix:path=/run/user/1000/bus,guid=5960175a28e93afe1d8592bb65363758'), ('COLORTERM', 'truecolor'), ('NVM_DIR', '/home/andrea/.nvm'), ('IM_CONFIG_PHASE', '1'), ('WAYLAND_DISPLAY', 'wayland-0'), ('COLCON_PREFIX_PATH', '/home/andrea/tesi/ros2_mapf_cbs/project_1/install:/home/andrea/tesi/ros2_mapf_cbs/simple_example/install'), ('ROS_DISTRO', 'humble'), ('LOGNAME', 'andrea'), ('_', '/usr/bin/colcon'), ('ROS_VERSION', '2'), ('XDG_SESSION_CLASS', 'user'), ('USERNAME', 'andrea'), ('TERM', 'xterm-256color'), ('GAZEBO_MODEL_PATH', '/home/andrea/tesi/ros2_mapf_cbs/project_1/install/turtlebot3_multi_robot/share/turtlebot3_multi_robot/models:/opt/ros/humble/share/turtlebot3_gazebo/models:/opt/ros/humble/share/turtlebot3_gazebo/models'), ('GNOME_DESKTOP_SESSION_ID', 'this-is-deprecated'), ('ROS_LOCALHOST_ONLY', '0'), ('PATH', '/home/andrea/.nvm/versions/node/v18.15.0/bin:/opt/ros/humble/bin:/home/andrea/.local/bin:/opt/gradle/gradle-4.4.1/bin:/usr/local/sbin:/usr/local/bin:/usr/sbin:/usr/bin:/sbin:/bin:/usr/games:/usr/local/games:/snap/bin:/snap/bin'), ('SESSION_MANAGER', 'local/andrea-IdeaPad-5-15ITL05:@/tmp/.ICE-unix/1743,unix/andrea-IdeaPad-5-15ITL05:/tmp/.ICE-unix/1743'), ('XDG_MENU_PREFIX', 'gnome-'), ('LC_ADDRESS', 'it_IT.UTF-8'), ('GNOME_TERMINAL_SCREEN', '/org/gnome/Terminal/screen/b0343687_ac05_4797_b70d_e3a455f902a5'), ('GNOME_SETUP_DISPLAY', ':1'), ('XDG_RUNTIME_DIR', '/run/user/1000'), ('DISPLAY', ':0'), ('LANG', 'en_US.UTF-8'), ('XDG_CURRENT_DESKTOP', 'ubuntu:GNOME'), ('LC_TELEPHONE', 'it_IT.UTF-8'), ('RMW_IMPLEMENTATION', 'rmw_cyclonedds_cpp'), ('XMODIFIERS', '@im=ibus'), ('XDG_SESSION_DESKTOP', 'ubuntu'), ('XAUTHORITY', '/run/user/1000/.mutter-Xwaylandauth.AHDFD2'), ('LS_COLORS', 'rs=0:di=01;34:ln=01;36:mh=00:pi=40;33:so=01;35:do=01;35:bd=40;33;01:cd=40;33;01:or=40;31;01:mi=00:su=37;41:sg=30;43:ca=30;41:tw=30;42:ow=34;42:st=37;44:ex=01;32:*.tar=01;31:*.tgz=01;31:*.arc=01;31:*.arj=01;31:*.taz=01;31:*.lha=01;31:*.lz4=01;31:*.lzh=01;31:*.lzma=01;31:*.tlz=01;31:*.txz=01;31:*.tzo=01;31:*.t7z=01;31:*.zip=01;31:*.z=01;31:*.dz=01;31:*.gz=01;31:*.lrz=01;31:*.lz=01;31:*.lzo=01;31:*.xz=01;31:*.zst=01;31:*.tzst=01;31:*.bz2=01;31:*.bz=01;31:*.tbz=01;31:*.tbz2=01;31:*.tz=01;31:*.deb=01;31:*.rpm=01;31:*.jar=01;31:*.war=01;31:*.ear=01;31:*.sar=01;31:*.rar=01;31:*.alz=01;31:*.ace=01;31:*.zoo=01;31:*.cpio=01;31:*.7z=01;31:*.rz=01;31:*.cab=01;31:*.wim=01;31:*.swm=01;31:*.dwm=01;31:*.esd=01;31:*.jpg=01;35:*.jpeg=01;35:*.mjpg=01;35:*.mjpeg=01;35:*.gif=01;35:*.bmp=01;35:*.pbm=01;35:*.pgm=01;35:*.ppm=01;35:*.tga=01;35:*.xbm=01;35:*.xpm=01;35:*.tif=01;35:*.tiff=01;35:*.png=01;35:*.svg=01;35:*.svgz=01;35:*.mng=01;35:*.pcx=01;35:*.mov=01;35:*.mpg=01;35:*.mpeg=01;35:*.m2v=01;35:*.mkv=01;35:*.webm=01;35:*.webp=01;35:*.ogm=01;35:*.mp4=01;35:*.m4v=01;35:*.mp4v=01;35:*.vob=01;35:*.qt=01;35:*.nuv=01;35:*.wmv=01;35:*.asf=01;35:*.rm=01;35:*.rmvb=01;35:*.flc=01;35:*.avi=01;35:*.fli=01;35:*.flv=01;35:*.gl=01;35:*.dl=01;35:*.xcf=01;35:*.xwd=01;35:*.yuv=01;35:*.cgm=01;35:*.emf=01;35:*.ogv=01;35:*.ogx=01;35:*.aac=00;36:*.au=00;36:*.flac=00;36:*.m4a=00;36:*.mid=00;36:*.midi=00;36:*.mka=00;36:*.mp3=00;36:*.mpc=00;36:*.ogg=00;36:*.ra=00;36:*.wav=00;36:*.oga=00;36:*.opus=00;36:*.spx=00;36:*.xspf=00;36:'), ('GNOME_TERMINAL_SERVICE', ':1.1369'), ('SSH_AGENT_LAUNCHER', 'gnome-keyring'), ('SSH_AUTH_SOCK', '/run/user/1000/keyring/ssh'), ('AMENT_PREFIX_PATH', '/home/andrea/tesi/ros2_mapf_cbs/project_1/install/turtlebot3_multi_robot:/home/andrea/tesi/ros2_mapf_cbs/project_1/install/nav2_straightline_planner:/home/andrea/tesi/ros2_mapf_cbs/project_1/install/my_nav2_navfn_planner:/home/andrea/tesi/ros2_mapf_cbs/project_1/install/nav2_core:/home/andrea/tesi/ros2_mapf_cbs/project_1/install/my_try_bringup:/home/andrea/tesi/ros2_mapf_cbs/project_1/install/my_package:/home/andrea/tesi/ros2_mapf_cbs/project_1/install/my_nav2_core:/home/andrea/tesi/ros2_mapf_cbs/project_1/install/my_intermediate_interfaces:/home/andrea/tesi/ros2_mapf_cbs/project_1/install/my_intermediate:/home/andrea/tesi/ros2_mapf_cbs/simple_example/install/my_robot_bringup:/home/andrea/tesi/ros2_mapf_cbs/simple_example/install/my_py_pkg:/home/andrea/tesi/ros2_mapf_cbs/simple_example/install/my_robot_interfaces:/opt/ros/humble'), ('SHELL', '/bin/bash'), ('LC_NAME', 'it_IT.UTF-8'), ('QT_ACCESSIBILITY', '1'), ('GDMSESSION', 'ubuntu'), ('LESSCLOSE', '/usr/bin/lesspipe %s %s'), ('LC_MEASUREMENT', 'it_IT.UTF-8'), ('LC_IDENTIFICATION', 'it_IT.UTF-8'), ('QT_IM_MODULE', 'ibus'), ('PWD', '/home/andrea/tesi/ros2_mapf_cbs/project_1/build/nav2_planner'), ('TURTLEBOT3_MODEL', 'waffle'), ('LC_ALL', 'en_US.UTF-8'), ('XDG_CONFIG_DIRS', '/etc/xdg/xdg-ubuntu:/etc/xdg'), ('NVM_CD_FLAGS', ''), ('DBUS_STARTER_ADDRESS', 'unix:path=/run/user/1000/bus,guid=5960175a28e93afe1d8592bb65363758'), ('XDG_DATA_DIRS', '/usr/share/ubuntu:/usr/local/share/:/usr/share/:/var/lib/snapd/desktop'), ('PYTHONPATH', '/home/andrea/tesi/ros2_mapf_cbs/project_1/install/my_package/lib/python3.10/site-packages:/home/andrea/tesi/ros2_mapf_cbs/project_1/install/my_intermediate_interfaces/local/lib/python3.10/dist-packages:/home/andrea/tesi/ros2_mapf_cbs/project_1/install/my_intermediate/lib/python3.10/site-packages:/home/andrea/tesi/ros2_mapf_cbs/simple_example/build/my_py_pkg:/home/andrea/tesi/ros2_mapf_cbs/simple_example/install/my_py_pkg/lib/python3.10/site-packages:/home/andrea/tesi/ros2_mapf_cbs/simple_example/install/my_robot_interfaces/local/lib/python3.10/dist-packages:/opt/ros/humble/lib/python3.10/site-packages:/opt/ros/humble/local/lib/python3.10/dist-packages'), ('LC_NUMERIC', 'it_IT.UTF-8'), ('LC_PAPER', 'it_IT.UTF-8'), ('COLCON', '1'), ('VTE_VERSION', '6800'), ('CMAKE_PREFIX_PATH', '/home/andrea/tesi/ros2_mapf_cbs/project_1/install/turtlebot3_multi_robot:/home/andrea/tesi/ros2_mapf_cbs/project_1/install/nav2_straightline_planner:/home/andrea/tesi/ros2_mapf_cbs/project_1/install/my_nav2_navfn_planner:/home/andrea/tesi/ros2_mapf_cbs/project_1/install/nav2_core:/home/andrea/tesi/ros2_mapf_cbs/project_1/install/my_try_bringup:/home/andrea/tesi/ros2_mapf_cbs/project_1/install/my_nav2_core:/home/andrea/tesi/ros2_mapf_cbs/project_1/install/my_intermediate_interfaces:/home/andrea/tesi/ros2_mapf_cbs/simple_example/install/my_robot_bringup:/home/andrea/tesi/ros2_mapf_cbs/simple_example/install/my_robot_interfaces:/home/andrea/tesi/ros2_mapf_cbs/project_1/install/my_package:/home/andrea/tesi/ros2_mapf_cbs/project_1/install/my_intermediate:/home/andrea/tesi/ros2_mapf_cbs/simple_example/install/my_py_pkg:/opt/ros/humble')]), 'shell': False}
[0.099509] (-) TimerEvent: {}
[0.101599] (nav2_planner) StdoutLine: {'line': b'\x1b[35m\x1b[1mConsolidate compiler generated dependencies of target gtest_main\x1b[0m\n'}
[0.109289] (nav2_planner) StdoutLine: {'line': b'[ 10%] \x1b[32mBuilding CXX object gtest/CMakeFiles/gtest.dir/src/gtest-all.cc.o\x1b[0m\n'}
[0.109563] (nav2_planner) StdoutLine: {'line': b'[ 20%] \x1b[32mBuilding CXX object CMakeFiles/planner_server_core.dir/src/planner_server.cpp.o\x1b[0m\n'}
[0.112281] (nav2_planner) StdoutLine: {'line': b'[ 40%] Built target gtest_main\n'}
[0.199711] (-) TimerEvent: {}
[0.300060] (-) TimerEvent: {}
[0.400347] (-) TimerEvent: {}
[0.500690] (-) TimerEvent: {}
[0.601052] (-) TimerEvent: {}
[0.701410] (-) TimerEvent: {}
[0.801743] (-) TimerEvent: {}
[0.902095] (-) TimerEvent: {}
[1.002449] (-) TimerEvent: {}
[1.102814] (-) TimerEvent: {}
[1.203191] (-) TimerEvent: {}
[1.303593] (-) TimerEvent: {}
[1.403977] (-) TimerEvent: {}
[1.504332] (-) TimerEvent: {}
[1.604678] (-) TimerEvent: {}
[1.705043] (-) TimerEvent: {}
[1.805402] (-) TimerEvent: {}
[1.905756] (-) TimerEvent: {}
[2.006090] (-) TimerEvent: {}
[2.106411] (-) TimerEvent: {}
[2.206759] (-) TimerEvent: {}
[2.307108] (-) TimerEvent: {}
[2.407466] (-) TimerEvent: {}
[2.507819] (-) TimerEvent: {}
[2.608188] (-) TimerEvent: {}
[2.708529] (-) TimerEvent: {}
[2.808862] (-) TimerEvent: {}
[2.844965] (nav2_planner) StderrLine: {'line': b'\x1b[01m\x1b[K/home/andrea/tesi/ros2_mapf_cbs/project_1/src/nav2_planner/src/planner_server.cpp:\x1b[m\x1b[K In member function \xe2\x80\x98\x1b[01m\x1b[Kvoid nav2_planner::PlannerServer::computePlanThroughPoses()\x1b[m\x1b[K\xe2\x80\x99:\n'}
[2.845675] (nav2_planner) StderrLine: {'line': b'\x1b[01m\x1b[K/home/andrea/tesi/ros2_mapf_cbs/project_1/src/nav2_planner/src/planner_server.cpp:449:13:\x1b[m\x1b[K \x1b[01;31m\x1b[Kerror: \x1b[m\x1b[K\xe2\x80\x98\x1b[01m\x1b[Kusing element_type = struct nav2_msgs::action::ComputePathThroughPoses_Result_<std::allocator<void> >\x1b[m\x1b[K\xe2\x80\x99 {aka \xe2\x80\x98\x1b[01m\x1b[Kstruct nav2_msgs::action::ComputePathThroughPoses_Result_<std::allocator<void> >\x1b[m\x1b[K\xe2\x80\x99} has no member named \xe2\x80\x98\x1b[01m\x1b[Kerror_code\x1b[m\x1b[K\xe2\x80\x99\n'}
[2.845886] (nav2_planner) StderrLine: {'line': b'  449 |     result->\x1b[01;31m\x1b[Kerror_code\x1b[m\x1b[K = ActionThroughPosesResult::INVALID_PLANNER;\n'}
[2.845969] (nav2_planner) StderrLine: {'line': b'      |             \x1b[01;31m\x1b[K^~~~~~~~~~\x1b[m\x1b[K\n'}
[2.846043] (nav2_planner) StderrLine: {'line': b'\x1b[01m\x1b[K/home/andrea/tesi/ros2_mapf_cbs/project_1/src/nav2_planner/src/planner_server.cpp:449:52:\x1b[m\x1b[K \x1b[01;31m\x1b[Kerror: \x1b[m\x1b[K\xe2\x80\x98\x1b[01m\x1b[KINVALID_PLANNER\x1b[m\x1b[K\xe2\x80\x99 is not a member of \xe2\x80\x98\x1b[01m\x1b[Knav2_planner::PlannerServer::ActionThroughPosesResult\x1b[m\x1b[K\xe2\x80\x99 {aka \xe2\x80\x98\x1b[01m\x1b[Knav2_msgs::action::ComputePathThroughPoses_Result_<std::allocator<void> >\x1b[m\x1b[K\xe2\x80\x99}\n'}
[2.846117] (nav2_planner) StderrLine: {'line': b'  449 |     result->error_code = ActionThroughPosesResult::\x1b[01;31m\x1b[KINVALID_PLANNER\x1b[m\x1b[K;\n'}
[2.846186] (nav2_planner) StderrLine: {'line': b'      |                                                    \x1b[01;31m\x1b[K^~~~~~~~~~~~~~~\x1b[m\x1b[K\n'}
[2.846252] (nav2_planner) StderrLine: {'line': b'\x1b[01m\x1b[K/home/andrea/tesi/ros2_mapf_cbs/project_1/src/nav2_planner/src/planner_server.cpp:453:13:\x1b[m\x1b[K \x1b[01;31m\x1b[Kerror: \x1b[m\x1b[K\xe2\x80\x98\x1b[01m\x1b[Kusing element_type = struct nav2_msgs::action::ComputePathThroughPoses_Result_<std::allocator<void> >\x1b[m\x1b[K\xe2\x80\x99 {aka \xe2\x80\x98\x1b[01m\x1b[Kstruct nav2_msgs::action::ComputePathThroughPoses_Result_<std::allocator<void> >\x1b[m\x1b[K\xe2\x80\x99} has no member named \xe2\x80\x98\x1b[01m\x1b[Kerror_code\x1b[m\x1b[K\xe2\x80\x99\n'}
[2.846332] (nav2_planner) StderrLine: {'line': b'  453 |     result->\x1b[01;31m\x1b[Kerror_code\x1b[m\x1b[K = ActionThroughPosesResult::START_OCCUPIED;\n'}
[2.846396] (nav2_planner) StderrLine: {'line': b'      |             \x1b[01;31m\x1b[K^~~~~~~~~~\x1b[m\x1b[K\n'}
[2.846462] (nav2_planner) StderrLine: {'line': b'\x1b[01m\x1b[K/home/andrea/tesi/ros2_mapf_cbs/project_1/src/nav2_planner/src/planner_server.cpp:453:52:\x1b[m\x1b[K \x1b[01;31m\x1b[Kerror: \x1b[m\x1b[K\xe2\x80\x98\x1b[01m\x1b[KSTART_OCCUPIED\x1b[m\x1b[K\xe2\x80\x99 is not a member of \xe2\x80\x98\x1b[01m\x1b[Knav2_planner::PlannerServer::ActionThroughPosesResult\x1b[m\x1b[K\xe2\x80\x99 {aka \xe2\x80\x98\x1b[01m\x1b[Knav2_msgs::action::ComputePathThroughPoses_Result_<std::allocator<void> >\x1b[m\x1b[K\xe2\x80\x99}\n'}
[2.846528] (nav2_planner) StderrLine: {'line': b'  453 |     result->error_code = ActionThroughPosesResult::\x1b[01;31m\x1b[KSTART_OCCUPIED\x1b[m\x1b[K;\n'}
[2.846595] (nav2_planner) StderrLine: {'line': b'      |                                                    \x1b[01;31m\x1b[K^~~~~~~~~~~~~~\x1b[m\x1b[K\n'}
[2.846665] (nav2_planner) StderrLine: {'line': b'\x1b[01m\x1b[K/home/andrea/tesi/ros2_mapf_cbs/project_1/src/nav2_planner/src/planner_server.cpp:457:13:\x1b[m\x1b[K \x1b[01;31m\x1b[Kerror: \x1b[m\x1b[K\xe2\x80\x98\x1b[01m\x1b[Kusing element_type = struct nav2_msgs::action::ComputePathThroughPoses_Result_<std::allocator<void> >\x1b[m\x1b[K\xe2\x80\x99 {aka \xe2\x80\x98\x1b[01m\x1b[Kstruct nav2_msgs::action::ComputePathThroughPoses_Result_<std::allocator<void> >\x1b[m\x1b[K\xe2\x80\x99} has no member named \xe2\x80\x98\x1b[01m\x1b[Kerror_code\x1b[m\x1b[K\xe2\x80\x99\n'}
[2.846744] (nav2_planner) StderrLine: {'line': b'  457 |     result->\x1b[01;31m\x1b[Kerror_code\x1b[m\x1b[K = ActionThroughPosesResult::GOAL_OCCUPIED;\n'}
[2.846815] (nav2_planner) StderrLine: {'line': b'      |             \x1b[01;31m\x1b[K^~~~~~~~~~\x1b[m\x1b[K\n'}
[2.846886] (nav2_planner) StderrLine: {'line': b'\x1b[01m\x1b[K/home/andrea/tesi/ros2_mapf_cbs/project_1/src/nav2_planner/src/planner_server.cpp:457:52:\x1b[m\x1b[K \x1b[01;31m\x1b[Kerror: \x1b[m\x1b[K\xe2\x80\x98\x1b[01m\x1b[KGOAL_OCCUPIED\x1b[m\x1b[K\xe2\x80\x99 is not a member of \xe2\x80\x98\x1b[01m\x1b[Knav2_planner::PlannerServer::ActionThroughPosesResult\x1b[m\x1b[K\xe2\x80\x99 {aka \xe2\x80\x98\x1b[01m\x1b[Knav2_msgs::action::ComputePathThroughPoses_Result_<std::allocator<void> >\x1b[m\x1b[K\xe2\x80\x99}\n'}
[2.846974] (nav2_planner) StderrLine: {'line': b'  457 |     result->error_code = ActionThroughPosesResult::\x1b[01;31m\x1b[KGOAL_OCCUPIED\x1b[m\x1b[K;\n'}
[2.847045] (nav2_planner) StderrLine: {'line': b'      |                                                    \x1b[01;31m\x1b[K^~~~~~~~~~~~~\x1b[m\x1b[K\n'}
[2.847115] (nav2_planner) StderrLine: {'line': b'\x1b[01m\x1b[K/home/andrea/tesi/ros2_mapf_cbs/project_1/src/nav2_planner/src/planner_server.cpp:461:13:\x1b[m\x1b[K \x1b[01;31m\x1b[Kerror: \x1b[m\x1b[K\xe2\x80\x98\x1b[01m\x1b[Kusing element_type = struct nav2_msgs::action::ComputePathThroughPoses_Result_<std::allocator<void> >\x1b[m\x1b[K\xe2\x80\x99 {aka \xe2\x80\x98\x1b[01m\x1b[Kstruct nav2_msgs::action::ComputePathThroughPoses_Result_<std::allocator<void> >\x1b[m\x1b[K\xe2\x80\x99} has no member named \xe2\x80\x98\x1b[01m\x1b[Kerror_code\x1b[m\x1b[K\xe2\x80\x99\n'}
[2.847198] (nav2_planner) StderrLine: {'line': b'  461 |     result->\x1b[01;31m\x1b[Kerror_code\x1b[m\x1b[K = ActionThroughPosesResult::NO_VALID_PATH;\n'}
[2.847259] (nav2_planner) StderrLine: {'line': b'      |             \x1b[01;31m\x1b[K^~~~~~~~~~\x1b[m\x1b[K\n'}
[2.847323] (nav2_planner) StderrLine: {'line': b'\x1b[01m\x1b[K/home/andrea/tesi/ros2_mapf_cbs/project_1/src/nav2_planner/src/planner_server.cpp:461:52:\x1b[m\x1b[K \x1b[01;31m\x1b[Kerror: \x1b[m\x1b[K\xe2\x80\x98\x1b[01m\x1b[KNO_VALID_PATH\x1b[m\x1b[K\xe2\x80\x99 is not a member of \xe2\x80\x98\x1b[01m\x1b[Knav2_planner::PlannerServer::ActionThroughPosesResult\x1b[m\x1b[K\xe2\x80\x99 {aka \xe2\x80\x98\x1b[01m\x1b[Knav2_msgs::action::ComputePathThroughPoses_Result_<std::allocator<void> >\x1b[m\x1b[K\xe2\x80\x99}\n'}
[2.847388] (nav2_planner) StderrLine: {'line': b'  461 |     result->error_code = ActionThroughPosesResult::\x1b[01;31m\x1b[KNO_VALID_PATH\x1b[m\x1b[K;\n'}
[2.847444] (nav2_planner) StderrLine: {'line': b'      |                                                    \x1b[01;31m\x1b[K^~~~~~~~~~~~~\x1b[m\x1b[K\n'}
[2.847499] (nav2_planner) StderrLine: {'line': b'\x1b[01m\x1b[K/home/andrea/tesi/ros2_mapf_cbs/project_1/src/nav2_planner/src/planner_server.cpp:465:13:\x1b[m\x1b[K \x1b[01;31m\x1b[Kerror: \x1b[m\x1b[K\xe2\x80\x98\x1b[01m\x1b[Kusing element_type = struct nav2_msgs::action::ComputePathThroughPoses_Result_<std::allocator<void> >\x1b[m\x1b[K\xe2\x80\x99 {aka \xe2\x80\x98\x1b[01m\x1b[Kstruct nav2_msgs::action::ComputePathThroughPoses_Result_<std::allocator<void> >\x1b[m\x1b[K\xe2\x80\x99} has no member named \xe2\x80\x98\x1b[01m\x1b[Kerror_code\x1b[m\x1b[K\xe2\x80\x99\n'}
[2.847560] (nav2_planner) StderrLine: {'line': b'  465 |     result->\x1b[01;31m\x1b[Kerror_code\x1b[m\x1b[K = ActionThroughPosesResult::TIMEOUT;\n'}
[2.847619] (nav2_planner) StderrLine: {'line': b'      |             \x1b[01;31m\x1b[K^~~~~~~~~~\x1b[m\x1b[K\n'}
[2.847675] (nav2_planner) StderrLine: {'line': b'\x1b[01m\x1b[K/home/andrea/tesi/ros2_mapf_cbs/project_1/src/nav2_planner/src/planner_server.cpp:465:52:\x1b[m\x1b[K \x1b[01;31m\x1b[Kerror: \x1b[m\x1b[K\xe2\x80\x98\x1b[01m\x1b[KTIMEOUT\x1b[m\x1b[K\xe2\x80\x99 is not a member of \xe2\x80\x98\x1b[01m\x1b[Knav2_planner::PlannerServer::ActionThroughPosesResult\x1b[m\x1b[K\xe2\x80\x99 {aka \xe2\x80\x98\x1b[01m\x1b[Knav2_msgs::action::ComputePathThroughPoses_Result_<std::allocator<void> >\x1b[m\x1b[K\xe2\x80\x99}\n'}
[2.847736] (nav2_planner) StderrLine: {'line': b'  465 |     result->error_code = ActionThroughPosesResult::\x1b[01;31m\x1b[KTIMEOUT\x1b[m\x1b[K;\n'}
[2.847791] (nav2_planner) StderrLine: {'line': b'      |                                                    \x1b[01;31m\x1b[K^~~~~~~\x1b[m\x1b[K\n'}
[2.847851] (nav2_planner) StderrLine: {'line': b'\x1b[01m\x1b[K/home/andrea/tesi/ros2_mapf_cbs/project_1/src/nav2_planner/src/planner_server.cpp:469:13:\x1b[m\x1b[K \x1b[01;31m\x1b[Kerror: \x1b[m\x1b[K\xe2\x80\x98\x1b[01m\x1b[Kusing element_type = struct nav2_msgs::action::ComputePathThroughPoses_Result_<std::allocator<void> >\x1b[m\x1b[K\xe2\x80\x99 {aka \xe2\x80\x98\x1b[01m\x1b[Kstruct nav2_msgs::action::ComputePathThroughPoses_Result_<std::allocator<void> >\x1b[m\x1b[K\xe2\x80\x99} has no member named \xe2\x80\x98\x1b[01m\x1b[Kerror_code\x1b[m\x1b[K\xe2\x80\x99\n'}
[2.847907] (nav2_planner) StderrLine: {'line': b'  469 |     result->\x1b[01;31m\x1b[Kerror_code\x1b[m\x1b[K = ActionThroughPosesResult::START_OUTSIDE_MAP;\n'}
[2.847963] (nav2_planner) StderrLine: {'line': b'      |             \x1b[01;31m\x1b[K^~~~~~~~~~\x1b[m\x1b[K\n'}
[2.848020] (nav2_planner) StderrLine: {'line': b'\x1b[01m\x1b[K/home/andrea/tesi/ros2_mapf_cbs/project_1/src/nav2_planner/src/planner_server.cpp:469:52:\x1b[m\x1b[K \x1b[01;31m\x1b[Kerror: \x1b[m\x1b[K\xe2\x80\x98\x1b[01m\x1b[KSTART_OUTSIDE_MAP\x1b[m\x1b[K\xe2\x80\x99 is not a member of \xe2\x80\x98\x1b[01m\x1b[Knav2_planner::PlannerServer::ActionThroughPosesResult\x1b[m\x1b[K\xe2\x80\x99 {aka \xe2\x80\x98\x1b[01m\x1b[Knav2_msgs::action::ComputePathThroughPoses_Result_<std::allocator<void> >\x1b[m\x1b[K\xe2\x80\x99}\n'}
[2.848089] (nav2_planner) StderrLine: {'line': b'  469 |     result->error_code = ActionThroughPosesResult::\x1b[01;31m\x1b[KSTART_OUTSIDE_MAP\x1b[m\x1b[K;\n'}
[2.848155] (nav2_planner) StderrLine: {'line': b'      |                                                    \x1b[01;31m\x1b[K^~~~~~~~~~~~~~~~~\x1b[m\x1b[K\n'}
[2.848219] (nav2_planner) StderrLine: {'line': b'\x1b[01m\x1b[K/home/andrea/tesi/ros2_mapf_cbs/project_1/src/nav2_planner/src/planner_server.cpp:473:13:\x1b[m\x1b[K \x1b[01;31m\x1b[Kerror: \x1b[m\x1b[K\xe2\x80\x98\x1b[01m\x1b[Kusing element_type = struct nav2_msgs::action::ComputePathThroughPoses_Result_<std::allocator<void> >\x1b[m\x1b[K\xe2\x80\x99 {aka \xe2\x80\x98\x1b[01m\x1b[Kstruct nav2_msgs::action::ComputePathThroughPoses_Result_<std::allocator<void> >\x1b[m\x1b[K\xe2\x80\x99} has no member named \xe2\x80\x98\x1b[01m\x1b[Kerror_code\x1b[m\x1b[K\xe2\x80\x99\n'}
[2.848298] (nav2_planner) StderrLine: {'line': b'  473 |     result->\x1b[01;31m\x1b[Kerror_code\x1b[m\x1b[K = ActionThroughPosesResult::GOAL_OUTSIDE_MAP;\n'}
[2.848370] (nav2_planner) StderrLine: {'line': b'      |             \x1b[01;31m\x1b[K^~~~~~~~~~\x1b[m\x1b[K\n'}
[2.848441] (nav2_planner) StderrLine: {'line': b'\x1b[01m\x1b[K/home/andrea/tesi/ros2_mapf_cbs/project_1/src/nav2_planner/src/planner_server.cpp:473:52:\x1b[m\x1b[K \x1b[01;31m\x1b[Kerror: \x1b[m\x1b[K\xe2\x80\x98\x1b[01m\x1b[KGOAL_OUTSIDE_MAP\x1b[m\x1b[K\xe2\x80\x99 is not a member of \xe2\x80\x98\x1b[01m\x1b[Knav2_planner::PlannerServer::ActionThroughPosesResult\x1b[m\x1b[K\xe2\x80\x99 {aka \xe2\x80\x98\x1b[01m\x1b[Knav2_msgs::action::ComputePathThroughPoses_Result_<std::allocator<void> >\x1b[m\x1b[K\xe2\x80\x99}\n'}
[2.848518] (nav2_planner) StderrLine: {'line': b'  473 |     result->error_code = ActionThroughPosesResult::\x1b[01;31m\x1b[KGOAL_OUTSIDE_MAP\x1b[m\x1b[K;\n'}
[2.848590] (nav2_planner) StderrLine: {'line': b'      |                                                    \x1b[01;31m\x1b[K^~~~~~~~~~~~~~~~\x1b[m\x1b[K\n'}
[2.848661] (nav2_planner) StderrLine: {'line': b'\x1b[01m\x1b[K/home/andrea/tesi/ros2_mapf_cbs/project_1/src/nav2_planner/src/planner_server.cpp:477:13:\x1b[m\x1b[K \x1b[01;31m\x1b[Kerror: \x1b[m\x1b[K\xe2\x80\x98\x1b[01m\x1b[Kusing element_type = struct nav2_msgs::action::ComputePathThroughPoses_Result_<std::allocator<void> >\x1b[m\x1b[K\xe2\x80\x99 {aka \xe2\x80\x98\x1b[01m\x1b[Kstruct nav2_msgs::action::ComputePathThroughPoses_Result_<std::allocator<void> >\x1b[m\x1b[K\xe2\x80\x99} has no member named \xe2\x80\x98\x1b[01m\x1b[Kerror_code\x1b[m\x1b[K\xe2\x80\x99\n'}
[2.848748] (nav2_planner) StderrLine: {'line': b'  477 |     result->\x1b[01;31m\x1b[Kerror_code\x1b[m\x1b[K = ActionThroughPosesResult::TF_ERROR;\n'}
[2.848819] (nav2_planner) StderrLine: {'line': b'      |             \x1b[01;31m\x1b[K^~~~~~~~~~\x1b[m\x1b[K\n'}
[2.848877] (nav2_planner) StderrLine: {'line': b'\x1b[01m\x1b[K/home/andrea/tesi/ros2_mapf_cbs/project_1/src/nav2_planner/src/planner_server.cpp:477:52:\x1b[m\x1b[K \x1b[01;31m\x1b[Kerror: \x1b[m\x1b[K\xe2\x80\x98\x1b[01m\x1b[KTF_ERROR\x1b[m\x1b[K\xe2\x80\x99 is not a member of \xe2\x80\x98\x1b[01m\x1b[Knav2_planner::PlannerServer::ActionThroughPosesResult\x1b[m\x1b[K\xe2\x80\x99 {aka \xe2\x80\x98\x1b[01m\x1b[Knav2_msgs::action::ComputePathThroughPoses_Result_<std::allocator<void> >\x1b[m\x1b[K\xe2\x80\x99}\n'}
[2.848938] (nav2_planner) StderrLine: {'line': b'  477 |     result->error_code = ActionThroughPosesResult::\x1b[01;31m\x1b[KTF_ERROR\x1b[m\x1b[K;\n'}
[2.849014] (nav2_planner) StderrLine: {'line': b'      |                                                    \x1b[01;31m\x1b[K^~~~~~~~\x1b[m\x1b[K\n'}
[2.849074] (nav2_planner) StderrLine: {'line': b'\x1b[01m\x1b[K/home/andrea/tesi/ros2_mapf_cbs/project_1/src/nav2_planner/src/planner_server.cpp:481:13:\x1b[m\x1b[K \x1b[01;31m\x1b[Kerror: \x1b[m\x1b[K\xe2\x80\x98\x1b[01m\x1b[Kusing element_type = struct nav2_msgs::action::ComputePathThroughPoses_Result_<std::allocator<void> >\x1b[m\x1b[K\xe2\x80\x99 {aka \xe2\x80\x98\x1b[01m\x1b[Kstruct nav2_msgs::action::ComputePathThroughPoses_Result_<std::allocator<void> >\x1b[m\x1b[K\xe2\x80\x99} has no member named \xe2\x80\x98\x1b[01m\x1b[Kerror_code\x1b[m\x1b[K\xe2\x80\x99\n'}
[2.849162] (nav2_planner) StderrLine: {'line': b'  481 |     result->\x1b[01;31m\x1b[Kerror_code\x1b[m\x1b[K = ActionThroughPosesResult::NO_VIAPOINTS_GIVEN;\n'}
[2.849252] (nav2_planner) StderrLine: {'line': b'      |             \x1b[01;31m\x1b[K^~~~~~~~~~\x1b[m\x1b[K\n'}
[2.849339] (nav2_planner) StderrLine: {'line': b'\x1b[01m\x1b[K/home/andrea/tesi/ros2_mapf_cbs/project_1/src/nav2_planner/src/planner_server.cpp:481:52:\x1b[m\x1b[K \x1b[01;31m\x1b[Kerror: \x1b[m\x1b[K\xe2\x80\x98\x1b[01m\x1b[KNO_VIAPOINTS_GIVEN\x1b[m\x1b[K\xe2\x80\x99 is not a member of \xe2\x80\x98\x1b[01m\x1b[Knav2_planner::PlannerServer::ActionThroughPosesResult\x1b[m\x1b[K\xe2\x80\x99 {aka \xe2\x80\x98\x1b[01m\x1b[Knav2_msgs::action::ComputePathThroughPoses_Result_<std::allocator<void> >\x1b[m\x1b[K\xe2\x80\x99}\n'}
[2.849429] (nav2_planner) StderrLine: {'line': b'  481 |     result->error_code = ActionThroughPosesResult::\x1b[01;31m\x1b[KNO_VIAPOINTS_GIVEN\x1b[m\x1b[K;\n'}
[2.849510] (nav2_planner) StderrLine: {'line': b'      |                                                    \x1b[01;31m\x1b[K^~~~~~~~~~~~~~~~~~\x1b[m\x1b[K\n'}
[2.849587] (nav2_planner) StderrLine: {'line': b'\x1b[01m\x1b[K/home/andrea/tesi/ros2_mapf_cbs/project_1/src/nav2_planner/src/planner_server.cpp:485:13:\x1b[m\x1b[K \x1b[01;31m\x1b[Kerror: \x1b[m\x1b[K\xe2\x80\x98\x1b[01m\x1b[Kusing element_type = struct nav2_msgs::action::ComputePathThroughPoses_Result_<std::allocator<void> >\x1b[m\x1b[K\xe2\x80\x99 {aka \xe2\x80\x98\x1b[01m\x1b[Kstruct nav2_msgs::action::ComputePathThroughPoses_Result_<std::allocator<void> >\x1b[m\x1b[K\xe2\x80\x99} has no member named \xe2\x80\x98\x1b[01m\x1b[Kerror_code\x1b[m\x1b[K\xe2\x80\x99\n'}
[2.849682] (nav2_planner) StderrLine: {'line': b'  485 |     result->\x1b[01;31m\x1b[Kerror_code\x1b[m\x1b[K = ActionThroughPosesResult::UNKNOWN;\n'}
[2.849752] (nav2_planner) StderrLine: {'line': b'      |             \x1b[01;31m\x1b[K^~~~~~~~~~\x1b[m\x1b[K\n'}
[2.849817] (nav2_planner) StderrLine: {'line': b'\x1b[01m\x1b[K/home/andrea/tesi/ros2_mapf_cbs/project_1/src/nav2_planner/src/planner_server.cpp:485:52:\x1b[m\x1b[K \x1b[01;31m\x1b[Kerror: \x1b[m\x1b[K\xe2\x80\x98\x1b[01m\x1b[KUNKNOWN\x1b[m\x1b[K\xe2\x80\x99 is not a member of \xe2\x80\x98\x1b[01m\x1b[Knav2_planner::PlannerServer::ActionThroughPosesResult\x1b[m\x1b[K\xe2\x80\x99 {aka \xe2\x80\x98\x1b[01m\x1b[Knav2_msgs::action::ComputePathThroughPoses_Result_<std::allocator<void> >\x1b[m\x1b[K\xe2\x80\x99}\n'}
[2.849888] (nav2_planner) StderrLine: {'line': b'  485 |     result->error_code = ActionThroughPosesResult::\x1b[01;31m\x1b[KUNKNOWN\x1b[m\x1b[K;\n'}
[2.849949] (nav2_planner) StderrLine: {'line': b'      |                                                    \x1b[01;31m\x1b[K^~~~~~~\x1b[m\x1b[K\n'}
[2.855187] (nav2_planner) StderrLine: {'line': b'\x1b[01m\x1b[K/home/andrea/tesi/ros2_mapf_cbs/project_1/src/nav2_planner/src/planner_server.cpp:\x1b[m\x1b[K In member function \xe2\x80\x98\x1b[01m\x1b[Kvoid nav2_planner::PlannerServer::computePlan()\x1b[m\x1b[K\xe2\x80\x99:\n'}
[2.855491] (nav2_planner) StderrLine: {'line': b'\x1b[01m\x1b[K/home/andrea/tesi/ros2_mapf_cbs/project_1/src/nav2_planner/src/planner_server.cpp:544:13:\x1b[m\x1b[K \x1b[01;31m\x1b[Kerror: \x1b[m\x1b[K\xe2\x80\x98\x1b[01m\x1b[Kusing element_type = struct nav2_msgs::action::ComputePathToPose_Result_<std::allocator<void> >\x1b[m\x1b[K\xe2\x80\x99 {aka \xe2\x80\x98\x1b[01m\x1b[Kstruct nav2_msgs::action::ComputePathToPose_Result_<std::allocator<void> >\x1b[m\x1b[K\xe2\x80\x99} has no member named \xe2\x80\x98\x1b[01m\x1b[Kerror_code\x1b[m\x1b[K\xe2\x80\x99\n'}
[2.855645] (nav2_planner) StderrLine: {'line': b'  544 |     result->\x1b[01;31m\x1b[Kerror_code\x1b[m\x1b[K = ActionToPoseResult::INVALID_PLANNER;\n'}
[2.855730] (nav2_planner) StderrLine: {'line': b'      |             \x1b[01;31m\x1b[K^~~~~~~~~~\x1b[m\x1b[K\n'}
[2.855810] (nav2_planner) StderrLine: {'line': b'\x1b[01m\x1b[K/home/andrea/tesi/ros2_mapf_cbs/project_1/src/nav2_planner/src/planner_server.cpp:544:46:\x1b[m\x1b[K \x1b[01;31m\x1b[Kerror: \x1b[m\x1b[K\xe2\x80\x98\x1b[01m\x1b[KINVALID_PLANNER\x1b[m\x1b[K\xe2\x80\x99 is not a member of \xe2\x80\x98\x1b[01m\x1b[Knav2_planner::PlannerServer::ActionToPoseResult\x1b[m\x1b[K\xe2\x80\x99 {aka \xe2\x80\x98\x1b[01m\x1b[Knav2_msgs::action::ComputePathToPose_Result_<std::allocator<void> >\x1b[m\x1b[K\xe2\x80\x99}\n'}
[2.856005] (nav2_planner) StderrLine: {'line': b'  544 |     result->error_code = ActionToPoseResult::\x1b[01;31m\x1b[KINVALID_PLANNER\x1b[m\x1b[K;\n'}
[2.856134] (nav2_planner) StderrLine: {'line': b'      |                                              \x1b[01;31m\x1b[K^~~~~~~~~~~~~~~\x1b[m\x1b[K\n'}
[2.856210] (nav2_planner) StderrLine: {'line': b'\x1b[01m\x1b[K/home/andrea/tesi/ros2_mapf_cbs/project_1/src/nav2_planner/src/planner_server.cpp:548:13:\x1b[m\x1b[K \x1b[01;31m\x1b[Kerror: \x1b[m\x1b[K\xe2\x80\x98\x1b[01m\x1b[Kusing element_type = struct nav2_msgs::action::ComputePathToPose_Result_<std::allocator<void> >\x1b[m\x1b[K\xe2\x80\x99 {aka \xe2\x80\x98\x1b[01m\x1b[Kstruct nav2_msgs::action::ComputePathToPose_Result_<std::allocator<void> >\x1b[m\x1b[K\xe2\x80\x99} has no member named \xe2\x80\x98\x1b[01m\x1b[Kerror_code\x1b[m\x1b[K\xe2\x80\x99\n'}
[2.856338] (nav2_planner) StderrLine: {'line': b'  548 |     result->\x1b[01;31m\x1b[Kerror_code\x1b[m\x1b[K = ActionToPoseResult::START_OCCUPIED;\n'}
[2.856410] (nav2_planner) StderrLine: {'line': b'      |             \x1b[01;31m\x1b[K^~~~~~~~~~\x1b[m\x1b[K\n'}
[2.856481] (nav2_planner) StderrLine: {'line': b'\x1b[01m\x1b[K/home/andrea/tesi/ros2_mapf_cbs/project_1/src/nav2_planner/src/planner_server.cpp:548:46:\x1b[m\x1b[K \x1b[01;31m\x1b[Kerror: \x1b[m\x1b[K\xe2\x80\x98\x1b[01m\x1b[KSTART_OCCUPIED\x1b[m\x1b[K\xe2\x80\x99 is not a member of \xe2\x80\x98\x1b[01m\x1b[Knav2_planner::PlannerServer::ActionToPoseResult\x1b[m\x1b[K\xe2\x80\x99 {aka \xe2\x80\x98\x1b[01m\x1b[Knav2_msgs::action::ComputePathToPose_Result_<std::allocator<void> >\x1b[m\x1b[K\xe2\x80\x99}\n'}
[2.856549] (nav2_planner) StderrLine: {'line': b'  548 |     result->error_code = ActionToPoseResult::\x1b[01;31m\x1b[KSTART_OCCUPIED\x1b[m\x1b[K;\n'}
[2.856614] (nav2_planner) StderrLine: {'line': b'      |                                              \x1b[01;31m\x1b[K^~~~~~~~~~~~~~\x1b[m\x1b[K\n'}
[2.856677] (nav2_planner) StderrLine: {'line': b'\x1b[01m\x1b[K/home/andrea/tesi/ros2_mapf_cbs/project_1/src/nav2_planner/src/planner_server.cpp:552:13:\x1b[m\x1b[K \x1b[01;31m\x1b[Kerror: \x1b[m\x1b[K\xe2\x80\x98\x1b[01m\x1b[Kusing element_type = struct nav2_msgs::action::ComputePathToPose_Result_<std::allocator<void> >\x1b[m\x1b[K\xe2\x80\x99 {aka \xe2\x80\x98\x1b[01m\x1b[Kstruct nav2_msgs::action::ComputePathToPose_Result_<std::allocator<void> >\x1b[m\x1b[K\xe2\x80\x99} has no member named \xe2\x80\x98\x1b[01m\x1b[Kerror_code\x1b[m\x1b[K\xe2\x80\x99\n'}
[2.856751] (nav2_planner) StderrLine: {'line': b'  552 |     result->\x1b[01;31m\x1b[Kerror_code\x1b[m\x1b[K = ActionToPoseResult::GOAL_OCCUPIED;\n'}
[2.856818] (nav2_planner) StderrLine: {'line': b'      |             \x1b[01;31m\x1b[K^~~~~~~~~~\x1b[m\x1b[K\n'}
[2.856889] (nav2_planner) StderrLine: {'line': b'\x1b[01m\x1b[K/home/andrea/tesi/ros2_mapf_cbs/project_1/src/nav2_planner/src/planner_server.cpp:552:46:\x1b[m\x1b[K \x1b[01;31m\x1b[Kerror: \x1b[m\x1b[K\xe2\x80\x98\x1b[01m\x1b[KGOAL_OCCUPIED\x1b[m\x1b[K\xe2\x80\x99 is not a member of \xe2\x80\x98\x1b[01m\x1b[Knav2_planner::PlannerServer::ActionToPoseResult\x1b[m\x1b[K\xe2\x80\x99 {aka \xe2\x80\x98\x1b[01m\x1b[Knav2_msgs::action::ComputePathToPose_Result_<std::allocator<void> >\x1b[m\x1b[K\xe2\x80\x99}\n'}
[2.856973] (nav2_planner) StderrLine: {'line': b'  552 |     result->error_code = ActionToPoseResult::\x1b[01;31m\x1b[KGOAL_OCCUPIED\x1b[m\x1b[K;\n'}
[2.857049] (nav2_planner) StderrLine: {'line': b'      |                                              \x1b[01;31m\x1b[K^~~~~~~~~~~~~\x1b[m\x1b[K\n'}
[2.857121] (nav2_planner) StderrLine: {'line': b'\x1b[01m\x1b[K/home/andrea/tesi/ros2_mapf_cbs/project_1/src/nav2_planner/src/planner_server.cpp:556:13:\x1b[m\x1b[K \x1b[01;31m\x1b[Kerror: \x1b[m\x1b[K\xe2\x80\x98\x1b[01m\x1b[Kusing element_type = struct nav2_msgs::action::ComputePathToPose_Result_<std::allocator<void> >\x1b[m\x1b[K\xe2\x80\x99 {aka \xe2\x80\x98\x1b[01m\x1b[Kstruct nav2_msgs::action::ComputePathToPose_Result_<std::allocator<void> >\x1b[m\x1b[K\xe2\x80\x99} has no member named \xe2\x80\x98\x1b[01m\x1b[Kerror_code\x1b[m\x1b[K\xe2\x80\x99\n'}
[2.857204] (nav2_planner) StderrLine: {'line': b'  556 |     result->\x1b[01;31m\x1b[Kerror_code\x1b[m\x1b[K = ActionToPoseResult::NO_VALID_PATH;\n'}
[2.857275] (nav2_planner) StderrLine: {'line': b'      |             \x1b[01;31m\x1b[K^~~~~~~~~~\x1b[m\x1b[K\n'}
[2.857341] (nav2_planner) StderrLine: {'line': b'\x1b[01m\x1b[K/home/andrea/tesi/ros2_mapf_cbs/project_1/src/nav2_planner/src/planner_server.cpp:556:46:\x1b[m\x1b[K \x1b[01;31m\x1b[Kerror: \x1b[m\x1b[K\xe2\x80\x98\x1b[01m\x1b[KNO_VALID_PATH\x1b[m\x1b[K\xe2\x80\x99 is not a member of \xe2\x80\x98\x1b[01m\x1b[Knav2_planner::PlannerServer::ActionToPoseResult\x1b[m\x1b[K\xe2\x80\x99 {aka \xe2\x80\x98\x1b[01m\x1b[Knav2_msgs::action::ComputePathToPose_Result_<std::allocator<void> >\x1b[m\x1b[K\xe2\x80\x99}\n'}
[2.857415] (nav2_planner) StderrLine: {'line': b'  556 |     result->error_code = ActionToPoseResult::\x1b[01;31m\x1b[KNO_VALID_PATH\x1b[m\x1b[K;\n'}
[2.857475] (nav2_planner) StderrLine: {'line': b'      |                                              \x1b[01;31m\x1b[K^~~~~~~~~~~~~\x1b[m\x1b[K\n'}
[2.857541] (nav2_planner) StderrLine: {'line': b'\x1b[01m\x1b[K/home/andrea/tesi/ros2_mapf_cbs/project_1/src/nav2_planner/src/planner_server.cpp:560:13:\x1b[m\x1b[K \x1b[01;31m\x1b[Kerror: \x1b[m\x1b[K\xe2\x80\x98\x1b[01m\x1b[Kusing element_type = struct nav2_msgs::action::ComputePathToPose_Result_<std::allocator<void> >\x1b[m\x1b[K\xe2\x80\x99 {aka \xe2\x80\x98\x1b[01m\x1b[Kstruct nav2_msgs::action::ComputePathToPose_Result_<std::allocator<void> >\x1b[m\x1b[K\xe2\x80\x99} has no member named \xe2\x80\x98\x1b[01m\x1b[Kerror_code\x1b[m\x1b[K\xe2\x80\x99\n'}
[2.857622] (nav2_planner) StderrLine: {'line': b'  560 |     result->\x1b[01;31m\x1b[Kerror_code\x1b[m\x1b[K = ActionToPoseResult::TIMEOUT;\n'}
[2.857696] (nav2_planner) StderrLine: {'line': b'      |             \x1b[01;31m\x1b[K^~~~~~~~~~\x1b[m\x1b[K\n'}
[2.857768] (nav2_planner) StderrLine: {'line': b'\x1b[01m\x1b[K/home/andrea/tesi/ros2_mapf_cbs/project_1/src/nav2_planner/src/planner_server.cpp:560:46:\x1b[m\x1b[K \x1b[01;31m\x1b[Kerror: \x1b[m\x1b[K\xe2\x80\x98\x1b[01m\x1b[KTIMEOUT\x1b[m\x1b[K\xe2\x80\x99 is not a member of \xe2\x80\x98\x1b[01m\x1b[Knav2_planner::PlannerServer::ActionToPoseResult\x1b[m\x1b[K\xe2\x80\x99 {aka \xe2\x80\x98\x1b[01m\x1b[Knav2_msgs::action::ComputePathToPose_Result_<std::allocator<void> >\x1b[m\x1b[K\xe2\x80\x99}\n'}
[2.857851] (nav2_planner) StderrLine: {'line': b'  560 |     result->error_code = ActionToPoseResult::\x1b[01;31m\x1b[KTIMEOUT\x1b[m\x1b[K;\n'}
[2.857924] (nav2_planner) StderrLine: {'line': b'      |                                              \x1b[01;31m\x1b[K^~~~~~~\x1b[m\x1b[K\n'}
[2.858004] (nav2_planner) StderrLine: {'line': b'\x1b[01m\x1b[K/home/andrea/tesi/ros2_mapf_cbs/project_1/src/nav2_planner/src/planner_server.cpp:564:13:\x1b[m\x1b[K \x1b[01;31m\x1b[Kerror: \x1b[m\x1b[K\xe2\x80\x98\x1b[01m\x1b[Kusing element_type = struct nav2_msgs::action::ComputePathToPose_Result_<std::allocator<void> >\x1b[m\x1b[K\xe2\x80\x99 {aka \xe2\x80\x98\x1b[01m\x1b[Kstruct nav2_msgs::action::ComputePathToPose_Result_<std::allocator<void> >\x1b[m\x1b[K\xe2\x80\x99} has no member named \xe2\x80\x98\x1b[01m\x1b[Kerror_code\x1b[m\x1b[K\xe2\x80\x99\n'}
[2.858085] (nav2_planner) StderrLine: {'line': b'  564 |     result->\x1b[01;31m\x1b[Kerror_code\x1b[m\x1b[K = ActionToPoseResult::START_OUTSIDE_MAP;\n'}
[2.858156] (nav2_planner) StderrLine: {'line': b'      |             \x1b[01;31m\x1b[K^~~~~~~~~~\x1b[m\x1b[K\n'}
[2.858227] (nav2_planner) StderrLine: {'line': b'\x1b[01m\x1b[K/home/andrea/tesi/ros2_mapf_cbs/project_1/src/nav2_planner/src/planner_server.cpp:564:46:\x1b[m\x1b[K \x1b[01;31m\x1b[Kerror: \x1b[m\x1b[K\xe2\x80\x98\x1b[01m\x1b[KSTART_OUTSIDE_MAP\x1b[m\x1b[K\xe2\x80\x99 is not a member of \xe2\x80\x98\x1b[01m\x1b[Knav2_planner::PlannerServer::ActionToPoseResult\x1b[m\x1b[K\xe2\x80\x99 {aka \xe2\x80\x98\x1b[01m\x1b[Knav2_msgs::action::ComputePathToPose_Result_<std::allocator<void> >\x1b[m\x1b[K\xe2\x80\x99}\n'}
[2.858308] (nav2_planner) StderrLine: {'line': b'  564 |     result->error_code = ActionToPoseResult::\x1b[01;31m\x1b[KSTART_OUTSIDE_MAP\x1b[m\x1b[K;\n'}
[2.858382] (nav2_planner) StderrLine: {'line': b'      |                                              \x1b[01;31m\x1b[K^~~~~~~~~~~~~~~~~\x1b[m\x1b[K\n'}
[2.858454] (nav2_planner) StderrLine: {'line': b'\x1b[01m\x1b[K/home/andrea/tesi/ros2_mapf_cbs/project_1/src/nav2_planner/src/planner_server.cpp:568:13:\x1b[m\x1b[K \x1b[01;31m\x1b[Kerror: \x1b[m\x1b[K\xe2\x80\x98\x1b[01m\x1b[Kusing element_type = struct nav2_msgs::action::ComputePathToPose_Result_<std::allocator<void> >\x1b[m\x1b[K\xe2\x80\x99 {aka \xe2\x80\x98\x1b[01m\x1b[Kstruct nav2_msgs::action::ComputePathToPose_Result_<std::allocator<void> >\x1b[m\x1b[K\xe2\x80\x99} has no member named \xe2\x80\x98\x1b[01m\x1b[Kerror_code\x1b[m\x1b[K\xe2\x80\x99\n'}
[2.858534] (nav2_planner) StderrLine: {'line': b'  568 |     result->\x1b[01;31m\x1b[Kerror_code\x1b[m\x1b[K = ActionToPoseResult::GOAL_OUTSIDE_MAP;\n'}
[2.858602] (nav2_planner) StderrLine: {'line': b'      |             \x1b[01;31m\x1b[K^~~~~~~~~~\x1b[m\x1b[K\n'}
[2.858671] (nav2_planner) StderrLine: {'line': b'\x1b[01m\x1b[K/home/andrea/tesi/ros2_mapf_cbs/project_1/src/nav2_planner/src/planner_server.cpp:568:46:\x1b[m\x1b[K \x1b[01;31m\x1b[Kerror: \x1b[m\x1b[K\xe2\x80\x98\x1b[01m\x1b[KGOAL_OUTSIDE_MAP\x1b[m\x1b[K\xe2\x80\x99 is not a member of \xe2\x80\x98\x1b[01m\x1b[Knav2_planner::PlannerServer::ActionToPoseResult\x1b[m\x1b[K\xe2\x80\x99 {aka \xe2\x80\x98\x1b[01m\x1b[Knav2_msgs::action::ComputePathToPose_Result_<std::allocator<void> >\x1b[m\x1b[K\xe2\x80\x99}\n'}
[2.858744] (nav2_planner) StderrLine: {'line': b'  568 |     result->error_code = ActionToPoseResult::\x1b[01;31m\x1b[KGOAL_OUTSIDE_MAP\x1b[m\x1b[K;\n'}
[2.858816] (nav2_planner) StderrLine: {'line': b'      |                                              \x1b[01;31m\x1b[K^~~~~~~~~~~~~~~~\x1b[m\x1b[K\n'}
[2.858888] (nav2_planner) StderrLine: {'line': b'\x1b[01m\x1b[K/home/andrea/tesi/ros2_mapf_cbs/project_1/src/nav2_planner/src/planner_server.cpp:572:13:\x1b[m\x1b[K \x1b[01;31m\x1b[Kerror: \x1b[m\x1b[K\xe2\x80\x98\x1b[01m\x1b[Kusing element_type = struct nav2_msgs::action::ComputePathToPose_Result_<std::allocator<void> >\x1b[m\x1b[K\xe2\x80\x99 {aka \xe2\x80\x98\x1b[01m\x1b[Kstruct nav2_msgs::action::ComputePathToPose_Result_<std::allocator<void> >\x1b[m\x1b[K\xe2\x80\x99} has no member named \xe2\x80\x98\x1b[01m\x1b[Kerror_code\x1b[m\x1b[K\xe2\x80\x99\n'}
[2.858968] (nav2_planner) StderrLine: {'line': b'  572 |     result->\x1b[01;31m\x1b[Kerror_code\x1b[m\x1b[K = ActionToPoseResult::TF_ERROR;\n'}
[2.859035] (nav2_planner) StderrLine: {'line': b'      |             \x1b[01;31m\x1b[K^~~~~~~~~~\x1b[m\x1b[K\n'}
[2.859102] (nav2_planner) StderrLine: {'line': b'\x1b[01m\x1b[K/home/andrea/tesi/ros2_mapf_cbs/project_1/src/nav2_planner/src/planner_server.cpp:572:46:\x1b[m\x1b[K \x1b[01;31m\x1b[Kerror: \x1b[m\x1b[K\xe2\x80\x98\x1b[01m\x1b[KTF_ERROR\x1b[m\x1b[K\xe2\x80\x99 is not a member of \xe2\x80\x98\x1b[01m\x1b[Knav2_planner::PlannerServer::ActionToPoseResult\x1b[m\x1b[K\xe2\x80\x99 {aka \xe2\x80\x98\x1b[01m\x1b[Knav2_msgs::action::ComputePathToPose_Result_<std::allocator<void> >\x1b[m\x1b[K\xe2\x80\x99}\n'}
[2.859170] (nav2_planner) StderrLine: {'line': b'  572 |     result->error_code = ActionToPoseResult::\x1b[01;31m\x1b[KTF_ERROR\x1b[m\x1b[K;\n'}
[2.859240] (nav2_planner) StderrLine: {'line': b'      |                                              \x1b[01;31m\x1b[K^~~~~~~~\x1b[m\x1b[K\n'}
[2.859308] (nav2_planner) StderrLine: {'line': b'\x1b[01m\x1b[K/home/andrea/tesi/ros2_mapf_cbs/project_1/src/nav2_planner/src/planner_server.cpp:576:13:\x1b[m\x1b[K \x1b[01;31m\x1b[Kerror: \x1b[m\x1b[K\xe2\x80\x98\x1b[01m\x1b[Kusing element_type = struct nav2_msgs::action::ComputePathToPose_Result_<std::allocator<void> >\x1b[m\x1b[K\xe2\x80\x99 {aka \xe2\x80\x98\x1b[01m\x1b[Kstruct nav2_msgs::action::ComputePathToPose_Result_<std::allocator<void> >\x1b[m\x1b[K\xe2\x80\x99} has no member named \xe2\x80\x98\x1b[01m\x1b[Kerror_code\x1b[m\x1b[K\xe2\x80\x99\n'}
[2.859575] (nav2_planner) StderrLine: {'line': b'  576 |     result->\x1b[01;31m\x1b[Kerror_code\x1b[m\x1b[K = ActionToPoseResult::UNKNOWN;\n'}
[2.859646] (nav2_planner) StderrLine: {'line': b'      |             \x1b[01;31m\x1b[K^~~~~~~~~~\x1b[m\x1b[K\n'}
[2.859714] (nav2_planner) StderrLine: {'line': b'\x1b[01m\x1b[K/home/andrea/tesi/ros2_mapf_cbs/project_1/src/nav2_planner/src/planner_server.cpp:576:46:\x1b[m\x1b[K \x1b[01;31m\x1b[Kerror: \x1b[m\x1b[K\xe2\x80\x98\x1b[01m\x1b[KUNKNOWN\x1b[m\x1b[K\xe2\x80\x99 is not a member of \xe2\x80\x98\x1b[01m\x1b[Knav2_planner::PlannerServer::ActionToPoseResult\x1b[m\x1b[K\xe2\x80\x99 {aka \xe2\x80\x98\x1b[01m\x1b[Knav2_msgs::action::ComputePathToPose_Result_<std::allocator<void> >\x1b[m\x1b[K\xe2\x80\x99}\n'}
[2.859791] (nav2_planner) StderrLine: {'line': b'  576 |     result->error_code = ActionToPoseResult::\x1b[01;31m\x1b[KUNKNOWN\x1b[m\x1b[K;\n'}
[2.859860] (nav2_planner) StderrLine: {'line': b'      |                                              \x1b[01;31m\x1b[K^~~~~~~\x1b[m\x1b[K\n'}
[2.908988] (-) TimerEvent: {}
[3.009312] (-) TimerEvent: {}
[3.109645] (-) TimerEvent: {}
[3.209987] (-) TimerEvent: {}
[3.310330] (-) TimerEvent: {}
[3.410672] (-) TimerEvent: {}
[3.511005] (-) TimerEvent: {}
[3.611364] (-) TimerEvent: {}
[3.711702] (-) TimerEvent: {}
[3.812047] (-) TimerEvent: {}
[3.912377] (-) TimerEvent: {}
[4.012721] (-) TimerEvent: {}
[4.030480] (nav2_planner) StderrLine: {'line': b'In file included from \x1b[01m\x1b[K/usr/include/x86_64-linux-gnu/c++/11/bits/c++allocator.h:33\x1b[m\x1b[K,\n'}
[4.030606] (nav2_planner) StderrLine: {'line': b'                 from \x1b[01m\x1b[K/usr/include/c++/11/bits/allocator.h:46\x1b[m\x1b[K,\n'}
[4.030652] (nav2_planner) StderrLine: {'line': b'                 from \x1b[01m\x1b[K/usr/include/c++/11/string:41\x1b[m\x1b[K,\n'}
[4.030693] (nav2_planner) StderrLine: {'line': b'                 from \x1b[01m\x1b[K/usr/include/c++/11/bits/locale_classes.h:40\x1b[m\x1b[K,\n'}
[4.030734] (nav2_planner) StderrLine: {'line': b'                 from \x1b[01m\x1b[K/usr/include/c++/11/bits/ios_base.h:41\x1b[m\x1b[K,\n'}
[4.030773] (nav2_planner) StderrLine: {'line': b'                 from \x1b[01m\x1b[K/usr/include/c++/11/iomanip:40\x1b[m\x1b[K,\n'}
[4.030812] (nav2_planner) StderrLine: {'line': b'                 from \x1b[01m\x1b[K/home/andrea/tesi/ros2_mapf_cbs/project_1/src/nav2_planner/src/planner_server.cpp:18\x1b[m\x1b[K:\n'}
[4.030850] (nav2_planner) StderrLine: {'line': b'/usr/include/c++/11/ext/new_allocator.h: In instantiation of \xe2\x80\x98\x1b[01m\x1b[Kvoid __gnu_cxx::new_allocator<_Tp>::construct(_Up*, _Args&& ...) [with _Up = nav2_costmap_2d::Costmap2DROS; _Args = {const char (&)[15], std::__cxx11::basic_string<char, std::char_traits<char>, std::allocator<char> >, const char (&)[15], bool}; _Tp = nav2_costmap_2d::Costmap2DROS]\x1b[m\x1b[K\xe2\x80\x99:\n'}
[4.030892] (nav2_planner) StderrLine: {'line': b'\x1b[01m\x1b[K/usr/include/c++/11/bits/alloc_traits.h:516:17:\x1b[m\x1b[K   required from \xe2\x80\x98\x1b[01m\x1b[Kstatic void std::allocator_traits<std::allocator<_CharT> >::construct(std::allocator_traits<std::allocator<_CharT> >::allocator_type&, _Up*, _Args&& ...) [with _Up = nav2_costmap_2d::Costmap2DROS; _Args = {const char (&)[15], std::__cxx11::basic_string<char, std::char_traits<char>, std::allocator<char> >, const char (&)[15], bool}; _Tp = nav2_costmap_2d::Costmap2DROS; std::allocator_traits<std::allocator<_CharT> >::allocator_type = std::allocator<nav2_costmap_2d::Costmap2DROS>]\x1b[m\x1b[K\xe2\x80\x99\n'}
[4.030933] (nav2_planner) StderrLine: {'line': b'\x1b[01m\x1b[K/usr/include/c++/11/bits/shared_ptr_base.h:519:39:\x1b[m\x1b[K   required from \xe2\x80\x98\x1b[01m\x1b[Kstd::_Sp_counted_ptr_inplace<_Tp, _Alloc, _Lp>::_Sp_counted_ptr_inplace(_Alloc, _Args&& ...) [with _Args = {const char (&)[15], std::__cxx11::basic_string<char, std::char_traits<char>, std::allocator<char> >, const char (&)[15], bool}; _Tp = nav2_costmap_2d::Costmap2DROS; _Alloc = std::allocator<nav2_costmap_2d::Costmap2DROS>; __gnu_cxx::_Lock_policy _Lp = __gnu_cxx::_S_atomic]\x1b[m\x1b[K\xe2\x80\x99\n'}
[4.030983] (nav2_planner) StderrLine: {'line': b'\x1b[01m\x1b[K/usr/include/c++/11/bits/shared_ptr_base.h:650:16:\x1b[m\x1b[K   required from \xe2\x80\x98\x1b[01m\x1b[Kstd::__shared_count<_Lp>::__shared_count(_Tp*&, std::_Sp_alloc_shared_tag<_Alloc>, _Args&& ...) [with _Tp = nav2_costmap_2d::Costmap2DROS; _Alloc = std::allocator<nav2_costmap_2d::Costmap2DROS>; _Args = {const char (&)[15], std::__cxx11::basic_string<char, std::char_traits<char>, std::allocator<char> >, const char (&)[15], bool}; __gnu_cxx::_Lock_policy _Lp = __gnu_cxx::_S_atomic]\x1b[m\x1b[K\xe2\x80\x99\n'}
[4.031025] (nav2_planner) StderrLine: {'line': b'\x1b[01m\x1b[K/usr/include/c++/11/bits/shared_ptr_base.h:1342:14:\x1b[m\x1b[K   required from \xe2\x80\x98\x1b[01m\x1b[Kstd::__shared_ptr<_Tp, _Lp>::__shared_ptr(std::_Sp_alloc_shared_tag<_Tp>, _Args&& ...) [with _Alloc = std::allocator<nav2_costmap_2d::Costmap2DROS>; _Args = {const char (&)[15], std::__cxx11::basic_string<char, std::char_traits<char>, std::allocator<char> >, const char (&)[15], bool}; _Tp = nav2_costmap_2d::Costmap2DROS; __gnu_cxx::_Lock_policy _Lp = __gnu_cxx::_S_atomic]\x1b[m\x1b[K\xe2\x80\x99\n'}
[4.031070] (nav2_planner) StderrLine: {'line': b'\x1b[01m\x1b[K/usr/include/c++/11/bits/shared_ptr.h:409:59:\x1b[m\x1b[K   required from \xe2\x80\x98\x1b[01m\x1b[Kstd::shared_ptr<_Tp>::shared_ptr(std::_Sp_alloc_shared_tag<_Tp>, _Args&& ...) [with _Alloc = std::allocator<nav2_costmap_2d::Costmap2DROS>; _Args = {const char (&)[15], std::__cxx11::basic_string<char, std::char_traits<char>, std::allocator<char> >, const char (&)[15], bool}; _Tp = nav2_costmap_2d::Costmap2DROS]\x1b[m\x1b[K\xe2\x80\x99\n'}
[4.031110] (nav2_planner) StderrLine: {'line': b'\x1b[01m\x1b[K/usr/include/c++/11/bits/shared_ptr.h:862:14:\x1b[m\x1b[K   required from \xe2\x80\x98\x1b[01m\x1b[Kstd::shared_ptr<_Tp> std::allocate_shared(const _Alloc&, _Args&& ...) [with _Tp = nav2_costmap_2d::Costmap2DROS; _Alloc = std::allocator<nav2_costmap_2d::Costmap2DROS>; _Args = {const char (&)[15], std::__cxx11::basic_string<char, std::char_traits<char>, std::allocator<char> >, const char (&)[15], bool}]\x1b[m\x1b[K\xe2\x80\x99\n'}
[4.031152] (nav2_planner) StderrLine: {'line': b'\x1b[01m\x1b[K/usr/include/c++/11/bits/shared_ptr.h:878:39:\x1b[m\x1b[K   required from \xe2\x80\x98\x1b[01m\x1b[Kstd::shared_ptr<_Tp> std::make_shared(_Args&& ...) [with _Tp = nav2_costmap_2d::Costmap2DROS; _Args = {const char (&)[15], std::__cxx11::basic_string<char, std::char_traits<char>, std::allocator<char> >, const char (&)[15], bool}]\x1b[m\x1b[K\xe2\x80\x99\n'}
[4.031196] (nav2_planner) StderrLine: {'line': b'\x1b[01m\x1b[K/home/andrea/tesi/ros2_mapf_cbs/project_1/src/nav2_planner/src/planner_server.cpp:66:65:\x1b[m\x1b[K   required from here\n'}
[4.031234] (nav2_planner) StderrLine: {'line': b'\x1b[01m\x1b[K/usr/include/c++/11/ext/new_allocator.h:162:11:\x1b[m\x1b[K \x1b[01;31m\x1b[Kerror: \x1b[m\x1b[Kno matching function for call to \xe2\x80\x98\x1b[01m\x1b[Knav2_costmap_2d::Costmap2DROS::Costmap2DROS(const char [15], std::__cxx11::basic_string<char>, const char [15], bool)\x1b[m\x1b[K\xe2\x80\x99\n'}
[4.031274] (nav2_planner) StderrLine: {'line': b'  162 |         { \x1b[01;31m\x1b[K::new((void *)__p) _Up(std::forward<_Args>(__args)...)\x1b[m\x1b[K; }\n'}
[4.031313] (nav2_planner) StderrLine: {'line': b'      |           \x1b[01;31m\x1b[K^~~~~~~~~~~~~~~~~~~~~~~~~~~~~~~~~~~~~~~~~~~~~~~~~~~~~~\x1b[m\x1b[K\n'}
[4.031350] (nav2_planner) StderrLine: {'line': b'In file included from \x1b[01m\x1b[K/home/andrea/tesi/ros2_mapf_cbs/project_1/src/nav2_planner/include/nav2_planner/planner_server.hpp:37\x1b[m\x1b[K,\n'}
[4.031388] (nav2_planner) StderrLine: {'line': b'                 from \x1b[01m\x1b[K/home/andrea/tesi/ros2_mapf_cbs/project_1/src/nav2_planner/src/planner_server.cpp:34\x1b[m\x1b[K:\n'}
[4.031428] (nav2_planner) StderrLine: {'line': b'\x1b[01m\x1b[K/opt/ros/humble/include/nav2_costmap_2d/costmap_2d_ros.hpp:89:12:\x1b[m\x1b[K \x1b[01;36m\x1b[Knote: \x1b[m\x1b[Kcandidate: \xe2\x80\x98\x1b[01m\x1b[Knav2_costmap_2d::Costmap2DROS::Costmap2DROS(const string&, const string&, const string&)\x1b[m\x1b[K\xe2\x80\x99\n'}
[4.031467] (nav2_planner) StderrLine: {'line': b'   89 |   explicit \x1b[01;36m\x1b[KCostmap2DROS\x1b[m\x1b[K(\n'}
[4.031504] (nav2_planner) StderrLine: {'line': b'      |            \x1b[01;36m\x1b[K^~~~~~~~~~~~\x1b[m\x1b[K\n'}
[4.031542] (nav2_planner) StderrLine: {'line': b'\x1b[01m\x1b[K/opt/ros/humble/include/nav2_costmap_2d/costmap_2d_ros.hpp:89:12:\x1b[m\x1b[K \x1b[01;36m\x1b[Knote: \x1b[m\x1b[K  candidate expects 3 arguments, 4 provided\n'}
[4.031581] (nav2_planner) StderrLine: {'line': b'\x1b[01m\x1b[K/opt/ros/humble/include/nav2_costmap_2d/costmap_2d_ros.hpp:81:12:\x1b[m\x1b[K \x1b[01;36m\x1b[Knote: \x1b[m\x1b[Kcandidate: \xe2\x80\x98\x1b[01m\x1b[Knav2_costmap_2d::Costmap2DROS::Costmap2DROS(const string&)\x1b[m\x1b[K\xe2\x80\x99\n'}
[4.031620] (nav2_planner) StderrLine: {'line': b'   81 |   explicit \x1b[01;36m\x1b[KCostmap2DROS\x1b[m\x1b[K(const std::string & name);\n'}
[4.031658] (nav2_planner) StderrLine: {'line': b'      |            \x1b[01;36m\x1b[K^~~~~~~~~~~~\x1b[m\x1b[K\n'}
[4.031696] (nav2_planner) StderrLine: {'line': b'\x1b[01m\x1b[K/opt/ros/humble/include/nav2_costmap_2d/costmap_2d_ros.hpp:81:12:\x1b[m\x1b[K \x1b[01;36m\x1b[Knote: \x1b[m\x1b[K  candidate expects 1 argument, 4 provided\n'}
[4.112847] (-) TimerEvent: {}
[4.213156] (-) TimerEvent: {}
[4.313411] (-) TimerEvent: {}
[4.413696] (-) TimerEvent: {}
[4.513980] (-) TimerEvent: {}
[4.614499] (-) TimerEvent: {}
[4.714865] (-) TimerEvent: {}
[4.815215] (-) TimerEvent: {}
[4.915564] (-) TimerEvent: {}
[5.015943] (-) TimerEvent: {}
[5.017666] (nav2_planner) StderrLine: {'line': b'gmake[2]: *** [CMakeFiles/planner_server_core.dir/build.make:76: CMakeFiles/planner_server_core.dir/src/planner_server.cpp.o] Error 1\n'}
[5.017889] (nav2_planner) StderrLine: {'line': b'gmake[1]: *** [CMakeFiles/Makefile2:174: CMakeFiles/planner_server_core.dir/all] Error 2\n'}
[5.017952] (nav2_planner) StderrLine: {'line': b'gmake[1]: *** Waiting for unfinished jobs....\n'}
[5.116124] (-) TimerEvent: {}
[5.216389] (-) TimerEvent: {}
[5.316656] (-) TimerEvent: {}
[5.416979] (-) TimerEvent: {}
[5.517372] (-) TimerEvent: {}
[5.617688] (-) TimerEvent: {}
[5.717974] (-) TimerEvent: {}
[5.810990] (nav2_planner) StdoutLine: {'line': b'[ 50%] \x1b[32m\x1b[1mLinking CXX static library libgtest.a\x1b[0m\n'}
[5.818199] (-) TimerEvent: {}
[5.918473] (-) TimerEvent: {}
[5.951344] (nav2_planner) StdoutLine: {'line': b'[ 50%] Built target gtest\n'}
[5.952288] (nav2_planner) StderrLine: {'line': b'gmake: *** [Makefile:146: all] Error 2\n'}
[5.954508] (nav2_planner) CommandEnded: {'returncode': 2}
[6.018565] (-) TimerEvent: {}
[6.028762] (nav2_planner) JobEnded: {'identifier': 'nav2_planner', 'rc': 2}
[6.039540] (-) EventReactorShutdown: {}
