[0.067s] Invoking command in '/home/andrea/tesi/ros2_mapf_cbs/project_1/build/my_nav2_smac_planner': CMAKE_PREFIX_PATH=${CMAKE_PREFIX_PATH}:/home/andrea/tesi/ros2_mapf_cbs/project_1/install/my_package:/home/andrea/tesi/ros2_mapf_cbs/project_1/install/my_intermediate:/home/andrea/tesi/ros2_mapf_cbs/simple_example/install/my_py_pkg:/opt/ros/humble /usr/bin/cmake --build /home/andrea/tesi/ros2_mapf_cbs/project_1/build/my_nav2_smac_planner -- -j8 -l8
[0.119s] [35m[1mConsolidate compiler generated dependencies of target my_nav2_smac_planner_2d[0m
[0.137s] [ 33%] Built target my_nav2_smac_planner
[0.141s] [ 66%] Built target my_nav2_smac_planner_lattice
[0.175s] [ 69%] [32mBuilding CXX object CMakeFiles/my_nav2_smac_planner_2d.dir/src/smac_planner_2d.cpp.o[0m
[4.237s] [01m[K/home/andrea/tesi/ros2_mapf_cbs/project_1/src/my_nav2_smac_planner/src/smac_planner_2d.cpp:[m[K In member function â€˜[01m[Kvirtual nav_msgs::msg::Path my_nav2_smac_planner::MySmacPlanner2D::createPlan(const PoseStamped&, const PoseStamped&, std::vector<my_intermediate_interfaces::msg::VertexConstraint_<std::allocator<void> > >, std::vector<my_intermediate_interfaces::msg::EdgeConstraint_<std::allocator<void> > >)[m[Kâ€™:
[4.237s] [01m[K/home/andrea/tesi/ros2_mapf_cbs/project_1/src/my_nav2_smac_planner/src/smac_planner_2d.cpp:259:22:[m[K [01;31m[Kerror: [m[Kâ€˜[01m[Kplanner_[m[Kâ€™ was not declared in this scope
[4.237s]   259 |       int idx = cy * [01;31m[Kplanner_[m[K->nx + cx;
[4.237s]       |                      [01;31m[K^~~~~~~~[m[K
[4.260s] [01m[K/home/andrea/tesi/ros2_mapf_cbs/project_1/src/my_nav2_smac_planner/src/smac_planner_2d.cpp:270:7:[m[K [01;31m[Kerror: [m[Kâ€˜[01m[KworldToMap[m[Kâ€™ was not declared in this scope
[4.260s]   270 |       [01;31m[KworldToMap[m[K(constr_1_x, constr_1_y, cx1, cy1);
[4.260s]       |       [01;31m[K^~~~~~~~~~[m[K
[4.269s] [01m[K/home/andrea/tesi/ros2_mapf_cbs/project_1/src/my_nav2_smac_planner/src/smac_planner_2d.cpp:272:24:[m[K [01;31m[Kerror: [m[Kâ€˜[01m[Kplanner_[m[Kâ€™ was not declared in this scope
[4.269s]   272 |       int idx1 = cy1 * [01;31m[Kplanner_[m[K->nx + cx1;
[4.269s]       |                        [01;31m[K^~~~~~~~[m[K
[6.312s] gmake[2]: *** [CMakeFiles/my_nav2_smac_planner_2d.dir/build.make:76: CMakeFiles/my_nav2_smac_planner_2d.dir/src/smac_planner_2d.cpp.o] Error 1
[6.312s] gmake[1]: *** [CMakeFiles/Makefile2:167: CMakeFiles/my_nav2_smac_planner_2d.dir/all] Error 2
[6.312s] gmake: *** [Makefile:146: all] Error 2
[6.314s] Invoked command in '/home/andrea/tesi/ros2_mapf_cbs/project_1/build/my_nav2_smac_planner' returned '2': CMAKE_PREFIX_PATH=${CMAKE_PREFIX_PATH}:/home/andrea/tesi/ros2_mapf_cbs/project_1/install/my_package:/home/andrea/tesi/ros2_mapf_cbs/project_1/install/my_intermediate:/home/andrea/tesi/ros2_mapf_cbs/simple_example/install/my_py_pkg:/opt/ros/humble /usr/bin/cmake --build /home/andrea/tesi/ros2_mapf_cbs/project_1/build/my_nav2_smac_planner -- -j8 -l8
