In file included from [01m[K/opt/ros/humble/include/rclcpp/rclcpp/client.hpp:40[m[K,
                 from [01m[K/opt/ros/humble/include/rclcpp/rclcpp/callback_group.hpp:24[m[K,
                 from [01m[K/opt/ros/humble/include/rclcpp_lifecycle/rclcpp_lifecycle/lifecycle_node.hpp:55[m[K,
                 from [01m[K/opt/ros/humble/include/nav2_costmap_2d/costmap_2d_publisher.hpp:46[m[K,
                 from [01m[K/opt/ros/humble/include/nav2_costmap_2d/costmap_2d_ros.hpp:48[m[K,
                 from [01m[K/home/andrea/tesi/ros2_mapf_cbs/project_1/src/my_nav2_smac_planner/include/my_nav2_smac_planner/costmap_downsampler.hpp:22[m[K,
                 from [01m[K/home/andrea/tesi/ros2_mapf_cbs/project_1/src/my_nav2_smac_planner/src/costmap_downsampler.cpp:16[m[K:
[01m[K/home/andrea/tesi/ros2_mapf_cbs/project_1/src/my_nav2_smac_planner/src/costmap_downsampler.cpp:[m[K In member function â€˜[01m[Kvoid my_nav2_smac_planner::CostmapDownsampler::setCostOfCell(const unsigned int&, const unsigned int&)[m[Kâ€™:
[01m[K/home/andrea/tesi/ros2_mapf_cbs/project_1/src/my_nav2_smac_planner/src/costmap_downsampler.cpp:135:15:[m[K [01;31m[Kerror: [m[Kâ€˜[01m[K_logger[m[Kâ€™ was not declared in this scope
  135 |   RCLCPP_WARN([01;31m[K_logger[m[K, "--> %d ", _use_min_cost_neighbor);
      |               [01;31m[K^~~~~~~[m[K
[01m[K/home/andrea/tesi/ros2_mapf_cbs/project_1/src/my_nav2_smac_planner/src/costmap_downsampler.cpp:135:3:[m[K [01;31m[Kerror: [m[Ktemplate argument 1 is invalid
  135 |   [01;31m[KRCLCPP_WARN[m[K(_logger, "--> %d ", _use_min_cost_neighbor);
      |   [01;31m[K^~~~~~~~~~~[m[K
[01m[K/home/andrea/tesi/ros2_mapf_cbs/project_1/src/my_nav2_smac_planner/src/costmap_downsampler.cpp:135:3:[m[K [01;31m[Kerror: [m[Kâ€˜[01m[K<declaration error>[m[Kâ€™ is not a template [[01;31m[K]8;;https://gcc.gnu.org/onlinedocs/gcc/Warning-Options.html#index-fpermissive-fpermissive]8;;[m[K]
  135 |   [01;31m[KRCLCPP_WARN[m[K(_logger, "--> %d ", _use_min_cost_neighbor);
      |   [01;31m[K^~~~~~~~~~~[m[K
[01m[K/home/andrea/tesi/ros2_mapf_cbs/project_1/src/my_nav2_smac_planner/src/costmap_downsampler.cpp:135:3:[m[K [01;31m[Kerror: [m[Ktemplate argument 1 is invalid
  135 |   [01;31m[KRCLCPP_WARN[m[K(_logger, "--> %d ", _use_min_cost_neighbor);
      |   [01;31m[K^~~~~~~~~~~[m[K
[01m[K/home/andrea/tesi/ros2_mapf_cbs/project_1/src/my_nav2_smac_planner/src/costmap_downsampler.cpp:135:3:[m[K [01;31m[Kerror: [m[Kâ€˜[01m[K<declaration error>[m[Kâ€™ is not a template [[01;31m[K]8;;https://gcc.gnu.org/onlinedocs/gcc/Warning-Options.html#index-fpermissive-fpermissive]8;;[m[K]
  135 |   [01;31m[KRCLCPP_WARN[m[K(_logger, "--> %d ", _use_min_cost_neighbor);
      |   [01;31m[K^~~~~~~~~~~[m[K
[01m[K/home/andrea/tesi/ros2_mapf_cbs/project_1/src/my_nav2_smac_planner/src/costmap_downsampler.cpp:135:3:[m[K [01;31m[Kerror: [m[Ktemplate argument 1 is invalid
  135 |   [01;31m[KRCLCPP_WARN[m[K(_logger, "--> %d ", _use_min_cost_neighbor);
      |   [01;31m[K^~~~~~~~~~~[m[K
gmake[2]: *** [CMakeFiles/my_nav2_smac_planner.dir/build.make:174: CMakeFiles/my_nav2_smac_planner.dir/src/costmap_downsampler.cpp.o] Error 1
gmake[2]: *** Waiting for unfinished jobs....
gmake[1]: *** [CMakeFiles/Makefile2:137: CMakeFiles/my_nav2_smac_planner.dir/all] Error 2
gmake: *** [Makefile:146: all] Error 2
