[0.127s] Invoking command in '/home/andrea/tesi/ros2_mapf_cbs/project_1/build/my_nav2_smac_planner': CMAKE_PREFIX_PATH=/home/andrea/tesi/ros2_mapf_cbs/project_1/install/my_nav2_core:/home/andrea/tesi/ros2_mapf_cbs/project_1/install/my_intermediate_interfaces:/home/andrea/tesi/ros2_mapf_cbs/project_1/install/turtlebot3_multi_robot:/home/andrea/tesi/ros2_mapf_cbs/project_1/install/nav2_straightline_planner:/home/andrea/tesi/ros2_mapf_cbs/project_1/install/my_try_bringup:/home/andrea/tesi/ros2_mapf_cbs/project_1/install/my_nav2_planner:/home/andrea/tesi/ros2_mapf_cbs/project_1/install/my_nav2_smac_planner:/home/andrea/tesi/ros2_mapf_cbs/project_1/install/my_nav2_navfn_planner:/home/andrea/tesi/ros2_mapf_cbs/simple_example/install/my_robot_bringup:/home/andrea/tesi/ros2_mapf_cbs/simple_example/install/my_robot_interfaces:/home/andrea/tesi/ros2_mapf_cbs/project_1/install/my_package:/home/andrea/tesi/ros2_mapf_cbs/project_1/install/my_intermediate:/home/andrea/tesi/ros2_mapf_cbs/simple_example/install/my_py_pkg:/opt/ros/humble LD_LIBRARY_PATH=/home/andrea/tesi/ros2_mapf_cbs/project_1/install/my_intermediate_interfaces/lib:/home/andrea/tesi/ros2_mapf_cbs/project_1/install/nav2_straightline_planner/lib:/home/andrea/tesi/ros2_mapf_cbs/project_1/install/my_nav2_planner/lib:/home/andrea/tesi/ros2_mapf_cbs/project_1/install/my_nav2_smac_planner/lib:/home/andrea/tesi/ros2_mapf_cbs/project_1/install/my_nav2_navfn_planner/lib:/home/andrea/tesi/ros2_mapf_cbs/simple_example/install/my_robot_interfaces/lib:/usr/lib/x86_64-linux-gnu/gazebo-11/plugins:/opt/ros/humble/opt/rviz_ogre_vendor/lib:/opt/ros/humble/lib/x86_64-linux-gnu:/opt/ros/humble/lib:/home/andrea/ws_online/build/ros2_bdi_on_litter_world /usr/bin/cmake --build /home/andrea/tesi/ros2_mapf_cbs/project_1/build/my_nav2_smac_planner -- -j8 -l8
[0.196s] [35m[1mConsolidate compiler generated dependencies of target my_nav2_smac_planner[0m
[0.290s] [  9%] [32mBuilding CXX object CMakeFiles/my_nav2_smac_planner.dir/src/costmap_downsampler.cpp.o[0m
[0.296s] [ 18%] [32mBuilding CXX object CMakeFiles/my_nav2_smac_planner.dir/src/smac_planner_2d.cpp.o[0m
[3.002s] In file included from [01m[K/opt/ros/humble/include/rclcpp/rclcpp/client.hpp:40[m[K,
[3.002s]                  from [01m[K/opt/ros/humble/include/rclcpp/rclcpp/callback_group.hpp:24[m[K,
[3.002s]                  from [01m[K/opt/ros/humble/include/rclcpp_lifecycle/rclcpp_lifecycle/lifecycle_node.hpp:55[m[K,
[3.002s]                  from [01m[K/opt/ros/humble/include/nav2_costmap_2d/costmap_2d_publisher.hpp:46[m[K,
[3.002s]                  from [01m[K/opt/ros/humble/include/nav2_costmap_2d/costmap_2d_ros.hpp:48[m[K,
[3.002s]                  from [01m[K/home/andrea/tesi/ros2_mapf_cbs/project_1/src/my_nav2_smac_planner/include/my_nav2_smac_planner/costmap_downsampler.hpp:22[m[K,
[3.002s]                  from [01m[K/home/andrea/tesi/ros2_mapf_cbs/project_1/src/my_nav2_smac_planner/src/costmap_downsampler.cpp:16[m[K:
[3.002s] [01m[K/home/andrea/tesi/ros2_mapf_cbs/project_1/src/my_nav2_smac_planner/src/costmap_downsampler.cpp:[m[K In member function â€˜[01m[Kvoid my_nav2_smac_planner::CostmapDownsampler::setCostOfCell(const unsigned int&, const unsigned int&)[m[Kâ€™:
[3.002s] [01m[K/home/andrea/tesi/ros2_mapf_cbs/project_1/src/my_nav2_smac_planner/src/costmap_downsampler.cpp:135:15:[m[K [01;31m[Kerror: [m[Kâ€˜[01m[K_logger[m[Kâ€™ was not declared in this scope
[3.002s]   135 |   RCLCPP_WARN([01;31m[K_logger[m[K, "--> %d ", _use_min_cost_neighbor);
[3.002s]       |               [01;31m[K^~~~~~~[m[K
[3.002s] [01m[K/home/andrea/tesi/ros2_mapf_cbs/project_1/src/my_nav2_smac_planner/src/costmap_downsampler.cpp:135:3:[m[K [01;31m[Kerror: [m[Ktemplate argument 1 is invalid
[3.002s]   135 |   [01;31m[KRCLCPP_WARN[m[K(_logger, "--> %d ", _use_min_cost_neighbor);
[3.003s]       |   [01;31m[K^~~~~~~~~~~[m[K
[3.003s] [01m[K/home/andrea/tesi/ros2_mapf_cbs/project_1/src/my_nav2_smac_planner/src/costmap_downsampler.cpp:135:3:[m[K [01;31m[Kerror: [m[Kâ€˜[01m[K<declaration error>[m[Kâ€™ is not a template [[01;31m[K]8;;https://gcc.gnu.org/onlinedocs/gcc/Warning-Options.html#index-fpermissive-fpermissive]8;;[m[K]
[3.003s]   135 |   [01;31m[KRCLCPP_WARN[m[K(_logger, "--> %d ", _use_min_cost_neighbor);
[3.003s]       |   [01;31m[K^~~~~~~~~~~[m[K
[3.003s] [01m[K/home/andrea/tesi/ros2_mapf_cbs/project_1/src/my_nav2_smac_planner/src/costmap_downsampler.cpp:135:3:[m[K [01;31m[Kerror: [m[Ktemplate argument 1 is invalid
[3.003s]   135 |   [01;31m[KRCLCPP_WARN[m[K(_logger, "--> %d ", _use_min_cost_neighbor);
[3.003s]       |   [01;31m[K^~~~~~~~~~~[m[K
[3.003s] [01m[K/home/andrea/tesi/ros2_mapf_cbs/project_1/src/my_nav2_smac_planner/src/costmap_downsampler.cpp:135:3:[m[K [01;31m[Kerror: [m[Kâ€˜[01m[K<declaration error>[m[Kâ€™ is not a template [[01;31m[K]8;;https://gcc.gnu.org/onlinedocs/gcc/Warning-Options.html#index-fpermissive-fpermissive]8;;[m[K]
[3.003s]   135 |   [01;31m[KRCLCPP_WARN[m[K(_logger, "--> %d ", _use_min_cost_neighbor);
[3.003s]       |   [01;31m[K^~~~~~~~~~~[m[K
[3.003s] [01m[K/home/andrea/tesi/ros2_mapf_cbs/project_1/src/my_nav2_smac_planner/src/costmap_downsampler.cpp:135:3:[m[K [01;31m[Kerror: [m[Ktemplate argument 1 is invalid
[3.003s]   135 |   [01;31m[KRCLCPP_WARN[m[K(_logger, "--> %d ", _use_min_cost_neighbor);
[3.003s]       |   [01;31m[K^~~~~~~~~~~[m[K
[4.217s] gmake[2]: *** [CMakeFiles/my_nav2_smac_planner.dir/build.make:174: CMakeFiles/my_nav2_smac_planner.dir/src/costmap_downsampler.cpp.o] Error 1
[4.217s] gmake[2]: *** Waiting for unfinished jobs....
[8.952s] gmake[1]: *** [CMakeFiles/Makefile2:137: CMakeFiles/my_nav2_smac_planner.dir/all] Error 2
[8.952s] gmake: *** [Makefile:146: all] Error 2
[8.954s] Invoked command in '/home/andrea/tesi/ros2_mapf_cbs/project_1/build/my_nav2_smac_planner' returned '2': CMAKE_PREFIX_PATH=/home/andrea/tesi/ros2_mapf_cbs/project_1/install/my_nav2_core:/home/andrea/tesi/ros2_mapf_cbs/project_1/install/my_intermediate_interfaces:/home/andrea/tesi/ros2_mapf_cbs/project_1/install/turtlebot3_multi_robot:/home/andrea/tesi/ros2_mapf_cbs/project_1/install/nav2_straightline_planner:/home/andrea/tesi/ros2_mapf_cbs/project_1/install/my_try_bringup:/home/andrea/tesi/ros2_mapf_cbs/project_1/install/my_nav2_planner:/home/andrea/tesi/ros2_mapf_cbs/project_1/install/my_nav2_smac_planner:/home/andrea/tesi/ros2_mapf_cbs/project_1/install/my_nav2_navfn_planner:/home/andrea/tesi/ros2_mapf_cbs/simple_example/install/my_robot_bringup:/home/andrea/tesi/ros2_mapf_cbs/simple_example/install/my_robot_interfaces:/home/andrea/tesi/ros2_mapf_cbs/project_1/install/my_package:/home/andrea/tesi/ros2_mapf_cbs/project_1/install/my_intermediate:/home/andrea/tesi/ros2_mapf_cbs/simple_example/install/my_py_pkg:/opt/ros/humble LD_LIBRARY_PATH=/home/andrea/tesi/ros2_mapf_cbs/project_1/install/my_intermediate_interfaces/lib:/home/andrea/tesi/ros2_mapf_cbs/project_1/install/nav2_straightline_planner/lib:/home/andrea/tesi/ros2_mapf_cbs/project_1/install/my_nav2_planner/lib:/home/andrea/tesi/ros2_mapf_cbs/project_1/install/my_nav2_smac_planner/lib:/home/andrea/tesi/ros2_mapf_cbs/project_1/install/my_nav2_navfn_planner/lib:/home/andrea/tesi/ros2_mapf_cbs/simple_example/install/my_robot_interfaces/lib:/usr/lib/x86_64-linux-gnu/gazebo-11/plugins:/opt/ros/humble/opt/rviz_ogre_vendor/lib:/opt/ros/humble/lib/x86_64-linux-gnu:/opt/ros/humble/lib:/home/andrea/ws_online/build/ros2_bdi_on_litter_world /usr/bin/cmake --build /home/andrea/tesi/ros2_mapf_cbs/project_1/build/my_nav2_smac_planner -- -j8 -l8
