[0.059s] Invoking command in '/home/andrea/tesi/ros2_mapf_cbs/project_1/build/my_nav2_navfn_planner': CMAKE_PREFIX_PATH=${CMAKE_PREFIX_PATH}:/home/andrea/tesi/ros2_mapf_cbs/project_1/install/my_package:/home/andrea/tesi/ros2_mapf_cbs/project_1/install/my_intermediate:/home/andrea/tesi/ros2_mapf_cbs/simple_example/install/my_py_pkg:/opt/ros/humble /usr/bin/cmake --build /home/andrea/tesi/ros2_mapf_cbs/project_1/build/my_nav2_navfn_planner -- -j8 -l8
[0.104s] [ 33%] [32mBuilding CXX object CMakeFiles/my_nav2_navfn_planner.dir/src/navfn_planner.cpp.o[0m
[2.283s] [01m[K/home/andrea/tesi/ros2_mapf_cbs/project_1/src/my_nav2_navfn_planner/src/navfn_planner.cpp:[m[K In member function â€˜[01m[Kvirtual nav_msgs::msg::Path nav2_navfn_planner::NavfnPlanner::createPlan(const PoseStamped&, const PoseStamped&)[m[Kâ€™:
[2.283s] [01m[K/home/andrea/tesi/ros2_mapf_cbs/project_1/src/my_nav2_navfn_planner/src/navfn_planner.cpp:139:22:[m[K [01;31m[Kerror: [m[Kâ€˜[01m[KStartOutsideMapBounds[m[Kâ€™ is not a member of â€˜[01m[Knav2_core[m[Kâ€™
[2.283s]   139 |     throw nav2_core::[01;31m[KStartOutsideMapBounds[m[K(
[2.283s]       |                      [01;31m[K^~~~~~~~~~~~~~~~~~~~~[m[K
[2.284s] [01m[K/home/andrea/tesi/ros2_mapf_cbs/project_1/src/my_nav2_navfn_planner/src/navfn_planner.cpp:145:22:[m[K [01;31m[Kerror: [m[Kâ€˜[01m[KGoalOutsideMapBounds[m[Kâ€™ is not a member of â€˜[01m[Knav2_core[m[Kâ€™
[2.284s]   145 |     throw nav2_core::[01;31m[KGoalOutsideMapBounds[m[K(
[2.284s]       |                      [01;31m[K^~~~~~~~~~~~~~~~~~~~[m[K
[2.285s] [01m[K/home/andrea/tesi/ros2_mapf_cbs/project_1/src/my_nav2_navfn_planner/src/navfn_planner.cpp:151:22:[m[K [01;31m[Kerror: [m[Kâ€˜[01m[KStartOccupied[m[Kâ€™ is not a member of â€˜[01m[Knav2_core[m[Kâ€™
[2.285s]   151 |     throw nav2_core::[01;31m[KStartOccupied[m[K(
[2.285s]       |                      [01;31m[K^~~~~~~~~~~~~[m[K
[2.285s] [01m[K/home/andrea/tesi/ros2_mapf_cbs/project_1/src/my_nav2_navfn_planner/src/navfn_planner.cpp:157:22:[m[K [01;31m[Kerror: [m[Kâ€˜[01m[KGoalOccupied[m[Kâ€™ is not a member of â€˜[01m[Knav2_core[m[Kâ€™
[2.286s]   157 |     throw nav2_core::[01;31m[KGoalOccupied[m[K(
[2.286s]       |                      [01;31m[K^~~~~~~~~~~~[m[K
[2.286s] [01m[K/home/andrea/tesi/ros2_mapf_cbs/project_1/src/my_nav2_navfn_planner/src/navfn_planner.cpp:193:22:[m[K [01;31m[Kerror: [m[Kâ€˜[01m[KNoValidPathCouldBeFound[m[Kâ€™ is not a member of â€˜[01m[Knav2_core[m[Kâ€™
[2.287s]   193 |     throw nav2_core::[01;31m[KNoValidPathCouldBeFound[m[K(
[2.287s]       |                      [01;31m[K^~~~~~~~~~~~~~~~~~~~~~~[m[K
[3.290s] gmake[2]: *** [CMakeFiles/my_nav2_navfn_planner.dir/build.make:76: CMakeFiles/my_nav2_navfn_planner.dir/src/navfn_planner.cpp.o] Error 1
[3.290s] gmake[1]: *** [CMakeFiles/Makefile2:137: CMakeFiles/my_nav2_navfn_planner.dir/all] Error 2
[3.290s] gmake: *** [Makefile:146: all] Error 2
[3.292s] Invoked command in '/home/andrea/tesi/ros2_mapf_cbs/project_1/build/my_nav2_navfn_planner' returned '2': CMAKE_PREFIX_PATH=${CMAKE_PREFIX_PATH}:/home/andrea/tesi/ros2_mapf_cbs/project_1/install/my_package:/home/andrea/tesi/ros2_mapf_cbs/project_1/install/my_intermediate:/home/andrea/tesi/ros2_mapf_cbs/simple_example/install/my_py_pkg:/opt/ros/humble /usr/bin/cmake --build /home/andrea/tesi/ros2_mapf_cbs/project_1/build/my_nav2_navfn_planner -- -j8 -l8
