[0.066s] Invoking command in '/home/andrea/tesi/ros2_mapf_cbs/project_1/build/my_nav2_navfn_planner': AMENT_PREFIX_PATH=/home/andrea/tesi/ros2_mapf_cbs/project_1/install/my_nav2_core:${AMENT_PREFIX_PATH} CMAKE_PREFIX_PATH=/home/andrea/tesi/ros2_mapf_cbs/project_1/install/my_nav2_core:/home/andrea/tesi/ros2_mapf_cbs/project_1/install/my_intermediate_interfaces:/home/andrea/tesi/ros2_mapf_cbs/project_1/install/turtlebot3_multi_robot:/home/andrea/tesi/ros2_mapf_cbs/project_1/install/nav2_straightline_planner:/home/andrea/tesi/ros2_mapf_cbs/project_1/install/my_nav2_navfn_planner:/home/andrea/tesi/ros2_mapf_cbs/project_1/install/nav2_core:/home/andrea/tesi/ros2_mapf_cbs/project_1/install/my_try_bringup:/home/andrea/tesi/ros2_mapf_cbs/simple_example/install/my_robot_bringup:/home/andrea/tesi/ros2_mapf_cbs/simple_example/install/my_robot_interfaces:/home/andrea/tesi/ros2_mapf_cbs/project_1/install/my_package:/home/andrea/tesi/ros2_mapf_cbs/project_1/install/my_intermediate:/home/andrea/tesi/ros2_mapf_cbs/simple_example/install/my_py_pkg:/opt/ros/humble LD_LIBRARY_PATH=/home/andrea/tesi/ros2_mapf_cbs/project_1/install/my_intermediate_interfaces/lib:/home/andrea/tesi/ros2_mapf_cbs/project_1/install/nav2_straightline_planner/lib:/home/andrea/tesi/ros2_mapf_cbs/project_1/install/my_nav2_navfn_planner/lib:/home/andrea/tesi/ros2_mapf_cbs/simple_example/install/my_robot_interfaces/lib:/usr/lib/x86_64-linux-gnu/gazebo-11/plugins:/opt/ros/humble/opt/rviz_ogre_vendor/lib:/opt/ros/humble/lib/x86_64-linux-gnu:/opt/ros/humble/lib:/home/andrea/ws_online/build/ros2_bdi_on_litter_world /usr/bin/cmake --build /home/andrea/tesi/ros2_mapf_cbs/project_1/build/my_nav2_navfn_planner -- -j8 -l8
[0.100s] [35m[1mConsolidate compiler generated dependencies of target my_nav2_navfn_planner[0m
[0.118s] [ 33%] [32mBuilding CXX object CMakeFiles/my_nav2_navfn_planner.dir/src/navfn_planner.cpp.o[0m
[2.282s] In file included from [01m[K/home/andrea/tesi/ros2_mapf_cbs/project_1/src/my_nav2_navfn_planner/src/navfn_planner.cpp:1[m[K:
[2.282s] [01m[K/home/andrea/tesi/ros2_mapf_cbs/project_1/src/my_nav2_navfn_planner/include/my_nav2_navfn_planner/navfn_planner.hpp:42:29:[m[K [01;31m[Kerror: [m[Kâ€˜[01m[Kmy_nav2_core[m[Kâ€™ has not been declared
[2.282s]    42 | class NavfnPlanner : public [01;31m[Kmy_nav2_core[m[K::MultiAgentGlobalPlanner
[2.282s]       |                             [01;31m[K^~~~~~~~~~~~[m[K
[2.282s] [01m[K/home/andrea/tesi/ros2_mapf_cbs/project_1/src/my_nav2_navfn_planner/include/my_nav2_navfn_planner/navfn_planner.hpp:42:43:[m[K [01;31m[Kerror: [m[Kexpected â€˜[01m[K{[m[Kâ€™ before â€˜[01m[KMultiAgentGlobalPlanner[m[Kâ€™
[2.282s]    42 | class NavfnPlanner : public my_nav2_core::[01;31m[KMultiAgentGlobalPlanner[m[K
[2.282s]       |                                           [01;31m[K^~~~~~~~~~~~~~~~~~~~~~~[m[K
[2.282s] [01m[K/home/andrea/tesi/ros2_mapf_cbs/project_1/src/my_nav2_navfn_planner/include/my_nav2_navfn_planner/navfn_planner.hpp:44:1:[m[K [01;31m[Kerror: [m[Kexpected primary-expression before â€˜[01m[Kpublic[m[Kâ€™
[2.282s]    44 | [01;31m[Kpublic[m[K:
[2.282s]       | [01;31m[K^~~~~~[m[K
[2.282s] [01m[K/home/andrea/tesi/ros2_mapf_cbs/project_1/src/my_nav2_navfn_planner/include/my_nav2_navfn_planner/navfn_planner.hpp:44:1:[m[K [01;31m[Kerror: [m[Kexpected â€˜[01m[K}[m[Kâ€™ before â€˜[01m[Kpublic[m[Kâ€™
[2.282s] [01m[K/home/andrea/tesi/ros2_mapf_cbs/project_1/src/my_nav2_navfn_planner/include/my_nav2_navfn_planner/navfn_planner.hpp:43:1:[m[K [01;36m[Knote: [m[Kto match this â€˜[01m[K{[m[Kâ€™
[2.282s]    43 | [01;36m[K{[m[K
[2.282s]       | [01;36m[K^[m[K
[2.282s] [01m[K/home/andrea/tesi/ros2_mapf_cbs/project_1/src/my_nav2_navfn_planner/include/my_nav2_navfn_planner/navfn_planner.hpp:53:18:[m[K [01;31m[Kerror: [m[Kexpected constructor, destructor, or type conversion before â€˜[01m[K;[m[Kâ€™ token
[2.282s]    53 |   ~NavfnPlanner()[01;31m[K;[m[K
[2.282s]       |                  [01;31m[K^[m[K
[2.283s] [01m[K/home/andrea/tesi/ros2_mapf_cbs/project_1/src/my_nav2_navfn_planner/include/my_nav2_navfn_planner/navfn_planner.hpp:65:65:[m[K [01;31m[Kerror: [m[Kvirt-specifiers in â€˜[01m[Kconfigure[m[Kâ€™ not allowed outside a class definition
[2.283s]    65 |     std::shared_ptr<nav2_costmap_2d::Costmap2DROS> costmap_ros) [01;31m[Koverride[m[K;
[2.283s]       |                                                                 [01;31m[K^~~~~~~~[m[K
[2.283s] [01m[K/home/andrea/tesi/ros2_mapf_cbs/project_1/src/my_nav2_navfn_planner/include/my_nav2_navfn_planner/navfn_planner.hpp:70:18:[m[K [01;31m[Kerror: [m[Kvirt-specifiers in â€˜[01m[Kcleanup[m[Kâ€™ not allowed outside a class definition
[2.283s]    70 |   void cleanup() [01;31m[Koverride[m[K;
[2.283s]       |                  [01;31m[K^~~~~~~~[m[K
[2.283s] [01m[K/home/andrea/tesi/ros2_mapf_cbs/project_1/src/my_nav2_navfn_planner/include/my_nav2_navfn_planner/navfn_planner.hpp:75:19:[m[K [01;31m[Kerror: [m[Kvirt-specifiers in â€˜[01m[Kactivate[m[Kâ€™ not allowed outside a class definition
[2.283s]    75 |   void activate() [01;31m[Koverride[m[K;
[2.283s]       |                   [01;31m[K^~~~~~~~[m[K
[2.283s] [01m[K/home/andrea/tesi/ros2_mapf_cbs/project_1/src/my_nav2_navfn_planner/include/my_nav2_navfn_planner/navfn_planner.hpp:80:21:[m[K [01;31m[Kerror: [m[Kvirt-specifiers in â€˜[01m[Kdeactivate[m[Kâ€™ not allowed outside a class definition
[2.283s]    80 |   void deactivate() [01;31m[Koverride[m[K;
[2.283s]       |                     [01;31m[K^~~~~~~~[m[K
[2.283s] [01m[K/home/andrea/tesi/ros2_mapf_cbs/project_1/src/my_nav2_navfn_planner/include/my_nav2_navfn_planner/navfn_planner.hpp:95:1:[m[K [01;31m[Kerror: [m[Kexpected unqualified-id before â€˜[01m[Kprotected[m[Kâ€™
[2.283s]    95 | [01;31m[Kprotected[m[K:
[2.283s]       | [01;31m[K^~~~~~~~~[m[K
[2.288s] [01m[K/home/andrea/tesi/ros2_mapf_cbs/project_1/src/my_nav2_navfn_planner/include/my_nav2_navfn_planner/navfn_planner.hpp:238:1:[m[K [01;31m[Kerror: [m[Kexpected declaration before â€˜[01m[K}[m[Kâ€™ token
[2.288s]   238 | [01;31m[K}[m[K  // namespace nav2_navfn_planner
[2.288s]       | [01;31m[K^[m[K
[2.291s] [01m[K/home/andrea/tesi/ros2_mapf_cbs/project_1/src/my_nav2_navfn_planner/src/navfn_planner.cpp:27:28:[m[K [01;31m[Kerror: [m[Kinvalid use of incomplete type â€˜[01m[Kclass my_nav2_navfn_planner::NavfnPlanner[m[Kâ€™
[2.291s]    27 | NavfnPlanner::NavfnPlanner([01;31m[K)[m[K
[2.291s]       |                            [01;31m[K^[m[K
[2.291s] In file included from [01m[K/home/andrea/tesi/ros2_mapf_cbs/project_1/src/my_nav2_navfn_planner/src/navfn_planner.cpp:1[m[K:
[2.291s] [01m[K/home/andrea/tesi/ros2_mapf_cbs/project_1/src/my_nav2_navfn_planner/include/my_nav2_navfn_planner/navfn_planner.hpp:42:7:[m[K [01;36m[Knote: [m[Kforward declaration of â€˜[01m[Kclass my_nav2_navfn_planner::NavfnPlanner[m[Kâ€™
[2.291s]    42 | class [01;36m[KNavfnPlanner[m[K : public my_nav2_core::MultiAgentGlobalPlanner
[2.291s]       |       [01;36m[K^~~~~~~~~~~~[m[K
[2.291s] [01m[K/home/andrea/tesi/ros2_mapf_cbs/project_1/src/my_nav2_navfn_planner/src/navfn_planner.cpp:32:29:[m[K [01;31m[Kerror: [m[Kinvalid use of incomplete type â€˜[01m[Kclass my_nav2_navfn_planner::NavfnPlanner[m[Kâ€™
[2.291s]    32 | NavfnPlanner::~NavfnPlanner([01;31m[K)[m[K
[2.291s]       |                             [01;31m[K^[m[K
[2.291s] In file included from [01m[K/home/andrea/tesi/ros2_mapf_cbs/project_1/src/my_nav2_navfn_planner/src/navfn_planner.cpp:1[m[K:
[2.291s] [01m[K/home/andrea/tesi/ros2_mapf_cbs/project_1/src/my_nav2_navfn_planner/include/my_nav2_navfn_planner/navfn_planner.hpp:42:7:[m[K [01;36m[Knote: [m[Kforward declaration of â€˜[01m[Kclass my_nav2_navfn_planner::NavfnPlanner[m[Kâ€™
[2.291s]    42 | class [01;36m[KNavfnPlanner[m[K : public my_nav2_core::MultiAgentGlobalPlanner
[2.291s]       |       [01;36m[K^~~~~~~~~~~~[m[K
[2.291s] [01m[K/home/andrea/tesi/ros2_mapf_cbs/project_1/src/my_nav2_navfn_planner/src/navfn_planner.cpp:43:61:[m[K [01;31m[Kerror: [m[Kinvalid use of incomplete type â€˜[01m[Kclass my_nav2_navfn_planner::NavfnPlanner[m[Kâ€™
[2.291s]    43 |   std::shared_ptr<nav2_costmap_2d::Costmap2DROS> costmap_ros[01;31m[K)[m[K
[2.291s]       |                                                             [01;31m[K^[m[K
[2.292s] In file included from [01m[K/home/andrea/tesi/ros2_mapf_cbs/project_1/src/my_nav2_navfn_planner/src/navfn_planner.cpp:1[m[K:
[2.292s] [01m[K/home/andrea/tesi/ros2_mapf_cbs/project_1/src/my_nav2_navfn_planner/include/my_nav2_navfn_planner/navfn_planner.hpp:42:7:[m[K [01;36m[Knote: [m[Kforward declaration of â€˜[01m[Kclass my_nav2_navfn_planner::NavfnPlanner[m[Kâ€™
[2.292s]    42 | class [01;36m[KNavfnPlanner[m[K : public my_nav2_core::MultiAgentGlobalPlanner
[2.292s]       |       [01;36m[K^~~~~~~~~~~~[m[K
[2.292s] [01m[K/home/andrea/tesi/ros2_mapf_cbs/project_1/src/my_nav2_navfn_planner/src/navfn_planner.cpp:78:24:[m[K [01;31m[Kerror: [m[Kinvalid use of incomplete type â€˜[01m[Kclass my_nav2_navfn_planner::NavfnPlanner[m[Kâ€™
[2.292s]    78 | NavfnPlanner::activate([01;31m[K)[m[K
[2.292s]       |                        [01;31m[K^[m[K
[2.292s] In file included from [01m[K/home/andrea/tesi/ros2_mapf_cbs/project_1/src/my_nav2_navfn_planner/src/navfn_planner.cpp:1[m[K:
[2.292s] [01m[K/home/andrea/tesi/ros2_mapf_cbs/project_1/src/my_nav2_navfn_planner/include/my_nav2_navfn_planner/navfn_planner.hpp:42:7:[m[K [01;36m[Knote: [m[Kforward declaration of â€˜[01m[Kclass my_nav2_navfn_planner::NavfnPlanner[m[Kâ€™
[2.292s]    42 | class [01;36m[KNavfnPlanner[m[K : public my_nav2_core::MultiAgentGlobalPlanner
[2.292s]       |       [01;36m[K^~~~~~~~~~~~[m[K
[2.292s] [01m[K/home/andrea/tesi/ros2_mapf_cbs/project_1/src/my_nav2_navfn_planner/src/navfn_planner.cpp:90:26:[m[K [01;31m[Kerror: [m[Kinvalid use of incomplete type â€˜[01m[Kclass my_nav2_navfn_planner::NavfnPlanner[m[Kâ€™
[2.292s]    90 | NavfnPlanner::deactivate([01;31m[K)[m[K
[2.292s]       |                          [01;31m[K^[m[K
[2.292s] In file included from [01m[K/home/andrea/tesi/ros2_mapf_cbs/project_1/src/my_nav2_navfn_planner/src/navfn_planner.cpp:1[m[K:
[2.292s] [01m[K/home/andrea/tesi/ros2_mapf_cbs/project_1/src/my_nav2_navfn_planner/include/my_nav2_navfn_planner/navfn_planner.hpp:42:7:[m[K [01;36m[Knote: [m[Kforward declaration of â€˜[01m[Kclass my_nav2_navfn_planner::NavfnPlanner[m[Kâ€™
[2.292s]    42 | class [01;36m[KNavfnPlanner[m[K : public my_nav2_core::MultiAgentGlobalPlanner
[2.292s]       |       [01;36m[K^~~~~~~~~~~~[m[K
[2.292s] [01m[K/home/andrea/tesi/ros2_mapf_cbs/project_1/src/my_nav2_navfn_planner/src/navfn_planner.cpp:99:23:[m[K [01;31m[Kerror: [m[Kinvalid use of incomplete type â€˜[01m[Kclass my_nav2_navfn_planner::NavfnPlanner[m[Kâ€™
[2.292s]    99 | NavfnPlanner::cleanup([01;31m[K)[m[K
[2.292s]       |                       [01;31m[K^[m[K
[2.292s] In file included from [01m[K/home/andrea/tesi/ros2_mapf_cbs/project_1/src/my_nav2_navfn_planner/src/navfn_planner.cpp:1[m[K:
[2.292s] [01m[K/home/andrea/tesi/ros2_mapf_cbs/project_1/src/my_nav2_navfn_planner/include/my_nav2_navfn_planner/navfn_planner.hpp:42:7:[m[K [01;36m[Knote: [m[Kforward declaration of â€˜[01m[Kclass my_nav2_navfn_planner::NavfnPlanner[m[Kâ€™
[2.292s]    42 | class [01;36m[KNavfnPlanner[m[K : public my_nav2_core::MultiAgentGlobalPlanner
[2.292s]       |       [01;36m[K^~~~~~~~~~~~[m[K
[2.292s] [01m[K/home/andrea/tesi/ros2_mapf_cbs/project_1/src/my_nav2_navfn_planner/src/navfn_planner.cpp:111:86:[m[K [01;31m[Kerror: [m[Kinvalid use of incomplete type â€˜[01m[Kclass my_nav2_navfn_planner::NavfnPlanner[m[Kâ€™
[2.292s]   111 |   const std::vector<my_intermediate_interfaces::msg::EdgeConstraint> edge_constraints[01;31m[K)[m[K
[2.293s]       |                                                                                      [01;31m[K^[m[K
[2.293s] In file included from [01m[K/home/andrea/tesi/ros2_mapf_cbs/project_1/src/my_nav2_navfn_planner/src/navfn_planner.cpp:1[m[K:
[2.293s] [01m[K/home/andrea/tesi/ros2_mapf_cbs/project_1/src/my_nav2_navfn_planner/include/my_nav2_navfn_planner/navfn_planner.hpp:42:7:[m[K [01;36m[Knote: [m[Kforward declaration of â€˜[01m[Kclass my_nav2_navfn_planner::NavfnPlanner[m[Kâ€™
[2.293s]    42 | class [01;36m[KNavfnPlanner[m[K : public my_nav2_core::MultiAgentGlobalPlanner
[2.293s]       |       [01;36m[K^~~~~~~~~~~~[m[K
[2.293s] [01m[K/home/andrea/tesi/ros2_mapf_cbs/project_1/src/my_nav2_navfn_planner/src/navfn_planner.cpp:191:34:[m[K [01;31m[Kerror: [m[Kinvalid use of incomplete type â€˜[01m[Kclass my_nav2_navfn_planner::NavfnPlanner[m[Kâ€™
[2.293s]   191 | NavfnPlanner::isPlannerOutOfDate([01;31m[K)[m[K
[2.293s]       |                                  [01;31m[K^[m[K
[2.293s] In file included from [01m[K/home/andrea/tesi/ros2_mapf_cbs/project_1/src/my_nav2_navfn_planner/src/navfn_planner.cpp:1[m[K:
[2.293s] [01m[K/home/andrea/tesi/ros2_mapf_cbs/project_1/src/my_nav2_navfn_planner/include/my_nav2_navfn_planner/navfn_planner.hpp:42:7:[m[K [01;36m[Knote: [m[Kforward declaration of â€˜[01m[Kclass my_nav2_navfn_planner::NavfnPlanner[m[Kâ€™
[2.293s]    42 | class [01;36m[KNavfnPlanner[m[K : public my_nav2_core::MultiAgentGlobalPlanner
[2.293s]       |       [01;36m[K^~~~~~~~~~~~[m[K
[2.293s] [01m[K/home/andrea/tesi/ros2_mapf_cbs/project_1/src/my_nav2_navfn_planner/src/navfn_planner.cpp:206:29:[m[K [01;31m[Kerror: [m[Kinvalid use of incomplete type â€˜[01m[Kclass my_nav2_navfn_planner::NavfnPlanner[m[Kâ€™
[2.293s]   206 |   nav_msgs::msg::Path & plan[01;31m[K)[m[K
[2.293s]       |                             [01;31m[K^[m[K
[2.293s] In file included from [01m[K/home/andrea/tesi/ros2_mapf_cbs/project_1/src/my_nav2_navfn_planner/src/navfn_planner.cpp:1[m[K:
[2.293s] [01m[K/home/andrea/tesi/ros2_mapf_cbs/project_1/src/my_nav2_navfn_planner/include/my_nav2_navfn_planner/navfn_planner.hpp:42:7:[m[K [01;36m[Knote: [m[Kforward declaration of â€˜[01m[Kclass my_nav2_navfn_planner::NavfnPlanner[m[Kâ€™
[2.293s]    42 | class [01;36m[KNavfnPlanner[m[K : public my_nav2_core::MultiAgentGlobalPlanner
[2.293s]       |       [01;36m[K^~~~~~~~~~~~[m[K
[2.293s] [01m[K/home/andrea/tesi/ros2_mapf_cbs/project_1/src/my_nav2_navfn_planner/src/navfn_planner.cpp:340:29:[m[K [01;31m[Kerror: [m[Kinvalid use of incomplete type â€˜[01m[Kclass my_nav2_navfn_planner::NavfnPlanner[m[Kâ€™
[2.293s]   340 |   nav_msgs::msg::Path & plan[01;31m[K)[m[K
[2.293s]       |                             [01;31m[K^[m[K
[2.293s] In file included from [01m[K/home/andrea/tesi/ros2_mapf_cbs/project_1/src/my_nav2_navfn_planner/src/navfn_planner.cpp:1[m[K:
[2.293s] [01m[K/home/andrea/tesi/ros2_mapf_cbs/project_1/src/my_nav2_navfn_planner/include/my_nav2_navfn_planner/navfn_planner.hpp:42:7:[m[K [01;36m[Knote: [m[Kforward declaration of â€˜[01m[Kclass my_nav2_navfn_planner::NavfnPlanner[m[Kâ€™
[2.294s]    42 | class [01;36m[KNavfnPlanner[m[K : public my_nav2_core::MultiAgentGlobalPlanner
[2.294s]       |       [01;36m[K^~~~~~~~~~~~[m[K
[2.294s] [01m[K/home/andrea/tesi/ros2_mapf_cbs/project_1/src/my_nav2_navfn_planner/src/navfn_planner.cpp:363:29:[m[K [01;31m[Kerror: [m[Kinvalid use of incomplete type â€˜[01m[Kclass my_nav2_navfn_planner::NavfnPlanner[m[Kâ€™
[2.294s]   363 |   nav_msgs::msg::Path & plan[01;31m[K)[m[K
[2.294s]       |                             [01;31m[K^[m[K
[2.294s] In file included from [01m[K/home/andrea/tesi/ros2_mapf_cbs/project_1/src/my_nav2_navfn_planner/src/navfn_planner.cpp:1[m[K:
[2.294s] [01m[K/home/andrea/tesi/ros2_mapf_cbs/project_1/src/my_nav2_navfn_planner/include/my_nav2_navfn_planner/navfn_planner.hpp:42:7:[m[K [01;36m[Knote: [m[Kforward declaration of â€˜[01m[Kclass my_nav2_navfn_planner::NavfnPlanner[m[Kâ€™
[2.294s]    42 | class [01;36m[KNavfnPlanner[m[K : public my_nav2_core::MultiAgentGlobalPlanner
[2.294s]       |       [01;36m[K^~~~~~~~~~~~[m[K
[2.294s] [01m[K/home/andrea/tesi/ros2_mapf_cbs/project_1/src/my_nav2_navfn_planner/src/navfn_planner.cpp:420:78:[m[K [01;31m[Kerror: [m[Kinvalid use of incomplete type â€˜[01m[Kclass my_nav2_navfn_planner::NavfnPlanner[m[Kâ€™
[2.294s]   420 | NavfnPlanner::getPointPotential(const geometry_msgs::msg::Point & world_point[01;31m[K)[m[K
[2.294s]       |                                                                              [01;31m[K^[m[K
[2.294s] In file included from [01m[K/home/andrea/tesi/ros2_mapf_cbs/project_1/src/my_nav2_navfn_planner/src/navfn_planner.cpp:1[m[K:
[2.294s] [01m[K/home/andrea/tesi/ros2_mapf_cbs/project_1/src/my_nav2_navfn_planner/include/my_nav2_navfn_planner/navfn_planner.hpp:42:7:[m[K [01;36m[Knote: [m[Kforward declaration of â€˜[01m[Kclass my_nav2_navfn_planner::NavfnPlanner[m[Kâ€™
[2.294s]    42 | class [01;36m[KNavfnPlanner[m[K : public my_nav2_core::MultiAgentGlobalPlanner
[2.294s]       |       [01;36m[K^~~~~~~~~~~~[m[K
[2.294s] [01m[K/home/andrea/tesi/ros2_mapf_cbs/project_1/src/my_nav2_navfn_planner/src/navfn_planner.cpp:469:84:[m[K [01;31m[Kerror: [m[Kinvalid use of incomplete type â€˜[01m[Kclass my_nav2_navfn_planner::NavfnPlanner[m[Kâ€™
[2.294s]   469 | NavfnPlanner::worldToMap(double wx, double wy, unsigned int & mx, unsigned int & my[01;31m[K)[m[K
[2.294s]       |                                                                                    [01;31m[K^[m[K
[2.294s] In file included from [01m[K/home/andrea/tesi/ros2_mapf_cbs/project_1/src/my_nav2_navfn_planner/src/navfn_planner.cpp:1[m[K:
[2.294s] [01m[K/home/andrea/tesi/ros2_mapf_cbs/project_1/src/my_nav2_navfn_planner/include/my_nav2_navfn_planner/navfn_planner.hpp:42:7:[m[K [01;36m[Knote: [m[Kforward declaration of â€˜[01m[Kclass my_nav2_navfn_planner::NavfnPlanner[m[Kâ€™
[2.294s]    42 | class [01;36m[KNavfnPlanner[m[K : public my_nav2_core::MultiAgentGlobalPlanner
[2.294s]       |       [01;36m[K^~~~~~~~~~~~[m[K
[2.294s] [01m[K/home/andrea/tesi/ros2_mapf_cbs/project_1/src/my_nav2_navfn_planner/src/navfn_planner.cpp:493:72:[m[K [01;31m[Kerror: [m[Kinvalid use of incomplete type â€˜[01m[Kclass my_nav2_navfn_planner::NavfnPlanner[m[Kâ€™
[2.294s]   493 | NavfnPlanner::mapToWorld(double mx, double my, double & wx, double & wy[01;31m[K)[m[K
[2.295s]       |                                                                        [01;31m[K^[m[K
[2.295s] In file included from [01m[K/home/andrea/tesi/ros2_mapf_cbs/project_1/src/my_nav2_navfn_planner/src/navfn_planner.cpp:1[m[K:
[2.295s] [01m[K/home/andrea/tesi/ros2_mapf_cbs/project_1/src/my_nav2_navfn_planner/include/my_nav2_navfn_planner/navfn_planner.hpp:42:7:[m[K [01;36m[Knote: [m[Kforward declaration of â€˜[01m[Kclass my_nav2_navfn_planner::NavfnPlanner[m[Kâ€™
[2.295s]    42 | class [01;36m[KNavfnPlanner[m[K : public my_nav2_core::MultiAgentGlobalPlanner
[2.295s]       |       [01;36m[K^~~~~~~~~~~~[m[K
[2.295s] [01m[K/home/andrea/tesi/ros2_mapf_cbs/project_1/src/my_nav2_navfn_planner/src/navfn_planner.cpp:500:62:[m[K [01;31m[Kerror: [m[Kinvalid use of incomplete type â€˜[01m[Kclass my_nav2_navfn_planner::NavfnPlanner[m[Kâ€™
[2.295s]   500 | NavfnPlanner::clearRobotCell(unsigned int mx, unsigned int my[01;31m[K)[m[K
[2.295s]       |                                                              [01;31m[K^[m[K
[2.295s] In file included from [01m[K/home/andrea/tesi/ros2_mapf_cbs/project_1/src/my_nav2_navfn_planner/src/navfn_planner.cpp:1[m[K:
[2.295s] [01m[K/home/andrea/tesi/ros2_mapf_cbs/project_1/src/my_nav2_navfn_planner/include/my_nav2_navfn_planner/navfn_planner.hpp:42:7:[m[K [01;36m[Knote: [m[Kforward declaration of â€˜[01m[Kclass my_nav2_navfn_planner::NavfnPlanner[m[Kâ€™
[2.295s]    42 | class [01;36m[KNavfnPlanner[m[K : public my_nav2_core::MultiAgentGlobalPlanner
[2.295s]       |       [01;36m[K^~~~~~~~~~~~[m[K
[2.295s] [01m[K/home/andrea/tesi/ros2_mapf_cbs/project_1/src/my_nav2_navfn_planner/src/navfn_planner.cpp:508:82:[m[K [01;31m[Kerror: [m[Kinvalid use of incomplete type â€˜[01m[Kclass my_nav2_navfn_planner::NavfnPlanner[m[Kâ€™
[2.295s]   508 | NavfnPlanner::dynamicParametersCallback(std::vector<rclcpp::Parameter> parameters[01;31m[K)[m[K
[2.295s]       |                                                                                  [01;31m[K^[m[K
[2.295s] In file included from [01m[K/home/andrea/tesi/ros2_mapf_cbs/project_1/src/my_nav2_navfn_planner/src/navfn_planner.cpp:1[m[K:
[2.295s] [01m[K/home/andrea/tesi/ros2_mapf_cbs/project_1/src/my_nav2_navfn_planner/include/my_nav2_navfn_planner/navfn_planner.hpp:42:7:[m[K [01;36m[Knote: [m[Kforward declaration of â€˜[01m[Kclass my_nav2_navfn_planner::NavfnPlanner[m[Kâ€™
[2.295s]    42 | class [01;36m[KNavfnPlanner[m[K : public my_nav2_core::MultiAgentGlobalPlanner
[2.295s]       |       [01;36m[K^~~~~~~~~~~~[m[K
[2.295s] In file included from [01m[K/opt/ros/humble/include/class_loader/class_loader/class_loader.hpp:56[m[K,
[2.295s]                  from [01m[K/opt/ros/humble/include/class_loader/class_loader/multi_library_class_loader.hpp:52[m[K,
[2.295s]                  from [01m[K/opt/ros/humble/include/pluginlib/pluginlib/class_loader.hpp:38[m[K,
[2.295s]                  from [01m[K/opt/ros/humble/include/nav2_costmap_2d/costmap_2d_ros.hpp:54[m[K,
[2.295s]                  from [01m[K/home/andrea/tesi/ros2_mapf_cbs/project_1/install/my_nav2_core/include/my_nav2_core/multi_agent_global_planner.hpp:21[m[K,
[2.295s]                  from [01m[K/home/andrea/tesi/ros2_mapf_cbs/project_1/src/my_nav2_navfn_planner/include/my_nav2_navfn_planner/navfn_planner.hpp:29[m[K,
[2.295s]                  from [01m[K/home/andrea/tesi/ros2_mapf_cbs/project_1/src/my_nav2_navfn_planner/src/navfn_planner.cpp:1[m[K:
[2.296s] [01m[K/home/andrea/tesi/ros2_mapf_cbs/project_1/src/my_nav2_navfn_planner/src/navfn_planner.cpp:536:61:[m[K [01;31m[Kerror: [m[Kâ€˜[01m[Kmy_nav2_core[m[Kâ€™ does not name a type
[2.296s]   536 | PLUGINLIB_EXPORT_CLASS(my_nav2_navfn_planner::NavfnPlanner, [01;31m[Kmy_nav2_core[m[K::MultiAgentGlobalPlanner)
[2.296s]       |                                                             [01;31m[K^~~~~~~~~~~~[m[K
[2.299s] [01m[K/home/andrea/tesi/ros2_mapf_cbs/project_1/src/my_nav2_navfn_planner/src/navfn_planner.cpp:[m[K In constructor â€˜[01m[K{anonymous}::ProxyExec0::ProxyExec0()[m[Kâ€™:
[2.299s] [01m[K/home/andrea/tesi/ros2_mapf_cbs/project_1/src/my_nav2_navfn_planner/src/navfn_planner.cpp:536:1:[m[K [01;31m[Kerror: [m[Kâ€˜[01m[K_base[m[Kâ€™ was not declared in this scope
[2.299s]   536 | [01;31m[KPLUGINLIB_EXPORT_CLASS[m[K(my_nav2_navfn_planner::NavfnPlanner, my_nav2_core::MultiAgentGlobalPlanner)
[2.299s]       | [01;31m[K^~~~~~~~~~~~~~~~~~~~~~[m[K
[2.299s] [01m[K/home/andrea/tesi/ros2_mapf_cbs/project_1/src/my_nav2_navfn_planner/src/navfn_planner.cpp:536:1:[m[K [01;31m[Kerror: [m[Kno matching function for call to â€˜[01m[KregisterPlugin<{anonymous}::ProxyExec0::_derived, <expression error> >(const char [36], const char [38])[m[Kâ€™
[2.299s]   536 | [01;31m[KPLUGINLIB_EXPORT_CLASS[m[K(my_nav2_navfn_planner::NavfnPlanner, my_nav2_core::MultiAgentGlobalPlanner)
[2.299s]       | [01;31m[K^~~~~~~~~~~~~~~~~~~~~~[m[K
[2.299s] In file included from [01m[K/opt/ros/humble/include/class_loader/class_loader/class_loader.hpp:55[m[K,
[2.299s]                  from [01m[K/opt/ros/humble/include/class_loader/class_loader/multi_library_class_loader.hpp:52[m[K,
[2.299s]                  from [01m[K/opt/ros/humble/include/pluginlib/pluginlib/class_loader.hpp:38[m[K,
[2.299s]                  from [01m[K/opt/ros/humble/include/nav2_costmap_2d/costmap_2d_ros.hpp:54[m[K,
[2.299s]                  from [01m[K/home/andrea/tesi/ros2_mapf_cbs/project_1/install/my_nav2_core/include/my_nav2_core/multi_agent_global_planner.hpp:21[m[K,
[2.299s]                  from [01m[K/home/andrea/tesi/ros2_mapf_cbs/project_1/src/my_nav2_navfn_planner/include/my_nav2_navfn_planner/navfn_planner.hpp:29[m[K,
[2.299s]                  from [01m[K/home/andrea/tesi/ros2_mapf_cbs/project_1/src/my_nav2_navfn_planner/src/navfn_planner.cpp:1[m[K:
[2.299s] [01m[K/opt/ros/humble/include/class_loader/class_loader/class_loader_core.hpp:210:6:[m[K [01;36m[Knote: [m[Kcandidate: â€˜[01m[Ktemplate<class Derived, class Base> void class_loader::impl::registerPlugin(const string&, const string&)[m[Kâ€™
[2.299s]   210 | void [01;36m[KregisterPlugin[m[K(const std::string & class_name, const std::string & base_class_name)
[2.299s]       |      [01;36m[K^~~~~~~~~~~~~~[m[K
[2.299s] [01m[K/opt/ros/humble/include/class_loader/class_loader/class_loader_core.hpp:210:6:[m[K [01;36m[Knote: [m[K  template argument deduction/substitution failed:
[2.299s] In file included from [01m[K/opt/ros/humble/include/class_loader/class_loader/class_loader.hpp:56[m[K,
[2.300s]                  from [01m[K/opt/ros/humble/include/class_loader/class_loader/multi_library_class_loader.hpp:52[m[K,
[2.300s]                  from [01m[K/opt/ros/humble/include/pluginlib/pluginlib/class_loader.hpp:38[m[K,
[2.300s]                  from [01m[K/opt/ros/humble/include/nav2_costmap_2d/costmap_2d_ros.hpp:54[m[K,
[2.300s]                  from [01m[K/home/andrea/tesi/ros2_mapf_cbs/project_1/install/my_nav2_core/include/my_nav2_core/multi_agent_global_planner.hpp:21[m[K,
[2.300s]                  from [01m[K/home/andrea/tesi/ros2_mapf_cbs/project_1/src/my_nav2_navfn_planner/include/my_nav2_navfn_planner/navfn_planner.hpp:29[m[K,
[2.300s]                  from [01m[K/home/andrea/tesi/ros2_mapf_cbs/project_1/src/my_nav2_navfn_planner/src/navfn_planner.cpp:1[m[K:
[2.300s] [01m[K/home/andrea/tesi/ros2_mapf_cbs/project_1/src/my_nav2_navfn_planner/src/navfn_planner.cpp:536:1:[m[K [01;31m[Kerror: [m[Ktemplate argument 2 is invalid
[2.300s]   536 | [01;31m[KPLUGINLIB_EXPORT_CLASS[m[K(my_nav2_navfn_planner::NavfnPlanner, my_nav2_core::MultiAgentGlobalPlanner)
[2.300s]       | [01;31m[K^~~~~~~~~~~~~~~~~~~~~~[m[K
[3.270s] gmake[2]: *** [CMakeFiles/my_nav2_navfn_planner.dir/build.make:76: CMakeFiles/my_nav2_navfn_planner.dir/src/navfn_planner.cpp.o] Error 1
[3.270s] gmake[1]: *** [CMakeFiles/Makefile2:137: CMakeFiles/my_nav2_navfn_planner.dir/all] Error 2
[3.270s] gmake: *** [Makefile:146: all] Error 2
[3.273s] Invoked command in '/home/andrea/tesi/ros2_mapf_cbs/project_1/build/my_nav2_navfn_planner' returned '2': AMENT_PREFIX_PATH=/home/andrea/tesi/ros2_mapf_cbs/project_1/install/my_nav2_core:${AMENT_PREFIX_PATH} CMAKE_PREFIX_PATH=/home/andrea/tesi/ros2_mapf_cbs/project_1/install/my_nav2_core:/home/andrea/tesi/ros2_mapf_cbs/project_1/install/my_intermediate_interfaces:/home/andrea/tesi/ros2_mapf_cbs/project_1/install/turtlebot3_multi_robot:/home/andrea/tesi/ros2_mapf_cbs/project_1/install/nav2_straightline_planner:/home/andrea/tesi/ros2_mapf_cbs/project_1/install/my_nav2_navfn_planner:/home/andrea/tesi/ros2_mapf_cbs/project_1/install/nav2_core:/home/andrea/tesi/ros2_mapf_cbs/project_1/install/my_try_bringup:/home/andrea/tesi/ros2_mapf_cbs/simple_example/install/my_robot_bringup:/home/andrea/tesi/ros2_mapf_cbs/simple_example/install/my_robot_interfaces:/home/andrea/tesi/ros2_mapf_cbs/project_1/install/my_package:/home/andrea/tesi/ros2_mapf_cbs/project_1/install/my_intermediate:/home/andrea/tesi/ros2_mapf_cbs/simple_example/install/my_py_pkg:/opt/ros/humble LD_LIBRARY_PATH=/home/andrea/tesi/ros2_mapf_cbs/project_1/install/my_intermediate_interfaces/lib:/home/andrea/tesi/ros2_mapf_cbs/project_1/install/nav2_straightline_planner/lib:/home/andrea/tesi/ros2_mapf_cbs/project_1/install/my_nav2_navfn_planner/lib:/home/andrea/tesi/ros2_mapf_cbs/simple_example/install/my_robot_interfaces/lib:/usr/lib/x86_64-linux-gnu/gazebo-11/plugins:/opt/ros/humble/opt/rviz_ogre_vendor/lib:/opt/ros/humble/lib/x86_64-linux-gnu:/opt/ros/humble/lib:/home/andrea/ws_online/build/ros2_bdi_on_litter_world /usr/bin/cmake --build /home/andrea/tesi/ros2_mapf_cbs/project_1/build/my_nav2_navfn_planner -- -j8 -l8
