In file included from [01m[K/home/andrea/tesi/ros2_mapf_cbs/project_1/src/my_nav2_smac_planner/src/node_2d.cpp:16[m[K:
[01m[K/home/andrea/tesi/ros2_mapf_cbs/project_1/src/my_nav2_smac_planner/include/my_nav2_smac_planner/node_2d.hpp:104:10:[m[K [01;31m[Kerror: [m[Kâ€˜[01m[Kvid[m[Kâ€™ does not name a type; did you mean â€˜[01m[Kvoid[m[Kâ€™?
  104 |   inline [01;31m[Kvid[m[K setTimeStep(int ts){
      |          [01;31m[K^~~[m[K
      |          [32m[Kvoid[m[K
In file included from [01m[K/home/andrea/tesi/ros2_mapf_cbs/project_1/src/my_nav2_smac_planner/include/my_nav2_smac_planner/analytic_expansion.hpp:23[m[K,
                 from [01m[K/home/andrea/tesi/ros2_mapf_cbs/project_1/src/my_nav2_smac_planner/include/my_nav2_smac_planner/a_star.hpp:30[m[K,
                 from [01m[K/home/andrea/tesi/ros2_mapf_cbs/project_1/src/my_nav2_smac_planner/include/my_nav2_smac_planner/my_smac_planner_2d.hpp:23[m[K,
                 from [01m[K/home/andrea/tesi/ros2_mapf_cbs/project_1/src/my_nav2_smac_planner/src/smac_planner_2d.cpp:21[m[K:
[01m[K/home/andrea/tesi/ros2_mapf_cbs/project_1/src/my_nav2_smac_planner/include/my_nav2_smac_planner/node_2d.hpp:104:10:[m[K [01;31m[Kerror: [m[Kâ€˜[01m[Kvid[m[Kâ€™ does not name a type; did you mean â€˜[01m[Kvoid[m[Kâ€™?
  104 |   inline [01;31m[Kvid[m[K setTimeStep(int ts){
      |          [01;31m[K^~~[m[K
      |          [32m[Kvoid[m[K
In file included from [01m[K/home/andrea/tesi/ros2_mapf_cbs/project_1/src/my_nav2_smac_planner/include/my_nav2_smac_planner/analytic_expansion.hpp:23[m[K,
                 from [01m[K/home/andrea/tesi/ros2_mapf_cbs/project_1/src/my_nav2_smac_planner/include/my_nav2_smac_planner/a_star.hpp:30[m[K,
                 from [01m[K/home/andrea/tesi/ros2_mapf_cbs/project_1/src/my_nav2_smac_planner/src/a_star.cpp:28[m[K:
[01m[K/home/andrea/tesi/ros2_mapf_cbs/project_1/src/my_nav2_smac_planner/include/my_nav2_smac_planner/node_2d.hpp:104:10:[m[K [01;31m[Kerror: [m[Kâ€˜[01m[Kvid[m[Kâ€™ does not name a type; did you mean â€˜[01m[Kvoid[m[Kâ€™?
  104 |   inline [01;31m[Kvid[m[K setTimeStep(int ts){
      |          [01;31m[K^~~[m[K
      |          [32m[Kvoid[m[K
In file included from [01m[K/home/andrea/tesi/ros2_mapf_cbs/project_1/src/my_nav2_smac_planner/include/my_nav2_smac_planner/node_basic.hpp:33[m[K,
                 from [01m[K/home/andrea/tesi/ros2_mapf_cbs/project_1/src/my_nav2_smac_planner/src/node_basic.cpp:15[m[K:
[01m[K/home/andrea/tesi/ros2_mapf_cbs/project_1/src/my_nav2_smac_planner/include/my_nav2_smac_planner/node_2d.hpp:104:10:[m[K [01;31m[Kerror: [m[Kâ€˜[01m[Kvid[m[Kâ€™ does not name a type; did you mean â€˜[01m[Kvoid[m[Kâ€™?
  104 |   inline [01;31m[Kvid[m[K setTimeStep(int ts){
      |          [01;31m[K^~~[m[K
      |          [32m[Kvoid[m[K
In file included from [01m[K/home/andrea/tesi/ros2_mapf_cbs/project_1/src/my_nav2_smac_planner/include/my_nav2_smac_planner/analytic_expansion.hpp:23[m[K,
                 from [01m[K/home/andrea/tesi/ros2_mapf_cbs/project_1/src/my_nav2_smac_planner/src/analytic_expansion.cpp:23[m[K:
[01m[K/home/andrea/tesi/ros2_mapf_cbs/project_1/src/my_nav2_smac_planner/include/my_nav2_smac_planner/node_2d.hpp:104:10:[m[K [01;31m[Kerror: [m[Kâ€˜[01m[Kvid[m[Kâ€™ does not name a type; did you mean â€˜[01m[Kvoid[m[Kâ€™?
  104 |   inline [01;31m[Kvid[m[K setTimeStep(int ts){
      |          [01;31m[K^~~[m[K
      |          [32m[Kvoid[m[K
/home/andrea/tesi/ros2_mapf_cbs/project_1/src/my_nav2_smac_planner/src/a_star.cpp: In instantiation of â€˜[01m[Kbool my_nav2_smac_planner::AStarAlgorithm<NodeT>::createPath(my_nav2_smac_planner::AStarAlgorithm<NodeT>::CoordinateVector&, int&, const float&, std::vector<std::map<std::__cxx11::basic_string<char>, int> >, std::vector<std::map<std::__cxx11::basic_string<char>, int> >) [with NodeT = my_nav2_smac_planner::Node2D; my_nav2_smac_planner::AStarAlgorithm<NodeT>::CoordinateVector = std::vector<my_nav2_smac_planner::Node2D::Coordinates>][m[Kâ€™:
[01m[K/home/andrea/tesi/ros2_mapf_cbs/project_1/src/my_nav2_smac_planner/src/a_star.cpp:452:16:[m[K   required from here
[01m[K/home/andrea/tesi/ros2_mapf_cbs/project_1/src/my_nav2_smac_planner/src/a_star.cpp:241:15:[m[K [01;31m[Kerror: [m[Kâ€˜[01m[Kclass my_nav2_smac_planner::Node2D[m[Kâ€™ has no member named â€˜[01m[KsetTimeStep[m[Kâ€™; did you mean â€˜[01m[KgetTimeStep[m[Kâ€™?
  241 |   [01;31m[KgetStart()->setTimeStep[m[K(0);
      |   [01;31m[K~~~~~~~~~~~~^~~~~~~~~~~[m[K
      |   [32m[KgetTimeStep[m[K
In file included from [01m[K/usr/include/c++/11/functional:59[m[K,
                 from [01m[K/usr/include/c++/11/pstl/glue_algorithm_defs.h:13[m[K,
                 from [01m[K/usr/include/c++/11/algorithm:74[m[K,
                 from [01m[K/home/andrea/tesi/ros2_mapf_cbs/project_1/src/my_nav2_smac_planner/src/a_star.cpp:20[m[K:
[01m[K/usr/include/c++/11/bits/std_function.h:435:9:[m[K [01;31m[Kerror: [m[Kâ€˜[01m[Kstd::function<_Res(_ArgTypes ...)>::function(_Functor&&) [with _Functor = my_nav2_smac_planner::AStarAlgorithm<my_nav2_smac_planner::Node2D>::createPath(my_nav2_smac_planner::AStarAlgorithm<my_nav2_smac_planner::Node2D>::CoordinateVector&, int&, const float&, std::vector<std::map<std::__cxx11::basic_string<char>, int> >, std::vector<std::map<std::__cxx11::basic_string<char>, int> >)::<lambda(const unsigned int&, my_nav2_smac_planner::Node2D*&)>; _Constraints = void; _Res = bool; _ArgTypes = {const unsigned int&, my_nav2_smac_planner::Node2D*&}][m[Kâ€™, declared using local type â€˜[01m[Kmy_nav2_smac_planner::AStarAlgorithm<my_nav2_smac_planner::Node2D>::createPath(my_nav2_smac_planner::AStarAlgorithm<my_nav2_smac_planner::Node2D>::CoordinateVector&, int&, const float&, std::vector<std::map<std::__cxx11::basic_string<char>, int> >, std::vector<std::map<std::__cxx11::basic_string<char>, int> >)::<lambda(const unsigned int&, my_nav2_smac_planner::Node2D*&)>[m[Kâ€™, is used but never defined [[01;31m[K]8;;https://gcc.gnu.org/onlinedocs/gcc/Warning-Options.html#index-fpermissive-fpermissive]8;;[m[K]
  435 |         [01;31m[Kfunction[m[K(_Functor&& __f)
      |         [01;31m[K^~~~~~~~[m[K
gmake[2]: *** [CMakeFiles/my_nav2_smac_planner.dir/build.make:202: CMakeFiles/my_nav2_smac_planner.dir/src/node_basic.cpp.o] Error 1
gmake[2]: *** Waiting for unfinished jobs....
gmake[2]: *** [CMakeFiles/my_nav2_smac_planner.dir/build.make:188: CMakeFiles/my_nav2_smac_planner.dir/src/node_2d.cpp.o] Error 1
gmake[2]: *** [CMakeFiles/my_nav2_smac_planner.dir/build.make:132: CMakeFiles/my_nav2_smac_planner.dir/src/analytic_expansion.cpp.o] Error 1
gmake[2]: *** [CMakeFiles/my_nav2_smac_planner.dir/build.make:90: CMakeFiles/my_nav2_smac_planner.dir/src/a_star.cpp.o] Error 1
gmake[2]: *** [CMakeFiles/my_nav2_smac_planner.dir/build.make:76: CMakeFiles/my_nav2_smac_planner.dir/src/smac_planner_2d.cpp.o] Error 1
gmake[1]: *** [CMakeFiles/Makefile2:137: CMakeFiles/my_nav2_smac_planner.dir/all] Error 2
gmake: *** [Makefile:146: all] Error 2
