[0.061s] Invoking command in '/home/andrea/tesi/ros2_mapf_cbs/project_1/build/my_nav2_smac_planner': CMAKE_PREFIX_PATH=${CMAKE_PREFIX_PATH}:/home/andrea/tesi/ros2_mapf_cbs/project_1/install/my_package:/home/andrea/tesi/ros2_mapf_cbs/project_1/install/my_intermediate:/home/andrea/tesi/ros2_mapf_cbs/simple_example/install/my_py_pkg:/opt/ros/humble /usr/bin/cmake --build /home/andrea/tesi/ros2_mapf_cbs/project_1/build/my_nav2_smac_planner -- -j8 -l8
[0.156s] [35m[1mConsolidate compiler generated dependencies of target my_nav2_smac_planner_lattice[0m
[0.156s] [35m[1mConsolidate compiler generated dependencies of target my_nav2_smac_planner_2d[0m
[0.156s] [35m[1mConsolidate compiler generated dependencies of target my_nav2_smac_planner[0m
[0.213s] [  6%] [32mBuilding CXX object CMakeFiles/my_nav2_smac_planner_2d.dir/src/smac_planner_2d.cpp.o[0m
[0.213s] [ 36%] Built target my_nav2_smac_planner
[0.233s] [ 69%] Built target my_nav2_smac_planner_lattice
[4.008s] [01m[K/home/andrea/tesi/ros2_mapf_cbs/project_1/src/my_nav2_smac_planner/src/smac_planner_2d.cpp:[m[K In member function â€˜[01m[Kvirtual nav_msgs::msg::Path my_nav2_smac_planner::MySmacPlanner2D::createPlan(const PoseStamped&, const PoseStamped&, std::vector<my_intermediate_interfaces::msg::VertexConstraint_<std::allocator<void> > >, std::vector<my_intermediate_interfaces::msg::EdgeConstraint_<std::allocator<void> > >)[m[Kâ€™:
[4.008s] [01m[K/home/andrea/tesi/ros2_mapf_cbs/project_1/src/my_nav2_smac_planner/src/smac_planner_2d.cpp:258:7:[m[K [01;31m[Kerror: [m[Kâ€˜[01m[KworldToMap[m[Kâ€™ was not declared in this scope
[4.008s]   258 |       [01;31m[KworldToMap[m[K(constr_x, constr_y, cx, cy);
[4.008s]       |       [01;31m[K^~~~~~~~~~[m[K
[4.016s] [01m[K/home/andrea/tesi/ros2_mapf_cbs/project_1/src/my_nav2_smac_planner/src/smac_planner_2d.cpp:259:22:[m[K [01;31m[Kerror: [m[Kâ€˜[01m[Kplanner_[m[Kâ€™ was not declared in this scope
[4.016s]   259 |       int idx = cy * [01;31m[Kplanner_[m[K->nx + cx;
[4.016s]       |                      [01;31m[K^~~~~~~~[m[K
[4.037s] [01m[K/home/andrea/tesi/ros2_mapf_cbs/project_1/src/my_nav2_smac_planner/src/smac_planner_2d.cpp:270:7:[m[K [01;31m[Kerror: [m[Kâ€˜[01m[KworldToMap[m[Kâ€™ was not declared in this scope
[4.037s]   270 |       [01;31m[KworldToMap[m[K(constr_1_x, constr_1_y, cx1, cy1);
[4.037s]       |       [01;31m[K^~~~~~~~~~[m[K
[4.046s] [01m[K/home/andrea/tesi/ros2_mapf_cbs/project_1/src/my_nav2_smac_planner/src/smac_planner_2d.cpp:272:24:[m[K [01;31m[Kerror: [m[Kâ€˜[01m[Kplanner_[m[Kâ€™ was not declared in this scope
[4.046s]   272 |       int idx1 = cy1 * [01;31m[Kplanner_[m[K->nx + cx1;
[4.047s]       |                        [01;31m[K^~~~~~~~[m[K
[5.919s] gmake[2]: *** [CMakeFiles/my_nav2_smac_planner_2d.dir/build.make:76: CMakeFiles/my_nav2_smac_planner_2d.dir/src/smac_planner_2d.cpp.o] Error 1
[5.919s] gmake[1]: *** [CMakeFiles/Makefile2:167: CMakeFiles/my_nav2_smac_planner_2d.dir/all] Error 2
[5.919s] gmake: *** [Makefile:146: all] Error 2
[5.921s] Invoked command in '/home/andrea/tesi/ros2_mapf_cbs/project_1/build/my_nav2_smac_planner' returned '2': CMAKE_PREFIX_PATH=${CMAKE_PREFIX_PATH}:/home/andrea/tesi/ros2_mapf_cbs/project_1/install/my_package:/home/andrea/tesi/ros2_mapf_cbs/project_1/install/my_intermediate:/home/andrea/tesi/ros2_mapf_cbs/simple_example/install/my_py_pkg:/opt/ros/humble /usr/bin/cmake --build /home/andrea/tesi/ros2_mapf_cbs/project_1/build/my_nav2_smac_planner -- -j8 -l8
