[01m[K/home/andrea/tesi/ros2_mapf_cbs/project_1/src/my_nav2_navfn_planner/src/navfn.cpp:[m[K In member function â€˜[01m[Kint my_nav2_navfn_planner::NavFn::calcPath(int, std::vector<std::map<std::__cxx11::basic_string<char>, int> >, std::vector<std::map<std::__cxx11::basic_string<char>, int> >, int*)[m[Kâ€™:
[01m[K/home/andrea/tesi/ros2_mapf_cbs/project_1/src/my_nav2_navfn_planner/src/navfn.cpp:696:32:[m[K [01;31m[Kerror: [m[Kâ€˜[01m[K__gnu_cxx::__alloc_traits<std::allocator<std::map<std::__cxx11::basic_string<char>, int> >, std::map<std::__cxx11::basic_string<char>, int> >::value_type[m[Kâ€™ {aka â€˜[01m[Kclass std::map<std::__cxx11::basic_string<char>, int>[m[Kâ€™} has no member named â€˜[01m[Ktime_step[m[Kâ€™
  696 |       if(vertex_constraints[j].[01;31m[Ktime_step[m[K == time_step){
      |                                [01;31m[K^~~~~~~~~[m[K
[01m[K/home/andrea/tesi/ros2_mapf_cbs/project_1/src/my_nav2_navfn_planner/src/navfn.cpp:703:30:[m[K [01;31m[Kerror: [m[Kâ€˜[01m[K__gnu_cxx::__alloc_traits<std::allocator<std::map<std::__cxx11::basic_string<char>, int> >, std::map<std::__cxx11::basic_string<char>, int> >::value_type[m[Kâ€™ {aka â€˜[01m[Kclass std::map<std::__cxx11::basic_string<char>, int>[m[Kâ€™} has no member named â€˜[01m[Ktime_step[m[Kâ€™
  703 |       if(edge_constraints[j].[01;31m[Ktime_step[m[K == time_step){
      |                              [01;31m[K^~~~~~~~~[m[K
gmake[2]: *** [CMakeFiles/my_nav2_navfn_planner.dir/build.make:90: CMakeFiles/my_nav2_navfn_planner.dir/src/navfn.cpp.o] Error 1
gmake[2]: *** Waiting for unfinished jobs....
gmake[1]: *** [CMakeFiles/Makefile2:137: CMakeFiles/my_nav2_navfn_planner.dir/all] Error 2
gmake: *** [Makefile:146: all] Error 2
