[0.507s] Invoking command in '/home/andrea/tesi/ros2_mapf_cbs/project_1/build/my_nav2_planner': CMAKE_PREFIX_PATH=${CMAKE_PREFIX_PATH}:/home/andrea/tesi/ros2_mapf_cbs/project_1/install/my_package:/home/andrea/tesi/ros2_mapf_cbs/project_1/install/my_intermediate:/home/andrea/tesi/ros2_mapf_cbs/simple_example/install/my_py_pkg:/opt/ros/humble /usr/bin/cmake --build /home/andrea/tesi/ros2_mapf_cbs/project_1/build/my_nav2_planner -- -j8 -l8
[0.817s] [35m[1mConsolidate compiler generated dependencies of target my_planner_server_core[0m
[0.817s] [ 25%] [32mBuilding CXX object CMakeFiles/my_planner_server_core.dir/src/my_planner_server.cpp.o[0m
[3.468s] In file included from [01m[K/home/andrea/tesi/ros2_mapf_cbs/project_1/src/my_nav2_planner/src/my_planner_server.cpp:34[m[K:
[3.468s] [01m[K/home/andrea/tesi/ros2_mapf_cbs/project_1/src/my_nav2_planner/include/my_nav2_planner/my_planner_server.hpp:75:23:[m[K [01;31m[Kerror: [m[Kâ€˜[01m[Kmy_intermediate_interfaces[m[Kâ€™ was not declared in this scope
[3.468s]    75 |     const std::vector<[01;31m[Kmy_intermediate_interfaces[m[K::msg::VertexConstraint> vertex_constraints,
[3.468s]       |                       [01;31m[K^~~~~~~~~~~~~~~~~~~~~~~~~~[m[K
[3.468s] [01m[K/home/andrea/tesi/ros2_mapf_cbs/project_1/src/my_nav2_planner/include/my_nav2_planner/my_planner_server.hpp:75:72:[m[K [01;31m[Kerror: [m[Ktemplate argument 1 is invalid
[3.468s]    75 |     const std::vector<my_intermediate_interfaces::msg::VertexConstraint[01;31m[K>[m[K vertex_constraints,
[3.468s]       |                                                                        [01;31m[K^[m[K
[3.468s] [01m[K/home/andrea/tesi/ros2_mapf_cbs/project_1/src/my_nav2_planner/include/my_nav2_planner/my_planner_server.hpp:75:72:[m[K [01;31m[Kerror: [m[Ktemplate argument 2 is invalid
[3.481s] [01m[K/home/andrea/tesi/ros2_mapf_cbs/project_1/src/my_nav2_planner/include/my_nav2_planner/my_planner_server.hpp:75:23:[m[K [01;31m[Kerror: [m[Kâ€˜[01m[Kmy_intermediate_interfaces[m[Kâ€™ was not declared in this scope
[3.481s]    75 |     const std::vector<[01;31m[Kmy_intermediate_interfaces[m[K::msg::VertexConstraint> vertex_constraints,
[3.481s]       |                       [01;31m[K^~~~~~~~~~~~~~~~~~~~~~~~~~[m[K
[3.481s] [01m[K/home/andrea/tesi/ros2_mapf_cbs/project_1/src/my_nav2_planner/include/my_nav2_planner/my_planner_server.hpp:75:72:[m[K [01;31m[Kerror: [m[Ktemplate argument 1 is invalid
[3.481s]    75 |     const std::vector<my_intermediate_interfaces::msg::VertexConstraint[01;31m[K>[m[K vertex_constraints,
[3.481s]       |                                                                        [01;31m[K^[m[K
[3.481s] [01m[K/home/andrea/tesi/ros2_mapf_cbs/project_1/src/my_nav2_planner/include/my_nav2_planner/my_planner_server.hpp:75:72:[m[K [01;31m[Kerror: [m[Ktemplate argument 2 is invalid
[3.493s] [01m[K/home/andrea/tesi/ros2_mapf_cbs/project_1/src/my_nav2_planner/include/my_nav2_planner/my_planner_server.hpp:75:23:[m[K [01;31m[Kerror: [m[Kâ€˜[01m[Kmy_intermediate_interfaces[m[Kâ€™ was not declared in this scope
[3.493s]    75 |     const std::vector<[01;31m[Kmy_intermediate_interfaces[m[K::msg::VertexConstraint> vertex_constraints,
[3.493s]       |                       [01;31m[K^~~~~~~~~~~~~~~~~~~~~~~~~~[m[K
[3.493s] [01m[K/home/andrea/tesi/ros2_mapf_cbs/project_1/src/my_nav2_planner/include/my_nav2_planner/my_planner_server.hpp:75:72:[m[K [01;31m[Kerror: [m[Ktemplate argument 1 is invalid
[3.493s]    75 |     const std::vector<my_intermediate_interfaces::msg::VertexConstraint[01;31m[K>[m[K vertex_constraints,
[3.493s]       |                                                                        [01;31m[K^[m[K
[3.493s] [01m[K/home/andrea/tesi/ros2_mapf_cbs/project_1/src/my_nav2_planner/include/my_nav2_planner/my_planner_server.hpp:75:72:[m[K [01;31m[Kerror: [m[Ktemplate argument 2 is invalid
[3.493s] [01m[K/home/andrea/tesi/ros2_mapf_cbs/project_1/src/my_nav2_planner/include/my_nav2_planner/my_planner_server.hpp:75:11:[m[K [01;31m[Kerror: [m[Kinvalid template-id
[3.493s]    75 |     const [01;31m[Kstd[m[K::vector<my_intermediate_interfaces::msg::VertexConstraint> vertex_constraints,
[3.493s]       |           [01;31m[K^~~[m[K
[3.493s] [01m[K/home/andrea/tesi/ros2_mapf_cbs/project_1/src/my_nav2_planner/include/my_nav2_planner/my_planner_server.hpp:75:23:[m[K [01;31m[Kerror: [m[Kâ€˜[01m[Kmy_intermediate_interfaces[m[Kâ€™ has not been declared
[3.493s]    75 |     const std::vector<[01;31m[Kmy_intermediate_interfaces[m[K::msg::VertexConstraint> vertex_constraints,
[3.493s]       |                       [01;31m[K^~~~~~~~~~~~~~~~~~~~~~~~~~[m[K
[3.493s] [01m[K/home/andrea/tesi/ros2_mapf_cbs/project_1/src/my_nav2_planner/include/my_nav2_planner/my_planner_server.hpp:75:5:[m[K [01;31m[Kerror: [m[Kclass template placeholder â€˜[01m[Kstd::vector[m[Kâ€™ not permitted in this context
[3.493s]    75 |     [01;31m[Kconst[m[K std::vector<my_intermediate_interfaces::msg::VertexConstraint> vertex_constraints,
[3.493s]       |     [01;31m[K^~~~~[m[K
[3.503s] [01m[K/home/andrea/tesi/ros2_mapf_cbs/project_1/src/my_nav2_planner/include/my_nav2_planner/my_planner_server.hpp:76:23:[m[K [01;31m[Kerror: [m[Kâ€˜[01m[Kmy_intermediate_interfaces[m[Kâ€™ was not declared in this scope
[3.503s]    76 |     const std::vector<[01;31m[Kmy_intermediate_interfaces[m[K::msg::EdgeConstraint> edge_constraints,
[3.504s]       |                       [01;31m[K^~~~~~~~~~~~~~~~~~~~~~~~~~[m[K
[3.504s] [01m[K/home/andrea/tesi/ros2_mapf_cbs/project_1/src/my_nav2_planner/include/my_nav2_planner/my_planner_server.hpp:76:70:[m[K [01;31m[Kerror: [m[Ktemplate argument 1 is invalid
[3.504s]    76 |     const std::vector<my_intermediate_interfaces::msg::EdgeConstraint[01;31m[K>[m[K edge_constraints,
[3.504s]       |                                                                      [01;31m[K^[m[K
[3.504s] [01m[K/home/andrea/tesi/ros2_mapf_cbs/project_1/src/my_nav2_planner/include/my_nav2_planner/my_planner_server.hpp:76:70:[m[K [01;31m[Kerror: [m[Ktemplate argument 2 is invalid
[3.514s] [01m[K/home/andrea/tesi/ros2_mapf_cbs/project_1/src/my_nav2_planner/include/my_nav2_planner/my_planner_server.hpp:76:23:[m[K [01;31m[Kerror: [m[Kâ€˜[01m[Kmy_intermediate_interfaces[m[Kâ€™ was not declared in this scope
[3.514s]    76 |     const std::vector<[01;31m[Kmy_intermediate_interfaces[m[K::msg::EdgeConstraint> edge_constraints,
[3.514s]       |                       [01;31m[K^~~~~~~~~~~~~~~~~~~~~~~~~~[m[K
[3.514s] [01m[K/home/andrea/tesi/ros2_mapf_cbs/project_1/src/my_nav2_planner/include/my_nav2_planner/my_planner_server.hpp:76:70:[m[K [01;31m[Kerror: [m[Ktemplate argument 1 is invalid
[3.514s]    76 |     const std::vector<my_intermediate_interfaces::msg::EdgeConstraint[01;31m[K>[m[K edge_constraints,
[3.514s]       |                                                                      [01;31m[K^[m[K
[3.514s] [01m[K/home/andrea/tesi/ros2_mapf_cbs/project_1/src/my_nav2_planner/include/my_nav2_planner/my_planner_server.hpp:76:70:[m[K [01;31m[Kerror: [m[Ktemplate argument 2 is invalid
[3.526s] [01m[K/home/andrea/tesi/ros2_mapf_cbs/project_1/src/my_nav2_planner/include/my_nav2_planner/my_planner_server.hpp:76:23:[m[K [01;31m[Kerror: [m[Kâ€˜[01m[Kmy_intermediate_interfaces[m[Kâ€™ was not declared in this scope
[3.526s]    76 |     const std::vector<[01;31m[Kmy_intermediate_interfaces[m[K::msg::EdgeConstraint> edge_constraints,
[3.526s]       |                       [01;31m[K^~~~~~~~~~~~~~~~~~~~~~~~~~[m[K
[3.526s] [01m[K/home/andrea/tesi/ros2_mapf_cbs/project_1/src/my_nav2_planner/include/my_nav2_planner/my_planner_server.hpp:76:70:[m[K [01;31m[Kerror: [m[Ktemplate argument 1 is invalid
[3.526s]    76 |     const std::vector<my_intermediate_interfaces::msg::EdgeConstraint[01;31m[K>[m[K edge_constraints,
[3.526s]       |                                                                      [01;31m[K^[m[K
[3.526s] [01m[K/home/andrea/tesi/ros2_mapf_cbs/project_1/src/my_nav2_planner/include/my_nav2_planner/my_planner_server.hpp:76:70:[m[K [01;31m[Kerror: [m[Ktemplate argument 2 is invalid
[3.526s] [01m[K/home/andrea/tesi/ros2_mapf_cbs/project_1/src/my_nav2_planner/include/my_nav2_planner/my_planner_server.hpp:76:11:[m[K [01;31m[Kerror: [m[Kinvalid template-id
[3.526s]    76 |     const [01;31m[Kstd[m[K::vector<my_intermediate_interfaces::msg::EdgeConstraint> edge_constraints,
[3.526s]       |           [01;31m[K^~~[m[K
[3.526s] [01m[K/home/andrea/tesi/ros2_mapf_cbs/project_1/src/my_nav2_planner/include/my_nav2_planner/my_planner_server.hpp:76:23:[m[K [01;31m[Kerror: [m[Kâ€˜[01m[Kmy_intermediate_interfaces[m[Kâ€™ has not been declared
[3.527s]    76 |     const std::vector<[01;31m[Kmy_intermediate_interfaces[m[K::msg::EdgeConstraint> edge_constraints,
[3.527s]       |                       [01;31m[K^~~~~~~~~~~~~~~~~~~~~~~~~~[m[K
[3.527s] [01m[K/home/andrea/tesi/ros2_mapf_cbs/project_1/src/my_nav2_planner/include/my_nav2_planner/my_planner_server.hpp:76:5:[m[K [01;31m[Kerror: [m[Kclass template placeholder â€˜[01m[Kstd::vector[m[Kâ€™ not permitted in this context
[3.527s]    76 |     [01;31m[Kconst[m[K std::vector<my_intermediate_interfaces::msg::EdgeConstraint> edge_constraints,
[3.527s]       |     [01;31m[K^~~~~[m[K
[3.687s] [01m[K/home/andrea/tesi/ros2_mapf_cbs/project_1/src/my_nav2_planner/src/my_planner_server.cpp:[m[K In member function â€˜[01m[Kvoid my_nav2_planner::MyPlannerServer::computePlan()[m[Kâ€™:
[3.687s] [01m[K/home/andrea/tesi/ros2_mapf_cbs/project_1/src/my_nav2_planner/src/my_planner_server.cpp:498:30:[m[K [01;31m[Kerror: [m[Kâ€˜[01m[Kusing element_type = const struct nav2_msgs::action::ComputePathToPose_Goal_<std::allocator<void> >[m[Kâ€™ {aka â€˜[01m[Kconst struct nav2_msgs::action::ComputePathToPose_Goal_<std::allocator<void> >[m[Kâ€™} has no member named â€˜[01m[Kvertex_constraints[m[Kâ€™
[3.687s]   498 |   auto vertex_constr = goal->[01;31m[Kvertex_constraints[m[K;
[3.687s]       |                              [01;31m[K^~~~~~~~~~~~~~~~~~[m[K
[3.687s] [01m[K/home/andrea/tesi/ros2_mapf_cbs/project_1/src/my_nav2_planner/src/my_planner_server.cpp:499:28:[m[K [01;31m[Kerror: [m[Kâ€˜[01m[Kusing element_type = const struct nav2_msgs::action::ComputePathToPose_Goal_<std::allocator<void> >[m[Kâ€™ {aka â€˜[01m[Kconst struct nav2_msgs::action::ComputePathToPose_Goal_<std::allocator<void> >[m[Kâ€™} has no member named â€˜[01m[Kedge_constraints[m[Kâ€™
[3.688s]   499 |   auto edge_constr = goal->[01;31m[Kedge_constraints[m[K;
[3.688s]       |                            [01;31m[K^~~~~~~~~~~~~~~~[m[K
[3.704s] [01m[K/home/andrea/tesi/ros2_mapf_cbs/project_1/src/my_nav2_planner/src/my_planner_server.cpp:[m[K At global scope:
[3.704s] [01m[K/home/andrea/tesi/ros2_mapf_cbs/project_1/src/my_nav2_planner/src/my_planner_server.cpp:585:21:[m[K [01;31m[Kerror: [m[Kâ€˜[01m[Kmy_intermediate_interfaces[m[Kâ€™ was not declared in this scope
[3.704s]   585 |   const std::vector<[01;31m[Kmy_intermediate_interfaces[m[K::msg::VertexConstraint> vertex_constraints,
[3.704s]       |                     [01;31m[K^~~~~~~~~~~~~~~~~~~~~~~~~~[m[K
[3.704s] [01m[K/home/andrea/tesi/ros2_mapf_cbs/project_1/src/my_nav2_planner/src/my_planner_server.cpp:585:70:[m[K [01;31m[Kerror: [m[Ktemplate argument 1 is invalid
[3.704s]   585 |   const std::vector<my_intermediate_interfaces::msg::VertexConstraint[01;31m[K>[m[K vertex_constraints,
[3.704s]       |                                                                      [01;31m[K^[m[K
[3.704s] [01m[K/home/andrea/tesi/ros2_mapf_cbs/project_1/src/my_nav2_planner/src/my_planner_server.cpp:585:70:[m[K [01;31m[Kerror: [m[Ktemplate argument 2 is invalid
[3.715s] [01m[K/home/andrea/tesi/ros2_mapf_cbs/project_1/src/my_nav2_planner/src/my_planner_server.cpp:585:21:[m[K [01;31m[Kerror: [m[Kâ€˜[01m[Kmy_intermediate_interfaces[m[Kâ€™ was not declared in this scope
[3.715s]   585 |   const std::vector<[01;31m[Kmy_intermediate_interfaces[m[K::msg::VertexConstraint> vertex_constraints,
[3.715s]       |                     [01;31m[K^~~~~~~~~~~~~~~~~~~~~~~~~~[m[K
[3.715s] [01m[K/home/andrea/tesi/ros2_mapf_cbs/project_1/src/my_nav2_planner/src/my_planner_server.cpp:585:70:[m[K [01;31m[Kerror: [m[Ktemplate argument 1 is invalid
[3.715s]   585 |   const std::vector<my_intermediate_interfaces::msg::VertexConstraint[01;31m[K>[m[K vertex_constraints,
[3.715s]       |                                                                      [01;31m[K^[m[K
[3.715s] [01m[K/home/andrea/tesi/ros2_mapf_cbs/project_1/src/my_nav2_planner/src/my_planner_server.cpp:585:70:[m[K [01;31m[Kerror: [m[Ktemplate argument 2 is invalid
[3.726s] [01m[K/home/andrea/tesi/ros2_mapf_cbs/project_1/src/my_nav2_planner/src/my_planner_server.cpp:585:21:[m[K [01;31m[Kerror: [m[Kâ€˜[01m[Kmy_intermediate_interfaces[m[Kâ€™ was not declared in this scope
[3.726s]   585 |   const std::vector<[01;31m[Kmy_intermediate_interfaces[m[K::msg::VertexConstraint> vertex_constraints,
[3.727s]       |                     [01;31m[K^~~~~~~~~~~~~~~~~~~~~~~~~~[m[K
[3.727s] [01m[K/home/andrea/tesi/ros2_mapf_cbs/project_1/src/my_nav2_planner/src/my_planner_server.cpp:585:70:[m[K [01;31m[Kerror: [m[Ktemplate argument 1 is invalid
[3.727s]   585 |   const std::vector<my_intermediate_interfaces::msg::VertexConstraint[01;31m[K>[m[K vertex_constraints,
[3.727s]       |                                                                      [01;31m[K^[m[K
[3.727s] [01m[K/home/andrea/tesi/ros2_mapf_cbs/project_1/src/my_nav2_planner/src/my_planner_server.cpp:585:70:[m[K [01;31m[Kerror: [m[Ktemplate argument 2 is invalid
[3.727s] [01m[K/home/andrea/tesi/ros2_mapf_cbs/project_1/src/my_nav2_planner/src/my_planner_server.cpp:585:9:[m[K [01;31m[Kerror: [m[Kinvalid template-id
[3.727s]   585 |   const [01;31m[Kstd[m[K::vector<my_intermediate_interfaces::msg::VertexConstraint> vertex_constraints,
[3.727s]       |         [01;31m[K^~~[m[K
[3.727s] [01m[K/home/andrea/tesi/ros2_mapf_cbs/project_1/src/my_nav2_planner/src/my_planner_server.cpp:585:21:[m[K [01;31m[Kerror: [m[Kâ€˜[01m[Kmy_intermediate_interfaces[m[Kâ€™ has not been declared
[3.727s]   585 |   const std::vector<[01;31m[Kmy_intermediate_interfaces[m[K::msg::VertexConstraint> vertex_constraints,
[3.727s]       |                     [01;31m[K^~~~~~~~~~~~~~~~~~~~~~~~~~[m[K
[3.727s] [01m[K/home/andrea/tesi/ros2_mapf_cbs/project_1/src/my_nav2_planner/src/my_planner_server.cpp:585:3:[m[K [01;31m[Kerror: [m[Kclass template placeholder â€˜[01m[Kstd::vector[m[Kâ€™ not permitted in this context
[3.727s]   585 |   [01;31m[Kconst[m[K std::vector<my_intermediate_interfaces::msg::VertexConstraint> vertex_constraints,
[3.727s]       |   [01;31m[K^~~~~[m[K
[3.737s] [01m[K/home/andrea/tesi/ros2_mapf_cbs/project_1/src/my_nav2_planner/src/my_planner_server.cpp:586:21:[m[K [01;31m[Kerror: [m[Kâ€˜[01m[Kmy_intermediate_interfaces[m[Kâ€™ was not declared in this scope
[3.737s]   586 |   const std::vector<[01;31m[Kmy_intermediate_interfaces[m[K::msg::EdgeConstraint> edge_constraints,
[3.737s]       |                     [01;31m[K^~~~~~~~~~~~~~~~~~~~~~~~~~[m[K
[3.737s] [01m[K/home/andrea/tesi/ros2_mapf_cbs/project_1/src/my_nav2_planner/src/my_planner_server.cpp:586:68:[m[K [01;31m[Kerror: [m[Ktemplate argument 1 is invalid
[3.738s]   586 |   const std::vector<my_intermediate_interfaces::msg::EdgeConstraint[01;31m[K>[m[K edge_constraints,
[3.738s]       |                                                                    [01;31m[K^[m[K
[3.738s] [01m[K/home/andrea/tesi/ros2_mapf_cbs/project_1/src/my_nav2_planner/src/my_planner_server.cpp:586:68:[m[K [01;31m[Kerror: [m[Ktemplate argument 2 is invalid
[3.748s] [01m[K/home/andrea/tesi/ros2_mapf_cbs/project_1/src/my_nav2_planner/src/my_planner_server.cpp:586:21:[m[K [01;31m[Kerror: [m[Kâ€˜[01m[Kmy_intermediate_interfaces[m[Kâ€™ was not declared in this scope
[3.748s]   586 |   const std::vector<[01;31m[Kmy_intermediate_interfaces[m[K::msg::EdgeConstraint> edge_constraints,
[3.748s]       |                     [01;31m[K^~~~~~~~~~~~~~~~~~~~~~~~~~[m[K
[3.748s] [01m[K/home/andrea/tesi/ros2_mapf_cbs/project_1/src/my_nav2_planner/src/my_planner_server.cpp:586:68:[m[K [01;31m[Kerror: [m[Ktemplate argument 1 is invalid
[3.748s]   586 |   const std::vector<my_intermediate_interfaces::msg::EdgeConstraint[01;31m[K>[m[K edge_constraints,
[3.748s]       |                                                                    [01;31m[K^[m[K
[3.748s] [01m[K/home/andrea/tesi/ros2_mapf_cbs/project_1/src/my_nav2_planner/src/my_planner_server.cpp:586:68:[m[K [01;31m[Kerror: [m[Ktemplate argument 2 is invalid
[3.759s] [01m[K/home/andrea/tesi/ros2_mapf_cbs/project_1/src/my_nav2_planner/src/my_planner_server.cpp:586:21:[m[K [01;31m[Kerror: [m[Kâ€˜[01m[Kmy_intermediate_interfaces[m[Kâ€™ was not declared in this scope
[3.759s]   586 |   const std::vector<[01;31m[Kmy_intermediate_interfaces[m[K::msg::EdgeConstraint> edge_constraints,
[3.759s]       |                     [01;31m[K^~~~~~~~~~~~~~~~~~~~~~~~~~[m[K
[3.759s] [01m[K/home/andrea/tesi/ros2_mapf_cbs/project_1/src/my_nav2_planner/src/my_planner_server.cpp:586:68:[m[K [01;31m[Kerror: [m[Ktemplate argument 1 is invalid
[3.759s]   586 |   const std::vector<my_intermediate_interfaces::msg::EdgeConstraint[01;31m[K>[m[K edge_constraints,
[3.759s]       |                                                                    [01;31m[K^[m[K
[3.759s] [01m[K/home/andrea/tesi/ros2_mapf_cbs/project_1/src/my_nav2_planner/src/my_planner_server.cpp:586:68:[m[K [01;31m[Kerror: [m[Ktemplate argument 2 is invalid
[3.759s] [01m[K/home/andrea/tesi/ros2_mapf_cbs/project_1/src/my_nav2_planner/src/my_planner_server.cpp:586:9:[m[K [01;31m[Kerror: [m[Kinvalid template-id
[3.760s]   586 |   const [01;31m[Kstd[m[K::vector<my_intermediate_interfaces::msg::EdgeConstraint> edge_constraints,
[3.760s]       |         [01;31m[K^~~[m[K
[3.760s] [01m[K/home/andrea/tesi/ros2_mapf_cbs/project_1/src/my_nav2_planner/src/my_planner_server.cpp:586:21:[m[K [01;31m[Kerror: [m[Kâ€˜[01m[Kmy_intermediate_interfaces[m[Kâ€™ has not been declared
[3.760s]   586 |   const std::vector<[01;31m[Kmy_intermediate_interfaces[m[K::msg::EdgeConstraint> edge_constraints,
[3.760s]       |                     [01;31m[K^~~~~~~~~~~~~~~~~~~~~~~~~~[m[K
[3.760s] [01m[K/home/andrea/tesi/ros2_mapf_cbs/project_1/src/my_nav2_planner/src/my_planner_server.cpp:586:3:[m[K [01;31m[Kerror: [m[Kclass template placeholder â€˜[01m[Kstd::vector[m[Kâ€™ not permitted in this context
[3.760s]   586 |   [01;31m[Kconst[m[K std::vector<my_intermediate_interfaces::msg::EdgeConstraint> edge_constraints,
[3.760s]       |   [01;31m[K^~~~~[m[K
[3.769s] [01m[K/home/andrea/tesi/ros2_mapf_cbs/project_1/src/my_nav2_planner/src/my_planner_server.cpp:[m[K In member function â€˜[01m[Knav_msgs::msg::Path my_nav2_planner::MyPlannerServer::getPlan(...)[m[Kâ€™:
[3.769s] [01m[K/home/andrea/tesi/ros2_mapf_cbs/project_1/src/my_nav2_planner/src/my_planner_server.cpp:595:59:[m[K [01;31m[Kerror: [m[Kâ€˜[01m[Kvertex_constraints[m[Kâ€™ was not declared in this scope
[3.769s]   595 |     return planners_[planner_id]->createPlan(start, goal, [01;31m[Kvertex_constraints[m[K, edge_contraints);
[3.769s]       |                                                           [01;31m[K^~~~~~~~~~~~~~~~~~[m[K
[3.776s] [01m[K/home/andrea/tesi/ros2_mapf_cbs/project_1/src/my_nav2_planner/src/my_planner_server.cpp:595:79:[m[K [01;31m[Kerror: [m[Kâ€˜[01m[Kedge_contraints[m[Kâ€™ was not declared in this scope
[3.776s]   595 |     return planners_[planner_id]->createPlan(start, goal, vertex_constraints, [01;31m[Kedge_contraints[m[K);
[3.777s]       |                                                                               [01;31m[K^~~~~~~~~~~~~~~[m[K
[5.892s] gmake[2]: *** [CMakeFiles/my_planner_server_core.dir/build.make:76: CMakeFiles/my_planner_server_core.dir/src/my_planner_server.cpp.o] Error 1
[5.892s] gmake[1]: *** [CMakeFiles/Makefile2:139: CMakeFiles/my_planner_server_core.dir/all] Error 2
[5.892s] gmake: *** [Makefile:146: all] Error 2
[5.906s] Invoked command in '/home/andrea/tesi/ros2_mapf_cbs/project_1/build/my_nav2_planner' returned '2': CMAKE_PREFIX_PATH=${CMAKE_PREFIX_PATH}:/home/andrea/tesi/ros2_mapf_cbs/project_1/install/my_package:/home/andrea/tesi/ros2_mapf_cbs/project_1/install/my_intermediate:/home/andrea/tesi/ros2_mapf_cbs/simple_example/install/my_py_pkg:/opt/ros/humble /usr/bin/cmake --build /home/andrea/tesi/ros2_mapf_cbs/project_1/build/my_nav2_planner -- -j8 -l8
