[35m[1mConsolidate compiler generated dependencies of target my_nav2_navfn_planner[0m
[ 33%] [32mBuilding CXX object CMakeFiles/my_nav2_navfn_planner.dir/src/my_navfn_planner.cpp.o[0m
[01m[K/home/andrea/tesi/ros2_mapf_cbs/project_1/src/my_nav2_navfn_planner/src/my_navfn_planner.cpp:[m[K In member function â€˜[01m[Kbool my_nav2_navfn_planner::MyNavfnPlanner::getPlanFromPotential(const Pose&, nav_msgs::msg::Path&, std::vector<my_intermediate_interfaces::msg::VertexConstraint_<std::allocator<void> > >, std::vector<my_intermediate_interfaces::msg::EdgeConstraint_<std::allocator<void> > >)[m[Kâ€™:
[01m[K/home/andrea/tesi/ros2_mapf_cbs/project_1/src/my_nav2_navfn_planner/src/my_navfn_planner.cpp:471:14:[m[K [01;31m[Kerror: [m[Kâ€˜[01m[Kconstr_x[m[Kâ€™ was not declared in this scope
  471 |   worldToMap([01;31m[Kconstr_x[m[K, constr_y, tmpcx, tmpcy);
      |              [01;31m[K^~~~~~~~[m[K
[01m[K/home/andrea/tesi/ros2_mapf_cbs/project_1/src/my_nav2_navfn_planner/src/my_navfn_planner.cpp:471:24:[m[K [01;31m[Kerror: [m[Kâ€˜[01m[Kconstr_y[m[Kâ€™ was not declared in this scope
  471 |   worldToMap(constr_x, [01;31m[Kconstr_y[m[K, tmpcx, tmpcy);
      |                        [01;31m[K^~~~~~~~[m[K
[01m[K/home/andrea/tesi/ros2_mapf_cbs/project_1/src/my_nav2_navfn_planner/src/my_navfn_planner.cpp:468:10:[m[K [01;31m[Kerror: [m[Kunused variable â€˜[01m[Ktmpconstr_x[m[Kâ€™ [[01;31m[K]8;;https://gcc.gnu.org/onlinedocs/gcc/Warning-Options.html#index-Wunused-variable-Werror=unused-variable]8;;[m[K]
  468 |   double [01;31m[Ktmpconstr_x[m[K = -1.5;
      |          [01;31m[K^~~~~~~~~~~[m[K
[01m[K/home/andrea/tesi/ros2_mapf_cbs/project_1/src/my_nav2_navfn_planner/src/my_navfn_planner.cpp:469:10:[m[K [01;31m[Kerror: [m[Kunused variable â€˜[01m[Ktmpconstr_y[m[Kâ€™ [[01;31m[K]8;;https://gcc.gnu.org/onlinedocs/gcc/Warning-Options.html#index-Wunused-variable-Werror=unused-variable]8;;[m[K]
  469 |   double [01;31m[Ktmpconstr_y[m[K = 0.5;
      |          [01;31m[K^~~~~~~~~~~[m[K
cc1plus: all warnings being treated as errors
gmake[2]: *** [CMakeFiles/my_nav2_navfn_planner.dir/build.make:76: CMakeFiles/my_nav2_navfn_planner.dir/src/my_navfn_planner.cpp.o] Error 1
gmake[1]: *** [CMakeFiles/Makefile2:137: CMakeFiles/my_nav2_navfn_planner.dir/all] Error 2
gmake: *** [Makefile:146: all] Error 2
