[0.079s] Invoking command in '/home/andrea/tesi/ros2_mapf_cbs/project_1/build/my_nav2_navfn_planner': CMAKE_PREFIX_PATH=/home/andrea/tesi/ros2_mapf_cbs/project_1/install/my_intermediate_interfaces:/home/andrea/tesi/ros2_mapf_cbs/project_1/install/turtlebot3_multi_robot:/home/andrea/tesi/ros2_mapf_cbs/project_1/install/nav2_straightline_planner:/home/andrea/tesi/ros2_mapf_cbs/project_1/install/my_try_bringup:/home/andrea/tesi/ros2_mapf_cbs/project_1/install/my_nav2_navfn_planner:/home/andrea/tesi/ros2_mapf_cbs/simple_example/install/my_robot_bringup:/home/andrea/tesi/ros2_mapf_cbs/simple_example/install/my_robot_interfaces:/home/andrea/tesi/ros2_mapf_cbs/project_1/install/my_package:/home/andrea/tesi/ros2_mapf_cbs/project_1/install/my_intermediate:/home/andrea/tesi/ros2_mapf_cbs/simple_example/install/my_py_pkg:/opt/ros/humble LD_LIBRARY_PATH=/home/andrea/tesi/ros2_mapf_cbs/project_1/install/my_intermediate_interfaces/lib:/home/andrea/tesi/ros2_mapf_cbs/project_1/install/nav2_straightline_planner/lib:/home/andrea/tesi/ros2_mapf_cbs/project_1/install/my_nav2_navfn_planner/lib:/home/andrea/tesi/ros2_mapf_cbs/simple_example/install/my_robot_interfaces/lib:/usr/lib/x86_64-linux-gnu/gazebo-11/plugins:/opt/ros/humble/opt/rviz_ogre_vendor/lib:/opt/ros/humble/lib/x86_64-linux-gnu:/opt/ros/humble/lib:/home/andrea/ws_online/build/ros2_bdi_on_litter_world /usr/bin/cmake --build /home/andrea/tesi/ros2_mapf_cbs/project_1/build/my_nav2_navfn_planner -- -j8 -l8
[0.113s] -- Found ament_cmake: 1.3.5 (/opt/ros/humble/share/ament_cmake/cmake)
[0.261s] -- Found nav2_common: 1.1.12 (/opt/ros/humble/share/nav2_common/cmake)
[0.261s] -- Found rclcpp: 16.0.6 (/opt/ros/humble/share/rclcpp/cmake)
[0.293s] -- Found rosidl_generator_c: 3.1.5 (/opt/ros/humble/share/rosidl_generator_c/cmake)
[0.296s] -- Found rosidl_adapter: 3.1.5 (/opt/ros/humble/share/rosidl_adapter/cmake)
[0.303s] -- Found rosidl_generator_cpp: 3.1.5 (/opt/ros/humble/share/rosidl_generator_cpp/cmake)
[0.319s] -- Using all available rosidl_typesupport_c: rosidl_typesupport_fastrtps_c;rosidl_typesupport_introspection_c
[0.340s] -- Using all available rosidl_typesupport_cpp: rosidl_typesupport_fastrtps_cpp;rosidl_typesupport_introspection_cpp
[0.413s] -- Found rmw_implementation_cmake: 6.1.1 (/opt/ros/humble/share/rmw_implementation_cmake/cmake)
[0.415s] -- Found rmw_cyclonedds_cpp: 1.3.4 (/opt/ros/humble/share/rmw_cyclonedds_cpp/cmake)
[0.448s] -- Using RMW implementation 'rmw_cyclonedds_cpp' as default
[0.571s] -- Found rclcpp_action: 16.0.6 (/opt/ros/humble/share/rclcpp_action/cmake)
[0.641s] -- Found my_intermediate_interfaces: 0.0.0 (/home/andrea/tesi/ros2_mapf_cbs/project_1/install/my_intermediate_interfaces/share/my_intermediate_interfaces/cmake)
[0.868s] -- Found rclcpp_lifecycle: 16.0.6 (/opt/ros/humble/share/rclcpp_lifecycle/cmake)
[0.910s] -- Found visualization_msgs: 4.2.3 (/opt/ros/humble/share/visualization_msgs/cmake)
[1.088s] -- Found nav2_util: 1.1.12 (/opt/ros/humble/share/nav2_util/cmake)
[1.413s] -- Found eigen3_cmake_module: 0.1.1 (/opt/ros/humble/share/eigen3_cmake_module/cmake)
[1.414s] -- Ensuring Eigen3 include directory is part of orocos-kdl CMake target
[1.536s] -- Found nav2_core: 1.1.12 (/opt/ros/humble/share/nav2_core/cmake)
[5.607s] -- Found ament_lint_auto: 0.12.8 (/opt/ros/humble/share/ament_lint_auto/cmake)
[5.607s] -- Found ament_cmake_gtest: 1.3.5 (/opt/ros/humble/share/ament_cmake_gtest/cmake)
[5.661s] -- Added test 'copyright' to check source files copyright and LICENSE
[5.661s] -- Added test 'cppcheck' to perform static code analysis on C / C++ code
[5.661s] -- Configured cppcheck include dirs: /home/andrea/tesi/ros2_mapf_cbs/project_1/src/my_nav2_navfn_planner/include
[5.662s] -- Configured cppcheck exclude dirs and/or files: 
[5.662s] -- Added test 'cpplint' to check C / C++ code against the Google style
[5.662s] -- Configured cpplint exclude dirs and/or files: 
[5.662s] -- Added test 'lint_cmake' to check CMake code style
[5.663s] -- Added test 'uncrustify' to check C / C++ code style
[5.663s] -- Configured uncrustify additional arguments: 
[5.663s] -- Added test 'xmllint' to check XML markup files
[5.664s] -- Configuring done
[5.686s] -- Generating done
[5.687s] -- Build files have been written to: /home/andrea/tesi/ros2_mapf_cbs/project_1/build/my_nav2_navfn_planner
[5.709s] [35m[1mConsolidate compiler generated dependencies of target my_nav2_navfn_planner[0m
[5.731s] [ 66%] [32mBuilding CXX object CMakeFiles/my_nav2_navfn_planner.dir/src/navfn_planner.cpp.o[0m
[5.731s] [ 66%] [32mBuilding CXX object CMakeFiles/my_nav2_navfn_planner.dir/src/navfn.cpp.o[0m
[8.108s] [01m[K/home/andrea/tesi/ros2_mapf_cbs/project_1/src/my_nav2_navfn_planner/src/navfn_planner.cpp:110:21:[m[K [01;31m[Kerror: [m[Kâ€˜[01m[Kmy_intermediate_interfaces[m[Kâ€™ was not declared in this scope
[8.108s]   110 |   const std::vector<[01;31m[Kmy_intermediate_interfaces[m[K::msg::VertexConstraint> vertex_constraints,
[8.108s]       |                     [01;31m[K^~~~~~~~~~~~~~~~~~~~~~~~~~[m[K
[8.108s] [01m[K/home/andrea/tesi/ros2_mapf_cbs/project_1/src/my_nav2_navfn_planner/src/navfn_planner.cpp:110:70:[m[K [01;31m[Kerror: [m[Ktemplate argument 1 is invalid
[8.108s]   110 |   const std::vector<my_intermediate_interfaces::msg::VertexConstraint[01;31m[K>[m[K vertex_constraints,
[8.108s]       |                                                                      [01;31m[K^[m[K
[8.108s] [01m[K/home/andrea/tesi/ros2_mapf_cbs/project_1/src/my_nav2_navfn_planner/src/navfn_planner.cpp:110:70:[m[K [01;31m[Kerror: [m[Ktemplate argument 2 is invalid
[8.118s] [01m[K/home/andrea/tesi/ros2_mapf_cbs/project_1/src/my_nav2_navfn_planner/src/navfn_planner.cpp:110:21:[m[K [01;31m[Kerror: [m[Kâ€˜[01m[Kmy_intermediate_interfaces[m[Kâ€™ was not declared in this scope
[8.118s]   110 |   const std::vector<[01;31m[Kmy_intermediate_interfaces[m[K::msg::VertexConstraint> vertex_constraints,
[8.118s]       |                     [01;31m[K^~~~~~~~~~~~~~~~~~~~~~~~~~[m[K
[8.118s] [01m[K/home/andrea/tesi/ros2_mapf_cbs/project_1/src/my_nav2_navfn_planner/src/navfn_planner.cpp:110:70:[m[K [01;31m[Kerror: [m[Ktemplate argument 1 is invalid
[8.118s]   110 |   const std::vector<my_intermediate_interfaces::msg::VertexConstraint[01;31m[K>[m[K vertex_constraints,
[8.118s]       |                                                                      [01;31m[K^[m[K
[8.118s] [01m[K/home/andrea/tesi/ros2_mapf_cbs/project_1/src/my_nav2_navfn_planner/src/navfn_planner.cpp:110:70:[m[K [01;31m[Kerror: [m[Ktemplate argument 2 is invalid
[8.128s] [01m[K/home/andrea/tesi/ros2_mapf_cbs/project_1/src/my_nav2_navfn_planner/src/navfn_planner.cpp:110:21:[m[K [01;31m[Kerror: [m[Kâ€˜[01m[Kmy_intermediate_interfaces[m[Kâ€™ was not declared in this scope
[8.128s]   110 |   const std::vector<[01;31m[Kmy_intermediate_interfaces[m[K::msg::VertexConstraint> vertex_constraints,
[8.128s]       |                     [01;31m[K^~~~~~~~~~~~~~~~~~~~~~~~~~[m[K
[8.128s] [01m[K/home/andrea/tesi/ros2_mapf_cbs/project_1/src/my_nav2_navfn_planner/src/navfn_planner.cpp:110:70:[m[K [01;31m[Kerror: [m[Ktemplate argument 1 is invalid
[8.128s]   110 |   const std::vector<my_intermediate_interfaces::msg::VertexConstraint[01;31m[K>[m[K vertex_constraints,
[8.128s]       |                                                                      [01;31m[K^[m[K
[8.128s] [01m[K/home/andrea/tesi/ros2_mapf_cbs/project_1/src/my_nav2_navfn_planner/src/navfn_planner.cpp:110:70:[m[K [01;31m[Kerror: [m[Ktemplate argument 2 is invalid
[8.128s] [01m[K/home/andrea/tesi/ros2_mapf_cbs/project_1/src/my_nav2_navfn_planner/src/navfn_planner.cpp:110:9:[m[K [01;31m[Kerror: [m[Kinvalid template-id
[8.128s]   110 |   const [01;31m[Kstd[m[K::vector<my_intermediate_interfaces::msg::VertexConstraint> vertex_constraints,
[8.128s]       |         [01;31m[K^~~[m[K
[8.128s] [01m[K/home/andrea/tesi/ros2_mapf_cbs/project_1/src/my_nav2_navfn_planner/src/navfn_planner.cpp:110:21:[m[K [01;31m[Kerror: [m[Kâ€˜[01m[Kmy_intermediate_interfaces[m[Kâ€™ has not been declared
[8.128s]   110 |   const std::vector<[01;31m[Kmy_intermediate_interfaces[m[K::msg::VertexConstraint> vertex_constraints,
[8.128s]       |                     [01;31m[K^~~~~~~~~~~~~~~~~~~~~~~~~~[m[K
[8.128s] [01m[K/home/andrea/tesi/ros2_mapf_cbs/project_1/src/my_nav2_navfn_planner/src/navfn_planner.cpp:110:3:[m[K [01;31m[Kerror: [m[Kclass template placeholder â€˜[01m[Kstd::vector[m[Kâ€™ not permitted in this context
[8.128s]   110 |   [01;31m[Kconst[m[K std::vector<my_intermediate_interfaces::msg::VertexConstraint> vertex_constraints,
[8.128s]       |   [01;31m[K^~~~~[m[K
[8.139s] [01m[K/home/andrea/tesi/ros2_mapf_cbs/project_1/src/my_nav2_navfn_planner/src/navfn_planner.cpp:111:21:[m[K [01;31m[Kerror: [m[Kâ€˜[01m[Kmy_intermediate_interfaces[m[Kâ€™ was not declared in this scope
[8.139s]   111 |   const std::vector<[01;31m[Kmy_intermediate_interfaces[m[K::msg::EdgeConstraint> edge_constraints)
[8.139s]       |                     [01;31m[K^~~~~~~~~~~~~~~~~~~~~~~~~~[m[K
[8.139s] [01m[K/home/andrea/tesi/ros2_mapf_cbs/project_1/src/my_nav2_navfn_planner/src/navfn_planner.cpp:111:68:[m[K [01;31m[Kerror: [m[Ktemplate argument 1 is invalid
[8.139s]   111 |   const std::vector<my_intermediate_interfaces::msg::EdgeConstraint[01;31m[K>[m[K edge_constraints)
[8.139s]       |                                                                    [01;31m[K^[m[K
[8.140s] [01m[K/home/andrea/tesi/ros2_mapf_cbs/project_1/src/my_nav2_navfn_planner/src/navfn_planner.cpp:111:68:[m[K [01;31m[Kerror: [m[Ktemplate argument 2 is invalid
[8.150s] [01m[K/home/andrea/tesi/ros2_mapf_cbs/project_1/src/my_nav2_navfn_planner/src/navfn_planner.cpp:111:21:[m[K [01;31m[Kerror: [m[Kâ€˜[01m[Kmy_intermediate_interfaces[m[Kâ€™ was not declared in this scope
[8.150s]   111 |   const std::vector<[01;31m[Kmy_intermediate_interfaces[m[K::msg::EdgeConstraint> edge_constraints)
[8.150s]       |                     [01;31m[K^~~~~~~~~~~~~~~~~~~~~~~~~~[m[K
[8.151s] [01m[K/home/andrea/tesi/ros2_mapf_cbs/project_1/src/my_nav2_navfn_planner/src/navfn_planner.cpp:111:68:[m[K [01;31m[Kerror: [m[Ktemplate argument 1 is invalid
[8.151s]   111 |   const std::vector<my_intermediate_interfaces::msg::EdgeConstraint[01;31m[K>[m[K edge_constraints)
[8.151s]       |                                                                    [01;31m[K^[m[K
[8.151s] [01m[K/home/andrea/tesi/ros2_mapf_cbs/project_1/src/my_nav2_navfn_planner/src/navfn_planner.cpp:111:68:[m[K [01;31m[Kerror: [m[Ktemplate argument 2 is invalid
[8.160s] [01m[K/home/andrea/tesi/ros2_mapf_cbs/project_1/src/my_nav2_navfn_planner/src/navfn_planner.cpp:111:21:[m[K [01;31m[Kerror: [m[Kâ€˜[01m[Kmy_intermediate_interfaces[m[Kâ€™ was not declared in this scope
[8.160s]   111 |   const std::vector<[01;31m[Kmy_intermediate_interfaces[m[K::msg::EdgeConstraint> edge_constraints)
[8.160s]       |                     [01;31m[K^~~~~~~~~~~~~~~~~~~~~~~~~~[m[K
[8.160s] [01m[K/home/andrea/tesi/ros2_mapf_cbs/project_1/src/my_nav2_navfn_planner/src/navfn_planner.cpp:111:68:[m[K [01;31m[Kerror: [m[Ktemplate argument 1 is invalid
[8.160s]   111 |   const std::vector<my_intermediate_interfaces::msg::EdgeConstraint[01;31m[K>[m[K edge_constraints)
[8.160s]       |                                                                    [01;31m[K^[m[K
[8.161s] [01m[K/home/andrea/tesi/ros2_mapf_cbs/project_1/src/my_nav2_navfn_planner/src/navfn_planner.cpp:111:68:[m[K [01;31m[Kerror: [m[Ktemplate argument 2 is invalid
[8.161s] [01m[K/home/andrea/tesi/ros2_mapf_cbs/project_1/src/my_nav2_navfn_planner/src/navfn_planner.cpp:111:9:[m[K [01;31m[Kerror: [m[Kinvalid template-id
[8.161s]   111 |   const [01;31m[Kstd[m[K::vector<my_intermediate_interfaces::msg::EdgeConstraint> edge_constraints)
[8.161s]       |         [01;31m[K^~~[m[K
[8.161s] [01m[K/home/andrea/tesi/ros2_mapf_cbs/project_1/src/my_nav2_navfn_planner/src/navfn_planner.cpp:111:21:[m[K [01;31m[Kerror: [m[Kâ€˜[01m[Kmy_intermediate_interfaces[m[Kâ€™ has not been declared
[8.161s]   111 |   const std::vector<[01;31m[Kmy_intermediate_interfaces[m[K::msg::EdgeConstraint> edge_constraints)
[8.161s]       |                     [01;31m[K^~~~~~~~~~~~~~~~~~~~~~~~~~[m[K
[8.161s] [01m[K/home/andrea/tesi/ros2_mapf_cbs/project_1/src/my_nav2_navfn_planner/src/navfn_planner.cpp:111:3:[m[K [01;31m[Kerror: [m[Kclass template placeholder â€˜[01m[Kstd::vector[m[Kâ€™ not permitted in this context
[8.161s]   111 |   [01;31m[Kconst[m[K std::vector<my_intermediate_interfaces::msg::EdgeConstraint> edge_constraints)
[8.161s]       |   [01;31m[K^~~~~[m[K
[8.161s] [01m[K/home/andrea/tesi/ros2_mapf_cbs/project_1/src/my_nav2_navfn_planner/src/navfn_planner.cpp:107:21:[m[K [01;31m[Kerror: [m[Kno declaration matches â€˜[01m[Knav_msgs::msg::Path my_nav2_navfn_planner::NavfnPlanner::createPlan(...)[m[Kâ€™
[8.161s]   107 | nav_msgs::msg::Path [01;31m[KNavfnPlanner[m[K::createPlan(
[8.161s]       |                     [01;31m[K^~~~~~~~~~~~[m[K
[8.161s] In file included from [01m[K/home/andrea/tesi/ros2_mapf_cbs/project_1/src/my_nav2_navfn_planner/src/navfn_planner.cpp:1[m[K:
[8.161s] [01m[K/home/andrea/tesi/ros2_mapf_cbs/project_1/src/my_nav2_navfn_planner/include/my_nav2_navfn_planner/navfn_planner.hpp:87:23:[m[K [01;36m[Knote: [m[Kcandidate is: â€˜[01m[Kvirtual nav_msgs::msg::Path my_nav2_navfn_planner::NavfnPlanner::createPlan(const PoseStamped&, const PoseStamped&)[m[Kâ€™
[8.161s]    87 |   nav_msgs::msg::Path [01;36m[KcreatePlan[m[K(
[8.161s]       |                       [01;36m[K^~~~~~~~~~[m[K
[8.161s] [01m[K/home/andrea/tesi/ros2_mapf_cbs/project_1/src/my_nav2_navfn_planner/include/my_nav2_navfn_planner/navfn_planner.hpp:40:7:[m[K [01;36m[Knote: [m[Kâ€˜[01m[Kclass my_nav2_navfn_planner::NavfnPlanner[m[Kâ€™ defined here
[8.161s]    40 | class [01;36m[KNavfnPlanner[m[K : public nav2_core::GlobalPlanner
[8.161s]       |       [01;36m[K^~~~~~~~~~~~[m[K
[9.210s] gmake[2]: *** [CMakeFiles/my_nav2_navfn_planner.dir/build.make:76: CMakeFiles/my_nav2_navfn_planner.dir/src/navfn_planner.cpp.o] Error 1
[9.210s] gmake[1]: *** [CMakeFiles/Makefile2:137: CMakeFiles/my_nav2_navfn_planner.dir/all] Error 2
[9.210s] gmake: *** [Makefile:146: all] Error 2
[9.213s] Invoked command in '/home/andrea/tesi/ros2_mapf_cbs/project_1/build/my_nav2_navfn_planner' returned '2': CMAKE_PREFIX_PATH=/home/andrea/tesi/ros2_mapf_cbs/project_1/install/my_intermediate_interfaces:/home/andrea/tesi/ros2_mapf_cbs/project_1/install/turtlebot3_multi_robot:/home/andrea/tesi/ros2_mapf_cbs/project_1/install/nav2_straightline_planner:/home/andrea/tesi/ros2_mapf_cbs/project_1/install/my_try_bringup:/home/andrea/tesi/ros2_mapf_cbs/project_1/install/my_nav2_navfn_planner:/home/andrea/tesi/ros2_mapf_cbs/simple_example/install/my_robot_bringup:/home/andrea/tesi/ros2_mapf_cbs/simple_example/install/my_robot_interfaces:/home/andrea/tesi/ros2_mapf_cbs/project_1/install/my_package:/home/andrea/tesi/ros2_mapf_cbs/project_1/install/my_intermediate:/home/andrea/tesi/ros2_mapf_cbs/simple_example/install/my_py_pkg:/opt/ros/humble LD_LIBRARY_PATH=/home/andrea/tesi/ros2_mapf_cbs/project_1/install/my_intermediate_interfaces/lib:/home/andrea/tesi/ros2_mapf_cbs/project_1/install/nav2_straightline_planner/lib:/home/andrea/tesi/ros2_mapf_cbs/project_1/install/my_nav2_navfn_planner/lib:/home/andrea/tesi/ros2_mapf_cbs/simple_example/install/my_robot_interfaces/lib:/usr/lib/x86_64-linux-gnu/gazebo-11/plugins:/opt/ros/humble/opt/rviz_ogre_vendor/lib:/opt/ros/humble/lib/x86_64-linux-gnu:/opt/ros/humble/lib:/home/andrea/ws_online/build/ros2_bdi_on_litter_world /usr/bin/cmake --build /home/andrea/tesi/ros2_mapf_cbs/project_1/build/my_nav2_navfn_planner -- -j8 -l8
