[0.242s] Invoking command in '/home/andrea/tesi/ros2_mapf_cbs/project_1/build/my_nav2_planner': CMAKE_PREFIX_PATH=/home/andrea/tesi/ros2_mapf_cbs/project_1/install/my_intermediate_interfaces:/home/andrea/tesi/ros2_mapf_cbs/project_1/install/turtlebot3_multi_robot:/home/andrea/tesi/ros2_mapf_cbs/project_1/install/nav2_straightline_planner:/home/andrea/tesi/ros2_mapf_cbs/project_1/install/my_nav2_navfn_planner:/home/andrea/tesi/ros2_mapf_cbs/project_1/install/nav2_core:/home/andrea/tesi/ros2_mapf_cbs/project_1/install/my_try_bringup:/home/andrea/tesi/ros2_mapf_cbs/project_1/install/my_nav2_core:/home/andrea/tesi/ros2_mapf_cbs/simple_example/install/my_robot_bringup:/home/andrea/tesi/ros2_mapf_cbs/simple_example/install/my_robot_interfaces:/home/andrea/tesi/ros2_mapf_cbs/project_1/install/my_package:/home/andrea/tesi/ros2_mapf_cbs/project_1/install/my_intermediate:/home/andrea/tesi/ros2_mapf_cbs/simple_example/install/my_py_pkg:/opt/ros/humble LD_LIBRARY_PATH=/home/andrea/tesi/ros2_mapf_cbs/project_1/install/my_intermediate_interfaces/lib:/home/andrea/tesi/ros2_mapf_cbs/project_1/install/nav2_straightline_planner/lib:/home/andrea/tesi/ros2_mapf_cbs/project_1/install/my_nav2_navfn_planner/lib:/home/andrea/tesi/ros2_mapf_cbs/simple_example/install/my_robot_interfaces/lib:/usr/lib/x86_64-linux-gnu/gazebo-11/plugins:/opt/ros/humble/opt/rviz_ogre_vendor/lib:/opt/ros/humble/lib/x86_64-linux-gnu:/opt/ros/humble/lib:/home/andrea/ws_online/build/ros2_bdi_on_litter_world:/home/andrea/ws_online/build/ros2_bdi_on_litter_world /usr/bin/cmake --build /home/andrea/tesi/ros2_mapf_cbs/project_1/build/my_nav2_planner -- -j8 -l8
[0.289s] [ 25%] [32mBuilding CXX object CMakeFiles/my_planner_server_core.dir/src/my_planner_server.cpp.o[0m
[2.830s] [01m[K/home/andrea/tesi/ros2_mapf_cbs/project_1/src/my_nav2_planner/src/my_planner_server.cpp:[m[K In member function â€˜[01m[Kvoid my_nav2_planner::MyPlannerServer::computePlanThroughPoses()[m[Kâ€™:
[2.830s] [01m[K/home/andrea/tesi/ros2_mapf_cbs/project_1/src/my_nav2_planner/src/my_planner_server.cpp:420:46:[m[K [01;31m[Kerror: [m[Kno matching function for call to â€˜[01m[Kmy_nav2_planner::MyPlannerServer::getPlan(geometry_msgs::msg::PoseStamped&, geometry_msgs::msg::PoseStamped&, const _planner_id_type&)[m[Kâ€™
[2.830s]   420 |       nav_msgs::msg::Path curr_path = [01;31m[KgetPlan(curr_start, curr_goal, goal->planner_id)[m[K;
[2.830s]       |                                       [01;31m[K~~~~~~~^~~~~~~~~~~~~~~~~~~~~~~~~~~~~~~~~~~~~~~~~[m[K
[2.830s] In file included from [01m[K/home/andrea/tesi/ros2_mapf_cbs/project_1/src/my_nav2_planner/src/my_planner_server.cpp:34[m[K:
[2.830s] [01m[K/home/andrea/tesi/ros2_mapf_cbs/project_1/src/my_nav2_planner/include/my_nav2_planner/my_planner_server.hpp:73:23:[m[K [01;36m[Knote: [m[Kcandidate: â€˜[01m[Knav_msgs::msg::Path my_nav2_planner::MyPlannerServer::getPlan(const PoseStamped&, const PoseStamped&, std::vector<my_intermediate_interfaces::msg::VertexConstraint_<std::allocator<void> >, std::allocator<my_intermediate_interfaces::msg::VertexConstraint_<std::allocator<void> > > >, std::vector<my_intermediate_interfaces::msg::EdgeConstraint_<std::allocator<void> >, std::allocator<my_intermediate_interfaces::msg::EdgeConstraint_<std::allocator<void> > > >, const string&)[m[Kâ€™
[2.830s]    73 |   nav_msgs::msg::Path [01;36m[KgetPlan[m[K(
[2.830s]       |                       [01;36m[K^~~~~~~[m[K
[2.838s] [01m[K/home/andrea/tesi/ros2_mapf_cbs/project_1/src/my_nav2_planner/include/my_nav2_planner/my_planner_server.hpp:73:23:[m[K [01;36m[Knote: [m[K  candidate expects 5 arguments, 3 provided
[2.853s] [01m[K/home/andrea/tesi/ros2_mapf_cbs/project_1/src/my_nav2_planner/src/my_planner_server.cpp:[m[K In member function â€˜[01m[Knav_msgs::msg::Path my_nav2_planner::MyPlannerServer::getPlan(const PoseStamped&, const PoseStamped&, std::vector<my_intermediate_interfaces::msg::VertexConstraint_<std::allocator<void> >, std::allocator<my_intermediate_interfaces::msg::VertexConstraint_<std::allocator<void> > > >, std::vector<my_intermediate_interfaces::msg::EdgeConstraint_<std::allocator<void> >, std::allocator<my_intermediate_interfaces::msg::EdgeConstraint_<std::allocator<void> > > >, const string&)[m[Kâ€™:
[2.853s] [01m[K/home/andrea/tesi/ros2_mapf_cbs/project_1/src/my_nav2_planner/src/my_planner_server.cpp:595:79:[m[K [01;31m[Kerror: [m[Kâ€˜[01m[Kedge_contraints[m[Kâ€™ was not declared in this scope; did you mean â€˜[01m[Kedge_constraints[m[Kâ€™?
[2.853s]   595 |     return planners_[planner_id]->createPlan(start, goal, vertex_constraints, [01;31m[Kedge_contraints[m[K);
[2.853s]       |                                                                               [01;31m[K^~~~~~~~~~~~~~~[m[K
[2.853s]       |                                                                               [32m[Kedge_constraints[m[K
[2.854s] [01m[K/home/andrea/tesi/ros2_mapf_cbs/project_1/src/my_nav2_planner/src/my_planner_server.cpp:586:70:[m[K [01;31m[Kerror: [m[Kunused parameter â€˜[01m[Kedge_constraints[m[Kâ€™ [[01;31m[K]8;;https://gcc.gnu.org/onlinedocs/gcc/Warning-Options.html#index-Wunused-parameter-Werror=unused-parameter]8;;[m[K]
[2.854s]   586 |   [01;31m[Kconst std::vector<my_intermediate_interfaces::msg::EdgeConstraint> edge_constraints[m[K,
[2.854s]       |   [01;31m[K~~~~~~~~~~~~~~~~~~~~~~~~~~~~~~~~~~~~~~~~~~~~~~~~~~~~~~~~~~~~~~~~~~~^~~~~~~~~~~~~~~~[m[K
[4.796s] cc1plus: all warnings being treated as errors
[4.820s] gmake[2]: *** [CMakeFiles/my_planner_server_core.dir/build.make:76: CMakeFiles/my_planner_server_core.dir/src/my_planner_server.cpp.o] Error 1
[4.820s] gmake[1]: *** [CMakeFiles/Makefile2:139: CMakeFiles/my_planner_server_core.dir/all] Error 2
[4.820s] gmake: *** [Makefile:146: all] Error 2
[4.822s] Invoked command in '/home/andrea/tesi/ros2_mapf_cbs/project_1/build/my_nav2_planner' returned '2': CMAKE_PREFIX_PATH=/home/andrea/tesi/ros2_mapf_cbs/project_1/install/my_intermediate_interfaces:/home/andrea/tesi/ros2_mapf_cbs/project_1/install/turtlebot3_multi_robot:/home/andrea/tesi/ros2_mapf_cbs/project_1/install/nav2_straightline_planner:/home/andrea/tesi/ros2_mapf_cbs/project_1/install/my_nav2_navfn_planner:/home/andrea/tesi/ros2_mapf_cbs/project_1/install/nav2_core:/home/andrea/tesi/ros2_mapf_cbs/project_1/install/my_try_bringup:/home/andrea/tesi/ros2_mapf_cbs/project_1/install/my_nav2_core:/home/andrea/tesi/ros2_mapf_cbs/simple_example/install/my_robot_bringup:/home/andrea/tesi/ros2_mapf_cbs/simple_example/install/my_robot_interfaces:/home/andrea/tesi/ros2_mapf_cbs/project_1/install/my_package:/home/andrea/tesi/ros2_mapf_cbs/project_1/install/my_intermediate:/home/andrea/tesi/ros2_mapf_cbs/simple_example/install/my_py_pkg:/opt/ros/humble LD_LIBRARY_PATH=/home/andrea/tesi/ros2_mapf_cbs/project_1/install/my_intermediate_interfaces/lib:/home/andrea/tesi/ros2_mapf_cbs/project_1/install/nav2_straightline_planner/lib:/home/andrea/tesi/ros2_mapf_cbs/project_1/install/my_nav2_navfn_planner/lib:/home/andrea/tesi/ros2_mapf_cbs/simple_example/install/my_robot_interfaces/lib:/usr/lib/x86_64-linux-gnu/gazebo-11/plugins:/opt/ros/humble/opt/rviz_ogre_vendor/lib:/opt/ros/humble/lib/x86_64-linux-gnu:/opt/ros/humble/lib:/home/andrea/ws_online/build/ros2_bdi_on_litter_world:/home/andrea/ws_online/build/ros2_bdi_on_litter_world /usr/bin/cmake --build /home/andrea/tesi/ros2_mapf_cbs/project_1/build/my_nav2_planner -- -j8 -l8
