[0.067s] Invoking command in '/home/andrea/tesi/ros2_mapf_cbs/project_1/build/my_nav2_planner': CMAKE_PREFIX_PATH=${CMAKE_PREFIX_PATH}:/home/andrea/tesi/ros2_mapf_cbs/project_1/install/my_package:/home/andrea/tesi/ros2_mapf_cbs/project_1/install/my_intermediate:/home/andrea/tesi/ros2_mapf_cbs/simple_example/install/my_py_pkg:/opt/ros/humble /usr/bin/cmake --build /home/andrea/tesi/ros2_mapf_cbs/project_1/build/my_nav2_planner -- -j8 -l8
[0.101s] [35m[1mConsolidate compiler generated dependencies of target my_planner_server_core[0m
[0.109s] [ 40%] Built target gtest_main
[0.109s] [ 40%] Built target gtest
[0.118s] [ 50%] [32mBuilding CXX object CMakeFiles/my_planner_server_core.dir/src/my_planner_server.cpp.o[0m
[2.601s] [01m[K/home/andrea/tesi/ros2_mapf_cbs/project_1/src/my_nav2_planner/src/my_planner_server.cpp:[m[K In member function â€˜[01m[Kvoid my_nav2_planner::MyPlannerServer::computePlanThroughPoses()[m[Kâ€™:
[2.601s] [01m[K/home/andrea/tesi/ros2_mapf_cbs/project_1/src/my_nav2_planner/src/my_planner_server.cpp:449:13:[m[K [01;31m[Kerror: [m[Kâ€˜[01m[Kusing element_type = struct nav2_msgs::action::ComputePathThroughPoses_Result_<std::allocator<void> >[m[Kâ€™ {aka â€˜[01m[Kstruct nav2_msgs::action::ComputePathThroughPoses_Result_<std::allocator<void> >[m[Kâ€™} has no member named â€˜[01m[Kerror_code[m[Kâ€™
[2.601s]   449 |     result->[01;31m[Kerror_code[m[K = ActionThroughPosesResult::INVALID_PLANNER;
[2.601s]       |             [01;31m[K^~~~~~~~~~[m[K
[2.601s] [01m[K/home/andrea/tesi/ros2_mapf_cbs/project_1/src/my_nav2_planner/src/my_planner_server.cpp:449:52:[m[K [01;31m[Kerror: [m[Kâ€˜[01m[KINVALID_PLANNER[m[Kâ€™ is not a member of â€˜[01m[Kmy_nav2_planner::MyPlannerServer::ActionThroughPosesResult[m[Kâ€™ {aka â€˜[01m[Knav2_msgs::action::ComputePathThroughPoses_Result_<std::allocator<void> >[m[Kâ€™}
[2.601s]   449 |     result->error_code = ActionThroughPosesResult::[01;31m[KINVALID_PLANNER[m[K;
[2.601s]       |                                                    [01;31m[K^~~~~~~~~~~~~~~[m[K
[2.601s] [01m[K/home/andrea/tesi/ros2_mapf_cbs/project_1/src/my_nav2_planner/src/my_planner_server.cpp:453:13:[m[K [01;31m[Kerror: [m[Kâ€˜[01m[Kusing element_type = struct nav2_msgs::action::ComputePathThroughPoses_Result_<std::allocator<void> >[m[Kâ€™ {aka â€˜[01m[Kstruct nav2_msgs::action::ComputePathThroughPoses_Result_<std::allocator<void> >[m[Kâ€™} has no member named â€˜[01m[Kerror_code[m[Kâ€™
[2.601s]   453 |     result->[01;31m[Kerror_code[m[K = ActionThroughPosesResult::START_OCCUPIED;
[2.602s]       |             [01;31m[K^~~~~~~~~~[m[K
[2.602s] [01m[K/home/andrea/tesi/ros2_mapf_cbs/project_1/src/my_nav2_planner/src/my_planner_server.cpp:453:52:[m[K [01;31m[Kerror: [m[Kâ€˜[01m[KSTART_OCCUPIED[m[Kâ€™ is not a member of â€˜[01m[Kmy_nav2_planner::MyPlannerServer::ActionThroughPosesResult[m[Kâ€™ {aka â€˜[01m[Knav2_msgs::action::ComputePathThroughPoses_Result_<std::allocator<void> >[m[Kâ€™}
[2.602s]   453 |     result->error_code = ActionThroughPosesResult::[01;31m[KSTART_OCCUPIED[m[K;
[2.602s]       |                                                    [01;31m[K^~~~~~~~~~~~~~[m[K
[2.602s] [01m[K/home/andrea/tesi/ros2_mapf_cbs/project_1/src/my_nav2_planner/src/my_planner_server.cpp:457:13:[m[K [01;31m[Kerror: [m[Kâ€˜[01m[Kusing element_type = struct nav2_msgs::action::ComputePathThroughPoses_Result_<std::allocator<void> >[m[Kâ€™ {aka â€˜[01m[Kstruct nav2_msgs::action::ComputePathThroughPoses_Result_<std::allocator<void> >[m[Kâ€™} has no member named â€˜[01m[Kerror_code[m[Kâ€™
[2.602s]   457 |     result->[01;31m[Kerror_code[m[K = ActionThroughPosesResult::GOAL_OCCUPIED;
[2.602s]       |             [01;31m[K^~~~~~~~~~[m[K
[2.602s] [01m[K/home/andrea/tesi/ros2_mapf_cbs/project_1/src/my_nav2_planner/src/my_planner_server.cpp:457:52:[m[K [01;31m[Kerror: [m[Kâ€˜[01m[KGOAL_OCCUPIED[m[Kâ€™ is not a member of â€˜[01m[Kmy_nav2_planner::MyPlannerServer::ActionThroughPosesResult[m[Kâ€™ {aka â€˜[01m[Knav2_msgs::action::ComputePathThroughPoses_Result_<std::allocator<void> >[m[Kâ€™}
[2.602s]   457 |     result->error_code = ActionThroughPosesResult::[01;31m[KGOAL_OCCUPIED[m[K;
[2.602s]       |                                                    [01;31m[K^~~~~~~~~~~~~[m[K
[2.602s] [01m[K/home/andrea/tesi/ros2_mapf_cbs/project_1/src/my_nav2_planner/src/my_planner_server.cpp:461:13:[m[K [01;31m[Kerror: [m[Kâ€˜[01m[Kusing element_type = struct nav2_msgs::action::ComputePathThroughPoses_Result_<std::allocator<void> >[m[Kâ€™ {aka â€˜[01m[Kstruct nav2_msgs::action::ComputePathThroughPoses_Result_<std::allocator<void> >[m[Kâ€™} has no member named â€˜[01m[Kerror_code[m[Kâ€™
[2.602s]   461 |     result->[01;31m[Kerror_code[m[K = ActionThroughPosesResult::NO_VALID_PATH;
[2.602s]       |             [01;31m[K^~~~~~~~~~[m[K
[2.603s] [01m[K/home/andrea/tesi/ros2_mapf_cbs/project_1/src/my_nav2_planner/src/my_planner_server.cpp:461:52:[m[K [01;31m[Kerror: [m[Kâ€˜[01m[KNO_VALID_PATH[m[Kâ€™ is not a member of â€˜[01m[Kmy_nav2_planner::MyPlannerServer::ActionThroughPosesResult[m[Kâ€™ {aka â€˜[01m[Knav2_msgs::action::ComputePathThroughPoses_Result_<std::allocator<void> >[m[Kâ€™}
[2.603s]   461 |     result->error_code = ActionThroughPosesResult::[01;31m[KNO_VALID_PATH[m[K;
[2.603s]       |                                                    [01;31m[K^~~~~~~~~~~~~[m[K
[2.603s] [01m[K/home/andrea/tesi/ros2_mapf_cbs/project_1/src/my_nav2_planner/src/my_planner_server.cpp:465:13:[m[K [01;31m[Kerror: [m[Kâ€˜[01m[Kusing element_type = struct nav2_msgs::action::ComputePathThroughPoses_Result_<std::allocator<void> >[m[Kâ€™ {aka â€˜[01m[Kstruct nav2_msgs::action::ComputePathThroughPoses_Result_<std::allocator<void> >[m[Kâ€™} has no member named â€˜[01m[Kerror_code[m[Kâ€™
[2.603s]   465 |     result->[01;31m[Kerror_code[m[K = ActionThroughPosesResult::TIMEOUT;
[2.603s]       |             [01;31m[K^~~~~~~~~~[m[K
[2.603s] [01m[K/home/andrea/tesi/ros2_mapf_cbs/project_1/src/my_nav2_planner/src/my_planner_server.cpp:465:52:[m[K [01;31m[Kerror: [m[Kâ€˜[01m[KTIMEOUT[m[Kâ€™ is not a member of â€˜[01m[Kmy_nav2_planner::MyPlannerServer::ActionThroughPosesResult[m[Kâ€™ {aka â€˜[01m[Knav2_msgs::action::ComputePathThroughPoses_Result_<std::allocator<void> >[m[Kâ€™}
[2.603s]   465 |     result->error_code = ActionThroughPosesResult::[01;31m[KTIMEOUT[m[K;
[2.603s]       |                                                    [01;31m[K^~~~~~~[m[K
[2.603s] [01m[K/home/andrea/tesi/ros2_mapf_cbs/project_1/src/my_nav2_planner/src/my_planner_server.cpp:469:13:[m[K [01;31m[Kerror: [m[Kâ€˜[01m[Kusing element_type = struct nav2_msgs::action::ComputePathThroughPoses_Result_<std::allocator<void> >[m[Kâ€™ {aka â€˜[01m[Kstruct nav2_msgs::action::ComputePathThroughPoses_Result_<std::allocator<void> >[m[Kâ€™} has no member named â€˜[01m[Kerror_code[m[Kâ€™
[2.603s]   469 |     result->[01;31m[Kerror_code[m[K = ActionThroughPosesResult::START_OUTSIDE_MAP;
[2.603s]       |             [01;31m[K^~~~~~~~~~[m[K
[2.603s] [01m[K/home/andrea/tesi/ros2_mapf_cbs/project_1/src/my_nav2_planner/src/my_planner_server.cpp:469:52:[m[K [01;31m[Kerror: [m[Kâ€˜[01m[KSTART_OUTSIDE_MAP[m[Kâ€™ is not a member of â€˜[01m[Kmy_nav2_planner::MyPlannerServer::ActionThroughPosesResult[m[Kâ€™ {aka â€˜[01m[Knav2_msgs::action::ComputePathThroughPoses_Result_<std::allocator<void> >[m[Kâ€™}
[2.603s]   469 |     result->error_code = ActionThroughPosesResult::[01;31m[KSTART_OUTSIDE_MAP[m[K;
[2.603s]       |                                                    [01;31m[K^~~~~~~~~~~~~~~~~[m[K
[2.604s] [01m[K/home/andrea/tesi/ros2_mapf_cbs/project_1/src/my_nav2_planner/src/my_planner_server.cpp:473:13:[m[K [01;31m[Kerror: [m[Kâ€˜[01m[Kusing element_type = struct nav2_msgs::action::ComputePathThroughPoses_Result_<std::allocator<void> >[m[Kâ€™ {aka â€˜[01m[Kstruct nav2_msgs::action::ComputePathThroughPoses_Result_<std::allocator<void> >[m[Kâ€™} has no member named â€˜[01m[Kerror_code[m[Kâ€™
[2.604s]   473 |     result->[01;31m[Kerror_code[m[K = ActionThroughPosesResult::GOAL_OUTSIDE_MAP;
[2.604s]       |             [01;31m[K^~~~~~~~~~[m[K
[2.604s] [01m[K/home/andrea/tesi/ros2_mapf_cbs/project_1/src/my_nav2_planner/src/my_planner_server.cpp:473:52:[m[K [01;31m[Kerror: [m[Kâ€˜[01m[KGOAL_OUTSIDE_MAP[m[Kâ€™ is not a member of â€˜[01m[Kmy_nav2_planner::MyPlannerServer::ActionThroughPosesResult[m[Kâ€™ {aka â€˜[01m[Knav2_msgs::action::ComputePathThroughPoses_Result_<std::allocator<void> >[m[Kâ€™}
[2.604s]   473 |     result->error_code = ActionThroughPosesResult::[01;31m[KGOAL_OUTSIDE_MAP[m[K;
[2.604s]       |                                                    [01;31m[K^~~~~~~~~~~~~~~~[m[K
[2.604s] [01m[K/home/andrea/tesi/ros2_mapf_cbs/project_1/src/my_nav2_planner/src/my_planner_server.cpp:477:13:[m[K [01;31m[Kerror: [m[Kâ€˜[01m[Kusing element_type = struct nav2_msgs::action::ComputePathThroughPoses_Result_<std::allocator<void> >[m[Kâ€™ {aka â€˜[01m[Kstruct nav2_msgs::action::ComputePathThroughPoses_Result_<std::allocator<void> >[m[Kâ€™} has no member named â€˜[01m[Kerror_code[m[Kâ€™
[2.604s]   477 |     result->[01;31m[Kerror_code[m[K = ActionThroughPosesResult::TF_ERROR;
[2.604s]       |             [01;31m[K^~~~~~~~~~[m[K
[2.604s] [01m[K/home/andrea/tesi/ros2_mapf_cbs/project_1/src/my_nav2_planner/src/my_planner_server.cpp:477:52:[m[K [01;31m[Kerror: [m[Kâ€˜[01m[KTF_ERROR[m[Kâ€™ is not a member of â€˜[01m[Kmy_nav2_planner::MyPlannerServer::ActionThroughPosesResult[m[Kâ€™ {aka â€˜[01m[Knav2_msgs::action::ComputePathThroughPoses_Result_<std::allocator<void> >[m[Kâ€™}
[2.604s]   477 |     result->error_code = ActionThroughPosesResult::[01;31m[KTF_ERROR[m[K;
[2.604s]       |                                                    [01;31m[K^~~~~~~~[m[K
[2.604s] [01m[K/home/andrea/tesi/ros2_mapf_cbs/project_1/src/my_nav2_planner/src/my_planner_server.cpp:481:13:[m[K [01;31m[Kerror: [m[Kâ€˜[01m[Kusing element_type = struct nav2_msgs::action::ComputePathThroughPoses_Result_<std::allocator<void> >[m[Kâ€™ {aka â€˜[01m[Kstruct nav2_msgs::action::ComputePathThroughPoses_Result_<std::allocator<void> >[m[Kâ€™} has no member named â€˜[01m[Kerror_code[m[Kâ€™
[2.604s]   481 |     result->[01;31m[Kerror_code[m[K = ActionThroughPosesResult::NO_VIAPOINTS_GIVEN;
[2.604s]       |             [01;31m[K^~~~~~~~~~[m[K
[2.605s] [01m[K/home/andrea/tesi/ros2_mapf_cbs/project_1/src/my_nav2_planner/src/my_planner_server.cpp:481:52:[m[K [01;31m[Kerror: [m[Kâ€˜[01m[KNO_VIAPOINTS_GIVEN[m[Kâ€™ is not a member of â€˜[01m[Kmy_nav2_planner::MyPlannerServer::ActionThroughPosesResult[m[Kâ€™ {aka â€˜[01m[Knav2_msgs::action::ComputePathThroughPoses_Result_<std::allocator<void> >[m[Kâ€™}
[2.605s]   481 |     result->error_code = ActionThroughPosesResult::[01;31m[KNO_VIAPOINTS_GIVEN[m[K;
[2.605s]       |                                                    [01;31m[K^~~~~~~~~~~~~~~~~~[m[K
[2.605s] [01m[K/home/andrea/tesi/ros2_mapf_cbs/project_1/src/my_nav2_planner/src/my_planner_server.cpp:485:13:[m[K [01;31m[Kerror: [m[Kâ€˜[01m[Kusing element_type = struct nav2_msgs::action::ComputePathThroughPoses_Result_<std::allocator<void> >[m[Kâ€™ {aka â€˜[01m[Kstruct nav2_msgs::action::ComputePathThroughPoses_Result_<std::allocator<void> >[m[Kâ€™} has no member named â€˜[01m[Kerror_code[m[Kâ€™
[2.605s]   485 |     result->[01;31m[Kerror_code[m[K = ActionThroughPosesResult::UNKNOWN;
[2.605s]       |             [01;31m[K^~~~~~~~~~[m[K
[2.605s] [01m[K/home/andrea/tesi/ros2_mapf_cbs/project_1/src/my_nav2_planner/src/my_planner_server.cpp:485:52:[m[K [01;31m[Kerror: [m[Kâ€˜[01m[KUNKNOWN[m[Kâ€™ is not a member of â€˜[01m[Kmy_nav2_planner::MyPlannerServer::ActionThroughPosesResult[m[Kâ€™ {aka â€˜[01m[Knav2_msgs::action::ComputePathThroughPoses_Result_<std::allocator<void> >[m[Kâ€™}
[2.605s]   485 |     result->error_code = ActionThroughPosesResult::[01;31m[KUNKNOWN[m[K;
[2.605s]       |                                                    [01;31m[K^~~~~~~[m[K
[2.608s] [01m[K/home/andrea/tesi/ros2_mapf_cbs/project_1/src/my_nav2_planner/src/my_planner_server.cpp:[m[K In member function â€˜[01m[Kvoid my_nav2_planner::MyPlannerServer::computePlan()[m[Kâ€™:
[2.608s] [01m[K/home/andrea/tesi/ros2_mapf_cbs/project_1/src/my_nav2_planner/src/my_planner_server.cpp:543:13:[m[K [01;31m[Kerror: [m[Kâ€˜[01m[Kusing element_type = struct nav2_msgs::action::ComputePathToPose_Result_<std::allocator<void> >[m[Kâ€™ {aka â€˜[01m[Kstruct nav2_msgs::action::ComputePathToPose_Result_<std::allocator<void> >[m[Kâ€™} has no member named â€˜[01m[Kerror_code[m[Kâ€™
[2.608s]   543 |     result->[01;31m[Kerror_code[m[K = ActionToPoseResult::INVALID_PLANNER;
[2.608s]       |             [01;31m[K^~~~~~~~~~[m[K
[2.608s] [01m[K/home/andrea/tesi/ros2_mapf_cbs/project_1/src/my_nav2_planner/src/my_planner_server.cpp:543:46:[m[K [01;31m[Kerror: [m[Kâ€˜[01m[KINVALID_PLANNER[m[Kâ€™ is not a member of â€˜[01m[Kmy_nav2_planner::MyPlannerServer::ActionToPoseResult[m[Kâ€™ {aka â€˜[01m[Knav2_msgs::action::ComputePathToPose_Result_<std::allocator<void> >[m[Kâ€™}
[2.608s]   543 |     result->error_code = ActionToPoseResult::[01;31m[KINVALID_PLANNER[m[K;
[2.608s]       |                                              [01;31m[K^~~~~~~~~~~~~~~[m[K
[2.609s] [01m[K/home/andrea/tesi/ros2_mapf_cbs/project_1/src/my_nav2_planner/src/my_planner_server.cpp:547:13:[m[K [01;31m[Kerror: [m[Kâ€˜[01m[Kusing element_type = struct nav2_msgs::action::ComputePathToPose_Result_<std::allocator<void> >[m[Kâ€™ {aka â€˜[01m[Kstruct nav2_msgs::action::ComputePathToPose_Result_<std::allocator<void> >[m[Kâ€™} has no member named â€˜[01m[Kerror_code[m[Kâ€™
[2.609s]   547 |     result->[01;31m[Kerror_code[m[K = ActionToPoseResult::START_OCCUPIED;
[2.609s]       |             [01;31m[K^~~~~~~~~~[m[K
[2.609s] [01m[K/home/andrea/tesi/ros2_mapf_cbs/project_1/src/my_nav2_planner/src/my_planner_server.cpp:547:46:[m[K [01;31m[Kerror: [m[Kâ€˜[01m[KSTART_OCCUPIED[m[Kâ€™ is not a member of â€˜[01m[Kmy_nav2_planner::MyPlannerServer::ActionToPoseResult[m[Kâ€™ {aka â€˜[01m[Knav2_msgs::action::ComputePathToPose_Result_<std::allocator<void> >[m[Kâ€™}
[2.609s]   547 |     result->error_code = ActionToPoseResult::[01;31m[KSTART_OCCUPIED[m[K;
[2.609s]       |                                              [01;31m[K^~~~~~~~~~~~~~[m[K
[2.609s] [01m[K/home/andrea/tesi/ros2_mapf_cbs/project_1/src/my_nav2_planner/src/my_planner_server.cpp:551:13:[m[K [01;31m[Kerror: [m[Kâ€˜[01m[Kusing element_type = struct nav2_msgs::action::ComputePathToPose_Result_<std::allocator<void> >[m[Kâ€™ {aka â€˜[01m[Kstruct nav2_msgs::action::ComputePathToPose_Result_<std::allocator<void> >[m[Kâ€™} has no member named â€˜[01m[Kerror_code[m[Kâ€™
[2.609s]   551 |     result->[01;31m[Kerror_code[m[K = ActionToPoseResult::GOAL_OCCUPIED;
[2.609s]       |             [01;31m[K^~~~~~~~~~[m[K
[2.609s] [01m[K/home/andrea/tesi/ros2_mapf_cbs/project_1/src/my_nav2_planner/src/my_planner_server.cpp:551:46:[m[K [01;31m[Kerror: [m[Kâ€˜[01m[KGOAL_OCCUPIED[m[Kâ€™ is not a member of â€˜[01m[Kmy_nav2_planner::MyPlannerServer::ActionToPoseResult[m[Kâ€™ {aka â€˜[01m[Knav2_msgs::action::ComputePathToPose_Result_<std::allocator<void> >[m[Kâ€™}
[2.609s]   551 |     result->error_code = ActionToPoseResult::[01;31m[KGOAL_OCCUPIED[m[K;
[2.609s]       |                                              [01;31m[K^~~~~~~~~~~~~[m[K
[2.609s] [01m[K/home/andrea/tesi/ros2_mapf_cbs/project_1/src/my_nav2_planner/src/my_planner_server.cpp:555:13:[m[K [01;31m[Kerror: [m[Kâ€˜[01m[Kusing element_type = struct nav2_msgs::action::ComputePathToPose_Result_<std::allocator<void> >[m[Kâ€™ {aka â€˜[01m[Kstruct nav2_msgs::action::ComputePathToPose_Result_<std::allocator<void> >[m[Kâ€™} has no member named â€˜[01m[Kerror_code[m[Kâ€™
[2.609s]   555 |     result->[01;31m[Kerror_code[m[K = ActionToPoseResult::NO_VALID_PATH;
[2.609s]       |             [01;31m[K^~~~~~~~~~[m[K
[2.610s] [01m[K/home/andrea/tesi/ros2_mapf_cbs/project_1/src/my_nav2_planner/src/my_planner_server.cpp:555:46:[m[K [01;31m[Kerror: [m[Kâ€˜[01m[KNO_VALID_PATH[m[Kâ€™ is not a member of â€˜[01m[Kmy_nav2_planner::MyPlannerServer::ActionToPoseResult[m[Kâ€™ {aka â€˜[01m[Knav2_msgs::action::ComputePathToPose_Result_<std::allocator<void> >[m[Kâ€™}
[2.610s]   555 |     result->error_code = ActionToPoseResult::[01;31m[KNO_VALID_PATH[m[K;
[2.610s]       |                                              [01;31m[K^~~~~~~~~~~~~[m[K
[2.610s] [01m[K/home/andrea/tesi/ros2_mapf_cbs/project_1/src/my_nav2_planner/src/my_planner_server.cpp:559:13:[m[K [01;31m[Kerror: [m[Kâ€˜[01m[Kusing element_type = struct nav2_msgs::action::ComputePathToPose_Result_<std::allocator<void> >[m[Kâ€™ {aka â€˜[01m[Kstruct nav2_msgs::action::ComputePathToPose_Result_<std::allocator<void> >[m[Kâ€™} has no member named â€˜[01m[Kerror_code[m[Kâ€™
[2.610s]   559 |     result->[01;31m[Kerror_code[m[K = ActionToPoseResult::TIMEOUT;
[2.610s]       |             [01;31m[K^~~~~~~~~~[m[K
[2.610s] [01m[K/home/andrea/tesi/ros2_mapf_cbs/project_1/src/my_nav2_planner/src/my_planner_server.cpp:559:46:[m[K [01;31m[Kerror: [m[Kâ€˜[01m[KTIMEOUT[m[Kâ€™ is not a member of â€˜[01m[Kmy_nav2_planner::MyPlannerServer::ActionToPoseResult[m[Kâ€™ {aka â€˜[01m[Knav2_msgs::action::ComputePathToPose_Result_<std::allocator<void> >[m[Kâ€™}
[2.610s]   559 |     result->error_code = ActionToPoseResult::[01;31m[KTIMEOUT[m[K;
[2.610s]       |                                              [01;31m[K^~~~~~~[m[K
[2.610s] [01m[K/home/andrea/tesi/ros2_mapf_cbs/project_1/src/my_nav2_planner/src/my_planner_server.cpp:563:13:[m[K [01;31m[Kerror: [m[Kâ€˜[01m[Kusing element_type = struct nav2_msgs::action::ComputePathToPose_Result_<std::allocator<void> >[m[Kâ€™ {aka â€˜[01m[Kstruct nav2_msgs::action::ComputePathToPose_Result_<std::allocator<void> >[m[Kâ€™} has no member named â€˜[01m[Kerror_code[m[Kâ€™
[2.610s]   563 |     result->[01;31m[Kerror_code[m[K = ActionToPoseResult::START_OUTSIDE_MAP;
[2.610s]       |             [01;31m[K^~~~~~~~~~[m[K
[2.610s] [01m[K/home/andrea/tesi/ros2_mapf_cbs/project_1/src/my_nav2_planner/src/my_planner_server.cpp:563:46:[m[K [01;31m[Kerror: [m[Kâ€˜[01m[KSTART_OUTSIDE_MAP[m[Kâ€™ is not a member of â€˜[01m[Kmy_nav2_planner::MyPlannerServer::ActionToPoseResult[m[Kâ€™ {aka â€˜[01m[Knav2_msgs::action::ComputePathToPose_Result_<std::allocator<void> >[m[Kâ€™}
[2.611s]   563 |     result->error_code = ActionToPoseResult::[01;31m[KSTART_OUTSIDE_MAP[m[K;
[2.611s]       |                                              [01;31m[K^~~~~~~~~~~~~~~~~[m[K
[2.611s] [01m[K/home/andrea/tesi/ros2_mapf_cbs/project_1/src/my_nav2_planner/src/my_planner_server.cpp:567:13:[m[K [01;31m[Kerror: [m[Kâ€˜[01m[Kusing element_type = struct nav2_msgs::action::ComputePathToPose_Result_<std::allocator<void> >[m[Kâ€™ {aka â€˜[01m[Kstruct nav2_msgs::action::ComputePathToPose_Result_<std::allocator<void> >[m[Kâ€™} has no member named â€˜[01m[Kerror_code[m[Kâ€™
[2.611s]   567 |     result->[01;31m[Kerror_code[m[K = ActionToPoseResult::GOAL_OUTSIDE_MAP;
[2.611s]       |             [01;31m[K^~~~~~~~~~[m[K
[2.611s] [01m[K/home/andrea/tesi/ros2_mapf_cbs/project_1/src/my_nav2_planner/src/my_planner_server.cpp:567:46:[m[K [01;31m[Kerror: [m[Kâ€˜[01m[KGOAL_OUTSIDE_MAP[m[Kâ€™ is not a member of â€˜[01m[Kmy_nav2_planner::MyPlannerServer::ActionToPoseResult[m[Kâ€™ {aka â€˜[01m[Knav2_msgs::action::ComputePathToPose_Result_<std::allocator<void> >[m[Kâ€™}
[2.611s]   567 |     result->error_code = ActionToPoseResult::[01;31m[KGOAL_OUTSIDE_MAP[m[K;
[2.611s]       |                                              [01;31m[K^~~~~~~~~~~~~~~~[m[K
[2.611s] [01m[K/home/andrea/tesi/ros2_mapf_cbs/project_1/src/my_nav2_planner/src/my_planner_server.cpp:571:13:[m[K [01;31m[Kerror: [m[Kâ€˜[01m[Kusing element_type = struct nav2_msgs::action::ComputePathToPose_Result_<std::allocator<void> >[m[Kâ€™ {aka â€˜[01m[Kstruct nav2_msgs::action::ComputePathToPose_Result_<std::allocator<void> >[m[Kâ€™} has no member named â€˜[01m[Kerror_code[m[Kâ€™
[2.611s]   571 |     result->[01;31m[Kerror_code[m[K = ActionToPoseResult::TF_ERROR;
[2.611s]       |             [01;31m[K^~~~~~~~~~[m[K
[2.611s] [01m[K/home/andrea/tesi/ros2_mapf_cbs/project_1/src/my_nav2_planner/src/my_planner_server.cpp:571:46:[m[K [01;31m[Kerror: [m[Kâ€˜[01m[KTF_ERROR[m[Kâ€™ is not a member of â€˜[01m[Kmy_nav2_planner::MyPlannerServer::ActionToPoseResult[m[Kâ€™ {aka â€˜[01m[Knav2_msgs::action::ComputePathToPose_Result_<std::allocator<void> >[m[Kâ€™}
[2.611s]   571 |     result->error_code = ActionToPoseResult::[01;31m[KTF_ERROR[m[K;
[2.611s]       |                                              [01;31m[K^~~~~~~~[m[K
[2.612s] [01m[K/home/andrea/tesi/ros2_mapf_cbs/project_1/src/my_nav2_planner/src/my_planner_server.cpp:575:13:[m[K [01;31m[Kerror: [m[Kâ€˜[01m[Kusing element_type = struct nav2_msgs::action::ComputePathToPose_Result_<std::allocator<void> >[m[Kâ€™ {aka â€˜[01m[Kstruct nav2_msgs::action::ComputePathToPose_Result_<std::allocator<void> >[m[Kâ€™} has no member named â€˜[01m[Kerror_code[m[Kâ€™
[2.612s]   575 |     result->[01;31m[Kerror_code[m[K = ActionToPoseResult::UNKNOWN;
[2.612s]       |             [01;31m[K^~~~~~~~~~[m[K
[2.612s] [01m[K/home/andrea/tesi/ros2_mapf_cbs/project_1/src/my_nav2_planner/src/my_planner_server.cpp:575:46:[m[K [01;31m[Kerror: [m[Kâ€˜[01m[KUNKNOWN[m[Kâ€™ is not a member of â€˜[01m[Kmy_nav2_planner::MyPlannerServer::ActionToPoseResult[m[Kâ€™ {aka â€˜[01m[Knav2_msgs::action::ComputePathToPose_Result_<std::allocator<void> >[m[Kâ€™}
[2.612s]   575 |     result->error_code = ActionToPoseResult::[01;31m[KUNKNOWN[m[K;
[2.612s]       |                                              [01;31m[K^~~~~~~[m[K
[3.650s] In file included from [01m[K/usr/include/x86_64-linux-gnu/c++/11/bits/c++allocator.h:33[m[K,
[3.650s]                  from [01m[K/usr/include/c++/11/bits/allocator.h:46[m[K,
[3.650s]                  from [01m[K/usr/include/c++/11/string:41[m[K,
[3.650s]                  from [01m[K/usr/include/c++/11/bits/locale_classes.h:40[m[K,
[3.650s]                  from [01m[K/usr/include/c++/11/bits/ios_base.h:41[m[K,
[3.650s]                  from [01m[K/usr/include/c++/11/iomanip:40[m[K,
[3.650s]                  from [01m[K/home/andrea/tesi/ros2_mapf_cbs/project_1/src/my_nav2_planner/src/my_planner_server.cpp:18[m[K:
[3.650s] /usr/include/c++/11/ext/new_allocator.h: In instantiation of â€˜[01m[Kvoid __gnu_cxx::new_allocator<_Tp>::construct(_Up*, _Args&& ...) [with _Up = nav2_costmap_2d::Costmap2DROS; _Args = {const char (&)[15], std::__cxx11::basic_string<char, std::char_traits<char>, std::allocator<char> >, const char (&)[15], bool}; _Tp = nav2_costmap_2d::Costmap2DROS][m[Kâ€™:
[3.651s] [01m[K/usr/include/c++/11/bits/alloc_traits.h:516:17:[m[K   required from â€˜[01m[Kstatic void std::allocator_traits<std::allocator<_CharT> >::construct(std::allocator_traits<std::allocator<_CharT> >::allocator_type&, _Up*, _Args&& ...) [with _Up = nav2_costmap_2d::Costmap2DROS; _Args = {const char (&)[15], std::__cxx11::basic_string<char, std::char_traits<char>, std::allocator<char> >, const char (&)[15], bool}; _Tp = nav2_costmap_2d::Costmap2DROS; std::allocator_traits<std::allocator<_CharT> >::allocator_type = std::allocator<nav2_costmap_2d::Costmap2DROS>][m[Kâ€™
[3.651s] [01m[K/usr/include/c++/11/bits/shared_ptr_base.h:519:39:[m[K   required from â€˜[01m[Kstd::_Sp_counted_ptr_inplace<_Tp, _Alloc, _Lp>::_Sp_counted_ptr_inplace(_Alloc, _Args&& ...) [with _Args = {const char (&)[15], std::__cxx11::basic_string<char, std::char_traits<char>, std::allocator<char> >, const char (&)[15], bool}; _Tp = nav2_costmap_2d::Costmap2DROS; _Alloc = std::allocator<nav2_costmap_2d::Costmap2DROS>; __gnu_cxx::_Lock_policy _Lp = __gnu_cxx::_S_atomic][m[Kâ€™
[3.651s] [01m[K/usr/include/c++/11/bits/shared_ptr_base.h:650:16:[m[K   required from â€˜[01m[Kstd::__shared_count<_Lp>::__shared_count(_Tp*&, std::_Sp_alloc_shared_tag<_Alloc>, _Args&& ...) [with _Tp = nav2_costmap_2d::Costmap2DROS; _Alloc = std::allocator<nav2_costmap_2d::Costmap2DROS>; _Args = {const char (&)[15], std::__cxx11::basic_string<char, std::char_traits<char>, std::allocator<char> >, const char (&)[15], bool}; __gnu_cxx::_Lock_policy _Lp = __gnu_cxx::_S_atomic][m[Kâ€™
[3.651s] [01m[K/usr/include/c++/11/bits/shared_ptr_base.h:1342:14:[m[K   required from â€˜[01m[Kstd::__shared_ptr<_Tp, _Lp>::__shared_ptr(std::_Sp_alloc_shared_tag<_Tp>, _Args&& ...) [with _Alloc = std::allocator<nav2_costmap_2d::Costmap2DROS>; _Args = {const char (&)[15], std::__cxx11::basic_string<char, std::char_traits<char>, std::allocator<char> >, const char (&)[15], bool}; _Tp = nav2_costmap_2d::Costmap2DROS; __gnu_cxx::_Lock_policy _Lp = __gnu_cxx::_S_atomic][m[Kâ€™
[3.651s] [01m[K/usr/include/c++/11/bits/shared_ptr.h:409:59:[m[K   required from â€˜[01m[Kstd::shared_ptr<_Tp>::shared_ptr(std::_Sp_alloc_shared_tag<_Tp>, _Args&& ...) [with _Alloc = std::allocator<nav2_costmap_2d::Costmap2DROS>; _Args = {const char (&)[15], std::__cxx11::basic_string<char, std::char_traits<char>, std::allocator<char> >, const char (&)[15], bool}; _Tp = nav2_costmap_2d::Costmap2DROS][m[Kâ€™
[3.651s] [01m[K/usr/include/c++/11/bits/shared_ptr.h:862:14:[m[K   required from â€˜[01m[Kstd::shared_ptr<_Tp> std::allocate_shared(const _Alloc&, _Args&& ...) [with _Tp = nav2_costmap_2d::Costmap2DROS; _Alloc = std::allocator<nav2_costmap_2d::Costmap2DROS>; _Args = {const char (&)[15], std::__cxx11::basic_string<char, std::char_traits<char>, std::allocator<char> >, const char (&)[15], bool}][m[Kâ€™
[3.651s] [01m[K/usr/include/c++/11/bits/shared_ptr.h:878:39:[m[K   required from â€˜[01m[Kstd::shared_ptr<_Tp> std::make_shared(_Args&& ...) [with _Tp = nav2_costmap_2d::Costmap2DROS; _Args = {const char (&)[15], std::__cxx11::basic_string<char, std::char_traits<char>, std::allocator<char> >, const char (&)[15], bool}][m[Kâ€™
[3.651s] [01m[K/home/andrea/tesi/ros2_mapf_cbs/project_1/src/my_nav2_planner/src/my_planner_server.cpp:66:65:[m[K   required from here
[3.651s] [01m[K/usr/include/c++/11/ext/new_allocator.h:162:11:[m[K [01;31m[Kerror: [m[Kno matching function for call to â€˜[01m[Knav2_costmap_2d::Costmap2DROS::Costmap2DROS(const char [15], std::__cxx11::basic_string<char>, const char [15], bool)[m[Kâ€™
[3.651s]   162 |         { [01;31m[K::new((void *)__p) _Up(std::forward<_Args>(__args)...)[m[K; }
[3.651s]       |           [01;31m[K^~~~~~~~~~~~~~~~~~~~~~~~~~~~~~~~~~~~~~~~~~~~~~~~~~~~~~[m[K
[3.651s] In file included from [01m[K/home/andrea/tesi/ros2_mapf_cbs/project_1/src/my_nav2_planner/include/my_nav2_planner/my_planner_server.hpp:37[m[K,
[3.651s]                  from [01m[K/home/andrea/tesi/ros2_mapf_cbs/project_1/src/my_nav2_planner/src/my_planner_server.cpp:34[m[K:
[3.651s] [01m[K/opt/ros/humble/include/nav2_costmap_2d/costmap_2d_ros.hpp:89:12:[m[K [01;36m[Knote: [m[Kcandidate: â€˜[01m[Knav2_costmap_2d::Costmap2DROS::Costmap2DROS(const string&, const string&, const string&)[m[Kâ€™
[3.651s]    89 |   explicit [01;36m[KCostmap2DROS[m[K(
[3.651s]       |            [01;36m[K^~~~~~~~~~~~[m[K
[3.651s] [01m[K/opt/ros/humble/include/nav2_costmap_2d/costmap_2d_ros.hpp:89:12:[m[K [01;36m[Knote: [m[K  candidate expects 3 arguments, 4 provided
[3.651s] [01m[K/opt/ros/humble/include/nav2_costmap_2d/costmap_2d_ros.hpp:81:12:[m[K [01;36m[Knote: [m[Kcandidate: â€˜[01m[Knav2_costmap_2d::Costmap2DROS::Costmap2DROS(const string&)[m[Kâ€™
[3.651s]    81 |   explicit [01;36m[KCostmap2DROS[m[K(const std::string & name);
[3.652s]       |            [01;36m[K^~~~~~~~~~~~[m[K
[3.652s] [01m[K/opt/ros/humble/include/nav2_costmap_2d/costmap_2d_ros.hpp:81:12:[m[K [01;36m[Knote: [m[K  candidate expects 1 argument, 4 provided
[4.582s] gmake[2]: *** [CMakeFiles/my_planner_server_core.dir/build.make:76: CMakeFiles/my_planner_server_core.dir/src/my_planner_server.cpp.o] Error 1
[4.582s] gmake[1]: *** [CMakeFiles/Makefile2:174: CMakeFiles/my_planner_server_core.dir/all] Error 2
[4.582s] gmake: *** [Makefile:146: all] Error 2
[4.584s] Invoked command in '/home/andrea/tesi/ros2_mapf_cbs/project_1/build/my_nav2_planner' returned '2': CMAKE_PREFIX_PATH=${CMAKE_PREFIX_PATH}:/home/andrea/tesi/ros2_mapf_cbs/project_1/install/my_package:/home/andrea/tesi/ros2_mapf_cbs/project_1/install/my_intermediate:/home/andrea/tesi/ros2_mapf_cbs/simple_example/install/my_py_pkg:/opt/ros/humble /usr/bin/cmake --build /home/andrea/tesi/ros2_mapf_cbs/project_1/build/my_nav2_planner -- -j8 -l8
