[0.000000] (-) TimerEvent: {}
[0.000142] (-) JobUnselected: {'identifier': 'my_intermediate'}
[0.000249] (-) JobUnselected: {'identifier': 'my_intermediate_interfaces'}
[0.000265] (-) JobUnselected: {'identifier': 'my_nav2_core'}
[0.000277] (-) JobUnselected: {'identifier': 'my_package'}
[0.000288] (-) JobUnselected: {'identifier': 'my_try_bringup'}
[0.000299] (-) JobUnselected: {'identifier': 'nav2_straightline_planner'}
[0.000309] (-) JobUnselected: {'identifier': 'turtlebot3_multi_robot'}
[0.000321] (my_nav2_navfn_planner) JobQueued: {'identifier': 'my_nav2_navfn_planner', 'dependencies': OrderedDict([('my_intermediate_interfaces', '/home/andrea/tesi/ros2_mapf_cbs/project_1/install/my_intermediate_interfaces'), ('my_nav2_core', '/home/andrea/tesi/ros2_mapf_cbs/project_1/install/my_nav2_core')])}
[0.000339] (my_nav2_navfn_planner) JobStarted: {'identifier': 'my_nav2_navfn_planner'}
[0.058842] (my_nav2_navfn_planner) JobProgress: {'identifier': 'my_nav2_navfn_planner', 'progress': 'cmake'}
[0.059455] (my_nav2_navfn_planner) JobProgress: {'identifier': 'my_nav2_navfn_planner', 'progress': 'build'}
[0.059517] (my_nav2_navfn_planner) Command: {'cmd': ['/usr/bin/cmake', '--build', '/home/andrea/tesi/ros2_mapf_cbs/project_1/build/my_nav2_navfn_planner', '--', '-j8', '-l8'], 'cwd': '/home/andrea/tesi/ros2_mapf_cbs/project_1/build/my_nav2_navfn_planner', 'env': OrderedDict([('LESSOPEN', '| /usr/bin/lesspipe %s'), ('USER', 'andrea'), ('LC_TIME', 'it_IT.UTF-8'), ('XDG_SESSION_TYPE', 'wayland'), ('SHLVL', '1'), ('LD_LIBRARY_PATH', '/home/andrea/tesi/ros2_mapf_cbs/project_1/install/my_intermediate_interfaces/lib:/home/andrea/tesi/ros2_mapf_cbs/project_1/install/nav2_straightline_planner/lib:/home/andrea/tesi/ros2_mapf_cbs/project_1/install/my_nav2_navfn_planner/lib:/home/andrea/tesi/ros2_mapf_cbs/simple_example/install/my_robot_interfaces/lib:/usr/lib/x86_64-linux-gnu/gazebo-11/plugins:/opt/ros/humble/opt/rviz_ogre_vendor/lib:/opt/ros/humble/lib/x86_64-linux-gnu:/opt/ros/humble/lib:/home/andrea/ws_online/build/ros2_bdi_on_litter_world'), ('HOME', '/home/andrea'), ('OLDPWD', '/home/andrea/tesi/ros2_mapf_cbs/project_1/src'), ('DESKTOP_SESSION', 'ubuntu'), ('NVM_BIN', '/home/andrea/.nvm/versions/node/v18.15.0/bin'), ('NVM_INC', '/home/andrea/.nvm/versions/node/v18.15.0/include/node'), ('ROS_PYTHON_VERSION', '3'), ('GNOME_SHELL_SESSION_MODE', 'ubuntu'), ('GRADLE_HOME', '/opt/gradle/gradle-4.4.1'), ('GTK_MODULES', 'gail:atk-bridge'), ('LC_MONETARY', 'it_IT.UTF-8'), ('DBUS_STARTER_BUS_TYPE', 'session'), ('SYSTEMD_EXEC_PID', '1743'), ('DBUS_SESSION_BUS_ADDRESS', 'unix:path=/run/user/1000/bus,guid=5960175a28e93afe1d8592bb65363758'), ('COLORTERM', 'truecolor'), ('NVM_DIR', '/home/andrea/.nvm'), ('IM_CONFIG_PHASE', '1'), ('WAYLAND_DISPLAY', 'wayland-0'), ('COLCON_PREFIX_PATH', '/home/andrea/tesi/ros2_mapf_cbs/project_1/install:/home/andrea/tesi/ros2_mapf_cbs/simple_example/install'), ('ROS_DISTRO', 'humble'), ('LOGNAME', 'andrea'), ('_', '/usr/bin/colcon'), ('ROS_VERSION', '2'), ('XDG_SESSION_CLASS', 'user'), ('USERNAME', 'andrea'), ('TERM', 'xterm-256color'), ('GAZEBO_MODEL_PATH', '/home/andrea/tesi/ros2_mapf_cbs/project_1/install/turtlebot3_multi_robot/share/turtlebot3_multi_robot/models:/opt/ros/humble/share/turtlebot3_gazebo/models'), ('GNOME_DESKTOP_SESSION_ID', 'this-is-deprecated'), ('ROS_LOCALHOST_ONLY', '0'), ('PATH', '/home/andrea/.nvm/versions/node/v18.15.0/bin:/opt/ros/humble/bin:/home/andrea/.local/bin:/opt/gradle/gradle-4.4.1/bin:/usr/local/sbin:/usr/local/bin:/usr/sbin:/usr/bin:/sbin:/bin:/usr/games:/usr/local/games:/snap/bin:/snap/bin'), ('SESSION_MANAGER', 'local/andrea-IdeaPad-5-15ITL05:@/tmp/.ICE-unix/1743,unix/andrea-IdeaPad-5-15ITL05:/tmp/.ICE-unix/1743'), ('XDG_MENU_PREFIX', 'gnome-'), ('LC_ADDRESS', 'it_IT.UTF-8'), ('GNOME_TERMINAL_SCREEN', '/org/gnome/Terminal/screen/4a62a706_5843_4327_9e5b_b435b24f0361'), ('GNOME_SETUP_DISPLAY', ':1'), ('XDG_RUNTIME_DIR', '/run/user/1000'), ('DISPLAY', ':0'), ('LANG', 'en_US.UTF-8'), ('XDG_CURRENT_DESKTOP', 'ubuntu:GNOME'), ('LC_TELEPHONE', 'it_IT.UTF-8'), ('RMW_IMPLEMENTATION', 'rmw_cyclonedds_cpp'), ('XMODIFIERS', '@im=ibus'), ('XDG_SESSION_DESKTOP', 'ubuntu'), ('XAUTHORITY', '/run/user/1000/.mutter-Xwaylandauth.AHDFD2'), ('LS_COLORS', 'rs=0:di=01;34:ln=01;36:mh=00:pi=40;33:so=01;35:do=01;35:bd=40;33;01:cd=40;33;01:or=40;31;01:mi=00:su=37;41:sg=30;43:ca=30;41:tw=30;42:ow=34;42:st=37;44:ex=01;32:*.tar=01;31:*.tgz=01;31:*.arc=01;31:*.arj=01;31:*.taz=01;31:*.lha=01;31:*.lz4=01;31:*.lzh=01;31:*.lzma=01;31:*.tlz=01;31:*.txz=01;31:*.tzo=01;31:*.t7z=01;31:*.zip=01;31:*.z=01;31:*.dz=01;31:*.gz=01;31:*.lrz=01;31:*.lz=01;31:*.lzo=01;31:*.xz=01;31:*.zst=01;31:*.tzst=01;31:*.bz2=01;31:*.bz=01;31:*.tbz=01;31:*.tbz2=01;31:*.tz=01;31:*.deb=01;31:*.rpm=01;31:*.jar=01;31:*.war=01;31:*.ear=01;31:*.sar=01;31:*.rar=01;31:*.alz=01;31:*.ace=01;31:*.zoo=01;31:*.cpio=01;31:*.7z=01;31:*.rz=01;31:*.cab=01;31:*.wim=01;31:*.swm=01;31:*.dwm=01;31:*.esd=01;31:*.jpg=01;35:*.jpeg=01;35:*.mjpg=01;35:*.mjpeg=01;35:*.gif=01;35:*.bmp=01;35:*.pbm=01;35:*.pgm=01;35:*.ppm=01;35:*.tga=01;35:*.xbm=01;35:*.xpm=01;35:*.tif=01;35:*.tiff=01;35:*.png=01;35:*.svg=01;35:*.svgz=01;35:*.mng=01;35:*.pcx=01;35:*.mov=01;35:*.mpg=01;35:*.mpeg=01;35:*.m2v=01;35:*.mkv=01;35:*.webm=01;35:*.webp=01;35:*.ogm=01;35:*.mp4=01;35:*.m4v=01;35:*.mp4v=01;35:*.vob=01;35:*.qt=01;35:*.nuv=01;35:*.wmv=01;35:*.asf=01;35:*.rm=01;35:*.rmvb=01;35:*.flc=01;35:*.avi=01;35:*.fli=01;35:*.flv=01;35:*.gl=01;35:*.dl=01;35:*.xcf=01;35:*.xwd=01;35:*.yuv=01;35:*.cgm=01;35:*.emf=01;35:*.ogv=01;35:*.ogx=01;35:*.aac=00;36:*.au=00;36:*.flac=00;36:*.m4a=00;36:*.mid=00;36:*.midi=00;36:*.mka=00;36:*.mp3=00;36:*.mpc=00;36:*.ogg=00;36:*.ra=00;36:*.wav=00;36:*.oga=00;36:*.opus=00;36:*.spx=00;36:*.xspf=00;36:'), ('GNOME_TERMINAL_SERVICE', ':1.921'), ('SSH_AGENT_LAUNCHER', 'gnome-keyring'), ('SSH_AUTH_SOCK', '/run/user/1000/keyring/ssh'), ('AMENT_PREFIX_PATH', '/home/andrea/tesi/ros2_mapf_cbs/project_1/install/my_nav2_core:/home/andrea/tesi/ros2_mapf_cbs/project_1/install/turtlebot3_multi_robot:/home/andrea/tesi/ros2_mapf_cbs/project_1/install/nav2_straightline_planner:/home/andrea/tesi/ros2_mapf_cbs/project_1/install/my_nav2_navfn_planner:/home/andrea/tesi/ros2_mapf_cbs/project_1/install/nav2_core:/home/andrea/tesi/ros2_mapf_cbs/project_1/install/my_try_bringup:/home/andrea/tesi/ros2_mapf_cbs/project_1/install/my_package:/home/andrea/tesi/ros2_mapf_cbs/project_1/install/my_intermediate_interfaces:/home/andrea/tesi/ros2_mapf_cbs/project_1/install/my_intermediate:/home/andrea/tesi/ros2_mapf_cbs/simple_example/install/my_robot_bringup:/home/andrea/tesi/ros2_mapf_cbs/simple_example/install/my_py_pkg:/home/andrea/tesi/ros2_mapf_cbs/simple_example/install/my_robot_interfaces:/opt/ros/humble'), ('SHELL', '/bin/bash'), ('LC_NAME', 'it_IT.UTF-8'), ('QT_ACCESSIBILITY', '1'), ('GDMSESSION', 'ubuntu'), ('LESSCLOSE', '/usr/bin/lesspipe %s %s'), ('LC_MEASUREMENT', 'it_IT.UTF-8'), ('LC_IDENTIFICATION', 'it_IT.UTF-8'), ('QT_IM_MODULE', 'ibus'), ('PWD', '/home/andrea/tesi/ros2_mapf_cbs/project_1/build/my_nav2_navfn_planner'), ('TURTLEBOT3_MODEL', 'waffle'), ('LC_ALL', 'en_US.UTF-8'), ('XDG_CONFIG_DIRS', '/etc/xdg/xdg-ubuntu:/etc/xdg'), ('NVM_CD_FLAGS', ''), ('DBUS_STARTER_ADDRESS', 'unix:path=/run/user/1000/bus,guid=5960175a28e93afe1d8592bb65363758'), ('XDG_DATA_DIRS', '/usr/share/ubuntu:/usr/local/share/:/usr/share/:/var/lib/snapd/desktop'), ('PYTHONPATH', '/home/andrea/tesi/ros2_mapf_cbs/project_1/install/my_package/lib/python3.10/site-packages:/home/andrea/tesi/ros2_mapf_cbs/project_1/install/my_intermediate_interfaces/local/lib/python3.10/dist-packages:/home/andrea/tesi/ros2_mapf_cbs/project_1/install/my_intermediate/lib/python3.10/site-packages:/home/andrea/tesi/ros2_mapf_cbs/simple_example/build/my_py_pkg:/home/andrea/tesi/ros2_mapf_cbs/simple_example/install/my_py_pkg/lib/python3.10/site-packages:/home/andrea/tesi/ros2_mapf_cbs/simple_example/install/my_robot_interfaces/local/lib/python3.10/dist-packages:/opt/ros/humble/lib/python3.10/site-packages:/opt/ros/humble/local/lib/python3.10/dist-packages'), ('LC_NUMERIC', 'it_IT.UTF-8'), ('LC_PAPER', 'it_IT.UTF-8'), ('COLCON', '1'), ('VTE_VERSION', '6800'), ('CMAKE_PREFIX_PATH', '/home/andrea/tesi/ros2_mapf_cbs/project_1/install/my_nav2_core:/home/andrea/tesi/ros2_mapf_cbs/project_1/install/my_intermediate_interfaces:/home/andrea/tesi/ros2_mapf_cbs/project_1/install/turtlebot3_multi_robot:/home/andrea/tesi/ros2_mapf_cbs/project_1/install/nav2_straightline_planner:/home/andrea/tesi/ros2_mapf_cbs/project_1/install/my_nav2_navfn_planner:/home/andrea/tesi/ros2_mapf_cbs/project_1/install/nav2_core:/home/andrea/tesi/ros2_mapf_cbs/project_1/install/my_try_bringup:/home/andrea/tesi/ros2_mapf_cbs/simple_example/install/my_robot_bringup:/home/andrea/tesi/ros2_mapf_cbs/simple_example/install/my_robot_interfaces:/home/andrea/tesi/ros2_mapf_cbs/project_1/install/my_package:/home/andrea/tesi/ros2_mapf_cbs/project_1/install/my_intermediate:/home/andrea/tesi/ros2_mapf_cbs/simple_example/install/my_py_pkg:/opt/ros/humble')]), 'shell': False}
[0.099463] (-) TimerEvent: {}
[0.103034] (my_nav2_navfn_planner) StdoutLine: {'line': b'\x1b[35m\x1b[1mConsolidate compiler generated dependencies of target my_nav2_navfn_planner\x1b[0m\n'}
[0.124649] (my_nav2_navfn_planner) StdoutLine: {'line': b'[ 33%] \x1b[32mBuilding CXX object CMakeFiles/my_nav2_navfn_planner.dir/src/navfn_planner.cpp.o\x1b[0m\n'}
[0.199638] (-) TimerEvent: {}
[0.300012] (-) TimerEvent: {}
[0.400385] (-) TimerEvent: {}
[0.500784] (-) TimerEvent: {}
[0.601147] (-) TimerEvent: {}
[0.701496] (-) TimerEvent: {}
[0.801812] (-) TimerEvent: {}
[0.902112] (-) TimerEvent: {}
[1.002426] (-) TimerEvent: {}
[1.102811] (-) TimerEvent: {}
[1.203217] (-) TimerEvent: {}
[1.303605] (-) TimerEvent: {}
[1.403921] (-) TimerEvent: {}
[1.504285] (-) TimerEvent: {}
[1.604660] (-) TimerEvent: {}
[1.705039] (-) TimerEvent: {}
[1.805419] (-) TimerEvent: {}
[1.905737] (-) TimerEvent: {}
[2.006038] (-) TimerEvent: {}
[2.106356] (-) TimerEvent: {}
[2.206749] (-) TimerEvent: {}
[2.273170] (my_nav2_navfn_planner) StderrLine: {'line': b'In file included from \x1b[01m\x1b[K/home/andrea/tesi/ros2_mapf_cbs/project_1/src/my_nav2_navfn_planner/src/navfn_planner.cpp:1\x1b[m\x1b[K:\n'}
[2.273390] (my_nav2_navfn_planner) StderrLine: {'line': b'\x1b[01m\x1b[K/home/andrea/tesi/ros2_mapf_cbs/project_1/src/my_nav2_navfn_planner/include/my_nav2_navfn_planner/navfn_planner.hpp:89:23:\x1b[m\x1b[K \x1b[01;31m\x1b[Kerror: \x1b[m\x1b[K\xe2\x80\x98\x1b[01m\x1b[Knav_msgs::msg::Path my_nav2_navfn_planner::NavfnPlanner::createPlan(const PoseStamped&, const PoseStamped&, std::vector<my_intermediate_interfaces::msg::VertexConstraint_<std::allocator<void> > >, std::vector<my_intermediate_interfaces::msg::EdgeConstraint_<std::allocator<void> > >)\x1b[m\x1b[K\xe2\x80\x99 marked \xe2\x80\x98\x1b[01m\x1b[Koverride\x1b[m\x1b[K\xe2\x80\x99, but does not override\n'}
[2.273498] (my_nav2_navfn_planner) StderrLine: {'line': b'   89 |   nav_msgs::msg::Path \x1b[01;31m\x1b[KcreatePlan\x1b[m\x1b[K(\n'}
[2.273578] (my_nav2_navfn_planner) StderrLine: {'line': b'      |                       \x1b[01;31m\x1b[K^~~~~~~~~~\x1b[m\x1b[K\n'}
[2.306936] (-) TimerEvent: {}
[2.407252] (-) TimerEvent: {}
[2.507635] (-) TimerEvent: {}
[2.608015] (-) TimerEvent: {}
[2.708401] (-) TimerEvent: {}
[2.808779] (-) TimerEvent: {}
[2.909152] (-) TimerEvent: {}
[3.009532] (-) TimerEvent: {}
[3.109909] (-) TimerEvent: {}
[3.193016] (my_nav2_navfn_planner) StderrLine: {'line': b'In file included from \x1b[01m\x1b[K/opt/ros/humble/include/class_loader/class_loader/class_loader_core.hpp:57\x1b[m\x1b[K,\n'}
[3.193186] (my_nav2_navfn_planner) StderrLine: {'line': b'                 from \x1b[01m\x1b[K/opt/ros/humble/include/class_loader/class_loader/class_loader.hpp:55\x1b[m\x1b[K,\n'}
[3.193260] (my_nav2_navfn_planner) StderrLine: {'line': b'                 from \x1b[01m\x1b[K/opt/ros/humble/include/class_loader/class_loader/multi_library_class_loader.hpp:52\x1b[m\x1b[K,\n'}
[3.193337] (my_nav2_navfn_planner) StderrLine: {'line': b'                 from \x1b[01m\x1b[K/opt/ros/humble/include/pluginlib/pluginlib/class_loader.hpp:38\x1b[m\x1b[K,\n'}
[3.193405] (my_nav2_navfn_planner) StderrLine: {'line': b'                 from \x1b[01m\x1b[K/opt/ros/humble/include/nav2_costmap_2d/costmap_2d_ros.hpp:54\x1b[m\x1b[K,\n'}
[3.193484] (my_nav2_navfn_planner) StderrLine: {'line': b'                 from \x1b[01m\x1b[K/home/andrea/tesi/ros2_mapf_cbs/project_1/install/my_nav2_core/include/my_nav2_core/multi_agent_global_planner.hpp:21\x1b[m\x1b[K,\n'}
[3.193546] (my_nav2_navfn_planner) StderrLine: {'line': b'                 from \x1b[01m\x1b[K/home/andrea/tesi/ros2_mapf_cbs/project_1/src/my_nav2_navfn_planner/include/my_nav2_navfn_planner/navfn_planner.hpp:29\x1b[m\x1b[K,\n'}
[3.193605] (my_nav2_navfn_planner) StderrLine: {'line': b'                 from \x1b[01m\x1b[K/home/andrea/tesi/ros2_mapf_cbs/project_1/src/my_nav2_navfn_planner/src/navfn_planner.cpp:1\x1b[m\x1b[K:\n'}
[3.193664] (my_nav2_navfn_planner) StderrLine: {'line': b'/opt/ros/humble/include/class_loader/class_loader/meta_object.hpp: In instantiation of \xe2\x80\x98\x1b[01m\x1b[KB* class_loader::impl::MetaObject<C, B>::create() const [with C = my_nav2_navfn_planner::NavfnPlanner; B = my_nav2_core::MultiAgentGlobalPlanner]\x1b[m\x1b[K\xe2\x80\x99:\n'}
[3.193725] (my_nav2_navfn_planner) StderrLine: {'line': b'\x1b[01m\x1b[K/opt/ros/humble/include/class_loader/class_loader/meta_object.hpp:216:7:\x1b[m\x1b[K   required from here\n'}
[3.193789] (my_nav2_navfn_planner) StderrLine: {'line': b'\x1b[01m\x1b[K/opt/ros/humble/include/class_loader/class_loader/meta_object.hpp:218:12:\x1b[m\x1b[K \x1b[01;31m\x1b[Kerror: \x1b[m\x1b[Kinvalid new-expression of abstract class type \xe2\x80\x98\x1b[01m\x1b[Kmy_nav2_navfn_planner::NavfnPlanner\x1b[m\x1b[K\xe2\x80\x99\n'}
[3.193850] (my_nav2_navfn_planner) StderrLine: {'line': b'  218 |     return \x1b[01;31m\x1b[Knew C\x1b[m\x1b[K;\n'}
[3.193908] (my_nav2_navfn_planner) StderrLine: {'line': b'      |            \x1b[01;31m\x1b[K^~~~~\x1b[m\x1b[K\n'}
[3.193967] (my_nav2_navfn_planner) StderrLine: {'line': b'In file included from \x1b[01m\x1b[K/home/andrea/tesi/ros2_mapf_cbs/project_1/src/my_nav2_navfn_planner/src/navfn_planner.cpp:1\x1b[m\x1b[K:\n'}
[3.194026] (my_nav2_navfn_planner) StderrLine: {'line': b'\x1b[01m\x1b[K/home/andrea/tesi/ros2_mapf_cbs/project_1/src/my_nav2_navfn_planner/include/my_nav2_navfn_planner/navfn_planner.hpp:42:7:\x1b[m\x1b[K \x1b[01;36m\x1b[Knote: \x1b[m\x1b[K  because the following virtual functions are pure within \xe2\x80\x98\x1b[01m\x1b[Kmy_nav2_navfn_planner::NavfnPlanner\x1b[m\x1b[K\xe2\x80\x99:\n'}
[3.194087] (my_nav2_navfn_planner) StderrLine: {'line': b'   42 | class \x1b[01;36m\x1b[KNavfnPlanner\x1b[m\x1b[K : public my_nav2_core::MultiAgentGlobalPlanner\n'}
[3.194145] (my_nav2_navfn_planner) StderrLine: {'line': b'      |       \x1b[01;36m\x1b[K^~~~~~~~~~~~\x1b[m\x1b[K\n'}
[3.194204] (my_nav2_navfn_planner) StderrLine: {'line': b'In file included from \x1b[01m\x1b[K/home/andrea/tesi/ros2_mapf_cbs/project_1/src/my_nav2_navfn_planner/include/my_nav2_navfn_planner/navfn_planner.hpp:29\x1b[m\x1b[K,\n'}
[3.194263] (my_nav2_navfn_planner) StderrLine: {'line': b'                 from \x1b[01m\x1b[K/home/andrea/tesi/ros2_mapf_cbs/project_1/src/my_nav2_navfn_planner/src/navfn_planner.cpp:1\x1b[m\x1b[K:\n'}
[3.194322] (my_nav2_navfn_planner) StderrLine: {'line': b'\x1b[01m\x1b[K/home/andrea/tesi/ros2_mapf_cbs/project_1/install/my_nav2_core/include/my_nav2_core/multi_agent_global_planner.hpp:76:31:\x1b[m\x1b[K \x1b[01;36m\x1b[Knote: \x1b[m\x1b[K    \xe2\x80\x98\x1b[01m\x1b[Kvirtual nav_msgs::msg::Path my_nav2_core::MultiAgentGlobalPlanner::createPlan(const PoseStamped&, const PoseStamped&)\x1b[m\x1b[K\xe2\x80\x99\n'}
[3.194383] (my_nav2_navfn_planner) StderrLine: {'line': b'   76 |   virtual nav_msgs::msg::Path \x1b[01;36m\x1b[KcreatePlan\x1b[m\x1b[K(\n'}
[3.194442] (my_nav2_navfn_planner) StderrLine: {'line': b'      |                               \x1b[01;36m\x1b[K^~~~~~~~~~\x1b[m\x1b[K\n'}
[3.210022] (-) TimerEvent: {}
[3.301352] (my_nav2_navfn_planner) StderrLine: {'line': b'gmake[2]: *** [CMakeFiles/my_nav2_navfn_planner.dir/build.make:76: CMakeFiles/my_nav2_navfn_planner.dir/src/navfn_planner.cpp.o] Error 1\n'}
[3.301655] (my_nav2_navfn_planner) StderrLine: {'line': b'gmake[1]: *** [CMakeFiles/Makefile2:137: CMakeFiles/my_nav2_navfn_planner.dir/all] Error 2\n'}
[3.301779] (my_nav2_navfn_planner) StderrLine: {'line': b'gmake: *** [Makefile:146: all] Error 2\n'}
[3.303350] (my_nav2_navfn_planner) CommandEnded: {'returncode': 2}
[3.310121] (-) TimerEvent: {}
[3.404415] (my_nav2_navfn_planner) JobEnded: {'identifier': 'my_nav2_navfn_planner', 'rc': 2}
[3.410209] (-) TimerEvent: {}
[3.415002] (-) EventReactorShutdown: {}
