[0.074s] Invoking command in '/home/andrea/tesi/ros2_mapf_cbs/project_1/build/my_nav2_navfn_planner': CMAKE_PREFIX_PATH=/home/andrea/tesi/ros2_mapf_cbs/project_1/install/my_nav2_core:/home/andrea/tesi/ros2_mapf_cbs/project_1/install/my_intermediate_interfaces:/home/andrea/tesi/ros2_mapf_cbs/project_1/install/turtlebot3_multi_robot:/home/andrea/tesi/ros2_mapf_cbs/project_1/install/nav2_straightline_planner:/home/andrea/tesi/ros2_mapf_cbs/project_1/install/my_try_bringup:/home/andrea/tesi/ros2_mapf_cbs/project_1/install/my_nav2_planner:/home/andrea/tesi/ros2_mapf_cbs/project_1/install/my_nav2_navfn_planner:/home/andrea/tesi/ros2_mapf_cbs/simple_example/install/my_robot_bringup:/home/andrea/tesi/ros2_mapf_cbs/simple_example/install/my_robot_interfaces:/home/andrea/tesi/ros2_mapf_cbs/project_1/install/my_package:/home/andrea/tesi/ros2_mapf_cbs/project_1/install/my_intermediate:/home/andrea/tesi/ros2_mapf_cbs/simple_example/install/my_py_pkg:/opt/ros/humble LD_LIBRARY_PATH=/home/andrea/tesi/ros2_mapf_cbs/project_1/install/my_intermediate_interfaces/lib:/home/andrea/tesi/ros2_mapf_cbs/project_1/install/nav2_straightline_planner/lib:/home/andrea/tesi/ros2_mapf_cbs/project_1/install/my_nav2_planner/lib:/home/andrea/tesi/ros2_mapf_cbs/project_1/install/my_nav2_navfn_planner/lib:/home/andrea/tesi/ros2_mapf_cbs/simple_example/install/my_robot_interfaces/lib:/usr/lib/x86_64-linux-gnu/gazebo-11/plugins:/opt/ros/humble/opt/rviz_ogre_vendor/lib:/opt/ros/humble/lib/x86_64-linux-gnu:/opt/ros/humble/lib:/home/andrea/ws_online/build/ros2_bdi_on_litter_world /usr/bin/cmake --build /home/andrea/tesi/ros2_mapf_cbs/project_1/build/my_nav2_navfn_planner -- -j8 -l8
[0.117s] [35m[1mConsolidate compiler generated dependencies of target my_nav2_navfn_planner[0m
[0.143s] [ 33%] [32mBuilding CXX object CMakeFiles/my_nav2_navfn_planner.dir/src/my_navfn.cpp.o[0m
[1.956s] In file included from [01m[K/opt/ros/humble/include/rclcpp/rclcpp/client.hpp:40[m[K,
[1.956s]                  from [01m[K/opt/ros/humble/include/rclcpp/rclcpp/callback_group.hpp:24[m[K,
[1.956s]                  from [01m[K/opt/ros/humble/include/rclcpp/rclcpp/any_executable.hpp:20[m[K,
[1.957s]                  from [01m[K/opt/ros/humble/include/rclcpp/rclcpp/memory_strategy.hpp:25[m[K,
[1.957s]                  from [01m[K/opt/ros/humble/include/rclcpp/rclcpp/memory_strategies.hpp:18[m[K,
[1.957s]                  from [01m[K/opt/ros/humble/include/rclcpp/rclcpp/executor_options.hpp:20[m[K,
[1.957s]                  from [01m[K/opt/ros/humble/include/rclcpp/rclcpp/executor.hpp:37[m[K,
[1.957s]                  from [01m[K/opt/ros/humble/include/rclcpp/rclcpp/executors/multi_threaded_executor.hpp:25[m[K,
[1.957s]                  from [01m[K/opt/ros/humble/include/rclcpp/rclcpp/executors.hpp:21[m[K,
[1.957s]                  from [01m[K/opt/ros/humble/include/rclcpp/rclcpp/rclcpp.hpp:155[m[K,
[1.957s]                  from [01m[K/home/andrea/tesi/ros2_mapf_cbs/project_1/src/my_nav2_navfn_planner/src/my_navfn.cpp:47[m[K:
[1.957s] [01m[K/home/andrea/tesi/ros2_mapf_cbs/project_1/src/my_nav2_navfn_planner/src/my_navfn.cpp:[m[K In member function â€˜[01m[Kint my_nav2_navfn_planner::MyNavFn::calcPath(int, std::vector<std::map<std::__cxx11::basic_string<char>, int> >, std::vector<std::map<std::__cxx11::basic_string<char>, int> >, int*)[m[Kâ€™:
[1.957s] [01m[K/home/andrea/tesi/ros2_mapf_cbs/project_1/src/my_nav2_navfn_planner/src/my_navfn.cpp:738:21:[m[K [01;31m[Kerror: [m[Kâ€˜[01m[Klogger_[m[Kâ€™ was not declared in this scope
[1.957s]   738 |         RCLCPP_WARN([01;31m[Klogger_[m[K,"cell_value = %d, ts_value = %d, time_step = %d", cell_value, ts_value, time_step);
[1.957s]       |                     [01;31m[K^~~~~~~[m[K
[1.957s] [01m[K/home/andrea/tesi/ros2_mapf_cbs/project_1/src/my_nav2_navfn_planner/src/my_navfn.cpp:738:9:[m[K [01;31m[Kerror: [m[Ktemplate argument 1 is invalid
[1.957s]   738 |         [01;31m[KRCLCPP_WARN[m[K(logger_,"cell_value = %d, ts_value = %d, time_step = %d", cell_value, ts_value, time_step);
[1.957s]       |         [01;31m[K^~~~~~~~~~~[m[K
[1.957s] [01m[K/home/andrea/tesi/ros2_mapf_cbs/project_1/src/my_nav2_navfn_planner/src/my_navfn.cpp:738:9:[m[K [01;31m[Kerror: [m[Kâ€˜[01m[K<declaration error>[m[Kâ€™ is not a template [[01;31m[K]8;;https://gcc.gnu.org/onlinedocs/gcc/Warning-Options.html#index-fpermissive-fpermissive]8;;[m[K]
[1.957s]   738 |         [01;31m[KRCLCPP_WARN[m[K(logger_,"cell_value = %d, ts_value = %d, time_step = %d", cell_value, ts_value, time_step);
[1.957s]       |         [01;31m[K^~~~~~~~~~~[m[K
[1.957s] [01m[K/home/andrea/tesi/ros2_mapf_cbs/project_1/src/my_nav2_navfn_planner/src/my_navfn.cpp:738:9:[m[K [01;31m[Kerror: [m[Ktemplate argument 1 is invalid
[1.957s]   738 |         [01;31m[KRCLCPP_WARN[m[K(logger_,"cell_value = %d, ts_value = %d, time_step = %d", cell_value, ts_value, time_step);
[1.957s]       |         [01;31m[K^~~~~~~~~~~[m[K
[1.957s] [01m[K/home/andrea/tesi/ros2_mapf_cbs/project_1/src/my_nav2_navfn_planner/src/my_navfn.cpp:738:9:[m[K [01;31m[Kerror: [m[Kâ€˜[01m[K<declaration error>[m[Kâ€™ is not a template [[01;31m[K]8;;https://gcc.gnu.org/onlinedocs/gcc/Warning-Options.html#index-fpermissive-fpermissive]8;;[m[K]
[1.957s]   738 |         [01;31m[KRCLCPP_WARN[m[K(logger_,"cell_value = %d, ts_value = %d, time_step = %d", cell_value, ts_value, time_step);
[1.957s]       |         [01;31m[K^~~~~~~~~~~[m[K
[1.957s] [01m[K/home/andrea/tesi/ros2_mapf_cbs/project_1/src/my_nav2_navfn_planner/src/my_navfn.cpp:738:9:[m[K [01;31m[Kerror: [m[Ktemplate argument 1 is invalid
[1.957s]   738 |         [01;31m[KRCLCPP_WARN[m[K(logger_,"cell_value = %d, ts_value = %d, time_step = %d", cell_value, ts_value, time_step);
[1.958s]       |         [01;31m[K^~~~~~~~~~~[m[K
[1.962s] [01m[K/home/andrea/tesi/ros2_mapf_cbs/project_1/src/my_nav2_navfn_planner/src/my_navfn.cpp:746:21:[m[K [01;31m[Kerror: [m[Kâ€˜[01m[Klogger_[m[Kâ€™ was not declared in this scope
[1.962s]   746 |         RCLCPP_WARN([01;31m[Klogger_[m[K,"ts_value = %d, time_step = %d", ts_value, time_step);
[1.962s]       |                     [01;31m[K^~~~~~~[m[K
[1.962s] [01m[K/home/andrea/tesi/ros2_mapf_cbs/project_1/src/my_nav2_navfn_planner/src/my_navfn.cpp:746:9:[m[K [01;31m[Kerror: [m[Ktemplate argument 1 is invalid
[1.962s]   746 |         [01;31m[KRCLCPP_WARN[m[K(logger_,"ts_value = %d, time_step = %d", ts_value, time_step);
[1.962s]       |         [01;31m[K^~~~~~~~~~~[m[K
[1.962s] [01m[K/home/andrea/tesi/ros2_mapf_cbs/project_1/src/my_nav2_navfn_planner/src/my_navfn.cpp:746:9:[m[K [01;31m[Kerror: [m[Kâ€˜[01m[K<declaration error>[m[Kâ€™ is not a template [[01;31m[K]8;;https://gcc.gnu.org/onlinedocs/gcc/Warning-Options.html#index-fpermissive-fpermissive]8;;[m[K]
[1.963s]   746 |         [01;31m[KRCLCPP_WARN[m[K(logger_,"ts_value = %d, time_step = %d", ts_value, time_step);
[1.963s]       |         [01;31m[K^~~~~~~~~~~[m[K
[1.963s] [01m[K/home/andrea/tesi/ros2_mapf_cbs/project_1/src/my_nav2_navfn_planner/src/my_navfn.cpp:746:9:[m[K [01;31m[Kerror: [m[Ktemplate argument 1 is invalid
[1.963s]   746 |         [01;31m[KRCLCPP_WARN[m[K(logger_,"ts_value = %d, time_step = %d", ts_value, time_step);
[1.963s]       |         [01;31m[K^~~~~~~~~~~[m[K
[1.963s] [01m[K/home/andrea/tesi/ros2_mapf_cbs/project_1/src/my_nav2_navfn_planner/src/my_navfn.cpp:746:9:[m[K [01;31m[Kerror: [m[Kâ€˜[01m[K<declaration error>[m[Kâ€™ is not a template [[01;31m[K]8;;https://gcc.gnu.org/onlinedocs/gcc/Warning-Options.html#index-fpermissive-fpermissive]8;;[m[K]
[1.963s]   746 |         [01;31m[KRCLCPP_WARN[m[K(logger_,"ts_value = %d, time_step = %d", ts_value, time_step);
[1.963s]       |         [01;31m[K^~~~~~~~~~~[m[K
[1.963s] [01m[K/home/andrea/tesi/ros2_mapf_cbs/project_1/src/my_nav2_navfn_planner/src/my_navfn.cpp:746:9:[m[K [01;31m[Kerror: [m[Ktemplate argument 1 is invalid
[1.963s]   746 |         [01;31m[KRCLCPP_WARN[m[K(logger_,"ts_value = %d, time_step = %d", ts_value, time_step);
[1.963s]       |         [01;31m[K^~~~~~~~~~~[m[K
[1.968s] [01m[K/home/andrea/tesi/ros2_mapf_cbs/project_1/src/my_nav2_navfn_planner/src/my_navfn.cpp:747:21:[m[K [01;31m[Kerror: [m[Kâ€˜[01m[Klogger_[m[Kâ€™ was not declared in this scope
[1.968s]   747 |         RCLCPP_WARN([01;31m[Klogger_[m[K,"cell_from_value = %d, stc = %d", cell_from_value, stc);
[1.968s]       |                     [01;31m[K^~~~~~~[m[K
[1.968s] [01m[K/home/andrea/tesi/ros2_mapf_cbs/project_1/src/my_nav2_navfn_planner/src/my_navfn.cpp:747:9:[m[K [01;31m[Kerror: [m[Ktemplate argument 1 is invalid
[1.968s]   747 |         [01;31m[KRCLCPP_WARN[m[K(logger_,"cell_from_value = %d, stc = %d", cell_from_value, stc);
[1.968s]       |         [01;31m[K^~~~~~~~~~~[m[K
[1.968s] [01m[K/home/andrea/tesi/ros2_mapf_cbs/project_1/src/my_nav2_navfn_planner/src/my_navfn.cpp:747:9:[m[K [01;31m[Kerror: [m[Kâ€˜[01m[K<declaration error>[m[Kâ€™ is not a template [[01;31m[K]8;;https://gcc.gnu.org/onlinedocs/gcc/Warning-Options.html#index-fpermissive-fpermissive]8;;[m[K]
[1.968s]   747 |         [01;31m[KRCLCPP_WARN[m[K(logger_,"cell_from_value = %d, stc = %d", cell_from_value, stc);
[1.968s]       |         [01;31m[K^~~~~~~~~~~[m[K
[1.968s] [01m[K/home/andrea/tesi/ros2_mapf_cbs/project_1/src/my_nav2_navfn_planner/src/my_navfn.cpp:747:9:[m[K [01;31m[Kerror: [m[Ktemplate argument 1 is invalid
[1.968s]   747 |         [01;31m[KRCLCPP_WARN[m[K(logger_,"cell_from_value = %d, stc = %d", cell_from_value, stc);
[1.968s]       |         [01;31m[K^~~~~~~~~~~[m[K
[1.968s] [01m[K/home/andrea/tesi/ros2_mapf_cbs/project_1/src/my_nav2_navfn_planner/src/my_navfn.cpp:747:9:[m[K [01;31m[Kerror: [m[Kâ€˜[01m[K<declaration error>[m[Kâ€™ is not a template [[01;31m[K]8;;https://gcc.gnu.org/onlinedocs/gcc/Warning-Options.html#index-fpermissive-fpermissive]8;;[m[K]
[1.968s]   747 |         [01;31m[KRCLCPP_WARN[m[K(logger_,"cell_from_value = %d, stc = %d", cell_from_value, stc);
[1.968s]       |         [01;31m[K^~~~~~~~~~~[m[K
[1.968s] [01m[K/home/andrea/tesi/ros2_mapf_cbs/project_1/src/my_nav2_navfn_planner/src/my_navfn.cpp:747:9:[m[K [01;31m[Kerror: [m[Ktemplate argument 1 is invalid
[1.968s]   747 |         [01;31m[KRCLCPP_WARN[m[K(logger_,"cell_from_value = %d, stc = %d", cell_from_value, stc);
[1.968s]       |         [01;31m[K^~~~~~~~~~~[m[K
[2.286s] gmake[2]: *** [CMakeFiles/my_nav2_navfn_planner.dir/build.make:90: CMakeFiles/my_nav2_navfn_planner.dir/src/my_navfn.cpp.o] Error 1
[2.287s] gmake[1]: *** [CMakeFiles/Makefile2:137: CMakeFiles/my_nav2_navfn_planner.dir/all] Error 2
[2.287s] gmake: *** [Makefile:146: all] Error 2
[2.289s] Invoked command in '/home/andrea/tesi/ros2_mapf_cbs/project_1/build/my_nav2_navfn_planner' returned '2': CMAKE_PREFIX_PATH=/home/andrea/tesi/ros2_mapf_cbs/project_1/install/my_nav2_core:/home/andrea/tesi/ros2_mapf_cbs/project_1/install/my_intermediate_interfaces:/home/andrea/tesi/ros2_mapf_cbs/project_1/install/turtlebot3_multi_robot:/home/andrea/tesi/ros2_mapf_cbs/project_1/install/nav2_straightline_planner:/home/andrea/tesi/ros2_mapf_cbs/project_1/install/my_try_bringup:/home/andrea/tesi/ros2_mapf_cbs/project_1/install/my_nav2_planner:/home/andrea/tesi/ros2_mapf_cbs/project_1/install/my_nav2_navfn_planner:/home/andrea/tesi/ros2_mapf_cbs/simple_example/install/my_robot_bringup:/home/andrea/tesi/ros2_mapf_cbs/simple_example/install/my_robot_interfaces:/home/andrea/tesi/ros2_mapf_cbs/project_1/install/my_package:/home/andrea/tesi/ros2_mapf_cbs/project_1/install/my_intermediate:/home/andrea/tesi/ros2_mapf_cbs/simple_example/install/my_py_pkg:/opt/ros/humble LD_LIBRARY_PATH=/home/andrea/tesi/ros2_mapf_cbs/project_1/install/my_intermediate_interfaces/lib:/home/andrea/tesi/ros2_mapf_cbs/project_1/install/nav2_straightline_planner/lib:/home/andrea/tesi/ros2_mapf_cbs/project_1/install/my_nav2_planner/lib:/home/andrea/tesi/ros2_mapf_cbs/project_1/install/my_nav2_navfn_planner/lib:/home/andrea/tesi/ros2_mapf_cbs/simple_example/install/my_robot_interfaces/lib:/usr/lib/x86_64-linux-gnu/gazebo-11/plugins:/opt/ros/humble/opt/rviz_ogre_vendor/lib:/opt/ros/humble/lib/x86_64-linux-gnu:/opt/ros/humble/lib:/home/andrea/ws_online/build/ros2_bdi_on_litter_world /usr/bin/cmake --build /home/andrea/tesi/ros2_mapf_cbs/project_1/build/my_nav2_navfn_planner -- -j8 -l8
