[0.000000] (-) TimerEvent: {}
[0.000158] (-) JobUnselected: {'identifier': 'my_intermediate'}
[0.000232] (-) JobUnselected: {'identifier': 'my_intermediate_interfaces'}
[0.000246] (-) JobUnselected: {'identifier': 'my_package'}
[0.000316] (-) JobUnselected: {'identifier': 'my_try_bringup'}
[0.000328] (-) JobUnselected: {'identifier': 'nav2_straightline_planner'}
[0.000339] (-) JobUnselected: {'identifier': 'turtlebot3_multi_robot'}
[0.000354] (my_nav2_navfn_planner) JobQueued: {'identifier': 'my_nav2_navfn_planner', 'dependencies': OrderedDict()}
[0.000369] (my_nav2_navfn_planner) JobStarted: {'identifier': 'my_nav2_navfn_planner'}
[0.056372] (my_nav2_navfn_planner) JobProgress: {'identifier': 'my_nav2_navfn_planner', 'progress': 'cmake'}
[0.061401] (my_nav2_navfn_planner) JobProgress: {'identifier': 'my_nav2_navfn_planner', 'progress': 'build'}
[0.061943] (my_nav2_navfn_planner) Command: {'cmd': ['/usr/bin/cmake', '--build', '/home/andrea/tesi/ros2_mapf_cbs/project_1/build/my_nav2_navfn_planner', '--', '-j8', '-l8'], 'cwd': '/home/andrea/tesi/ros2_mapf_cbs/project_1/build/my_nav2_navfn_planner', 'env': OrderedDict([('LESSOPEN', '| /usr/bin/lesspipe %s'), ('USER', 'andrea'), ('LC_TIME', 'it_IT.UTF-8'), ('XDG_SESSION_TYPE', 'wayland'), ('SHLVL', '1'), ('LD_LIBRARY_PATH', '/home/andrea/tesi/ros2_mapf_cbs/project_1/install/my_intermediate_interfaces/lib:/home/andrea/tesi/ros2_mapf_cbs/simple_example/install/my_robot_interfaces/lib:/usr/lib/x86_64-linux-gnu/gazebo-11/plugins:/opt/ros/humble/opt/rviz_ogre_vendor/lib:/opt/ros/humble/lib/x86_64-linux-gnu:/opt/ros/humble/lib::/home/andrea/ws_online/build/ros2_bdi_on_litter_world'), ('HOME', '/home/andrea'), ('OLDPWD', '/home/andrea/tesi/ros2_mapf_cbs'), ('DESKTOP_SESSION', 'ubuntu'), ('NVM_BIN', '/home/andrea/.nvm/versions/node/v18.15.0/bin'), ('NVM_INC', '/home/andrea/.nvm/versions/node/v18.15.0/include/node'), ('ROS_PYTHON_VERSION', '3'), ('GNOME_SHELL_SESSION_MODE', 'ubuntu'), ('GRADLE_HOME', '/opt/gradle/gradle-4.4.1'), ('GTK_MODULES', 'gail:atk-bridge'), ('LC_MONETARY', 'it_IT.UTF-8'), ('SYSTEMD_EXEC_PID', '1768'), ('DBUS_SESSION_BUS_ADDRESS', 'unix:path=/run/user/1000/bus'), ('COLORTERM', 'truecolor'), ('NVM_DIR', '/home/andrea/.nvm'), ('IM_CONFIG_PHASE', '1'), ('WAYLAND_DISPLAY', 'wayland-0'), ('COLCON_PREFIX_PATH', '/home/andrea/tesi/ros2_mapf_cbs/project_1/install:/home/andrea/tesi/ros2_mapf_cbs/simple_example/install'), ('ROS_DISTRO', 'humble'), ('LOGNAME', 'andrea'), ('_', '/usr/bin/colcon'), ('ROS_VERSION', '2'), ('XDG_SESSION_CLASS', 'user'), ('USERNAME', 'andrea'), ('TERM', 'xterm-256color'), ('GAZEBO_MODEL_PATH', '/home/andrea/tesi/ros2_mapf_cbs/project_1/install/turtlebot3_multi_robot/share/turtlebot3_multi_robot/models:/opt/ros/humble/share/turtlebot3_gazebo/models'), ('GNOME_DESKTOP_SESSION_ID', 'this-is-deprecated'), ('ROS_LOCALHOST_ONLY', '0'), ('PATH', '/home/andrea/.nvm/versions/node/v18.15.0/bin:/opt/ros/humble/bin:/home/andrea/.local/bin:/opt/gradle/gradle-4.4.1/bin:/usr/local/sbin:/usr/local/bin:/usr/sbin:/usr/bin:/sbin:/bin:/usr/games:/usr/local/games:/snap/bin:/snap/bin'), ('SESSION_MANAGER', 'local/andrea-IdeaPad-5-15ITL05:@/tmp/.ICE-unix/1743,unix/andrea-IdeaPad-5-15ITL05:/tmp/.ICE-unix/1743'), ('XDG_MENU_PREFIX', 'gnome-'), ('LC_ADDRESS', 'it_IT.UTF-8'), ('GNOME_TERMINAL_SCREEN', '/org/gnome/Terminal/screen/7edf4a28_eff1_4dc5_8029_99db77da4117'), ('GNOME_SETUP_DISPLAY', ':1'), ('XDG_RUNTIME_DIR', '/run/user/1000'), ('DISPLAY', ':0'), ('LANG', 'en_US.UTF-8'), ('XDG_CURRENT_DESKTOP', 'ubuntu:GNOME'), ('LC_TELEPHONE', 'it_IT.UTF-8'), ('RMW_IMPLEMENTATION', 'rmw_cyclonedds_cpp'), ('XMODIFIERS', '@im=ibus'), ('XDG_SESSION_DESKTOP', 'ubuntu'), ('XAUTHORITY', '/run/user/1000/.mutter-Xwaylandauth.AHDFD2'), ('LS_COLORS', 'rs=0:di=01;34:ln=01;36:mh=00:pi=40;33:so=01;35:do=01;35:bd=40;33;01:cd=40;33;01:or=40;31;01:mi=00:su=37;41:sg=30;43:ca=30;41:tw=30;42:ow=34;42:st=37;44:ex=01;32:*.tar=01;31:*.tgz=01;31:*.arc=01;31:*.arj=01;31:*.taz=01;31:*.lha=01;31:*.lz4=01;31:*.lzh=01;31:*.lzma=01;31:*.tlz=01;31:*.txz=01;31:*.tzo=01;31:*.t7z=01;31:*.zip=01;31:*.z=01;31:*.dz=01;31:*.gz=01;31:*.lrz=01;31:*.lz=01;31:*.lzo=01;31:*.xz=01;31:*.zst=01;31:*.tzst=01;31:*.bz2=01;31:*.bz=01;31:*.tbz=01;31:*.tbz2=01;31:*.tz=01;31:*.deb=01;31:*.rpm=01;31:*.jar=01;31:*.war=01;31:*.ear=01;31:*.sar=01;31:*.rar=01;31:*.alz=01;31:*.ace=01;31:*.zoo=01;31:*.cpio=01;31:*.7z=01;31:*.rz=01;31:*.cab=01;31:*.wim=01;31:*.swm=01;31:*.dwm=01;31:*.esd=01;31:*.jpg=01;35:*.jpeg=01;35:*.mjpg=01;35:*.mjpeg=01;35:*.gif=01;35:*.bmp=01;35:*.pbm=01;35:*.pgm=01;35:*.ppm=01;35:*.tga=01;35:*.xbm=01;35:*.xpm=01;35:*.tif=01;35:*.tiff=01;35:*.png=01;35:*.svg=01;35:*.svgz=01;35:*.mng=01;35:*.pcx=01;35:*.mov=01;35:*.mpg=01;35:*.mpeg=01;35:*.m2v=01;35:*.mkv=01;35:*.webm=01;35:*.webp=01;35:*.ogm=01;35:*.mp4=01;35:*.m4v=01;35:*.mp4v=01;35:*.vob=01;35:*.qt=01;35:*.nuv=01;35:*.wmv=01;35:*.asf=01;35:*.rm=01;35:*.rmvb=01;35:*.flc=01;35:*.avi=01;35:*.fli=01;35:*.flv=01;35:*.gl=01;35:*.dl=01;35:*.xcf=01;35:*.xwd=01;35:*.yuv=01;35:*.cgm=01;35:*.emf=01;35:*.ogv=01;35:*.ogx=01;35:*.aac=00;36:*.au=00;36:*.flac=00;36:*.m4a=00;36:*.mid=00;36:*.midi=00;36:*.mka=00;36:*.mp3=00;36:*.mpc=00;36:*.ogg=00;36:*.ra=00;36:*.wav=00;36:*.oga=00;36:*.opus=00;36:*.spx=00;36:*.xspf=00;36:'), ('GNOME_TERMINAL_SERVICE', ':1.126'), ('SSH_AGENT_LAUNCHER', 'gnome-keyring'), ('SSH_AUTH_SOCK', '/run/user/1000/keyring/ssh'), ('AMENT_PREFIX_PATH', '/home/andrea/tesi/ros2_mapf_cbs/project_1/install/turtlebot3_multi_robot:/home/andrea/tesi/ros2_mapf_cbs/project_1/install/my_try_bringup:/home/andrea/tesi/ros2_mapf_cbs/project_1/install/my_package:/home/andrea/tesi/ros2_mapf_cbs/project_1/install/my_intermediate_interfaces:/home/andrea/tesi/ros2_mapf_cbs/project_1/install/my_intermediate:/home/andrea/tesi/ros2_mapf_cbs/simple_example/install/my_robot_bringup:/home/andrea/tesi/ros2_mapf_cbs/simple_example/install/my_py_pkg:/home/andrea/tesi/ros2_mapf_cbs/simple_example/install/my_robot_interfaces:/opt/ros/humble'), ('SHELL', '/bin/bash'), ('LC_NAME', 'it_IT.UTF-8'), ('QT_ACCESSIBILITY', '1'), ('GDMSESSION', 'ubuntu'), ('LESSCLOSE', '/usr/bin/lesspipe %s %s'), ('LC_MEASUREMENT', 'it_IT.UTF-8'), ('LC_IDENTIFICATION', 'it_IT.UTF-8'), ('QT_IM_MODULE', 'ibus'), ('PWD', '/home/andrea/tesi/ros2_mapf_cbs/project_1/build/my_nav2_navfn_planner'), ('TURTLEBOT3_MODEL', 'waffle'), ('LC_ALL', 'en_US.UTF-8'), ('XDG_CONFIG_DIRS', '/etc/xdg/xdg-ubuntu:/etc/xdg'), ('NVM_CD_FLAGS', ''), ('XDG_DATA_DIRS', '/usr/share/ubuntu:/usr/local/share/:/usr/share/:/var/lib/snapd/desktop'), ('PYTHONPATH', '/home/andrea/tesi/ros2_mapf_cbs/project_1/build/my_package:/home/andrea/tesi/ros2_mapf_cbs/project_1/install/my_package/lib/python3.10/site-packages:/home/andrea/tesi/ros2_mapf_cbs/project_1/install/my_intermediate_interfaces/local/lib/python3.10/dist-packages:/home/andrea/tesi/ros2_mapf_cbs/project_1/build/my_intermediate:/home/andrea/tesi/ros2_mapf_cbs/project_1/install/my_intermediate/lib/python3.10/site-packages:/home/andrea/tesi/ros2_mapf_cbs/simple_example/build/my_py_pkg:/home/andrea/tesi/ros2_mapf_cbs/simple_example/install/my_py_pkg/lib/python3.10/site-packages:/home/andrea/tesi/ros2_mapf_cbs/simple_example/install/my_robot_interfaces/local/lib/python3.10/dist-packages:/opt/ros/humble/lib/python3.10/site-packages:/opt/ros/humble/local/lib/python3.10/dist-packages'), ('LC_NUMERIC', 'it_IT.UTF-8'), ('LC_PAPER', 'it_IT.UTF-8'), ('COLCON', '1'), ('VTE_VERSION', '6800'), ('CMAKE_PREFIX_PATH', '/home/andrea/tesi/ros2_mapf_cbs/project_1/install/turtlebot3_multi_robot:/home/andrea/tesi/ros2_mapf_cbs/project_1/install/my_try_bringup:/home/andrea/tesi/ros2_mapf_cbs/project_1/install/my_intermediate_interfaces:/home/andrea/tesi/ros2_mapf_cbs/simple_example/install/my_robot_bringup:/home/andrea/tesi/ros2_mapf_cbs/simple_example/install/my_robot_interfaces:/home/andrea/tesi/ros2_mapf_cbs/project_1/install/my_package:/home/andrea/tesi/ros2_mapf_cbs/project_1/install/my_intermediate:/home/andrea/tesi/ros2_mapf_cbs/simple_example/install/my_py_pkg:/opt/ros/humble')]), 'shell': False}
[0.082034] (my_nav2_navfn_planner) StdoutLine: {'line': b'-- Found ament_cmake: 1.3.5 (/opt/ros/humble/share/ament_cmake/cmake)\n'}
[0.099396] (-) TimerEvent: {}
[0.187049] (my_nav2_navfn_planner) StdoutLine: {'line': b'-- Found nav2_common: 1.1.12 (/opt/ros/humble/share/nav2_common/cmake)\n'}
[0.187266] (my_nav2_navfn_planner) StdoutLine: {'line': b'-- Found rclcpp: 16.0.6 (/opt/ros/humble/share/rclcpp/cmake)\n'}
[0.199512] (-) TimerEvent: {}
[0.206892] (my_nav2_navfn_planner) StdoutLine: {'line': b'-- Found rosidl_generator_c: 3.1.5 (/opt/ros/humble/share/rosidl_generator_c/cmake)\n'}
[0.208464] (my_nav2_navfn_planner) StdoutLine: {'line': b'-- Found rosidl_adapter: 3.1.5 (/opt/ros/humble/share/rosidl_adapter/cmake)\n'}
[0.212409] (my_nav2_navfn_planner) StdoutLine: {'line': b'-- Found rosidl_generator_cpp: 3.1.5 (/opt/ros/humble/share/rosidl_generator_cpp/cmake)\n'}
[0.219711] (my_nav2_navfn_planner) StdoutLine: {'line': b'-- Using all available rosidl_typesupport_c: rosidl_typesupport_fastrtps_c;rosidl_typesupport_introspection_c\n'}
[0.231324] (my_nav2_navfn_planner) StdoutLine: {'line': b'-- Using all available rosidl_typesupport_cpp: rosidl_typesupport_fastrtps_cpp;rosidl_typesupport_introspection_cpp\n'}
[0.271138] (my_nav2_navfn_planner) StdoutLine: {'line': b'-- Found rmw_implementation_cmake: 6.1.1 (/opt/ros/humble/share/rmw_implementation_cmake/cmake)\n'}
[0.272238] (my_nav2_navfn_planner) StdoutLine: {'line': b'-- Found rmw_cyclonedds_cpp: 1.3.4 (/opt/ros/humble/share/rmw_cyclonedds_cpp/cmake)\n'}
[0.291134] (my_nav2_navfn_planner) StdoutLine: {'line': b"-- Using RMW implementation 'rmw_cyclonedds_cpp' as default\n"}
[0.299590] (-) TimerEvent: {}
[0.398694] (my_nav2_navfn_planner) StdoutLine: {'line': b'-- Found rclcpp_action: 16.0.6 (/opt/ros/humble/share/rclcpp_action/cmake)\n'}
[0.399683] (-) TimerEvent: {}
[0.458481] (my_nav2_navfn_planner) StdoutLine: {'line': b'-- Found rclcpp_lifecycle: 16.0.6 (/opt/ros/humble/share/rclcpp_lifecycle/cmake)\n'}
[0.483097] (my_nav2_navfn_planner) StdoutLine: {'line': b'-- Found visualization_msgs: 4.2.3 (/opt/ros/humble/share/visualization_msgs/cmake)\n'}
[0.499858] (-) TimerEvent: {}
[0.600177] (-) TimerEvent: {}
[0.656460] (my_nav2_navfn_planner) StdoutLine: {'line': b'-- Found nav2_util: 1.1.12 (/opt/ros/humble/share/nav2_util/cmake)\n'}
[0.700334] (-) TimerEvent: {}
[0.800682] (-) TimerEvent: {}
[0.901110] (-) TimerEvent: {}
[1.001518] (-) TimerEvent: {}
[1.015497] (my_nav2_navfn_planner) StdoutLine: {'line': b'-- Found eigen3_cmake_module: 0.1.1 (/opt/ros/humble/share/eigen3_cmake_module/cmake)\n'}
[1.016416] (my_nav2_navfn_planner) StdoutLine: {'line': b'-- Ensuring Eigen3 include directory is part of orocos-kdl CMake target\n'}
[1.101704] (-) TimerEvent: {}
[1.139566] (my_nav2_navfn_planner) StdoutLine: {'line': b'-- Found nav2_core: 1.1.12 (/opt/ros/humble/share/nav2_core/cmake)\n'}
[1.201883] (-) TimerEvent: {}
[1.302156] (-) TimerEvent: {}
[1.402456] (-) TimerEvent: {}
[1.502806] (-) TimerEvent: {}
[1.603115] (-) TimerEvent: {}
[1.703479] (-) TimerEvent: {}
[1.803846] (-) TimerEvent: {}
[1.904225] (-) TimerEvent: {}
[2.004540] (-) TimerEvent: {}
[2.104833] (-) TimerEvent: {}
[2.205224] (-) TimerEvent: {}
[2.305582] (-) TimerEvent: {}
[2.405886] (-) TimerEvent: {}
[2.506195] (-) TimerEvent: {}
[2.606507] (-) TimerEvent: {}
[2.706825] (-) TimerEvent: {}
[2.807197] (-) TimerEvent: {}
[2.907566] (-) TimerEvent: {}
[3.007947] (-) TimerEvent: {}
[3.108329] (-) TimerEvent: {}
[3.208703] (-) TimerEvent: {}
[3.309089] (-) TimerEvent: {}
[3.409492] (-) TimerEvent: {}
[3.509893] (-) TimerEvent: {}
[3.610291] (-) TimerEvent: {}
[3.710630] (-) TimerEvent: {}
[3.811029] (-) TimerEvent: {}
[3.911444] (-) TimerEvent: {}
[4.011849] (-) TimerEvent: {}
[4.112267] (-) TimerEvent: {}
[4.212679] (-) TimerEvent: {}
[4.313091] (-) TimerEvent: {}
[4.413495] (-) TimerEvent: {}
[4.513898] (-) TimerEvent: {}
[4.614327] (-) TimerEvent: {}
[4.714736] (-) TimerEvent: {}
[4.815148] (-) TimerEvent: {}
[4.915587] (-) TimerEvent: {}
[5.015996] (-) TimerEvent: {}
[5.116427] (-) TimerEvent: {}
[5.208183] (my_nav2_navfn_planner) StdoutLine: {'line': b'-- Found ament_lint_auto: 0.12.8 (/opt/ros/humble/share/ament_lint_auto/cmake)\n'}
[5.208530] (my_nav2_navfn_planner) StdoutLine: {'line': b'-- Found ament_cmake_gtest: 1.3.5 (/opt/ros/humble/share/ament_cmake_gtest/cmake)\n'}
[5.216665] (-) TimerEvent: {}
[5.260523] (my_nav2_navfn_planner) StdoutLine: {'line': b"-- Added test 'copyright' to check source files copyright and LICENSE\n"}
[5.261176] (my_nav2_navfn_planner) StdoutLine: {'line': b"-- Added test 'cppcheck' to perform static code analysis on C / C++ code\n"}
[5.261348] (my_nav2_navfn_planner) StdoutLine: {'line': b'-- Configured cppcheck include dirs: /home/andrea/tesi/ros2_mapf_cbs/project_1/src/my_nav2_navfn_planner/include\n'}
[5.261418] (my_nav2_navfn_planner) StdoutLine: {'line': b'-- Configured cppcheck exclude dirs and/or files: \n'}
[5.261886] (my_nav2_navfn_planner) StdoutLine: {'line': b"-- Added test 'cpplint' to check C / C++ code against the Google style\n"}
[5.261965] (my_nav2_navfn_planner) StdoutLine: {'line': b'-- Configured cpplint exclude dirs and/or files: \n'}
[5.262323] (my_nav2_navfn_planner) StdoutLine: {'line': b"-- Added test 'lint_cmake' to check CMake code style\n"}
[5.262832] (my_nav2_navfn_planner) StdoutLine: {'line': b"-- Added test 'uncrustify' to check C / C++ code style\n"}
[5.262909] (my_nav2_navfn_planner) StdoutLine: {'line': b'-- Configured uncrustify additional arguments: \n'}
[5.262978] (my_nav2_navfn_planner) StdoutLine: {'line': b"-- Added test 'xmllint' to check XML markup files\n"}
[5.264808] (my_nav2_navfn_planner) StdoutLine: {'line': b'-- Configuring done\n'}
[5.293819] (my_nav2_navfn_planner) StdoutLine: {'line': b'-- Generating done\n'}
[5.295150] (my_nav2_navfn_planner) StdoutLine: {'line': b'-- Build files have been written to: /home/andrea/tesi/ros2_mapf_cbs/project_1/build/my_nav2_navfn_planner\n'}
[5.316103] (my_nav2_navfn_planner) StdoutLine: {'line': b'\x1b[35m\x1b[1mConsolidate compiler generated dependencies of target my_nav2_navfn_planner\x1b[0m\n'}
[5.316726] (-) TimerEvent: {}
[5.328096] (my_nav2_navfn_planner) StdoutLine: {'line': b'[ 33%] \x1b[32mBuilding CXX object CMakeFiles/my_nav2_navfn_planner.dir/src/navfn_planner.cpp.o\x1b[0m\n'}
[5.416926] (-) TimerEvent: {}
[5.517273] (-) TimerEvent: {}
[5.581160] (my_nav2_navfn_planner) StderrLine: {'line': b'In file included from \x1b[01m\x1b[K/home/andrea/tesi/ros2_mapf_cbs/project_1/src/my_nav2_navfn_planner/src/navfn_planner.cpp:24\x1b[m\x1b[K:\n'}
[5.581317] (my_nav2_navfn_planner) StderrLine: {'line': b'\x1b[01m\x1b[K/home/andrea/tesi/ros2_mapf_cbs/project_1/src/my_nav2_navfn_planner/include/nav2_navfn_planner/navfn_planner.hpp:28:10:\x1b[m\x1b[K \x1b[01;31m\x1b[Kfatal error: \x1b[m\x1b[Knav2_core/planner_exceptions.hpp: No such file or directory\n'}
[5.581367] (my_nav2_navfn_planner) StderrLine: {'line': b'   28 | #include \x1b[01;31m\x1b[K"nav2_core/planner_exceptions.hpp"\x1b[m\x1b[K\n'}
[5.581408] (my_nav2_navfn_planner) StderrLine: {'line': b'      |          \x1b[01;31m\x1b[K^~~~~~~~~~~~~~~~~~~~~~~~~~~~~~~~~~\x1b[m\x1b[K\n'}
[5.581447] (my_nav2_navfn_planner) StderrLine: {'line': b'compilation terminated.\n'}
[5.584052] (my_nav2_navfn_planner) StderrLine: {'line': b'gmake[2]: *** [CMakeFiles/my_nav2_navfn_planner.dir/build.make:76: CMakeFiles/my_nav2_navfn_planner.dir/src/navfn_planner.cpp.o] Error 1\n'}
[5.584277] (my_nav2_navfn_planner) StderrLine: {'line': b'gmake[1]: *** [CMakeFiles/Makefile2:137: CMakeFiles/my_nav2_navfn_planner.dir/all] Error 2\n'}
[5.584545] (my_nav2_navfn_planner) StderrLine: {'line': b'gmake: *** [Makefile:146: all] Error 2\n'}
[5.586687] (my_nav2_navfn_planner) CommandEnded: {'returncode': 2}
[5.617396] (-) TimerEvent: {}
[5.642656] (my_nav2_navfn_planner) JobEnded: {'identifier': 'my_nav2_navfn_planner', 'rc': 2}
[5.653360] (-) EventReactorShutdown: {}
