[0.135s] Invoking command in '/home/andrea/tesi/ros2_mapf_cbs/project_1/build/my_nav2_smac_planner': CMAKE_PREFIX_PATH=/home/andrea/tesi/ros2_mapf_cbs/project_1/install/my_nav2_core:/home/andrea/tesi/ros2_mapf_cbs/project_1/install/my_intermediate_interfaces:/home/andrea/tesi/ros2_mapf_cbs/project_1/install/turtlebot3_multi_robot:/home/andrea/tesi/ros2_mapf_cbs/project_1/install/nav2_straightline_planner:/home/andrea/tesi/ros2_mapf_cbs/project_1/install/my_try_bringup:/home/andrea/tesi/ros2_mapf_cbs/project_1/install/my_nav2_planner:/home/andrea/tesi/ros2_mapf_cbs/project_1/install/my_nav2_smac_planner:/home/andrea/tesi/ros2_mapf_cbs/project_1/install/my_nav2_navfn_planner:/home/andrea/tesi/ros2_mapf_cbs/simple_example/install/my_robot_bringup:/home/andrea/tesi/ros2_mapf_cbs/simple_example/install/my_robot_interfaces:/home/andrea/tesi/ros2_mapf_cbs/project_1/install/my_package:/home/andrea/tesi/ros2_mapf_cbs/project_1/install/my_intermediate:/home/andrea/tesi/ros2_mapf_cbs/simple_example/install/my_py_pkg:/opt/ros/humble LD_LIBRARY_PATH=/home/andrea/tesi/ros2_mapf_cbs/project_1/install/my_intermediate_interfaces/lib:/home/andrea/tesi/ros2_mapf_cbs/project_1/install/nav2_straightline_planner/lib:/home/andrea/tesi/ros2_mapf_cbs/project_1/install/my_nav2_planner/lib:/home/andrea/tesi/ros2_mapf_cbs/project_1/install/my_nav2_smac_planner/lib:/home/andrea/tesi/ros2_mapf_cbs/project_1/install/my_nav2_navfn_planner/lib:/home/andrea/tesi/ros2_mapf_cbs/simple_example/install/my_robot_interfaces/lib:/usr/lib/x86_64-linux-gnu/gazebo-11/plugins:/opt/ros/humble/opt/rviz_ogre_vendor/lib:/opt/ros/humble/lib/x86_64-linux-gnu:/opt/ros/humble/lib:/home/andrea/ws_online/build/ros2_bdi_on_litter_world /usr/bin/cmake --build /home/andrea/tesi/ros2_mapf_cbs/project_1/build/my_nav2_smac_planner -- -j8 -l8
[0.220s] [35m[1mConsolidate compiler generated dependencies of target my_nav2_smac_planner[0m
[0.343s] [  9%] [32mBuilding CXX object CMakeFiles/my_nav2_smac_planner.dir/src/smac_planner_2d.cpp.o[0m
[8.201s] [ 27%] [32mBuilding CXX object CMakeFiles/my_nav2_smac_planner.dir/src/node_basic.cpp.o[0m
[8.201s] [ 27%] [32mBuilding CXX object CMakeFiles/my_nav2_smac_planner.dir/src/node_2d.cpp.o[0m
[8.201s] [ 36%] [32mBuilding CXX object CMakeFiles/my_nav2_smac_planner.dir/src/analytic_expansion.cpp.o[0m
[8.202s] [ 45%] [32mBuilding CXX object CMakeFiles/my_nav2_smac_planner.dir/src/a_star.cpp.o[0m
[11.750s] [01m[K/home/andrea/tesi/ros2_mapf_cbs/project_1/src/my_nav2_smac_planner/src/node_2d.cpp:[m[K In member function â€˜[01m[Kbool my_nav2_smac_planner::Node2D::isNodeValid(const bool&, my_nav2_smac_planner::GridCollisionChecker*, int, int, std::vector<std::map<std::__cxx11::basic_string<char>, int> >, std::vector<std::map<std::__cxx11::basic_string<char>, int> >)[m[Kâ€™:
[11.750s] [01m[K/home/andrea/tesi/ros2_mapf_cbs/project_1/src/my_nav2_smac_planner/src/node_2d.cpp:80:11:[m[K [01;31m[Kerror: [m[Kâ€˜[01m[Kpotarr_copy[m[Kâ€™ was not declared in this scope
[11.750s]    80 |           [01;31m[Kpotarr_copy[m[K[cell_from_value] = POT_HIGH;
[11.750s]       |           [01;31m[K^~~~~~~~~~~[m[K
[11.759s] [01m[K/home/andrea/tesi/ros2_mapf_cbs/project_1/src/my_nav2_smac_planner/src/node_2d.cpp:80:42:[m[K [01;31m[Kerror: [m[Kâ€˜[01m[KPOT_HIGH[m[Kâ€™ was not declared in this scope
[11.759s]    80 |           potarr_copy[cell_from_value] = [01;31m[KPOT_HIGH[m[K;
[11.759s]       |                                          [01;31m[K^~~~~~~~[m[K
[11.767s] [01m[K/home/andrea/tesi/ros2_mapf_cbs/project_1/src/my_nav2_smac_planner/src/node_2d.cpp:81:11:[m[K [01;31m[Kerror: [m[Kâ€˜[01m[KskipPoint[m[Kâ€™ was not declared in this scope
[11.767s]    81 |           [01;31m[KskipPoint[m[K = true;
[11.767s]       |           [01;31m[K^~~~~~~~~[m[K
[11.773s] [01m[K/home/andrea/tesi/ros2_mapf_cbs/project_1/src/my_nav2_smac_planner/src/node_2d.cpp:82:11:[m[K [01;31m[Kerror: [m[Kâ€˜[01m[Kstc[m[Kâ€™ was not declared in this scope; did you mean â€˜[01m[Kstd[m[Kâ€™?
[11.773s]    82 |           [01;31m[Kstc[m[K = stcs[npath-1];
[11.773s]       |           [01;31m[K^~~[m[K
[11.773s]       |           [32m[Kstd[m[K
[11.779s] [01m[K/home/andrea/tesi/ros2_mapf_cbs/project_1/src/my_nav2_smac_planner/src/node_2d.cpp:82:17:[m[K [01;31m[Kerror: [m[Kâ€˜[01m[Kstcs[m[Kâ€™ was not declared in this scope
[11.779s]    82 |           stc = [01;31m[Kstcs[m[K[npath-1];
[11.779s]       |                 [01;31m[K^~~~[m[K
[11.785s] [01m[K/home/andrea/tesi/ros2_mapf_cbs/project_1/src/my_nav2_smac_planner/src/node_2d.cpp:82:22:[m[K [01;31m[Kerror: [m[Kâ€˜[01m[Knpath[m[Kâ€™ was not declared in this scope
[11.786s]    82 |           stc = stcs[[01;31m[Knpath[m[K-1];
[11.786s]       |                      [01;31m[K^~~~~[m[K
[12.666s] gmake[2]: *** [CMakeFiles/my_nav2_smac_planner.dir/build.make:188: CMakeFiles/my_nav2_smac_planner.dir/src/node_2d.cpp.o] Error 1
[12.666s] gmake[2]: *** Waiting for unfinished jobs....
[14.120s] gmake[1]: *** [CMakeFiles/Makefile2:137: CMakeFiles/my_nav2_smac_planner.dir/all] Error 2
[14.120s] gmake: *** [Makefile:146: all] Error 2
[14.122s] Invoked command in '/home/andrea/tesi/ros2_mapf_cbs/project_1/build/my_nav2_smac_planner' returned '2': CMAKE_PREFIX_PATH=/home/andrea/tesi/ros2_mapf_cbs/project_1/install/my_nav2_core:/home/andrea/tesi/ros2_mapf_cbs/project_1/install/my_intermediate_interfaces:/home/andrea/tesi/ros2_mapf_cbs/project_1/install/turtlebot3_multi_robot:/home/andrea/tesi/ros2_mapf_cbs/project_1/install/nav2_straightline_planner:/home/andrea/tesi/ros2_mapf_cbs/project_1/install/my_try_bringup:/home/andrea/tesi/ros2_mapf_cbs/project_1/install/my_nav2_planner:/home/andrea/tesi/ros2_mapf_cbs/project_1/install/my_nav2_smac_planner:/home/andrea/tesi/ros2_mapf_cbs/project_1/install/my_nav2_navfn_planner:/home/andrea/tesi/ros2_mapf_cbs/simple_example/install/my_robot_bringup:/home/andrea/tesi/ros2_mapf_cbs/simple_example/install/my_robot_interfaces:/home/andrea/tesi/ros2_mapf_cbs/project_1/install/my_package:/home/andrea/tesi/ros2_mapf_cbs/project_1/install/my_intermediate:/home/andrea/tesi/ros2_mapf_cbs/simple_example/install/my_py_pkg:/opt/ros/humble LD_LIBRARY_PATH=/home/andrea/tesi/ros2_mapf_cbs/project_1/install/my_intermediate_interfaces/lib:/home/andrea/tesi/ros2_mapf_cbs/project_1/install/nav2_straightline_planner/lib:/home/andrea/tesi/ros2_mapf_cbs/project_1/install/my_nav2_planner/lib:/home/andrea/tesi/ros2_mapf_cbs/project_1/install/my_nav2_smac_planner/lib:/home/andrea/tesi/ros2_mapf_cbs/project_1/install/my_nav2_navfn_planner/lib:/home/andrea/tesi/ros2_mapf_cbs/simple_example/install/my_robot_interfaces/lib:/usr/lib/x86_64-linux-gnu/gazebo-11/plugins:/opt/ros/humble/opt/rviz_ogre_vendor/lib:/opt/ros/humble/lib/x86_64-linux-gnu:/opt/ros/humble/lib:/home/andrea/ws_online/build/ros2_bdi_on_litter_world /usr/bin/cmake --build /home/andrea/tesi/ros2_mapf_cbs/project_1/build/my_nav2_smac_planner -- -j8 -l8
