[0.061s] Invoking command in '/home/andrea/tesi/ros2_mapf_cbs/project_1/build/my_nav2_smac_planner': CMAKE_PREFIX_PATH=/home/andrea/tesi/ros2_mapf_cbs/project_1/install/my_nav2_core:/home/andrea/tesi/ros2_mapf_cbs/project_1/install/my_intermediate_interfaces:/home/andrea/tesi/ros2_mapf_cbs/project_1/install/turtlebot3_multi_robot:/home/andrea/tesi/ros2_mapf_cbs/project_1/install/nav2_straightline_planner:/home/andrea/tesi/ros2_mapf_cbs/project_1/install/my_try_bringup:/home/andrea/tesi/ros2_mapf_cbs/project_1/install/my_nav2_planner:/home/andrea/tesi/ros2_mapf_cbs/project_1/install/my_nav2_navfn_planner:/home/andrea/tesi/ros2_mapf_cbs/simple_example/install/my_robot_bringup:/home/andrea/tesi/ros2_mapf_cbs/simple_example/install/my_robot_interfaces:/home/andrea/tesi/ros2_mapf_cbs/project_1/install/my_package:/home/andrea/tesi/ros2_mapf_cbs/project_1/install/my_intermediate:/home/andrea/tesi/ros2_mapf_cbs/simple_example/install/my_py_pkg:/opt/ros/humble LD_LIBRARY_PATH=/home/andrea/tesi/ros2_mapf_cbs/project_1/install/my_intermediate_interfaces/lib:/home/andrea/tesi/ros2_mapf_cbs/project_1/install/nav2_straightline_planner/lib:/home/andrea/tesi/ros2_mapf_cbs/project_1/install/my_nav2_planner/lib:/home/andrea/tesi/ros2_mapf_cbs/project_1/install/my_nav2_navfn_planner/lib:/home/andrea/tesi/ros2_mapf_cbs/simple_example/install/my_robot_interfaces/lib:/usr/lib/x86_64-linux-gnu/gazebo-11/plugins:/opt/ros/humble/opt/rviz_ogre_vendor/lib:/opt/ros/humble/lib/x86_64-linux-gnu:/opt/ros/humble/lib:/home/andrea/ws_online/build/ros2_bdi_on_litter_world /usr/bin/cmake --build /home/andrea/tesi/ros2_mapf_cbs/project_1/build/my_nav2_smac_planner -- -j8 -l8
[0.083s] -- Found ament_cmake: 1.3.5 (/opt/ros/humble/share/ament_cmake/cmake)
[0.199s] -- Override CMake install command with custom implementation using symlinks instead of copying resources
[0.212s] -- Found nav2_common: 1.1.12 (/opt/ros/humble/share/nav2_common/cmake)
[0.212s] -- Found rclcpp: 16.0.6 (/opt/ros/humble/share/rclcpp/cmake)
[0.249s] -- Found rosidl_generator_c: 3.1.5 (/opt/ros/humble/share/rosidl_generator_c/cmake)
[0.253s] -- Found rosidl_adapter: 3.1.5 (/opt/ros/humble/share/rosidl_adapter/cmake)
[0.260s] -- Found rosidl_generator_cpp: 3.1.5 (/opt/ros/humble/share/rosidl_generator_cpp/cmake)
[0.274s] -- Using all available rosidl_typesupport_c: rosidl_typesupport_fastrtps_c;rosidl_typesupport_introspection_c
[0.287s] -- Using all available rosidl_typesupport_cpp: rosidl_typesupport_fastrtps_cpp;rosidl_typesupport_introspection_cpp
[0.339s] -- Found rmw_implementation_cmake: 6.1.1 (/opt/ros/humble/share/rmw_implementation_cmake/cmake)
[0.342s] -- Found rmw_cyclonedds_cpp: 1.3.4 (/opt/ros/humble/share/rmw_cyclonedds_cpp/cmake)
[0.370s] -- Using RMW implementation 'rmw_cyclonedds_cpp' as default
[0.489s] -- Found rclcpp_action: 16.0.6 (/opt/ros/humble/share/rclcpp_action/cmake)
[0.567s] -- Found rclcpp_lifecycle: 16.0.6 (/opt/ros/humble/share/rclcpp_lifecycle/cmake)
[0.597s] -- Found visualization_msgs: 4.2.3 (/opt/ros/humble/share/visualization_msgs/cmake)
[0.795s] -- Found nav2_util: 1.1.12 (/opt/ros/humble/share/nav2_util/cmake)
[1.188s] -- Found eigen3_cmake_module: 0.1.1 (/opt/ros/humble/share/eigen3_cmake_module/cmake)
[1.189s] -- Ensuring Eigen3 include directory is part of orocos-kdl CMake target
[1.318s] -- Found nav2_core: 1.1.12 (/opt/ros/humble/share/nav2_core/cmake)
[2.410s] -- Found my_nav2_core: 1.1.12 (/home/andrea/tesi/ros2_mapf_cbs/project_1/install/my_nav2_core/share/my_nav2_core/cmake)
[3.043s] -- Found OpenMP_C: -fopenmp (found version "4.5") 
[3.043s] -- Found OpenMP_CXX: -fopenmp (found version "4.5") 
[3.044s] -- Found OpenMP_C: -fopenmp (found version "4.5") 
[3.044s] -- Found OpenMP_CXX: -fopenmp (found version "4.5") 
[18.176s] -- Found ament_lint_auto: 0.12.8 (/opt/ros/humble/share/ament_lint_auto/cmake)
[18.238s] -- Added test 'copyright' to check source files copyright and LICENSE
[18.240s] -- Added test 'cppcheck' to perform static code analysis on C / C++ code
[18.241s] -- Configured cppcheck include dirs: /home/andrea/tesi/ros2_mapf_cbs/project_1/src/my_nav2_smac_planner/include
[18.242s] -- Configured cppcheck exclude dirs and/or files: include/my_nav2_smac_planner/thirdparty/robin_hood.h
[18.244s] -- Added test 'cpplint' to check C / C++ code against the Google style
[18.244s] -- Configured cpplint exclude dirs and/or files: include/my_nav2_smac_planner/thirdparty/robin_hood.h
[18.244s] -- Added test 'flake8' to check Python code syntax and style conventions
[18.245s] -- Added test 'lint_cmake' to check CMake code style
[18.245s] -- Added test 'pep257' to check Python code against some of the docstring style conventions in PEP 257
[18.247s] -- Added test 'uncrustify' to check C / C++ code style
[18.247s] -- Configured uncrustify additional arguments: 
[18.247s] -- Added test 'xmllint' to check XML markup files
[18.251s] -- Configuring done
[18.316s] -- Generating done
[18.318s] -- Build files have been written to: /home/andrea/tesi/ros2_mapf_cbs/project_1/build/my_nav2_smac_planner
[18.349s] [35m[1mConsolidate compiler generated dependencies of target my_nav2_smac_planner_lattice[0m
[18.349s] [35m[1mConsolidate compiler generated dependencies of target my_nav2_smac_planner_2d[0m
[18.349s] [35m[1mConsolidate compiler generated dependencies of target my_nav2_smac_planner[0m
[18.404s] [  3%] [32mBuilding CXX object CMakeFiles/my_nav2_smac_planner_lattice.dir/src/smac_planner_lattice.cpp.o[0m
[18.404s] [  6%] [32mBuilding CXX object CMakeFiles/my_nav2_smac_planner_lattice.dir/src/a_star.cpp.o[0m
[18.405s] [  9%] [32mBuilding CXX object CMakeFiles/my_nav2_smac_planner_lattice.dir/src/smoother.cpp.o[0m
[18.407s] [ 12%] [32mBuilding CXX object CMakeFiles/my_nav2_smac_planner.dir/src/smac_planner_hybrid.cpp.o[0m
[18.408s] [ 15%] [32mBuilding CXX object CMakeFiles/my_nav2_smac_planner.dir/src/a_star.cpp.o[0m
[18.410s] [ 18%] [32mBuilding CXX object CMakeFiles/my_nav2_smac_planner_lattice.dir/src/analytic_expansion.cpp.o[0m
[18.413s] [ 21%] [32mBuilding CXX object CMakeFiles/my_nav2_smac_planner_lattice.dir/src/collision_checker.cpp.o[0m
[18.437s] [ 24%] [32mBuilding CXX object CMakeFiles/my_nav2_smac_planner_2d.dir/src/smac_planner_2d.cpp.o[0m
[23.317s] [ 27%] [32mBuilding CXX object CMakeFiles/my_nav2_smac_planner.dir/src/collision_checker.cpp.o[0m
[27.360s] [01m[K/home/andrea/tesi/ros2_mapf_cbs/project_1/src/my_nav2_smac_planner/src/smac_planner_2d.cpp:193:21:[m[K [01;31m[Kerror: [m[Kdefault argument given for parameter 3 of â€˜[01m[Knav_msgs::msg::Path my_nav2_smac_planner::MySmacPlanner2D::createPlan(const PoseStamped&, const PoseStamped&, std::vector<my_intermediate_interfaces::msg::VertexConstraint_<std::allocator<void> > >, std::vector<my_intermediate_interfaces::msg::EdgeConstraint_<std::allocator<void> > >)[m[Kâ€™ [[01;31m[K]8;;https://gcc.gnu.org/onlinedocs/gcc/Warning-Options.html#index-fpermissive-fpermissive]8;;[m[K]
[27.362s]   193 | nav_msgs::msg::Path [01;31m[KMySmacPlanner2D[m[K::createPlan(
[27.362s]       |                     [01;31m[K^~~~~~~~~~~~~~~[m[K
[27.362s] In file included from [01m[K/home/andrea/tesi/ros2_mapf_cbs/project_1/src/my_nav2_smac_planner/src/smac_planner_2d.cpp:21[m[K:
[27.363s] [01m[K/home/andrea/tesi/ros2_mapf_cbs/project_1/src/my_nav2_smac_planner/include/my_nav2_smac_planner/smac_planner_2d.hpp:90:23:[m[K [01;36m[Knote: [m[Kprevious specification in â€˜[01m[Kvirtual nav_msgs::msg::Path my_nav2_smac_planner::MySmacPlanner2D::createPlan(const PoseStamped&, const PoseStamped&, std::vector<my_intermediate_interfaces::msg::VertexConstraint_<std::allocator<void> > >, std::vector<my_intermediate_interfaces::msg::EdgeConstraint_<std::allocator<void> > >)[m[Kâ€™ here
[27.363s]    90 |   nav_msgs::msg::Path [01;36m[KcreatePlan[m[K(
[27.363s]       |                       [01;36m[K^~~~~~~~~~[m[K
[27.363s] [01m[K/home/andrea/tesi/ros2_mapf_cbs/project_1/src/my_nav2_smac_planner/src/smac_planner_2d.cpp:193:21:[m[K [01;31m[Kerror: [m[Kdefault argument given for parameter 4 of â€˜[01m[Knav_msgs::msg::Path my_nav2_smac_planner::MySmacPlanner2D::createPlan(const PoseStamped&, const PoseStamped&, std::vector<my_intermediate_interfaces::msg::VertexConstraint_<std::allocator<void> > >, std::vector<my_intermediate_interfaces::msg::EdgeConstraint_<std::allocator<void> > >)[m[Kâ€™ [[01;31m[K]8;;https://gcc.gnu.org/onlinedocs/gcc/Warning-Options.html#index-fpermissive-fpermissive]8;;[m[K]
[27.363s]   193 | nav_msgs::msg::Path [01;31m[KMySmacPlanner2D[m[K::createPlan(
[27.364s]       |                     [01;31m[K^~~~~~~~~~~~~~~[m[K
[27.364s] In file included from [01m[K/home/andrea/tesi/ros2_mapf_cbs/project_1/src/my_nav2_smac_planner/src/smac_planner_2d.cpp:21[m[K:
[27.364s] [01m[K/home/andrea/tesi/ros2_mapf_cbs/project_1/src/my_nav2_smac_planner/include/my_nav2_smac_planner/smac_planner_2d.hpp:90:23:[m[K [01;36m[Knote: [m[Kprevious specification in â€˜[01m[Kvirtual nav_msgs::msg::Path my_nav2_smac_planner::MySmacPlanner2D::createPlan(const PoseStamped&, const PoseStamped&, std::vector<my_intermediate_interfaces::msg::VertexConstraint_<std::allocator<void> > >, std::vector<my_intermediate_interfaces::msg::EdgeConstraint_<std::allocator<void> > >)[m[Kâ€™ here
[27.364s]    90 |   nav_msgs::msg::Path [01;36m[KcreatePlan[m[K(
[27.364s]       |                       [01;36m[K^~~~~~~~~~[m[K
[38.298s] [ 33%] [32mBuilding CXX object CMakeFiles/my_nav2_smac_planner.dir/src/smoother.cpp.o[0m
[38.299s] [ 33%] [32mBuilding CXX object CMakeFiles/my_nav2_smac_planner_2d.dir/src/a_star.cpp.o[0m
[39.212s] [ 36%] [32mBuilding CXX object CMakeFiles/my_nav2_smac_planner_2d.dir/src/smoother.cpp.o[0m
[39.860s] gmake[2]: *** [CMakeFiles/my_nav2_smac_planner_2d.dir/build.make:76: CMakeFiles/my_nav2_smac_planner_2d.dir/src/smac_planner_2d.cpp.o] Error 1
[39.860s] gmake[2]: *** Waiting for unfinished jobs....
[39.886s] [ 39%] [32mBuilding CXX object CMakeFiles/my_nav2_smac_planner_lattice.dir/src/node_hybrid.cpp.o[0m
[41.715s] [ 42%] [32mBuilding CXX object CMakeFiles/my_nav2_smac_planner_lattice.dir/src/node_lattice.cpp.o[0m
[41.914s] [ 45%] [32mBuilding CXX object CMakeFiles/my_nav2_smac_planner.dir/src/analytic_expansion.cpp.o[0m
[43.705s] [ 48%] [32mBuilding CXX object CMakeFiles/my_nav2_smac_planner.dir/src/node_hybrid.cpp.o[0m
[44.469s] [ 51%] [32mBuilding CXX object CMakeFiles/my_nav2_smac_planner_lattice.dir/src/costmap_downsampler.cpp.o[0m
[46.176s] [ 54%] [32mBuilding CXX object CMakeFiles/my_nav2_smac_planner.dir/src/node_lattice.cpp.o[0m
[46.574s] [ 57%] [32mBuilding CXX object CMakeFiles/my_nav2_smac_planner.dir/src/costmap_downsampler.cpp.o[0m
[49.107s] gmake[1]: *** [CMakeFiles/Makefile2:167: CMakeFiles/my_nav2_smac_planner_2d.dir/all] Error 2
[49.113s] gmake[1]: *** Waiting for unfinished jobs....
[49.120s] [ 60%] [32mBuilding CXX object CMakeFiles/my_nav2_smac_planner.dir/src/node_2d.cpp.o[0m
[49.443s] [ 63%] [32mBuilding CXX object CMakeFiles/my_nav2_smac_planner_lattice.dir/src/node_2d.cpp.o[0m
[51.024s] [ 66%] [32mBuilding CXX object CMakeFiles/my_nav2_smac_planner_lattice.dir/src/node_basic.cpp.o[0m
[51.816s] [ 69%] [32mBuilding CXX object CMakeFiles/my_nav2_smac_planner.dir/src/node_basic.cpp.o[0m
[56.930s] [ 72%] [32m[1mLinking CXX shared library libmy_nav2_smac_planner_lattice.so[0m
[57.439s] [ 72%] Built target my_nav2_smac_planner_lattice
[58.348s] [ 75%] [32m[1mLinking CXX shared library libmy_nav2_smac_planner.so[0m
[58.681s] [ 75%] Built target my_nav2_smac_planner
[58.686s] gmake: *** [Makefile:146: all] Error 2
[58.746s] Invoked command in '/home/andrea/tesi/ros2_mapf_cbs/project_1/build/my_nav2_smac_planner' returned '2': CMAKE_PREFIX_PATH=/home/andrea/tesi/ros2_mapf_cbs/project_1/install/my_nav2_core:/home/andrea/tesi/ros2_mapf_cbs/project_1/install/my_intermediate_interfaces:/home/andrea/tesi/ros2_mapf_cbs/project_1/install/turtlebot3_multi_robot:/home/andrea/tesi/ros2_mapf_cbs/project_1/install/nav2_straightline_planner:/home/andrea/tesi/ros2_mapf_cbs/project_1/install/my_try_bringup:/home/andrea/tesi/ros2_mapf_cbs/project_1/install/my_nav2_planner:/home/andrea/tesi/ros2_mapf_cbs/project_1/install/my_nav2_navfn_planner:/home/andrea/tesi/ros2_mapf_cbs/simple_example/install/my_robot_bringup:/home/andrea/tesi/ros2_mapf_cbs/simple_example/install/my_robot_interfaces:/home/andrea/tesi/ros2_mapf_cbs/project_1/install/my_package:/home/andrea/tesi/ros2_mapf_cbs/project_1/install/my_intermediate:/home/andrea/tesi/ros2_mapf_cbs/simple_example/install/my_py_pkg:/opt/ros/humble LD_LIBRARY_PATH=/home/andrea/tesi/ros2_mapf_cbs/project_1/install/my_intermediate_interfaces/lib:/home/andrea/tesi/ros2_mapf_cbs/project_1/install/nav2_straightline_planner/lib:/home/andrea/tesi/ros2_mapf_cbs/project_1/install/my_nav2_planner/lib:/home/andrea/tesi/ros2_mapf_cbs/project_1/install/my_nav2_navfn_planner/lib:/home/andrea/tesi/ros2_mapf_cbs/simple_example/install/my_robot_interfaces/lib:/usr/lib/x86_64-linux-gnu/gazebo-11/plugins:/opt/ros/humble/opt/rviz_ogre_vendor/lib:/opt/ros/humble/lib/x86_64-linux-gnu:/opt/ros/humble/lib:/home/andrea/ws_online/build/ros2_bdi_on_litter_world /usr/bin/cmake --build /home/andrea/tesi/ros2_mapf_cbs/project_1/build/my_nav2_smac_planner -- -j8 -l8
