[0.103s] Invoking command in '/home/andrea/tesi/ros2_mapf_cbs/project_1/build/my_nav2_smac_planner': CMAKE_PREFIX_PATH=/home/andrea/tesi/ros2_mapf_cbs/project_1/install/my_nav2_core:/home/andrea/tesi/ros2_mapf_cbs/project_1/install/my_intermediate_interfaces:/home/andrea/tesi/ros2_mapf_cbs/project_1/install/turtlebot3_multi_robot:/home/andrea/tesi/ros2_mapf_cbs/project_1/install/nav2_straightline_planner:/home/andrea/tesi/ros2_mapf_cbs/project_1/install/my_try_bringup:/home/andrea/tesi/ros2_mapf_cbs/project_1/install/my_nav2_planner:/home/andrea/tesi/ros2_mapf_cbs/project_1/install/my_nav2_smac_planner:/home/andrea/tesi/ros2_mapf_cbs/project_1/install/my_nav2_navfn_planner:/home/andrea/tesi/ros2_mapf_cbs/simple_example/install/my_robot_bringup:/home/andrea/tesi/ros2_mapf_cbs/simple_example/install/my_robot_interfaces:/home/andrea/tesi/ros2_mapf_cbs/project_1/install/my_package:/home/andrea/tesi/ros2_mapf_cbs/project_1/install/my_intermediate:/home/andrea/tesi/ros2_mapf_cbs/simple_example/install/my_py_pkg:/opt/ros/humble LD_LIBRARY_PATH=/home/andrea/tesi/ros2_mapf_cbs/project_1/install/my_intermediate_interfaces/lib:/home/andrea/tesi/ros2_mapf_cbs/project_1/install/nav2_straightline_planner/lib:/home/andrea/tesi/ros2_mapf_cbs/project_1/install/my_nav2_planner/lib:/home/andrea/tesi/ros2_mapf_cbs/project_1/install/my_nav2_smac_planner/lib:/home/andrea/tesi/ros2_mapf_cbs/project_1/install/my_nav2_navfn_planner/lib:/home/andrea/tesi/ros2_mapf_cbs/simple_example/install/my_robot_interfaces/lib:/usr/lib/x86_64-linux-gnu/gazebo-11/plugins:/opt/ros/humble/opt/rviz_ogre_vendor/lib:/opt/ros/humble/lib/x86_64-linux-gnu:/opt/ros/humble/lib:/home/andrea/ws_online/build/ros2_bdi_on_litter_world /usr/bin/cmake --build /home/andrea/tesi/ros2_mapf_cbs/project_1/build/my_nav2_smac_planner -- -j8 -l8
[0.181s] [35m[1mConsolidate compiler generated dependencies of target my_nav2_smac_planner[0m
[0.257s] [  9%] [32mBuilding CXX object CMakeFiles/my_nav2_smac_planner.dir/src/smac_planner_2d.cpp.o[0m
[0.267s] [ 18%] [32mBuilding CXX object CMakeFiles/my_nav2_smac_planner.dir/src/node_2d.cpp.o[0m
[0.267s] [ 27%] [32mBuilding CXX object CMakeFiles/my_nav2_smac_planner.dir/src/a_star.cpp.o[0m
[0.267s] [ 36%] [32mBuilding CXX object CMakeFiles/my_nav2_smac_planner.dir/src/node_basic.cpp.o[0m
[0.267s] [ 45%] [32mBuilding CXX object CMakeFiles/my_nav2_smac_planner.dir/src/analytic_expansion.cpp.o[0m
[12.024s] /home/andrea/tesi/ros2_mapf_cbs/project_1/src/my_nav2_smac_planner/src/a_star.cpp: In instantiation of â€˜[01m[Kbool my_nav2_smac_planner::AStarAlgorithm<NodeT>::createPath(my_nav2_smac_planner::AStarAlgorithm<NodeT>::CoordinateVector&, int&, const float&, std::vector<std::map<std::__cxx11::basic_string<char>, int> >, std::vector<std::map<std::__cxx11::basic_string<char>, int> >) [with NodeT = my_nav2_smac_planner::NodeHybrid; my_nav2_smac_planner::AStarAlgorithm<NodeT>::CoordinateVector = std::vector<my_nav2_smac_planner::NodeHybrid::Coordinates>][m[Kâ€™:
[12.032s] [01m[K/home/andrea/tesi/ros2_mapf_cbs/project_1/src/my_nav2_smac_planner/src/a_star.cpp:451:16:[m[K   required from here
[12.033s] [01m[K/home/andrea/tesi/ros2_mapf_cbs/project_1/src/my_nav2_smac_planner/src/a_star.cpp:317:31:[m[K [01;31m[Kerror: [m[Kno matching function for call to â€˜[01m[Kmy_nav2_smac_planner::NodeHybrid::getNeighbors(my_nav2_smac_planner::AStarAlgorithm<my_nav2_smac_planner::NodeHybrid>::NodeGetter&, my_nav2_smac_planner::GridCollisionChecker*&, bool&, my_nav2_smac_planner::AStarAlgorithm<my_nav2_smac_planner::NodeHybrid>::NodeVector&, int&)[m[Kâ€™
[12.035s]   317 |     [01;31m[Kcurrent_node->getNeighbors(neighborGetter, _collision_checker, _traverse_unknown, neighbors, iterations)[m[K;
[12.035s]       |     [01;31m[K~~~~~~~~~~~~~~~~~~~~~~~~~~^~~~~~~~~~~~~~~~~~~~~~~~~~~~~~~~~~~~~~~~~~~~~~~~~~~~~~~~~~~~~~~~~~~~~~~~~~~~~~[m[K
[12.037s] In file included from [01m[K/home/andrea/tesi/ros2_mapf_cbs/project_1/src/my_nav2_smac_planner/include/my_nav2_smac_planner/node_2d.hpp:30[m[K,
[12.038s]                  from [01m[K/home/andrea/tesi/ros2_mapf_cbs/project_1/src/my_nav2_smac_planner/include/my_nav2_smac_planner/analytic_expansion.hpp:23[m[K,
[12.038s]                  from [01m[K/home/andrea/tesi/ros2_mapf_cbs/project_1/src/my_nav2_smac_planner/include/my_nav2_smac_planner/a_star.hpp:30[m[K,
[12.038s]                  from [01m[K/home/andrea/tesi/ros2_mapf_cbs/project_1/src/my_nav2_smac_planner/src/a_star.cpp:28[m[K:
[12.039s] [01m[K/home/andrea/tesi/ros2_mapf_cbs/project_1/src/my_nav2_smac_planner/include/my_nav2_smac_planner/node_hybrid.hpp:428:8:[m[K [01;36m[Knote: [m[Kcandidate: â€˜[01m[Kvoid my_nav2_smac_planner::NodeHybrid::getNeighbors(std::function<bool(const unsigned int&, my_nav2_smac_planner::NodeHybrid*&)>&, my_nav2_smac_planner::GridCollisionChecker*, const bool&, my_nav2_smac_planner::NodeHybrid::NodeVector&)[m[Kâ€™
[12.039s]   428 |   void [01;36m[KgetNeighbors[m[K(
[12.039s]       |        [01;36m[K^~~~~~~~~~~~[m[K
[12.040s] [01m[K/home/andrea/tesi/ros2_mapf_cbs/project_1/src/my_nav2_smac_planner/include/my_nav2_smac_planner/node_hybrid.hpp:428:8:[m[K [01;36m[Knote: [m[K  candidate expects 4 arguments, 5 provided
[12.040s] /home/andrea/tesi/ros2_mapf_cbs/project_1/src/my_nav2_smac_planner/src/a_star.cpp: In instantiation of â€˜[01m[Kbool my_nav2_smac_planner::AStarAlgorithm<NodeT>::createPath(my_nav2_smac_planner::AStarAlgorithm<NodeT>::CoordinateVector&, int&, const float&, std::vector<std::map<std::__cxx11::basic_string<char>, int> >, std::vector<std::map<std::__cxx11::basic_string<char>, int> >) [with NodeT = my_nav2_smac_planner::NodeLattice; my_nav2_smac_planner::AStarAlgorithm<NodeT>::CoordinateVector = std::vector<my_nav2_smac_planner::NodeHybrid::Coordinates>][m[Kâ€™:
[12.040s] [01m[K/home/andrea/tesi/ros2_mapf_cbs/project_1/src/my_nav2_smac_planner/src/a_star.cpp:452:16:[m[K   required from here
[12.040s] [01m[K/home/andrea/tesi/ros2_mapf_cbs/project_1/src/my_nav2_smac_planner/src/a_star.cpp:317:31:[m[K [01;31m[Kerror: [m[Kno matching function for call to â€˜[01m[Kmy_nav2_smac_planner::NodeLattice::getNeighbors(my_nav2_smac_planner::AStarAlgorithm<my_nav2_smac_planner::NodeLattice>::NodeGetter&, my_nav2_smac_planner::GridCollisionChecker*&, bool&, my_nav2_smac_planner::AStarAlgorithm<my_nav2_smac_planner::NodeLattice>::NodeVector&, int&)[m[Kâ€™
[12.040s]   317 |     [01;31m[Kcurrent_node->getNeighbors(neighborGetter, _collision_checker, _traverse_unknown, neighbors, iterations)[m[K;
[12.040s]       |     [01;31m[K~~~~~~~~~~~~~~~~~~~~~~~~~~^~~~~~~~~~~~~~~~~~~~~~~~~~~~~~~~~~~~~~~~~~~~~~~~~~~~~~~~~~~~~~~~~~~~~~~~~~~~~~[m[K
[12.040s] In file included from [01m[K/home/andrea/tesi/ros2_mapf_cbs/project_1/src/my_nav2_smac_planner/include/my_nav2_smac_planner/analytic_expansion.hpp:25[m[K,
[12.041s]                  from [01m[K/home/andrea/tesi/ros2_mapf_cbs/project_1/src/my_nav2_smac_planner/include/my_nav2_smac_planner/a_star.hpp:30[m[K,
[12.041s]                  from [01m[K/home/andrea/tesi/ros2_mapf_cbs/project_1/src/my_nav2_smac_planner/src/a_star.cpp:28[m[K:
[12.041s] [01m[K/home/andrea/tesi/ros2_mapf_cbs/project_1/src/my_nav2_smac_planner/include/my_nav2_smac_planner/node_lattice.hpp:397:8:[m[K [01;36m[Knote: [m[Kcandidate: â€˜[01m[Kvoid my_nav2_smac_planner::NodeLattice::getNeighbors(std::function<bool(const unsigned int&, my_nav2_smac_planner::NodeLattice*&)>&, my_nav2_smac_planner::GridCollisionChecker*, const bool&, my_nav2_smac_planner::NodeLattice::NodeVector&)[m[Kâ€™
[12.041s]   397 |   void [01;36m[KgetNeighbors[m[K(
[12.041s]       |        [01;36m[K^~~~~~~~~~~~[m[K
[12.041s] [01m[K/home/andrea/tesi/ros2_mapf_cbs/project_1/src/my_nav2_smac_planner/include/my_nav2_smac_planner/node_lattice.hpp:397:8:[m[K [01;36m[Knote: [m[K  candidate expects 4 arguments, 5 provided
[12.085s] gmake[2]: *** [CMakeFiles/my_nav2_smac_planner.dir/build.make:90: CMakeFiles/my_nav2_smac_planner.dir/src/a_star.cpp.o] Error 1
[12.087s] gmake[2]: *** Waiting for unfinished jobs....
[14.215s] gmake[1]: *** [CMakeFiles/Makefile2:137: CMakeFiles/my_nav2_smac_planner.dir/all] Error 2
[14.217s] gmake: *** [Makefile:146: all] Error 2
[14.325s] Invoked command in '/home/andrea/tesi/ros2_mapf_cbs/project_1/build/my_nav2_smac_planner' returned '2': CMAKE_PREFIX_PATH=/home/andrea/tesi/ros2_mapf_cbs/project_1/install/my_nav2_core:/home/andrea/tesi/ros2_mapf_cbs/project_1/install/my_intermediate_interfaces:/home/andrea/tesi/ros2_mapf_cbs/project_1/install/turtlebot3_multi_robot:/home/andrea/tesi/ros2_mapf_cbs/project_1/install/nav2_straightline_planner:/home/andrea/tesi/ros2_mapf_cbs/project_1/install/my_try_bringup:/home/andrea/tesi/ros2_mapf_cbs/project_1/install/my_nav2_planner:/home/andrea/tesi/ros2_mapf_cbs/project_1/install/my_nav2_smac_planner:/home/andrea/tesi/ros2_mapf_cbs/project_1/install/my_nav2_navfn_planner:/home/andrea/tesi/ros2_mapf_cbs/simple_example/install/my_robot_bringup:/home/andrea/tesi/ros2_mapf_cbs/simple_example/install/my_robot_interfaces:/home/andrea/tesi/ros2_mapf_cbs/project_1/install/my_package:/home/andrea/tesi/ros2_mapf_cbs/project_1/install/my_intermediate:/home/andrea/tesi/ros2_mapf_cbs/simple_example/install/my_py_pkg:/opt/ros/humble LD_LIBRARY_PATH=/home/andrea/tesi/ros2_mapf_cbs/project_1/install/my_intermediate_interfaces/lib:/home/andrea/tesi/ros2_mapf_cbs/project_1/install/nav2_straightline_planner/lib:/home/andrea/tesi/ros2_mapf_cbs/project_1/install/my_nav2_planner/lib:/home/andrea/tesi/ros2_mapf_cbs/project_1/install/my_nav2_smac_planner/lib:/home/andrea/tesi/ros2_mapf_cbs/project_1/install/my_nav2_navfn_planner/lib:/home/andrea/tesi/ros2_mapf_cbs/simple_example/install/my_robot_interfaces/lib:/usr/lib/x86_64-linux-gnu/gazebo-11/plugins:/opt/ros/humble/opt/rviz_ogre_vendor/lib:/opt/ros/humble/lib/x86_64-linux-gnu:/opt/ros/humble/lib:/home/andrea/ws_online/build/ros2_bdi_on_litter_world /usr/bin/cmake --build /home/andrea/tesi/ros2_mapf_cbs/project_1/build/my_nav2_smac_planner -- -j8 -l8
