[0.067s] Invoking command in '/home/andrea/tesi/ros2_mapf_cbs/project_1/build/my_nav2_smac_planner': CMAKE_PREFIX_PATH=/home/andrea/tesi/ros2_mapf_cbs/project_1/install/my_nav2_core:/home/andrea/tesi/ros2_mapf_cbs/project_1/install/my_intermediate_interfaces:/home/andrea/tesi/ros2_mapf_cbs/project_1/install/turtlebot3_multi_robot:/home/andrea/tesi/ros2_mapf_cbs/project_1/install/nav2_straightline_planner:/home/andrea/tesi/ros2_mapf_cbs/project_1/install/my_try_bringup:/home/andrea/tesi/ros2_mapf_cbs/project_1/install/my_nav2_planner:/home/andrea/tesi/ros2_mapf_cbs/project_1/install/my_nav2_navfn_planner:/home/andrea/tesi/ros2_mapf_cbs/simple_example/install/my_robot_bringup:/home/andrea/tesi/ros2_mapf_cbs/simple_example/install/my_robot_interfaces:/home/andrea/tesi/ros2_mapf_cbs/project_1/install/my_package:/home/andrea/tesi/ros2_mapf_cbs/project_1/install/my_intermediate:/home/andrea/tesi/ros2_mapf_cbs/simple_example/install/my_py_pkg:/opt/ros/humble LD_LIBRARY_PATH=/home/andrea/tesi/ros2_mapf_cbs/project_1/install/my_intermediate_interfaces/lib:/home/andrea/tesi/ros2_mapf_cbs/project_1/install/nav2_straightline_planner/lib:/home/andrea/tesi/ros2_mapf_cbs/project_1/install/my_nav2_planner/lib:/home/andrea/tesi/ros2_mapf_cbs/project_1/install/my_nav2_navfn_planner/lib:/home/andrea/tesi/ros2_mapf_cbs/simple_example/install/my_robot_interfaces/lib:/usr/lib/x86_64-linux-gnu/gazebo-11/plugins:/opt/ros/humble/opt/rviz_ogre_vendor/lib:/opt/ros/humble/lib/x86_64-linux-gnu:/opt/ros/humble/lib:/home/andrea/ws_online/build/ros2_bdi_on_litter_world /usr/bin/cmake --build /home/andrea/tesi/ros2_mapf_cbs/project_1/build/my_nav2_smac_planner -- -j8 -l8
[0.113s] [35m[1mConsolidate compiler generated dependencies of target my_nav2_smac_planner_2d[0m
[0.138s] [ 33%] Built target my_nav2_smac_planner
[0.144s] [ 66%] Built target my_nav2_smac_planner_lattice
[0.166s] [ 69%] [32mBuilding CXX object CMakeFiles/my_nav2_smac_planner_2d.dir/src/smac_planner_2d.cpp.o[0m
[3.710s] [01m[K/home/andrea/tesi/ros2_mapf_cbs/project_1/src/my_nav2_smac_planner/src/smac_planner_2d.cpp:193:21:[m[K [01;31m[Kerror: [m[Kdefault argument given for parameter 3 of â€˜[01m[Knav_msgs::msg::Path my_nav2_smac_planner::MySmacPlanner2D::createPlan(const PoseStamped&, const PoseStamped&, std::vector<my_intermediate_interfaces::msg::VertexConstraint_<std::allocator<void> > >, std::vector<my_intermediate_interfaces::msg::EdgeConstraint_<std::allocator<void> > >)[m[Kâ€™ [[01;31m[K]8;;https://gcc.gnu.org/onlinedocs/gcc/Warning-Options.html#index-fpermissive-fpermissive]8;;[m[K]
[3.710s]   193 | nav_msgs::msg::Path [01;31m[KMySmacPlanner2D[m[K::createPlan(
[3.710s]       |                     [01;31m[K^~~~~~~~~~~~~~~[m[K
[3.710s] In file included from [01m[K/home/andrea/tesi/ros2_mapf_cbs/project_1/src/my_nav2_smac_planner/src/smac_planner_2d.cpp:21[m[K:
[3.710s] [01m[K/home/andrea/tesi/ros2_mapf_cbs/project_1/src/my_nav2_smac_planner/include/my_nav2_smac_planner/smac_planner_2d.hpp:90:23:[m[K [01;36m[Knote: [m[Kprevious specification in â€˜[01m[Kvirtual nav_msgs::msg::Path my_nav2_smac_planner::MySmacPlanner2D::createPlan(const PoseStamped&, const PoseStamped&, std::vector<my_intermediate_interfaces::msg::VertexConstraint_<std::allocator<void> > >, std::vector<my_intermediate_interfaces::msg::EdgeConstraint_<std::allocator<void> > >)[m[Kâ€™ here
[3.710s]    90 |   nav_msgs::msg::Path [01;36m[KcreatePlan[m[K(
[3.710s]       |                       [01;36m[K^~~~~~~~~~[m[K
[3.710s] [01m[K/home/andrea/tesi/ros2_mapf_cbs/project_1/src/my_nav2_smac_planner/src/smac_planner_2d.cpp:193:21:[m[K [01;31m[Kerror: [m[Kdefault argument given for parameter 4 of â€˜[01m[Knav_msgs::msg::Path my_nav2_smac_planner::MySmacPlanner2D::createPlan(const PoseStamped&, const PoseStamped&, std::vector<my_intermediate_interfaces::msg::VertexConstraint_<std::allocator<void> > >, std::vector<my_intermediate_interfaces::msg::EdgeConstraint_<std::allocator<void> > >)[m[Kâ€™ [[01;31m[K]8;;https://gcc.gnu.org/onlinedocs/gcc/Warning-Options.html#index-fpermissive-fpermissive]8;;[m[K]
[3.711s]   193 | nav_msgs::msg::Path [01;31m[KMySmacPlanner2D[m[K::createPlan(
[3.711s]       |                     [01;31m[K^~~~~~~~~~~~~~~[m[K
[3.711s] In file included from [01m[K/home/andrea/tesi/ros2_mapf_cbs/project_1/src/my_nav2_smac_planner/src/smac_planner_2d.cpp:21[m[K:
[3.711s] [01m[K/home/andrea/tesi/ros2_mapf_cbs/project_1/src/my_nav2_smac_planner/include/my_nav2_smac_planner/smac_planner_2d.hpp:90:23:[m[K [01;36m[Knote: [m[Kprevious specification in â€˜[01m[Kvirtual nav_msgs::msg::Path my_nav2_smac_planner::MySmacPlanner2D::createPlan(const PoseStamped&, const PoseStamped&, std::vector<my_intermediate_interfaces::msg::VertexConstraint_<std::allocator<void> > >, std::vector<my_intermediate_interfaces::msg::EdgeConstraint_<std::allocator<void> > >)[m[Kâ€™ here
[3.711s]    90 |   nav_msgs::msg::Path [01;36m[KcreatePlan[m[K(
[3.711s]       |                       [01;36m[K^~~~~~~~~~[m[K
[5.459s] gmake[2]: *** [CMakeFiles/my_nav2_smac_planner_2d.dir/build.make:76: CMakeFiles/my_nav2_smac_planner_2d.dir/src/smac_planner_2d.cpp.o] Error 1
[5.459s] gmake[1]: *** [CMakeFiles/Makefile2:167: CMakeFiles/my_nav2_smac_planner_2d.dir/all] Error 2
[5.459s] gmake: *** [Makefile:146: all] Error 2
[5.462s] Invoked command in '/home/andrea/tesi/ros2_mapf_cbs/project_1/build/my_nav2_smac_planner' returned '2': CMAKE_PREFIX_PATH=/home/andrea/tesi/ros2_mapf_cbs/project_1/install/my_nav2_core:/home/andrea/tesi/ros2_mapf_cbs/project_1/install/my_intermediate_interfaces:/home/andrea/tesi/ros2_mapf_cbs/project_1/install/turtlebot3_multi_robot:/home/andrea/tesi/ros2_mapf_cbs/project_1/install/nav2_straightline_planner:/home/andrea/tesi/ros2_mapf_cbs/project_1/install/my_try_bringup:/home/andrea/tesi/ros2_mapf_cbs/project_1/install/my_nav2_planner:/home/andrea/tesi/ros2_mapf_cbs/project_1/install/my_nav2_navfn_planner:/home/andrea/tesi/ros2_mapf_cbs/simple_example/install/my_robot_bringup:/home/andrea/tesi/ros2_mapf_cbs/simple_example/install/my_robot_interfaces:/home/andrea/tesi/ros2_mapf_cbs/project_1/install/my_package:/home/andrea/tesi/ros2_mapf_cbs/project_1/install/my_intermediate:/home/andrea/tesi/ros2_mapf_cbs/simple_example/install/my_py_pkg:/opt/ros/humble LD_LIBRARY_PATH=/home/andrea/tesi/ros2_mapf_cbs/project_1/install/my_intermediate_interfaces/lib:/home/andrea/tesi/ros2_mapf_cbs/project_1/install/nav2_straightline_planner/lib:/home/andrea/tesi/ros2_mapf_cbs/project_1/install/my_nav2_planner/lib:/home/andrea/tesi/ros2_mapf_cbs/project_1/install/my_nav2_navfn_planner/lib:/home/andrea/tesi/ros2_mapf_cbs/simple_example/install/my_robot_interfaces/lib:/usr/lib/x86_64-linux-gnu/gazebo-11/plugins:/opt/ros/humble/opt/rviz_ogre_vendor/lib:/opt/ros/humble/lib/x86_64-linux-gnu:/opt/ros/humble/lib:/home/andrea/ws_online/build/ros2_bdi_on_litter_world /usr/bin/cmake --build /home/andrea/tesi/ros2_mapf_cbs/project_1/build/my_nav2_smac_planner -- -j8 -l8
