In file included from [01m[K/home/andrea/tesi/ros2_mapf_cbs/project_1/src/my_nav2_planner/include/my_nav2_planner/my_planner_server.hpp:40[m[K,
                 from [01m[K/home/andrea/tesi/ros2_mapf_cbs/project_1/src/my_nav2_planner/src/main.cpp:18[m[K:
[01m[K/home/andrea/tesi/ros2_mapf_cbs/project_1/install/my_nav2_core/include/my_nav2_core/multi_agent_global_planner.hpp:83:23:[m[K [01;31m[Kerror: [m[Kâ€˜[01m[Kmy_intermediate_interfaces[m[Kâ€™ was not declared in this scope
   83 |     const std::vector<[01;31m[Kmy_intermediate_interfaces[m[K::msg::VertexConstraint> vertex_constraints,
      |                       [01;31m[K^~~~~~~~~~~~~~~~~~~~~~~~~~[m[K
[01m[K/home/andrea/tesi/ros2_mapf_cbs/project_1/install/my_nav2_core/include/my_nav2_core/multi_agent_global_planner.hpp:83:72:[m[K [01;31m[Kerror: [m[Ktemplate argument 1 is invalid
   83 |     const std::vector<my_intermediate_interfaces::msg::VertexConstraint[01;31m[K>[m[K vertex_constraints,
      |                                                                        [01;31m[K^[m[K
[01m[K/home/andrea/tesi/ros2_mapf_cbs/project_1/install/my_nav2_core/include/my_nav2_core/multi_agent_global_planner.hpp:83:72:[m[K [01;31m[Kerror: [m[Ktemplate argument 2 is invalid
[01m[K/home/andrea/tesi/ros2_mapf_cbs/project_1/install/my_nav2_core/include/my_nav2_core/multi_agent_global_planner.hpp:83:23:[m[K [01;31m[Kerror: [m[Kâ€˜[01m[Kmy_intermediate_interfaces[m[Kâ€™ was not declared in this scope
   83 |     const std::vector<[01;31m[Kmy_intermediate_interfaces[m[K::msg::VertexConstraint> vertex_constraints,
      |                       [01;31m[K^~~~~~~~~~~~~~~~~~~~~~~~~~[m[K
[01m[K/home/andrea/tesi/ros2_mapf_cbs/project_1/install/my_nav2_core/include/my_nav2_core/multi_agent_global_planner.hpp:83:72:[m[K [01;31m[Kerror: [m[Ktemplate argument 1 is invalid
   83 |     const std::vector<my_intermediate_interfaces::msg::VertexConstraint[01;31m[K>[m[K vertex_constraints,
      |                                                                        [01;31m[K^[m[K
[01m[K/home/andrea/tesi/ros2_mapf_cbs/project_1/install/my_nav2_core/include/my_nav2_core/multi_agent_global_planner.hpp:83:72:[m[K [01;31m[Kerror: [m[Ktemplate argument 2 is invalid
[01m[K/home/andrea/tesi/ros2_mapf_cbs/project_1/install/my_nav2_core/include/my_nav2_core/multi_agent_global_planner.hpp:83:23:[m[K [01;31m[Kerror: [m[Kâ€˜[01m[Kmy_intermediate_interfaces[m[Kâ€™ was not declared in this scope
   83 |     const std::vector<[01;31m[Kmy_intermediate_interfaces[m[K::msg::VertexConstraint> vertex_constraints,
      |                       [01;31m[K^~~~~~~~~~~~~~~~~~~~~~~~~~[m[K
[01m[K/home/andrea/tesi/ros2_mapf_cbs/project_1/install/my_nav2_core/include/my_nav2_core/multi_agent_global_planner.hpp:83:72:[m[K [01;31m[Kerror: [m[Ktemplate argument 1 is invalid
   83 |     const std::vector<my_intermediate_interfaces::msg::VertexConstraint[01;31m[K>[m[K vertex_constraints,
      |                                                                        [01;31m[K^[m[K
[01m[K/home/andrea/tesi/ros2_mapf_cbs/project_1/install/my_nav2_core/include/my_nav2_core/multi_agent_global_planner.hpp:83:72:[m[K [01;31m[Kerror: [m[Ktemplate argument 2 is invalid
[01m[K/home/andrea/tesi/ros2_mapf_cbs/project_1/install/my_nav2_core/include/my_nav2_core/multi_agent_global_planner.hpp:83:11:[m[K [01;31m[Kerror: [m[Kinvalid template-id
   83 |     const [01;31m[Kstd[m[K::vector<my_intermediate_interfaces::msg::VertexConstraint> vertex_constraints,
      |           [01;31m[K^~~[m[K
[01m[K/home/andrea/tesi/ros2_mapf_cbs/project_1/install/my_nav2_core/include/my_nav2_core/multi_agent_global_planner.hpp:83:23:[m[K [01;31m[Kerror: [m[Kâ€˜[01m[Kmy_intermediate_interfaces[m[Kâ€™ has not been declared
   83 |     const std::vector<[01;31m[Kmy_intermediate_interfaces[m[K::msg::VertexConstraint> vertex_constraints,
      |                       [01;31m[K^~~~~~~~~~~~~~~~~~~~~~~~~~[m[K
[01m[K/home/andrea/tesi/ros2_mapf_cbs/project_1/install/my_nav2_core/include/my_nav2_core/multi_agent_global_planner.hpp:83:5:[m[K [01;31m[Kerror: [m[Kclass template placeholder â€˜[01m[Kstd::vector[m[Kâ€™ not permitted in this context
   83 |     [01;31m[Kconst[m[K std::vector<my_intermediate_interfaces::msg::VertexConstraint> vertex_constraints,
      |     [01;31m[K^~~~~[m[K
[01m[K/home/andrea/tesi/ros2_mapf_cbs/project_1/install/my_nav2_core/include/my_nav2_core/multi_agent_global_planner.hpp:84:23:[m[K [01;31m[Kerror: [m[Kâ€˜[01m[Kmy_intermediate_interfaces[m[Kâ€™ was not declared in this scope
   84 |     const std::vector<[01;31m[Kmy_intermediate_interfaces[m[K::msg::EdgeConstraint> edge_constraints) = 0;
      |                       [01;31m[K^~~~~~~~~~~~~~~~~~~~~~~~~~[m[K
[01m[K/home/andrea/tesi/ros2_mapf_cbs/project_1/install/my_nav2_core/include/my_nav2_core/multi_agent_global_planner.hpp:84:70:[m[K [01;31m[Kerror: [m[Ktemplate argument 1 is invalid
   84 |     const std::vector<my_intermediate_interfaces::msg::EdgeConstraint[01;31m[K>[m[K edge_constraints) = 0;
      |                                                                      [01;31m[K^[m[K
[01m[K/home/andrea/tesi/ros2_mapf_cbs/project_1/install/my_nav2_core/include/my_nav2_core/multi_agent_global_planner.hpp:84:70:[m[K [01;31m[Kerror: [m[Ktemplate argument 2 is invalid
[01m[K/home/andrea/tesi/ros2_mapf_cbs/project_1/install/my_nav2_core/include/my_nav2_core/multi_agent_global_planner.hpp:84:23:[m[K [01;31m[Kerror: [m[Kâ€˜[01m[Kmy_intermediate_interfaces[m[Kâ€™ was not declared in this scope
   84 |     const std::vector<[01;31m[Kmy_intermediate_interfaces[m[K::msg::EdgeConstraint> edge_constraints) = 0;
      |                       [01;31m[K^~~~~~~~~~~~~~~~~~~~~~~~~~[m[K
[01m[K/home/andrea/tesi/ros2_mapf_cbs/project_1/install/my_nav2_core/include/my_nav2_core/multi_agent_global_planner.hpp:84:70:[m[K [01;31m[Kerror: [m[Ktemplate argument 1 is invalid
   84 |     const std::vector<my_intermediate_interfaces::msg::EdgeConstraint[01;31m[K>[m[K edge_constraints) = 0;
      |                                                                      [01;31m[K^[m[K
[01m[K/home/andrea/tesi/ros2_mapf_cbs/project_1/install/my_nav2_core/include/my_nav2_core/multi_agent_global_planner.hpp:84:70:[m[K [01;31m[Kerror: [m[Ktemplate argument 2 is invalid
[01m[K/home/andrea/tesi/ros2_mapf_cbs/project_1/install/my_nav2_core/include/my_nav2_core/multi_agent_global_planner.hpp:84:23:[m[K [01;31m[Kerror: [m[Kâ€˜[01m[Kmy_intermediate_interfaces[m[Kâ€™ was not declared in this scope
   84 |     const std::vector<[01;31m[Kmy_intermediate_interfaces[m[K::msg::EdgeConstraint> edge_constraints) = 0;
      |                       [01;31m[K^~~~~~~~~~~~~~~~~~~~~~~~~~[m[K
[01m[K/home/andrea/tesi/ros2_mapf_cbs/project_1/install/my_nav2_core/include/my_nav2_core/multi_agent_global_planner.hpp:84:70:[m[K [01;31m[Kerror: [m[Ktemplate argument 1 is invalid
   84 |     const std::vector<my_intermediate_interfaces::msg::EdgeConstraint[01;31m[K>[m[K edge_constraints) = 0;
      |                                                                      [01;31m[K^[m[K
[01m[K/home/andrea/tesi/ros2_mapf_cbs/project_1/install/my_nav2_core/include/my_nav2_core/multi_agent_global_planner.hpp:84:70:[m[K [01;31m[Kerror: [m[Ktemplate argument 2 is invalid
[01m[K/home/andrea/tesi/ros2_mapf_cbs/project_1/install/my_nav2_core/include/my_nav2_core/multi_agent_global_planner.hpp:84:11:[m[K [01;31m[Kerror: [m[Kinvalid template-id
   84 |     const [01;31m[Kstd[m[K::vector<my_intermediate_interfaces::msg::EdgeConstraint> edge_constraints) = 0;
      |           [01;31m[K^~~[m[K
[01m[K/home/andrea/tesi/ros2_mapf_cbs/project_1/install/my_nav2_core/include/my_nav2_core/multi_agent_global_planner.hpp:84:23:[m[K [01;31m[Kerror: [m[Kâ€˜[01m[Kmy_intermediate_interfaces[m[Kâ€™ has not been declared
   84 |     const std::vector<[01;31m[Kmy_intermediate_interfaces[m[K::msg::EdgeConstraint> edge_constraints) = 0;
      |                       [01;31m[K^~~~~~~~~~~~~~~~~~~~~~~~~~[m[K
[01m[K/home/andrea/tesi/ros2_mapf_cbs/project_1/install/my_nav2_core/include/my_nav2_core/multi_agent_global_planner.hpp:84:5:[m[K [01;31m[Kerror: [m[Kclass template placeholder â€˜[01m[Kstd::vector[m[Kâ€™ not permitted in this context
   84 |     [01;31m[Kconst[m[K std::vector<my_intermediate_interfaces::msg::EdgeConstraint> edge_constraints) = 0;
      |     [01;31m[K^~~~~[m[K
gmake[2]: *** [CMakeFiles/my_planner_server.dir/build.make:76: CMakeFiles/my_planner_server.dir/src/main.cpp.o] Error 1
gmake[1]: *** [CMakeFiles/Makefile2:165: CMakeFiles/my_planner_server.dir/all] Error 2
gmake: *** [Makefile:146: all] Error 2
