[0.063s] Invoking command in '/home/andrea/tesi/ros2_mapf_cbs/project_1/build/my_nav2_planner': CMAKE_PREFIX_PATH=/home/andrea/tesi/ros2_mapf_cbs/project_1/install/my_nav2_navfn_planner:/home/andrea/tesi/ros2_mapf_cbs/project_1/install/my_nav2_core:/home/andrea/tesi/ros2_mapf_cbs/project_1/install/my_intermediate_interfaces:/home/andrea/tesi/ros2_mapf_cbs/project_1/install/turtlebot3_multi_robot:/home/andrea/tesi/ros2_mapf_cbs/project_1/install/original_turtlebot3_multi_robot:/home/andrea/tesi/ros2_mapf_cbs/project_1/install/nav2_straightline_planner:/home/andrea/tesi/ros2_mapf_cbs/project_1/install/my_try_bringup:/home/andrea/tesi/ros2_mapf_cbs/project_1/install/my_nav2_planner:/home/andrea/tesi/ros2_mapf_cbs/simple_example/install/my_robot_bringup:/home/andrea/tesi/ros2_mapf_cbs/simple_example/install/my_robot_interfaces:/home/andrea/tesi/ros2_mapf_cbs/project_1/install/my_package:/home/andrea/tesi/ros2_mapf_cbs/project_1/install/my_intermediate:/home/andrea/tesi/ros2_mapf_cbs/simple_example/install/my_py_pkg:/opt/ros/humble LD_LIBRARY_PATH=/home/andrea/tesi/ros2_mapf_cbs/project_1/install/my_nav2_navfn_planner/lib:/home/andrea/tesi/ros2_mapf_cbs/project_1/install/my_intermediate_interfaces/lib:/home/andrea/tesi/ros2_mapf_cbs/project_1/install/nav2_straightline_planner/lib:/home/andrea/tesi/ros2_mapf_cbs/project_1/install/my_nav2_planner/lib:/home/andrea/tesi/ros2_mapf_cbs/simple_example/install/my_robot_interfaces/lib:/usr/lib/x86_64-linux-gnu/gazebo-11/plugins:/opt/ros/humble/opt/rviz_ogre_vendor/lib:/opt/ros/humble/lib/x86_64-linux-gnu:/opt/ros/humble/lib:/home/andrea/ws_online/build/ros2_bdi_on_litter_world:/home/andrea/ws_online/build/ros2_bdi_on_litter_world /usr/bin/cmake --build /home/andrea/tesi/ros2_mapf_cbs/project_1/build/my_nav2_planner -- -j8 -l8
[0.082s] -- Found ament_cmake: 1.3.5 (/opt/ros/humble/share/ament_cmake/cmake)
[0.201s] -- Found nav2_common: 1.1.12 (/opt/ros/humble/share/nav2_common/cmake)
[0.201s] -- Found rclcpp: 16.0.6 (/opt/ros/humble/share/rclcpp/cmake)
[0.229s] -- Found rosidl_generator_c: 3.1.5 (/opt/ros/humble/share/rosidl_generator_c/cmake)
[0.230s] -- Found rosidl_adapter: 3.1.5 (/opt/ros/humble/share/rosidl_adapter/cmake)
[0.234s] -- Found rosidl_generator_cpp: 3.1.5 (/opt/ros/humble/share/rosidl_generator_cpp/cmake)
[0.242s] -- Using all available rosidl_typesupport_c: rosidl_typesupport_fastrtps_c;rosidl_typesupport_introspection_c
[0.253s] -- Using all available rosidl_typesupport_cpp: rosidl_typesupport_fastrtps_cpp;rosidl_typesupport_introspection_cpp
[0.303s] -- Found rmw_implementation_cmake: 6.1.1 (/opt/ros/humble/share/rmw_implementation_cmake/cmake)
[0.304s] -- Found rmw_cyclonedds_cpp: 1.3.4 (/opt/ros/humble/share/rmw_cyclonedds_cpp/cmake)
[0.323s] -- Using RMW implementation 'rmw_cyclonedds_cpp' as default
[0.432s] -- Found rclcpp_action: 16.0.6 (/opt/ros/humble/share/rclcpp_action/cmake)
[0.491s] -- Found rclcpp_lifecycle: 16.0.6 (/opt/ros/humble/share/rclcpp_lifecycle/cmake)
[0.516s] -- Found rclcpp_components: 16.0.6 (/opt/ros/humble/share/rclcpp_components/cmake)
[0.561s] -- Found visualization_msgs: 4.2.3 (/opt/ros/humble/share/visualization_msgs/cmake)
[0.734s] -- Found nav2_util: 1.1.12 (/opt/ros/humble/share/nav2_util/cmake)
[1.043s] -- Found eigen3_cmake_module: 0.1.1 (/opt/ros/humble/share/eigen3_cmake_module/cmake)
[1.044s] -- Ensuring Eigen3 include directory is part of orocos-kdl CMake target
[1.167s] -- Found nav2_costmap_2d: 1.1.12 (/opt/ros/humble/share/nav2_costmap_2d/cmake)
[1.725s] -- Found my_nav2_navfn_planner: 1.1.12 (/home/andrea/tesi/ros2_mapf_cbs/project_1/install/my_nav2_navfn_planner/share/my_nav2_navfn_planner/cmake)
[19.571s] -- Found ament_lint_auto: 0.12.8 (/opt/ros/humble/share/ament_lint_auto/cmake)
[19.571s] -- Found ament_cmake_gtest: 1.3.5 (/opt/ros/humble/share/ament_cmake_gtest/cmake)
[19.621s] -- Added test 'copyright' to check source files copyright and LICENSE
[19.622s] -- Added test 'cppcheck' to perform static code analysis on C / C++ code
[19.622s] -- Configured cppcheck include dirs: /home/andrea/tesi/ros2_mapf_cbs/project_1/src/my_nav2_planner/include
[19.622s] -- Configured cppcheck exclude dirs and/or files: 
[19.623s] -- Added test 'cpplint' to check C / C++ code against the Google style
[19.623s] -- Configured cpplint exclude dirs and/or files: 
[19.623s] -- Added test 'lint_cmake' to check CMake code style
[19.624s] -- Added test 'uncrustify' to check C / C++ code style
[19.624s] -- Configured uncrustify additional arguments: 
[19.624s] -- Added test 'xmllint' to check XML markup files
[19.625s] -- Configuring done
[19.668s] -- Generating done
[19.669s] -- Build files have been written to: /home/andrea/tesi/ros2_mapf_cbs/project_1/build/my_nav2_planner
[19.691s] [35m[1mConsolidate compiler generated dependencies of target my_planner_server_core[0m
[19.707s] [ 25%] [32mBuilding CXX object CMakeFiles/my_planner_server_core.dir/src/my_planner_server.cpp.o[0m
[32.033s] [ 50%] [32m[1mLinking CXX shared library libmy_planner_server_core.so[0m
[32.269s] [ 50%] Built target my_planner_server_core
[32.277s] [35m[1mConsolidate compiler generated dependencies of target my_planner_server[0m
[32.294s] [ 75%] [32mBuilding CXX object CMakeFiles/my_planner_server.dir/src/main.cpp.o[0m
[34.585s] In file included from [01m[K/home/andrea/tesi/ros2_mapf_cbs/project_1/src/my_nav2_planner/include/my_nav2_planner/my_planner_server.hpp:40[m[K,
[34.586s]                  from [01m[K/home/andrea/tesi/ros2_mapf_cbs/project_1/src/my_nav2_planner/src/main.cpp:18[m[K:
[34.586s] [01m[K/home/andrea/tesi/ros2_mapf_cbs/project_1/install/my_nav2_core/include/my_nav2_core/multi_agent_global_planner.hpp:83:23:[m[K [01;31m[Kerror: [m[Kâ€˜[01m[Kmy_intermediate_interfaces[m[Kâ€™ was not declared in this scope
[34.586s]    83 |     const std::vector<[01;31m[Kmy_intermediate_interfaces[m[K::msg::VertexConstraint> vertex_constraints,
[34.586s]       |                       [01;31m[K^~~~~~~~~~~~~~~~~~~~~~~~~~[m[K
[34.586s] [01m[K/home/andrea/tesi/ros2_mapf_cbs/project_1/install/my_nav2_core/include/my_nav2_core/multi_agent_global_planner.hpp:83:72:[m[K [01;31m[Kerror: [m[Ktemplate argument 1 is invalid
[34.586s]    83 |     const std::vector<my_intermediate_interfaces::msg::VertexConstraint[01;31m[K>[m[K vertex_constraints,
[34.586s]       |                                                                        [01;31m[K^[m[K
[34.586s] [01m[K/home/andrea/tesi/ros2_mapf_cbs/project_1/install/my_nav2_core/include/my_nav2_core/multi_agent_global_planner.hpp:83:72:[m[K [01;31m[Kerror: [m[Ktemplate argument 2 is invalid
[34.597s] [01m[K/home/andrea/tesi/ros2_mapf_cbs/project_1/install/my_nav2_core/include/my_nav2_core/multi_agent_global_planner.hpp:83:23:[m[K [01;31m[Kerror: [m[Kâ€˜[01m[Kmy_intermediate_interfaces[m[Kâ€™ was not declared in this scope
[34.598s]    83 |     const std::vector<[01;31m[Kmy_intermediate_interfaces[m[K::msg::VertexConstraint> vertex_constraints,
[34.598s]       |                       [01;31m[K^~~~~~~~~~~~~~~~~~~~~~~~~~[m[K
[34.598s] [01m[K/home/andrea/tesi/ros2_mapf_cbs/project_1/install/my_nav2_core/include/my_nav2_core/multi_agent_global_planner.hpp:83:72:[m[K [01;31m[Kerror: [m[Ktemplate argument 1 is invalid
[34.598s]    83 |     const std::vector<my_intermediate_interfaces::msg::VertexConstraint[01;31m[K>[m[K vertex_constraints,
[34.598s]       |                                                                        [01;31m[K^[m[K
[34.598s] [01m[K/home/andrea/tesi/ros2_mapf_cbs/project_1/install/my_nav2_core/include/my_nav2_core/multi_agent_global_planner.hpp:83:72:[m[K [01;31m[Kerror: [m[Ktemplate argument 2 is invalid
[34.608s] [01m[K/home/andrea/tesi/ros2_mapf_cbs/project_1/install/my_nav2_core/include/my_nav2_core/multi_agent_global_planner.hpp:83:23:[m[K [01;31m[Kerror: [m[Kâ€˜[01m[Kmy_intermediate_interfaces[m[Kâ€™ was not declared in this scope
[34.609s]    83 |     const std::vector<[01;31m[Kmy_intermediate_interfaces[m[K::msg::VertexConstraint> vertex_constraints,
[34.609s]       |                       [01;31m[K^~~~~~~~~~~~~~~~~~~~~~~~~~[m[K
[34.609s] [01m[K/home/andrea/tesi/ros2_mapf_cbs/project_1/install/my_nav2_core/include/my_nav2_core/multi_agent_global_planner.hpp:83:72:[m[K [01;31m[Kerror: [m[Ktemplate argument 1 is invalid
[34.609s]    83 |     const std::vector<my_intermediate_interfaces::msg::VertexConstraint[01;31m[K>[m[K vertex_constraints,
[34.609s]       |                                                                        [01;31m[K^[m[K
[34.609s] [01m[K/home/andrea/tesi/ros2_mapf_cbs/project_1/install/my_nav2_core/include/my_nav2_core/multi_agent_global_planner.hpp:83:72:[m[K [01;31m[Kerror: [m[Ktemplate argument 2 is invalid
[34.609s] [01m[K/home/andrea/tesi/ros2_mapf_cbs/project_1/install/my_nav2_core/include/my_nav2_core/multi_agent_global_planner.hpp:83:11:[m[K [01;31m[Kerror: [m[Kinvalid template-id
[34.609s]    83 |     const [01;31m[Kstd[m[K::vector<my_intermediate_interfaces::msg::VertexConstraint> vertex_constraints,
[34.609s]       |           [01;31m[K^~~[m[K
[34.609s] [01m[K/home/andrea/tesi/ros2_mapf_cbs/project_1/install/my_nav2_core/include/my_nav2_core/multi_agent_global_planner.hpp:83:23:[m[K [01;31m[Kerror: [m[Kâ€˜[01m[Kmy_intermediate_interfaces[m[Kâ€™ has not been declared
[34.609s]    83 |     const std::vector<[01;31m[Kmy_intermediate_interfaces[m[K::msg::VertexConstraint> vertex_constraints,
[34.609s]       |                       [01;31m[K^~~~~~~~~~~~~~~~~~~~~~~~~~[m[K
[34.609s] [01m[K/home/andrea/tesi/ros2_mapf_cbs/project_1/install/my_nav2_core/include/my_nav2_core/multi_agent_global_planner.hpp:83:5:[m[K [01;31m[Kerror: [m[Kclass template placeholder â€˜[01m[Kstd::vector[m[Kâ€™ not permitted in this context
[34.609s]    83 |     [01;31m[Kconst[m[K std::vector<my_intermediate_interfaces::msg::VertexConstraint> vertex_constraints,
[34.609s]       |     [01;31m[K^~~~~[m[K
[34.619s] [01m[K/home/andrea/tesi/ros2_mapf_cbs/project_1/install/my_nav2_core/include/my_nav2_core/multi_agent_global_planner.hpp:84:23:[m[K [01;31m[Kerror: [m[Kâ€˜[01m[Kmy_intermediate_interfaces[m[Kâ€™ was not declared in this scope
[34.619s]    84 |     const std::vector<[01;31m[Kmy_intermediate_interfaces[m[K::msg::EdgeConstraint> edge_constraints) = 0;
[34.619s]       |                       [01;31m[K^~~~~~~~~~~~~~~~~~~~~~~~~~[m[K
[34.620s] [01m[K/home/andrea/tesi/ros2_mapf_cbs/project_1/install/my_nav2_core/include/my_nav2_core/multi_agent_global_planner.hpp:84:70:[m[K [01;31m[Kerror: [m[Ktemplate argument 1 is invalid
[34.620s]    84 |     const std::vector<my_intermediate_interfaces::msg::EdgeConstraint[01;31m[K>[m[K edge_constraints) = 0;
[34.620s]       |                                                                      [01;31m[K^[m[K
[34.620s] [01m[K/home/andrea/tesi/ros2_mapf_cbs/project_1/install/my_nav2_core/include/my_nav2_core/multi_agent_global_planner.hpp:84:70:[m[K [01;31m[Kerror: [m[Ktemplate argument 2 is invalid
[34.630s] [01m[K/home/andrea/tesi/ros2_mapf_cbs/project_1/install/my_nav2_core/include/my_nav2_core/multi_agent_global_planner.hpp:84:23:[m[K [01;31m[Kerror: [m[Kâ€˜[01m[Kmy_intermediate_interfaces[m[Kâ€™ was not declared in this scope
[34.630s]    84 |     const std::vector<[01;31m[Kmy_intermediate_interfaces[m[K::msg::EdgeConstraint> edge_constraints) = 0;
[34.630s]       |                       [01;31m[K^~~~~~~~~~~~~~~~~~~~~~~~~~[m[K
[34.630s] [01m[K/home/andrea/tesi/ros2_mapf_cbs/project_1/install/my_nav2_core/include/my_nav2_core/multi_agent_global_planner.hpp:84:70:[m[K [01;31m[Kerror: [m[Ktemplate argument 1 is invalid
[34.630s]    84 |     const std::vector<my_intermediate_interfaces::msg::EdgeConstraint[01;31m[K>[m[K edge_constraints) = 0;
[34.630s]       |                                                                      [01;31m[K^[m[K
[34.630s] [01m[K/home/andrea/tesi/ros2_mapf_cbs/project_1/install/my_nav2_core/include/my_nav2_core/multi_agent_global_planner.hpp:84:70:[m[K [01;31m[Kerror: [m[Ktemplate argument 2 is invalid
[34.640s] [01m[K/home/andrea/tesi/ros2_mapf_cbs/project_1/install/my_nav2_core/include/my_nav2_core/multi_agent_global_planner.hpp:84:23:[m[K [01;31m[Kerror: [m[Kâ€˜[01m[Kmy_intermediate_interfaces[m[Kâ€™ was not declared in this scope
[34.640s]    84 |     const std::vector<[01;31m[Kmy_intermediate_interfaces[m[K::msg::EdgeConstraint> edge_constraints) = 0;
[34.640s]       |                       [01;31m[K^~~~~~~~~~~~~~~~~~~~~~~~~~[m[K
[34.640s] [01m[K/home/andrea/tesi/ros2_mapf_cbs/project_1/install/my_nav2_core/include/my_nav2_core/multi_agent_global_planner.hpp:84:70:[m[K [01;31m[Kerror: [m[Ktemplate argument 1 is invalid
[34.640s]    84 |     const std::vector<my_intermediate_interfaces::msg::EdgeConstraint[01;31m[K>[m[K edge_constraints) = 0;
[34.640s]       |                                                                      [01;31m[K^[m[K
[34.640s] [01m[K/home/andrea/tesi/ros2_mapf_cbs/project_1/install/my_nav2_core/include/my_nav2_core/multi_agent_global_planner.hpp:84:70:[m[K [01;31m[Kerror: [m[Ktemplate argument 2 is invalid
[34.640s] [01m[K/home/andrea/tesi/ros2_mapf_cbs/project_1/install/my_nav2_core/include/my_nav2_core/multi_agent_global_planner.hpp:84:11:[m[K [01;31m[Kerror: [m[Kinvalid template-id
[34.641s]    84 |     const [01;31m[Kstd[m[K::vector<my_intermediate_interfaces::msg::EdgeConstraint> edge_constraints) = 0;
[34.641s]       |           [01;31m[K^~~[m[K
[34.641s] [01m[K/home/andrea/tesi/ros2_mapf_cbs/project_1/install/my_nav2_core/include/my_nav2_core/multi_agent_global_planner.hpp:84:23:[m[K [01;31m[Kerror: [m[Kâ€˜[01m[Kmy_intermediate_interfaces[m[Kâ€™ has not been declared
[34.641s]    84 |     const std::vector<[01;31m[Kmy_intermediate_interfaces[m[K::msg::EdgeConstraint> edge_constraints) = 0;
[34.641s]       |                       [01;31m[K^~~~~~~~~~~~~~~~~~~~~~~~~~[m[K
[34.641s] [01m[K/home/andrea/tesi/ros2_mapf_cbs/project_1/install/my_nav2_core/include/my_nav2_core/multi_agent_global_planner.hpp:84:5:[m[K [01;31m[Kerror: [m[Kclass template placeholder â€˜[01m[Kstd::vector[m[Kâ€™ not permitted in this context
[34.641s]    84 |     [01;31m[Kconst[m[K std::vector<my_intermediate_interfaces::msg::EdgeConstraint> edge_constraints) = 0;
[34.641s]       |     [01;31m[K^~~~~[m[K
[35.654s] gmake[2]: *** [CMakeFiles/my_planner_server.dir/build.make:76: CMakeFiles/my_planner_server.dir/src/main.cpp.o] Error 1
[35.655s] gmake[1]: *** [CMakeFiles/Makefile2:165: CMakeFiles/my_planner_server.dir/all] Error 2
[35.655s] gmake: *** [Makefile:146: all] Error 2
[35.656s] Invoked command in '/home/andrea/tesi/ros2_mapf_cbs/project_1/build/my_nav2_planner' returned '2': CMAKE_PREFIX_PATH=/home/andrea/tesi/ros2_mapf_cbs/project_1/install/my_nav2_navfn_planner:/home/andrea/tesi/ros2_mapf_cbs/project_1/install/my_nav2_core:/home/andrea/tesi/ros2_mapf_cbs/project_1/install/my_intermediate_interfaces:/home/andrea/tesi/ros2_mapf_cbs/project_1/install/turtlebot3_multi_robot:/home/andrea/tesi/ros2_mapf_cbs/project_1/install/original_turtlebot3_multi_robot:/home/andrea/tesi/ros2_mapf_cbs/project_1/install/nav2_straightline_planner:/home/andrea/tesi/ros2_mapf_cbs/project_1/install/my_try_bringup:/home/andrea/tesi/ros2_mapf_cbs/project_1/install/my_nav2_planner:/home/andrea/tesi/ros2_mapf_cbs/simple_example/install/my_robot_bringup:/home/andrea/tesi/ros2_mapf_cbs/simple_example/install/my_robot_interfaces:/home/andrea/tesi/ros2_mapf_cbs/project_1/install/my_package:/home/andrea/tesi/ros2_mapf_cbs/project_1/install/my_intermediate:/home/andrea/tesi/ros2_mapf_cbs/simple_example/install/my_py_pkg:/opt/ros/humble LD_LIBRARY_PATH=/home/andrea/tesi/ros2_mapf_cbs/project_1/install/my_nav2_navfn_planner/lib:/home/andrea/tesi/ros2_mapf_cbs/project_1/install/my_intermediate_interfaces/lib:/home/andrea/tesi/ros2_mapf_cbs/project_1/install/nav2_straightline_planner/lib:/home/andrea/tesi/ros2_mapf_cbs/project_1/install/my_nav2_planner/lib:/home/andrea/tesi/ros2_mapf_cbs/simple_example/install/my_robot_interfaces/lib:/usr/lib/x86_64-linux-gnu/gazebo-11/plugins:/opt/ros/humble/opt/rviz_ogre_vendor/lib:/opt/ros/humble/lib/x86_64-linux-gnu:/opt/ros/humble/lib:/home/andrea/ws_online/build/ros2_bdi_on_litter_world:/home/andrea/ws_online/build/ros2_bdi_on_litter_world /usr/bin/cmake --build /home/andrea/tesi/ros2_mapf_cbs/project_1/build/my_nav2_planner -- -j8 -l8
