[01m[K/home/andrea/tesi/ros2_mapf_cbs/project_1/src/my_nav2_navfn_planner/src/my_navfn.cpp:[m[K In member function â€˜[01m[Kvoid my_nav2_navfn_planner::MyNavFn::updateCellAstar(int, int, std::vector<std::map<std::__cxx11::basic_string<char>, int> >, std::vector<std::map<std::__cxx11::basic_string<char>, int> >)[m[Kâ€™:
[01m[K/home/andrea/tesi/ros2_mapf_cbs/project_1/src/my_nav2_navfn_planner/src/my_navfn.cpp:437:37:[m[K [01;31m[Kerror: [m[Kunused parameter â€˜[01m[Kstep[m[Kâ€™ [[01;31m[K]8;;https://gcc.gnu.org/onlinedocs/gcc/Warning-Options.html#index-Wunused-parameter-Werror=unused-parameter]8;;[m[K]
  437 | MyNavFn::updateCellAstar(int n, [01;31m[Kint step[m[K, std::vector<std::map<std::string, int>> vc,
      |                                 [01;31m[K~~~~^~~~[m[K
cc1plus: all warnings being treated as errors
gmake[2]: *** [CMakeFiles/my_nav2_navfn_planner.dir/build.make:90: CMakeFiles/my_nav2_navfn_planner.dir/src/my_navfn.cpp.o] Error 1
gmake[1]: *** [CMakeFiles/Makefile2:137: CMakeFiles/my_nav2_navfn_planner.dir/all] Error 2
gmake: *** [Makefile:146: all] Error 2
