[01m[K/home/andrea/tesi/ros2_mapf_cbs/project_1/src/my_nav2_planner/src/my_planner_server.cpp:[m[K In member function â€˜[01m[Knav_msgs::msg::Path my_nav2_planner::MyPlannerServer::getPlan(const PoseStamped&, const PoseStamped&, const string&)[m[Kâ€™:
[01m[K/home/andrea/tesi/ros2_mapf_cbs/project_1/src/my_nav2_planner/src/my_planner_server.cpp:534:3:[m[K [01;31m[Kerror: [m[Kexpected unqualified-id before â€˜[01m[Kconst[m[Kâ€™
  534 |   [01;31m[Kconst[m[K std::vector<my_intermediate_interfaces::msg::EdgeConstraint> ec,
      |   [01;31m[K^~~~~[m[K
[01m[K/home/andrea/tesi/ros2_mapf_cbs/project_1/src/my_nav2_planner/src/my_planner_server.cpp:538:5:[m[K [01;31m[Kerror: [m[Kâ€˜[01m[Kelse[m[Kâ€™ without a previous â€˜[01m[Kif[m[Kâ€™
  538 |   } [01;31m[Kelse[m[K {
      |     [01;31m[K^~~~[m[K
[01m[K/home/andrea/tesi/ros2_mapf_cbs/project_1/src/my_nav2_planner/src/my_planner_server.cpp:544:79:[m[K [01;31m[Kerror: [m[Kâ€˜[01m[Kec[m[Kâ€™ was not declared in this scope; did you mean â€˜[01m[Kvc[m[Kâ€™?
  544 |       return planners_[planners_.begin()->first]->createPlan(start, goal, vc, [01;31m[Kec[m[K);
      |                                                                               [01;31m[K^~[m[K
      |                                                                               [32m[Kvc[m[K
gmake[2]: *** [CMakeFiles/my_planner_server_core.dir/build.make:76: CMakeFiles/my_planner_server_core.dir/src/my_planner_server.cpp.o] Error 1
gmake[1]: *** [CMakeFiles/Makefile2:139: CMakeFiles/my_planner_server_core.dir/all] Error 2
gmake: *** [Makefile:146: all] Error 2
