/home/andrea/tesi/ros2_mapf_cbs/project_1/src/my_nav2_smac_planner/src/a_star.cpp: In instantiation of â€˜[01m[Kbool my_nav2_smac_planner::AStarAlgorithm<NodeT>::createPath(my_nav2_smac_planner::AStarAlgorithm<NodeT>::CoordinateVector&, int&, const float&, std::vector<std::map<std::__cxx11::basic_string<char>, int> >, std::vector<std::map<std::__cxx11::basic_string<char>, int> >) [with NodeT = my_nav2_smac_planner::Node2D; my_nav2_smac_planner::AStarAlgorithm<NodeT>::CoordinateVector = std::vector<my_nav2_smac_planner::Node2D::Coordinates>][m[Kâ€™:
[01m[K/home/andrea/tesi/ros2_mapf_cbs/project_1/src/my_nav2_smac_planner/src/a_star.cpp:450:16:[m[K   required from here
[01m[K/home/andrea/tesi/ros2_mapf_cbs/project_1/src/my_nav2_smac_planner/src/a_star.cpp:316:31:[m[K [01;31m[Kerror: [m[Kno matching function for call to â€˜[01m[Kmy_nav2_smac_planner::Node2D::getNeighbors(my_nav2_smac_planner::AStarAlgorithm<my_nav2_smac_planner::Node2D>::NodeGetter&, my_nav2_smac_planner::GridCollisionChecker*&, bool&, my_nav2_smac_planner::AStarAlgorithm<my_nav2_smac_planner::Node2D>::NodeVector&, unsigned int&, const std::vector<std::map<std::__cxx11::basic_string<char>, int> >&, const std::vector<std::map<std::__cxx11::basic_string<char>, int> >&)[m[Kâ€™
  316 |     [01;31m[Kcurrent_node->getNeighbors(neighborGetter, _collision_checker, _traverse_unknown, neighbors, getSizeX(), vc, ec)[m[K;
      |     [01;31m[K~~~~~~~~~~~~~~~~~~~~~~~~~~^~~~~~~~~~~~~~~~~~~~~~~~~~~~~~~~~~~~~~~~~~~~~~~~~~~~~~~~~~~~~~~~~~~~~~~~~~~~~~~~~~~~~~[m[K
In file included from [01m[K/home/andrea/tesi/ros2_mapf_cbs/project_1/src/my_nav2_smac_planner/include/my_nav2_smac_planner/analytic_expansion.hpp:23[m[K,
                 from [01m[K/home/andrea/tesi/ros2_mapf_cbs/project_1/src/my_nav2_smac_planner/include/my_nav2_smac_planner/a_star.hpp:30[m[K,
                 from [01m[K/home/andrea/tesi/ros2_mapf_cbs/project_1/src/my_nav2_smac_planner/src/a_star.cpp:28[m[K:
[01m[K/home/andrea/tesi/ros2_mapf_cbs/project_1/src/my_nav2_smac_planner/include/my_nav2_smac_planner/node_2d.hpp:268:8:[m[K [01;36m[Knote: [m[Kcandidate: â€˜[01m[Kvoid my_nav2_smac_planner::Node2D::getNeighbors(std::function<bool(const unsigned int&, my_nav2_smac_planner::Node2D*&)>&, my_nav2_smac_planner::GridCollisionChecker*, const bool&, my_nav2_smac_planner::Node2D::NodeVector&, std::vector<std::map<std::__cxx11::basic_string<char>, int> >, std::vector<std::map<std::__cxx11::basic_string<char>, int> >)[m[Kâ€™
  268 |   void [01;36m[KgetNeighbors[m[K(
      |        [01;36m[K^~~~~~~~~~~~[m[K
[01m[K/home/andrea/tesi/ros2_mapf_cbs/project_1/src/my_nav2_smac_planner/include/my_nav2_smac_planner/node_2d.hpp:268:8:[m[K [01;36m[Knote: [m[K  candidate expects 6 arguments, 7 provided
gmake[2]: *** [CMakeFiles/my_nav2_smac_planner.dir/build.make:90: CMakeFiles/my_nav2_smac_planner.dir/src/a_star.cpp.o] Error 1
gmake[2]: *** Waiting for unfinished jobs....
gmake[1]: *** [CMakeFiles/Makefile2:137: CMakeFiles/my_nav2_smac_planner.dir/all] Error 2
gmake: *** [Makefile:146: all] Error 2
