[0.061s] Invoking command in '/home/andrea/tesi/ros2_mapf_cbs/project_1/build/my_nav2_smac_planner': CMAKE_PREFIX_PATH=/home/andrea/tesi/ros2_mapf_cbs/project_1/install/my_nav2_core:/home/andrea/tesi/ros2_mapf_cbs/project_1/install/my_intermediate_interfaces:/home/andrea/tesi/ros2_mapf_cbs/project_1/install/turtlebot3_multi_robot:/home/andrea/tesi/ros2_mapf_cbs/project_1/install/my_try_bringup:/home/andrea/tesi/ros2_mapf_cbs/project_1/install/my_nav2_planner:/home/andrea/tesi/ros2_mapf_cbs/project_1/install/my_nav2_smac_planner:/home/andrea/tesi/ros2_mapf_cbs/project_1/install/my_nav2_navfn_planner:/home/andrea/tesi/ros2_mapf_cbs/simple_example/install/my_robot_bringup:/home/andrea/tesi/ros2_mapf_cbs/simple_example/install/my_robot_interfaces:/home/andrea/tesi/ros2_mapf_cbs/project_1/install/my_package:/home/andrea/tesi/ros2_mapf_cbs/project_1/install/my_intermediate:/home/andrea/tesi/ros2_mapf_cbs/simple_example/install/my_py_pkg:/opt/ros/humble LD_LIBRARY_PATH=/home/andrea/tesi/ros2_mapf_cbs/project_1/install/my_intermediate_interfaces/lib:/home/andrea/tesi/ros2_mapf_cbs/project_1/install/my_nav2_planner/lib:/home/andrea/tesi/ros2_mapf_cbs/project_1/install/my_nav2_smac_planner/lib:/home/andrea/tesi/ros2_mapf_cbs/project_1/install/my_nav2_navfn_planner/lib:/home/andrea/tesi/ros2_mapf_cbs/simple_example/install/my_robot_interfaces/lib:/usr/lib/x86_64-linux-gnu/gazebo-11/plugins:/opt/ros/humble/opt/rviz_ogre_vendor/lib:/opt/ros/humble/lib/x86_64-linux-gnu:/opt/ros/humble/lib:/home/andrea/ws_online/build/ros2_bdi_on_litter_world /usr/bin/cmake --build /home/andrea/tesi/ros2_mapf_cbs/project_1/build/my_nav2_smac_planner -- -j8 -l8
[0.112s] [35m[1mConsolidate compiler generated dependencies of target my_nav2_smac_planner[0m
[0.162s] [  9%] [32mBuilding CXX object CMakeFiles/my_nav2_smac_planner.dir/src/smac_planner_2d.cpp.o[0m
[0.163s] [ 27%] [32mBuilding CXX object CMakeFiles/my_nav2_smac_planner.dir/src/analytic_expansion.cpp.o[0m
[0.163s] [ 27%] [32mBuilding CXX object CMakeFiles/my_nav2_smac_planner.dir/src/a_star.cpp.o[0m
[0.163s] [ 36%] [32mBuilding CXX object CMakeFiles/my_nav2_smac_planner.dir/src/node_2d.cpp.o[0m
[0.165s] [ 45%] [32mBuilding CXX object CMakeFiles/my_nav2_smac_planner.dir/src/node_basic.cpp.o[0m
[5.741s] /home/andrea/tesi/ros2_mapf_cbs/project_1/src/my_nav2_smac_planner/src/a_star.cpp: In instantiation of â€˜[01m[Kbool my_nav2_smac_planner::AStarAlgorithm<NodeT>::createPath(my_nav2_smac_planner::AStarAlgorithm<NodeT>::CoordinateVector&, int&, const float&, std::vector<std::map<std::__cxx11::basic_string<char>, int> >, std::vector<std::map<std::__cxx11::basic_string<char>, int> >) [with NodeT = my_nav2_smac_planner::Node2D; my_nav2_smac_planner::AStarAlgorithm<NodeT>::CoordinateVector = std::vector<my_nav2_smac_planner::Node2D::Coordinates>][m[Kâ€™:
[5.742s] [01m[K/home/andrea/tesi/ros2_mapf_cbs/project_1/src/my_nav2_smac_planner/src/a_star.cpp:450:16:[m[K   required from here
[5.742s] [01m[K/home/andrea/tesi/ros2_mapf_cbs/project_1/src/my_nav2_smac_planner/src/a_star.cpp:316:31:[m[K [01;31m[Kerror: [m[Kno matching function for call to â€˜[01m[Kmy_nav2_smac_planner::Node2D::getNeighbors(my_nav2_smac_planner::AStarAlgorithm<my_nav2_smac_planner::Node2D>::NodeGetter&, my_nav2_smac_planner::GridCollisionChecker*&, bool&, my_nav2_smac_planner::AStarAlgorithm<my_nav2_smac_planner::Node2D>::NodeVector&, unsigned int&, const std::vector<std::map<std::__cxx11::basic_string<char>, int> >&, const std::vector<std::map<std::__cxx11::basic_string<char>, int> >&)[m[Kâ€™
[5.742s]   316 |     [01;31m[Kcurrent_node->getNeighbors(neighborGetter, _collision_checker, _traverse_unknown, neighbors, getSizeX(), vc, ec)[m[K;
[5.742s]       |     [01;31m[K~~~~~~~~~~~~~~~~~~~~~~~~~~^~~~~~~~~~~~~~~~~~~~~~~~~~~~~~~~~~~~~~~~~~~~~~~~~~~~~~~~~~~~~~~~~~~~~~~~~~~~~~~~~~~~~~[m[K
[5.742s] In file included from [01m[K/home/andrea/tesi/ros2_mapf_cbs/project_1/src/my_nav2_smac_planner/include/my_nav2_smac_planner/analytic_expansion.hpp:23[m[K,
[5.743s]                  from [01m[K/home/andrea/tesi/ros2_mapf_cbs/project_1/src/my_nav2_smac_planner/include/my_nav2_smac_planner/a_star.hpp:30[m[K,
[5.743s]                  from [01m[K/home/andrea/tesi/ros2_mapf_cbs/project_1/src/my_nav2_smac_planner/src/a_star.cpp:28[m[K:
[5.743s] [01m[K/home/andrea/tesi/ros2_mapf_cbs/project_1/src/my_nav2_smac_planner/include/my_nav2_smac_planner/node_2d.hpp:268:8:[m[K [01;36m[Knote: [m[Kcandidate: â€˜[01m[Kvoid my_nav2_smac_planner::Node2D::getNeighbors(std::function<bool(const unsigned int&, my_nav2_smac_planner::Node2D*&)>&, my_nav2_smac_planner::GridCollisionChecker*, const bool&, my_nav2_smac_planner::Node2D::NodeVector&, std::vector<std::map<std::__cxx11::basic_string<char>, int> >, std::vector<std::map<std::__cxx11::basic_string<char>, int> >)[m[Kâ€™
[5.743s]   268 |   void [01;36m[KgetNeighbors[m[K(
[5.743s]       |        [01;36m[K^~~~~~~~~~~~[m[K
[5.743s] [01m[K/home/andrea/tesi/ros2_mapf_cbs/project_1/src/my_nav2_smac_planner/include/my_nav2_smac_planner/node_2d.hpp:268:8:[m[K [01;36m[Knote: [m[K  candidate expects 6 arguments, 7 provided
[9.201s] gmake[2]: *** [CMakeFiles/my_nav2_smac_planner.dir/build.make:90: CMakeFiles/my_nav2_smac_planner.dir/src/a_star.cpp.o] Error 1
[9.203s] gmake[2]: *** Waiting for unfinished jobs....
[12.086s] gmake[1]: *** [CMakeFiles/Makefile2:137: CMakeFiles/my_nav2_smac_planner.dir/all] Error 2
[12.091s] gmake: *** [Makefile:146: all] Error 2
[12.219s] Invoked command in '/home/andrea/tesi/ros2_mapf_cbs/project_1/build/my_nav2_smac_planner' returned '2': CMAKE_PREFIX_PATH=/home/andrea/tesi/ros2_mapf_cbs/project_1/install/my_nav2_core:/home/andrea/tesi/ros2_mapf_cbs/project_1/install/my_intermediate_interfaces:/home/andrea/tesi/ros2_mapf_cbs/project_1/install/turtlebot3_multi_robot:/home/andrea/tesi/ros2_mapf_cbs/project_1/install/my_try_bringup:/home/andrea/tesi/ros2_mapf_cbs/project_1/install/my_nav2_planner:/home/andrea/tesi/ros2_mapf_cbs/project_1/install/my_nav2_smac_planner:/home/andrea/tesi/ros2_mapf_cbs/project_1/install/my_nav2_navfn_planner:/home/andrea/tesi/ros2_mapf_cbs/simple_example/install/my_robot_bringup:/home/andrea/tesi/ros2_mapf_cbs/simple_example/install/my_robot_interfaces:/home/andrea/tesi/ros2_mapf_cbs/project_1/install/my_package:/home/andrea/tesi/ros2_mapf_cbs/project_1/install/my_intermediate:/home/andrea/tesi/ros2_mapf_cbs/simple_example/install/my_py_pkg:/opt/ros/humble LD_LIBRARY_PATH=/home/andrea/tesi/ros2_mapf_cbs/project_1/install/my_intermediate_interfaces/lib:/home/andrea/tesi/ros2_mapf_cbs/project_1/install/my_nav2_planner/lib:/home/andrea/tesi/ros2_mapf_cbs/project_1/install/my_nav2_smac_planner/lib:/home/andrea/tesi/ros2_mapf_cbs/project_1/install/my_nav2_navfn_planner/lib:/home/andrea/tesi/ros2_mapf_cbs/simple_example/install/my_robot_interfaces/lib:/usr/lib/x86_64-linux-gnu/gazebo-11/plugins:/opt/ros/humble/opt/rviz_ogre_vendor/lib:/opt/ros/humble/lib/x86_64-linux-gnu:/opt/ros/humble/lib:/home/andrea/ws_online/build/ros2_bdi_on_litter_world /usr/bin/cmake --build /home/andrea/tesi/ros2_mapf_cbs/project_1/build/my_nav2_smac_planner -- -j8 -l8
